SF:src/automotive/AutomotiveTidyModule.cpp
FN:38,_ZN5clang4tidy10automotive16AutomotiveModule17addCheckFactoriesERNS0_23ClangTidyCheckFactoriesE
FNDA:234,_ZN5clang4tidy10automotive16AutomotiveModule17addCheckFactoriesERNS0_23ClangTidyCheckFactoriesE
FNF:1
FNH:1
DA:38,234
DA:40,234
DA:41,234
DA:42,234
DA:43,234
DA:44,234
DA:45,234
DA:46,234
DA:47,234
DA:48,234
DA:49,234
DA:50,234
DA:51,234
DA:52,234
DA:53,234
DA:54,234
DA:58,234
DA:59,234
DA:60,234
DA:61,234
DA:65,234
DA:66,234
DA:70,234
DA:71,234
BRF:0
BRH:0
LF:24
LH:24
end_of_record
SF:src/automotive/array/ArrayComponent.cpp
FN:22,_ZN5clang4tidy10automotive14ArrayComponent17addCheckFactoriesERNS0_23ClangTidyCheckFactoriesE
FNDA:234,_ZN5clang4tidy10automotive14ArrayComponent17addCheckFactoriesERNS0_23ClangTidyCheckFactoriesE
FNF:1
FNH:1
DA:22,234
DA:24,234
DA:25,234
DA:26,234
DA:27,234
DA:28,234
DA:29,234
DA:30,234
DA:31,234
DA:34,234
DA:35,234
DA:38,234
DA:39,234
DA:42,234
DA:43,234
DA:46,234
DA:47,234
DA:48,234
BRF:0
BRH:0
LF:18
LH:18
end_of_record
SF:src/automotive/array/AvoidDesignatedInitializerBoundsCheck.cpp
FN:18,_ZN5clang4tidy10automotive37AvoidDesignatedInitializerBoundsCheck16registerMatchersEPNS_12ast_matchers11MatchFinderE
FN:25,_ZN5clang4tidy10automotive37AvoidDesignatedInitializerBoundsCheck20checkArrayDesignatorERKNS_18DesignatedInitExpr10DesignatorEPKS3_RKNS_12ast_matchers11MatchFinder11MatchResultE
FN:44,_ZN5clang4tidy10automotive37AvoidDesignatedInitializerBoundsCheck25checkArrayRangeDesignatorERKNS_18DesignatedInitExpr10DesignatorEPKS3_RKNS_12ast_matchers11MatchFinder11MatchResultE
FN:73,_ZN5clang4tidy10automotive37AvoidDesignatedInitializerBoundsCheck5checkERKNS_12ast_matchers11MatchFinder11MatchResultE
FNDA:117,_ZN5clang4tidy10automotive37AvoidDesignatedInitializerBoundsCheck16registerMatchersEPNS_12ast_matchers11MatchFinderE
FNDA:22,_ZN5clang4tidy10automotive37AvoidDesignatedInitializerBoundsCheck20checkArrayDesignatorERKNS_18DesignatedInitExpr10DesignatorEPKS3_RKNS_12ast_matchers11MatchFinder11MatchResultE
FNDA:2,_ZN5clang4tidy10automotive37AvoidDesignatedInitializerBoundsCheck25checkArrayRangeDesignatorERKNS_18DesignatedInitExpr10DesignatorEPKS3_RKNS_12ast_matchers11MatchFinder11MatchResultE
FNDA:45,_ZN5clang4tidy10automotive37AvoidDesignatedInitializerBoundsCheck5checkERKNS_12ast_matchers11MatchFinder11MatchResultE
FNF:4
FNH:4
DA:18,117
DA:20,117
DA:21,117
DA:25,22
DA:26,22
DA:27,22
DA:28,0
DA:30,22
DA:31,22
DA:32,0
DA:34,22
DA:35,22
DA:36,0
DA:37,0
DA:38,0
DA:39,0
DA:40,22
DA:44,2
DA:45,2
DA:46,2
DA:47,2
DA:48,0
DA:50,2
DA:51,2
DA:52,2
DA:53,0
DA:55,2
DA:56,2
DA:58,2
DA:59,0
DA:60,0
DA:61,0
DA:62,0
DA:64,2
DA:65,0
DA:66,0
DA:67,0
DA:68,0
DA:69,0
DA:70,2
DA:73,45
DA:74,45
DA:75,45
DA:76,0
DA:78,45
DA:79,0
DA:81,49
DA:82,49
DA:83,22
DA:84,27
DA:85,2
DA:86,49
DA:87,45
BRDA:27,0,0,0
BRDA:27,0,1,22
BRDA:31,0,0,0
BRDA:31,0,1,22
BRDA:35,0,0,0
BRDA:35,0,1,22
BRDA:47,0,0,0
BRDA:47,0,1,2
BRDA:47,1,2,0
BRDA:47,1,3,2
BRDA:52,0,0,0
BRDA:52,0,1,2
BRDA:52,1,2,0
BRDA:52,1,3,2
BRDA:58,0,0,0
BRDA:58,0,1,2
BRDA:58,1,2,0
BRDA:58,1,3,2
BRDA:64,0,0,0
BRDA:64,0,1,2
BRDA:75,0,0,0
BRDA:75,0,1,45
BRDA:78,0,0,0
BRDA:78,0,1,45
BRDA:81,0,0,49
BRDA:81,0,1,45
BRDA:82,0,0,22
BRDA:82,0,1,27
BRDA:84,0,0,2
BRDA:84,0,1,25
BRF:30
BRH:18
LF:53
LH:34
end_of_record
SF:src/automotive/array/AvoidDesignatedInitializerBoundsCheck.h
FN:36,_ZN5clang4tidy10automotive37AvoidDesignatedInitializerBoundsCheckC2EN4llvm9StringRefEPNS0_16ClangTidyContextE
FN:39,_ZN5clang4tidy10automotive37AvoidDesignatedInitializerBoundsCheckD2Ev
FNDA:117,_ZN5clang4tidy10automotive37AvoidDesignatedInitializerBoundsCheckC2EN4llvm9StringRefEPNS0_16ClangTidyContextE
FNDA:117,_ZN5clang4tidy10automotive37AvoidDesignatedInitializerBoundsCheckD2Ev
FNF:2
FNH:2
DA:36,117
DA:39,117
BRF:0
BRH:0
LF:2
LH:2
end_of_record
SF:src/automotive/array/AvoidFlexibleArrayMemberCheck.cpp
FN:16,_ZN5clang4tidy10automotive29AvoidFlexibleArrayMemberCheck16registerMatchersEPNS_12ast_matchers11MatchFinderE
FN:22,_ZN5clang4tidy10automotive29AvoidFlexibleArrayMemberCheck5checkERKNS_12ast_matchers11MatchFinder11MatchResultE
FNDA:117,_ZN5clang4tidy10automotive29AvoidFlexibleArrayMemberCheck16registerMatchersEPNS_12ast_matchers11MatchFinderE
FNDA:2,_ZN5clang4tidy10automotive29AvoidFlexibleArrayMemberCheck5checkERKNS_12ast_matchers11MatchFinder11MatchResultE
FNF:2
FNH:2
DA:16,117
DA:17,117
DA:18,117
DA:19,117
DA:22,2
DA:23,2
DA:25,2
DA:26,2
DA:27,2
DA:28,2
BRDA:25,0,0,2
BRDA:25,0,1,0
BRF:2
BRH:1
LF:10
LH:10
end_of_record
SF:src/automotive/array/AvoidFlexibleArrayMemberCheck.h
FN:38,_ZN5clang4tidy10automotive29AvoidFlexibleArrayMemberCheckC2EN4llvm9StringRefEPNS0_16ClangTidyContextE
FN:41,_ZN5clang4tidy10automotive29AvoidFlexibleArrayMemberCheckD2Ev
FNDA:117,_ZN5clang4tidy10automotive29AvoidFlexibleArrayMemberCheckC2EN4llvm9StringRefEPNS0_16ClangTidyContextE
FNDA:117,_ZN5clang4tidy10automotive29AvoidFlexibleArrayMemberCheckD2Ev
FNF:2
FNH:2
DA:38,117
DA:41,117
BRF:0
BRH:0
LF:2
LH:2
end_of_record
SF:src/automotive/array/AvoidIncompleteInitializationCheck.cpp
FN:47,_ZN5clang4tidy10automotive34AvoidIncompleteInitializationCheck16registerMatchersEPNS_12ast_matchers11MatchFinderE
FN:54,_ZN5clang4tidy10automotive34AvoidIncompleteInitializationCheck5checkERKNS_12ast_matchers11MatchFinder11MatchResultE
FN:112,_ZNK5clang4tidy10automotive34AvoidIncompleteInitializationCheck19getRecordFieldCountEPKNS_10RecordTypeE
FN:37,AvoidIncompleteInitializationCheck.cpp:_ZN5clang4tidy10automotive12_GLOBAL__N_118countExplicitInitsEPKNS_12InitListExprE
FN:20,AvoidIncompleteInitializationCheck.cpp:_ZN5clang4tidy10automotive12_GLOBAL__N_117isZeroInitializerEPKNS_12InitListExprERNS_10ASTContextE
FNDA:117,_ZN5clang4tidy10automotive34AvoidIncompleteInitializationCheck16registerMatchersEPNS_12ast_matchers11MatchFinderE
FNDA:95,_ZN5clang4tidy10automotive34AvoidIncompleteInitializationCheck5checkERKNS_12ast_matchers11MatchFinder11MatchResultE
FNDA:21,_ZNK5clang4tidy10automotive34AvoidIncompleteInitializationCheck19getRecordFieldCountEPKNS_10RecordTypeE
FNDA:95,AvoidIncompleteInitializationCheck.cpp:_ZN5clang4tidy10automotive12_GLOBAL__N_118countExplicitInitsEPKNS_12InitListExprE
FNDA:40,AvoidIncompleteInitializationCheck.cpp:_ZN5clang4tidy10automotive12_GLOBAL__N_117isZeroInitializerEPKNS_12InitListExprERNS_10ASTContextE
FNF:5
FNH:5
DA:20,40
DA:22,40
DA:23,40
DA:24,40
DA:25,0
DA:27,40
DA:28,23
DA:29,17
DA:30,17
DA:31,0
DA:32,17
DA:33,17
DA:34,17
DA:37,95
DA:38,95
DA:39,364
DA:40,269
DA:41,233
DA:42,269
DA:43,95
DA:44,95
DA:47,117
DA:49,117
DA:50,117
DA:51,117
DA:54,95
DA:55,95
DA:56,95
DA:57,95
DA:58,0
DA:61,95
DA:62,0
DA:65,95
DA:66,95
DA:67,95
DA:68,0
DA:70,95
DA:73,95
DA:76,95
DA:77,74
DA:81,74
DA:82,74
DA:83,27
DA:84,27
DA:85,27
DA:86,27
DA:87,27
DA:88,74
DA:89,74
DA:92,21
DA:93,21
DA:94,21
DA:95,0
DA:97,21
DA:101,21
DA:102,21
DA:103,6
DA:104,6
DA:105,6
DA:106,6
DA:107,6
DA:108,21
DA:109,21
DA:112,21
DA:113,21
DA:114,21
DA:115,50
DA:116,50
DA:117,50
DA:118,50
DA:119,21
DA:120,21
BRDA:23,0,0,0
BRDA:23,0,1,40
BRDA:24,0,0,0
BRDA:24,0,1,40
BRDA:27,0,0,23
BRDA:27,0,1,17
BRDA:30,0,0,0
BRDA:30,0,1,17
BRDA:33,0,0,12
BRDA:33,0,1,5
BRDA:33,1,2,7
BRDA:33,1,3,5
BRDA:39,0,0,269
BRDA:39,0,1,95
BRDA:40,0,0,233
BRDA:40,0,1,36
BRDA:57,0,0,0
BRDA:57,0,1,95
BRDA:57,1,2,0
BRDA:57,1,3,95
BRDA:61,0,0,0
BRDA:61,0,1,95
BRDA:66,0,0,95
BRDA:66,0,1,0
BRDA:67,0,0,0
BRDA:67,0,1,95
BRDA:76,0,0,74
BRDA:76,0,1,21
BRDA:81,0,0,71
BRDA:81,0,1,3
BRDA:81,1,2,33
BRDA:81,1,3,38
BRDA:82,0,0,27
BRDA:82,0,1,6
BRDA:92,0,0,21
BRDA:92,0,1,0
BRDA:94,0,0,0
BRDA:94,0,1,21
BRDA:101,0,0,20
BRDA:101,0,1,1
BRDA:101,1,2,7
BRDA:101,1,3,13
BRDA:102,0,0,6
BRDA:102,0,1,1
BRDA:115,0,0,50
BRDA:115,0,1,21
BRF:46
BRH:36
LF:72
LH:66
end_of_record
SF:src/automotive/array/AvoidIncompleteInitializationCheck.h
FN:39,_ZN5clang4tidy10automotive34AvoidIncompleteInitializationCheckC2EN4llvm9StringRefEPNS0_16ClangTidyContextE
FN:42,_ZN5clang4tidy10automotive34AvoidIncompleteInitializationCheckD2Ev
FNDA:117,_ZN5clang4tidy10automotive34AvoidIncompleteInitializationCheckC2EN4llvm9StringRefEPNS0_16ClangTidyContextE
FNDA:117,_ZN5clang4tidy10automotive34AvoidIncompleteInitializationCheckD2Ev
FNF:2
FNH:2
DA:39,117
DA:42,117
BRF:0
BRH:0
LF:2
LH:2
end_of_record
SF:src/automotive/array/AvoidPartialArrayInitCheck.cpp
FN:17,_ZN5clang4tidy10automotive26AvoidPartialArrayInitCheck16registerMatchersEPNS_12ast_matchers11MatchFinderE
FN:28,_ZN5clang4tidy10automotive26AvoidPartialArrayInitCheck5checkERKNS_12ast_matchers11MatchFinder11MatchResultE
FNDA:117,_ZN5clang4tidy10automotive26AvoidPartialArrayInitCheck16registerMatchersEPNS_12ast_matchers11MatchFinderE
FNDA:67,_ZN5clang4tidy10automotive26AvoidPartialArrayInitCheck5checkERKNS_12ast_matchers11MatchFinder11MatchResultE
FNF:2
FNH:2
DA:17,117
DA:18,117
DA:19,117
DA:20,117
DA:21,117
DA:22,117
DA:23,117
DA:24,117
DA:25,117
DA:26,117
DA:28,67
DA:29,67
DA:30,67
DA:32,67
DA:33,0
DA:34,0
DA:36,67
DA:37,67
DA:38,0
DA:39,0
DA:41,67
DA:42,67
DA:44,67
DA:45,28
DA:46,28
DA:47,67
BRDA:32,0,0,0
BRDA:32,0,1,67
BRDA:32,1,2,0
BRDA:32,1,3,67
BRDA:37,0,0,0
BRDA:37,0,1,67
BRDA:44,0,0,28
BRDA:44,0,1,39
BRF:8
BRH:5
LF:26
LH:22
end_of_record
SF:src/automotive/array/AvoidPartialArrayInitCheck.h
FN:37,_ZN5clang4tidy10automotive26AvoidPartialArrayInitCheckC2EN4llvm9StringRefEPNS0_16ClangTidyContextE
FN:40,_ZN5clang4tidy10automotive26AvoidPartialArrayInitCheckD2Ev
FNDA:117,_ZN5clang4tidy10automotive26AvoidPartialArrayInitCheckC2EN4llvm9StringRefEPNS0_16ClangTidyContextE
FNDA:117,_ZN5clang4tidy10automotive26AvoidPartialArrayInitCheckD2Ev
FNF:2
FNH:2
DA:37,117
DA:40,117
BRF:0
BRH:0
LF:2
LH:2
end_of_record
SF:src/automotive/array/AvoidPointerArithmeticBoundsCheck.cpp
FN:17,_ZN5clang4tidy10automotive33AvoidPointerArithmeticBoundsCheck16registerMatchersEPNS_12ast_matchers11MatchFinderE
FN:37,_ZN5clang4tidy10automotive33AvoidPointerArithmeticBoundsCheck5checkERKNS_12ast_matchers11MatchFinder11MatchResultE
FN:75,_ZNK5clang4tidy10automotive33AvoidPointerArithmeticBoundsCheck22getPointerNestingLevelENS_8QualTypeE
FNDA:117,_ZN5clang4tidy10automotive33AvoidPointerArithmeticBoundsCheck16registerMatchersEPNS_12ast_matchers11MatchFinderE
FNDA:3262,_ZN5clang4tidy10automotive33AvoidPointerArithmeticBoundsCheck5checkERKNS_12ast_matchers11MatchFinder11MatchResultE
FNDA:2028,_ZNK5clang4tidy10automotive33AvoidPointerArithmeticBoundsCheck22getPointerNestingLevelENS_8QualTypeE
FNF:3
FNH:3
DA:17,117
DA:19,117
DA:20,117
DA:21,117
DA:22,117
DA:23,117
DA:26,117
DA:27,117
DA:28,117
DA:29,117
DA:30,117
DA:33,117
DA:34,117
DA:37,3262
DA:39,3262
DA:40,1
DA:41,0
DA:43,1
DA:44,1
DA:45,1
DA:46,1
DA:47,1
DA:50,3261
DA:51,3
DA:52,0
DA:54,3
DA:55,3
DA:56,3
DA:57,3
DA:58,3
DA:61,3258
DA:62,3258
DA:63,1230
DA:65,2028
DA:66,2028
DA:67,0
DA:68,0
DA:69,0
DA:70,0
DA:71,2028
DA:72,3258
DA:75,2028
DA:76,2028
DA:77,2732
DA:78,704
DA:79,704
DA:80,704
DA:81,2028
DA:82,2028
BRDA:39,0,0,1
BRDA:39,0,1,3261
BRDA:40,0,0,0
BRDA:40,0,1,1
BRDA:50,0,0,3
BRDA:50,0,1,3258
BRDA:51,0,0,0
BRDA:51,0,1,3
BRDA:61,0,0,3258
BRDA:61,0,1,0
BRDA:62,0,0,1230
BRDA:62,0,1,2028
BRDA:66,0,0,0
BRDA:66,0,1,2028
BRDA:77,0,0,704
BRDA:77,0,1,2028
BRF:16
BRH:12
LF:49
LH:43
end_of_record
SF:src/automotive/array/AvoidPointerArithmeticBoundsCheck.h
FN:39,_ZN5clang4tidy10automotive33AvoidPointerArithmeticBoundsCheckC2EN4llvm9StringRefEPNS0_16ClangTidyContextE
FN:42,_ZN5clang4tidy10automotive33AvoidPointerArithmeticBoundsCheckD2Ev
FNDA:117,_ZN5clang4tidy10automotive33AvoidPointerArithmeticBoundsCheckC2EN4llvm9StringRefEPNS0_16ClangTidyContextE
FNDA:117,_ZN5clang4tidy10automotive33AvoidPointerArithmeticBoundsCheckD2Ev
FNF:2
FNH:2
DA:39,117
DA:42,117
BRF:0
BRH:0
LF:2
LH:2
end_of_record
SF:src/automotive/array/AvoidPointerArithmeticCheck.cpp
FN:17,_ZN5clang4tidy10automotive27AvoidPointerArithmeticCheck16registerMatchersEPNS_12ast_matchers11MatchFinderE
FN:32,_ZN5clang4tidy10automotive27AvoidPointerArithmeticCheck5checkERKNS_12ast_matchers11MatchFinder11MatchResultE
FNDA:117,_ZN5clang4tidy10automotive27AvoidPointerArithmeticCheck16registerMatchersEPNS_12ast_matchers11MatchFinderE
FNDA:26,_ZN5clang4tidy10automotive27AvoidPointerArithmeticCheck5checkERKNS_12ast_matchers11MatchFinder11MatchResultE
FNF:2
FNH:2
DA:17,117
DA:19,117
DA:20,117
DA:21,117
DA:22,117
DA:25,117
DA:26,117
DA:27,117
DA:28,117
DA:29,117
DA:32,26
DA:34,26
DA:35,26
DA:37,26
DA:38,14
DA:39,14
DA:43,14
DA:44,14
DA:45,14
DA:46,3
DA:47,3
DA:48,14
DA:49,12
DA:50,12
DA:51,12
DA:52,12
DA:53,0
DA:54,0
DA:56,23
DA:57,0
DA:59,23
DA:60,23
DA:61,23
DA:62,23
BRDA:37,0,0,14
BRDA:37,0,1,12
BRDA:43,0,0,6
BRDA:43,0,1,8
BRDA:43,1,2,3
BRDA:43,1,3,11
BRDA:44,0,0,6
BRDA:44,0,1,0
BRDA:45,0,0,3
BRDA:45,0,1,3
BRDA:48,0,0,12
BRDA:48,0,1,0
BRDA:56,0,0,0
BRDA:56,0,1,23
BRDA:56,1,2,0
BRDA:56,1,3,23
BRF:16
BRH:12
LF:34
LH:31
end_of_record
SF:src/automotive/array/AvoidPointerArithmeticCheck.h
FN:45,_ZN5clang4tidy10automotive27AvoidPointerArithmeticCheckC2EN4llvm9StringRefEPNS0_16ClangTidyContextE
FN:48,_ZN5clang4tidy10automotive27AvoidPointerArithmeticCheckD2Ev
FNDA:117,_ZN5clang4tidy10automotive27AvoidPointerArithmeticCheckC2EN4llvm9StringRefEPNS0_16ClangTidyContextE
FNDA:117,_ZN5clang4tidy10automotive27AvoidPointerArithmeticCheckD2Ev
FNF:2
FNH:2
DA:45,117
DA:48,117
BRF:0
BRH:0
LF:2
LH:2
end_of_record
SF:src/automotive/array/AvoidVariableLengthArrayCheck.cpp
FN:18,_ZN5clang4tidy10automotive29AvoidVariableLengthArrayCheck16registerMatchersEPNS_12ast_matchers11MatchFinderE
FN:24,_ZN5clang4tidy10automotive29AvoidVariableLengthArrayCheck5checkERKNS_12ast_matchers11MatchFinder11MatchResultE
FN:34,AvoidVariableLengthArrayCheck.cpp:_ZN5clang4tidy10automotiveL9getLBraceEPKNS_7TypeLocE
FNDA:117,_ZN5clang4tidy10automotive29AvoidVariableLengthArrayCheck16registerMatchersEPNS_12ast_matchers11MatchFinderE
FNDA:10,_ZN5clang4tidy10automotive29AvoidVariableLengthArrayCheck5checkERKNS_12ast_matchers11MatchFinder11MatchResultE
FNDA:10,AvoidVariableLengthArrayCheck.cpp:_ZN5clang4tidy10automotiveL9getLBraceEPKNS_7TypeLocE
FNF:3
FNH:3
DA:18,117
DA:19,117
DA:20,117
DA:21,117
DA:24,10
DA:25,10
DA:27,10
DA:28,0
DA:29,0
DA:31,10
DA:32,10
DA:34,10
DA:35,10
DA:36,10
DA:38,10
DA:39,10
DA:40,10
DA:41,0
DA:42,0
DA:43,10
BRDA:27,0,0,0
BRDA:27,0,1,10
BRDA:38,0,0,10
BRDA:38,0,1,0
BRF:4
BRH:2
LF:20
LH:16
end_of_record
SF:src/automotive/array/AvoidVariableLengthArrayCheck.h
FN:38,_ZN5clang4tidy10automotive29AvoidVariableLengthArrayCheckC2EN4llvm9StringRefEPNS0_16ClangTidyContextE
FN:41,_ZN5clang4tidy10automotive29AvoidVariableLengthArrayCheckD2Ev
FNDA:117,_ZN5clang4tidy10automotive29AvoidVariableLengthArrayCheckC2EN4llvm9StringRefEPNS0_16ClangTidyContextE
FNDA:117,_ZN5clang4tidy10automotive29AvoidVariableLengthArrayCheckD2Ev
FNF:2
FNH:2
DA:38,117
DA:41,117
BRF:0
BRH:0
LF:2
LH:2
end_of_record
SF:src/automotive/array/MissingExternalArraySizeCheck.cpp
FN:16,_ZN5clang4tidy10automotive29MissingExternalArraySizeCheck16registerMatchersEPNS_12ast_matchers11MatchFinderE
FN:24,_ZN5clang4tidy10automotive29MissingExternalArraySizeCheck5checkERKNS_12ast_matchers11MatchFinder11MatchResultE
FNDA:117,_ZN5clang4tidy10automotive29MissingExternalArraySizeCheck16registerMatchersEPNS_12ast_matchers11MatchFinderE
FNDA:3,_ZN5clang4tidy10automotive29MissingExternalArraySizeCheck5checkERKNS_12ast_matchers11MatchFinder11MatchResultE
FNF:2
FNH:2
DA:16,117
DA:17,117
DA:18,117
DA:19,117
DA:20,117
DA:21,117
DA:24,3
DA:25,3
DA:27,3
DA:28,3
DA:29,3
DA:30,3
DA:31,3
DA:32,3
BRDA:27,0,0,3
BRDA:27,0,1,0
BRF:2
BRH:1
LF:14
LH:14
end_of_record
SF:src/automotive/array/MissingExternalArraySizeCheck.h
FN:36,_ZN5clang4tidy10automotive29MissingExternalArraySizeCheckC2EN4llvm9StringRefEPNS0_16ClangTidyContextE
FN:39,_ZN5clang4tidy10automotive29MissingExternalArraySizeCheckD2Ev
FNDA:117,_ZN5clang4tidy10automotive29MissingExternalArraySizeCheckC2EN4llvm9StringRefEPNS0_16ClangTidyContextE
FNDA:117,_ZN5clang4tidy10automotive29MissingExternalArraySizeCheckD2Ev
FNF:2
FNH:2
DA:36,117
DA:39,117
BRF:0
BRH:0
LF:2
LH:2
end_of_record
SF:src/automotive/bitfield/AvoidBitfieldInUnionCheck.cpp
FN:17,_ZN5clang4tidy10automotive25AvoidBitfieldInUnionCheck16registerMatchersEPNS_12ast_matchers11MatchFinderE
FN:23,_ZN5clang4tidy10automotive25AvoidBitfieldInUnionCheck5checkERKNS_12ast_matchers11MatchFinder11MatchResultE
FNDA:117,_ZN5clang4tidy10automotive25AvoidBitfieldInUnionCheck16registerMatchersEPNS_12ast_matchers11MatchFinderE
FNDA:4,_ZN5clang4tidy10automotive25AvoidBitfieldInUnionCheck5checkERKNS_12ast_matchers11MatchFinder11MatchResultE
FNF:2
FNH:2
DA:17,117
DA:18,117
DA:19,117
DA:20,117
DA:21,117
DA:23,4
DA:24,4
DA:25,4
DA:27,4
DA:28,4
DA:29,4
DA:30,4
BRDA:27,0,0,4
BRDA:27,0,1,0
BRF:2
BRH:1
LF:12
LH:12
end_of_record
SF:src/automotive/bitfield/AvoidBitfieldInUnionCheck.h
FN:39,_ZN5clang4tidy10automotive25AvoidBitfieldInUnionCheckC2EN4llvm9StringRefEPNS0_16ClangTidyContextE
FN:42,_ZN5clang4tidy10automotive25AvoidBitfieldInUnionCheckD2Ev
FNDA:117,_ZN5clang4tidy10automotive25AvoidBitfieldInUnionCheckC2EN4llvm9StringRefEPNS0_16ClangTidyContextE
FNDA:117,_ZN5clang4tidy10automotive25AvoidBitfieldInUnionCheckD2Ev
FNF:2
FNH:2
DA:39,117
DA:42,117
BRF:0
BRH:0
LF:2
LH:2
end_of_record
SF:src/automotive/bitfield/AvoidSignedSingleBitFieldCheck.cpp
FN:17,_ZN5clang4tidy10automotive30AvoidSignedSingleBitFieldCheck16registerMatchersEPNS_12ast_matchers11MatchFinderE
FN:25,_ZN5clang4tidy10automotive30AvoidSignedSingleBitFieldCheck5checkERKNS_12ast_matchers11MatchFinder11MatchResultE
FNDA:117,_ZN5clang4tidy10automotive30AvoidSignedSingleBitFieldCheck16registerMatchersEPNS_12ast_matchers11MatchFinderE
FNDA:5,_ZN5clang4tidy10automotive30AvoidSignedSingleBitFieldCheck5checkERKNS_12ast_matchers11MatchFinder11MatchResultE
FNF:2
FNH:2
DA:17,117
DA:18,117
DA:19,117
DA:20,117
DA:21,117
DA:22,117
DA:25,5
DA:26,5
DA:28,5
DA:29,5
DA:30,5
DA:31,5
DA:32,5
BRDA:28,0,0,5
BRDA:28,0,1,0
BRF:2
BRH:1
LF:13
LH:13
end_of_record
SF:src/automotive/bitfield/AvoidSignedSingleBitFieldCheck.h
FN:40,_ZN5clang4tidy10automotive30AvoidSignedSingleBitFieldCheckC2EN4llvm9StringRefEPNS0_16ClangTidyContextE
FN:43,_ZN5clang4tidy10automotive30AvoidSignedSingleBitFieldCheckD2Ev
FNDA:117,_ZN5clang4tidy10automotive30AvoidSignedSingleBitFieldCheckC2EN4llvm9StringRefEPNS0_16ClangTidyContextE
FNDA:117,_ZN5clang4tidy10automotive30AvoidSignedSingleBitFieldCheckD2Ev
FNF:2
FNH:2
DA:40,117
DA:43,117
BRF:0
BRH:0
LF:2
LH:2
end_of_record
SF:src/automotive/bitfield/BitfieldComponent.cpp
FN:17,_ZN5clang4tidy10automotive17BitfieldComponent17addCheckFactoriesERNS0_23ClangTidyCheckFactoriesE
FNDA:234,_ZN5clang4tidy10automotive17BitfieldComponent17addCheckFactoriesERNS0_23ClangTidyCheckFactoriesE
FNF:1
FNH:1
DA:17,234
DA:19,234
DA:20,234
DA:21,234
DA:22,234
DA:23,234
DA:24,234
DA:25,234
BRF:0
BRH:0
LF:8
LH:8
end_of_record
SF:src/automotive/bitfield/WrongBitfieldTypeCheck.cpp
FN:17,_ZN5clang4tidy10automotive22WrongBitfieldTypeCheck16registerMatchersEPNS_12ast_matchers11MatchFinderE
FN:27,_ZN5clang4tidy10automotive22WrongBitfieldTypeCheck5checkERKNS_12ast_matchers11MatchFinder11MatchResultE
FNDA:117,_ZN5clang4tidy10automotive22WrongBitfieldTypeCheck16registerMatchersEPNS_12ast_matchers11MatchFinderE
FNDA:16,_ZN5clang4tidy10automotive22WrongBitfieldTypeCheck5checkERKNS_12ast_matchers11MatchFinder11MatchResultE
FNF:2
FNH:2
DA:17,117
DA:18,117
DA:19,117
DA:20,117
DA:21,117
DA:22,117
DA:23,117
DA:24,117
DA:25,117
DA:27,16
DA:29,16
DA:31,16
DA:32,0
DA:33,0
DA:35,16
DA:36,16
BRDA:31,0,0,0
BRDA:31,0,1,16
BRF:2
BRH:1
LF:16
LH:14
end_of_record
SF:src/automotive/bitfield/WrongBitfieldTypeCheck.h
FN:39,_ZN5clang4tidy10automotive22WrongBitfieldTypeCheckC2EN4llvm9StringRefEPNS0_16ClangTidyContextE
FN:42,_ZN5clang4tidy10automotive22WrongBitfieldTypeCheckD2Ev
FNDA:117,_ZN5clang4tidy10automotive22WrongBitfieldTypeCheckC2EN4llvm9StringRefEPNS0_16ClangTidyContextE
FNDA:117,_ZN5clang4tidy10automotive22WrongBitfieldTypeCheckD2Ev
FNF:2
FNH:2
DA:39,117
DA:42,117
BRF:0
BRH:0
LF:2
LH:2
end_of_record
SF:src/automotive/comment/AvoidCommentWithinCommentCheck.cpp
FN:37,_ZN5clang4tidy10automotive30AvoidCommentWithinCommentCheck19registerPPCallbacksERKNS_13SourceManagerEPNS_12PreprocessorES7_
FN:43,_ZN5clang4tidy10automotive30AvoidCommentWithinCommentCheck22InternalCommentHandlerC2ERS2_
FN:50,_ZN5clang4tidy10automotive30AvoidCommentWithinCommentCheck22InternalCommentHandler13HandleCommentERNS_12PreprocessorENS_11SourceRangeE
FN:66,_ZN5clang4tidy10automotive30AvoidCommentWithinCommentCheck22InternalCommentHandler16checkURLProtocolENS_14SourceLocationEN4llvm9StringRefEm
FN:84,_ZN5clang4tidy10automotive30AvoidCommentWithinCommentCheck22InternalCommentHandler12CheckCommentENS_14SourceLocationEN4llvm9StringRefE
FN:125,AvoidCommentWithinCommentCheck.cpp:_ZN5clang4tidy10automotiveL12getNextStateENS1_5StateEc
FN:154,AvoidCommentWithinCommentCheck.cpp:_ZN5clang4tidy10automotiveL23stateExpectCommentStartEc
FN:167,AvoidCommentWithinCommentCheck.cpp:_ZN5clang4tidy10automotiveL21stateExpectCommentEndEc
FN:138,AvoidCommentWithinCommentCheck.cpp:_ZN5clang4tidy10automotiveL11stateNormalEc
FNDA:117,_ZN5clang4tidy10automotive30AvoidCommentWithinCommentCheck19registerPPCallbacksERKNS_13SourceManagerEPNS_12PreprocessorES7_
FNDA:117,_ZN5clang4tidy10automotive30AvoidCommentWithinCommentCheck22InternalCommentHandlerC2ERS2_
FNDA:10210,_ZN5clang4tidy10automotive30AvoidCommentWithinCommentCheck22InternalCommentHandler13HandleCommentERNS_12PreprocessorENS_11SourceRangeE
FNDA:5465,_ZN5clang4tidy10automotive30AvoidCommentWithinCommentCheck22InternalCommentHandler16checkURLProtocolENS_14SourceLocationEN4llvm9StringRefEm
FNDA:10210,_ZN5clang4tidy10automotive30AvoidCommentWithinCommentCheck22InternalCommentHandler12CheckCommentENS_14SourceLocationEN4llvm9StringRefE
FNDA:1394037,AvoidCommentWithinCommentCheck.cpp:_ZN5clang4tidy10automotiveL12getNextStateENS1_5StateEc
FNDA:5779,AvoidCommentWithinCommentCheck.cpp:_ZN5clang4tidy10automotiveL23stateExpectCommentStartEc
FNDA:8936,AvoidCommentWithinCommentCheck.cpp:_ZN5clang4tidy10automotiveL21stateExpectCommentEndEc
FNDA:1379322,AvoidCommentWithinCommentCheck.cpp:_ZN5clang4tidy10automotiveL11stateNormalEc
FNF:9
FNH:9
DA:37,117
DA:38,117
DA:39,117
DA:43,117
DA:44,1053
DA:45,1053
DA:46,1053
DA:47,117
DA:50,10210
DA:52,10210
DA:53,10210
DA:54,10210
DA:56,10210
DA:57,10210
DA:58,10210
DA:59,10210
DA:60,10210
DA:62,10210
DA:63,10210
DA:66,5465
DA:67,5465
DA:68,4919
DA:71,546
DA:72,3274
DA:73,2728
DA:75,546
DA:76,546
DA:77,0
DA:78,0
DA:79,0
DA:80,0
DA:81,546
DA:84,10210
DA:86,10210
DA:87,10210
DA:88,10210
DA:90,1404247
DA:91,1394037
DA:93,1394037
DA:94,330
DA:95,330
DA:96,330
DA:97,330
DA:98,330
DA:100,10
DA:101,10
DA:102,10
DA:103,10
DA:104,10
DA:106,2
DA:107,2
DA:108,2
DA:109,2
DA:110,2
DA:112,5465
DA:113,5465
DA:114,5465
DA:115,5465
DA:116,546
DA:117,5465
DA:119,1388230
DA:120,1388230
DA:121,1394037
DA:122,1394037
DA:123,10210
DA:125,1394037
DA:126,1394037
DA:127,5779
DA:128,5779
DA:130,8936
DA:131,8936
DA:133,1379322
DA:134,1379322
DA:135,1394037
DA:136,1394037
DA:138,1379322
DA:139,1379322
DA:140,5889
DA:141,5889
DA:143,8940
DA:144,8940
DA:146,5465
DA:147,5465
DA:149,1359028
DA:150,1359028
DA:151,1379322
DA:152,1379322
DA:154,5779
DA:155,5779
DA:156,330
DA:157,330
DA:159,10
DA:160,10
DA:162,5439
DA:163,5439
DA:164,5779
DA:165,5779
DA:167,8936
DA:168,8936
DA:169,2
DA:170,2
DA:172,8934
DA:173,8934
DA:174,8936
DA:175,8936
BRDA:44,0,0,1053
BRDA:44,0,1,117
BRDA:57,0,0,10210
BRDA:57,0,1,0
BRDA:67,0,0,4919
BRDA:67,0,1,546
BRDA:72,0,0,3274
BRDA:72,0,1,0
BRDA:72,1,2,2728
BRDA:72,1,3,546
BRDA:76,0,0,0
BRDA:76,0,1,546
BRDA:90,0,0,1394037
BRDA:90,0,1,10210
BRDA:94,0,0,330
BRDA:94,0,1,1393707
BRDA:100,0,0,10
BRDA:100,0,1,1394027
BRDA:106,0,0,2
BRDA:106,0,1,1394035
BRDA:112,0,0,5465
BRDA:112,0,1,1388572
BRDA:115,0,0,546
BRDA:115,0,1,4919
BRDA:119,0,0,1388230
BRDA:119,0,1,5807
BRDA:127,0,0,5779
BRDA:127,0,1,1388258
BRDA:130,0,0,8936
BRDA:130,0,1,1385101
BRDA:133,0,0,1379322
BRDA:133,0,1,14715
BRDA:140,0,0,5889
BRDA:140,0,1,1373433
BRDA:143,0,0,8940
BRDA:143,0,1,1370382
BRDA:146,0,0,5465
BRDA:146,0,1,1373857
BRDA:149,0,0,1359028
BRDA:149,0,1,20294
BRDA:156,0,0,330
BRDA:156,0,1,5449
BRDA:159,0,0,10
BRDA:159,0,1,5769
BRDA:162,0,0,5439
BRDA:162,0,1,340
BRDA:169,0,0,2
BRDA:169,0,1,8934
BRDA:172,0,0,8934
BRDA:172,0,1,2
BRF:50
BRH:47
LF:105
LH:101
end_of_record
SF:src/automotive/comment/AvoidCommentWithinCommentCheck.h
FN:39,_ZN5clang4tidy10automotive30AvoidCommentWithinCommentCheckC2EN4llvm9StringRefEPNS0_16ClangTidyContextEi
FN:55,_ZN5clang4tidy10automotive30AvoidCommentWithinCommentCheck22InternalCommentHandlerD2Ev
FN:42,_ZN5clang4tidy10automotive30AvoidCommentWithinCommentCheckD2Ev
FNDA:117,_ZN5clang4tidy10automotive30AvoidCommentWithinCommentCheckC2EN4llvm9StringRefEPNS0_16ClangTidyContextEi
FNDA:117,_ZN5clang4tidy10automotive30AvoidCommentWithinCommentCheck22InternalCommentHandlerD2Ev
FNDA:117,_ZN5clang4tidy10automotive30AvoidCommentWithinCommentCheckD2Ev
FNF:3
FNH:3
DA:39,117
DA:42,117
DA:55,117
BRF:0
BRH:0
LF:3
LH:3
end_of_record
SF:src/automotive/comment/AvoidLinesplicingWithinCommentCheck.cpp
FN:15,_ZN5clang4tidy10automotive35AvoidLinesplicingWithinCommentCheck22InternalCommentHandler13HandleCommentERNS_12PreprocessorENS_11SourceRangeE
FN:64,_ZN5clang4tidy10automotive35AvoidLinesplicingWithinCommentCheck19registerPPCallbacksERKNS_13SourceManagerEPNS_12PreprocessorES7_
FNDA:10210,_ZN5clang4tidy10automotive35AvoidLinesplicingWithinCommentCheck22InternalCommentHandler13HandleCommentERNS_12PreprocessorENS_11SourceRangeE
FNDA:117,_ZN5clang4tidy10automotive35AvoidLinesplicingWithinCommentCheck19registerPPCallbacksERKNS_13SourceManagerEPNS_12PreprocessorES7_
FNF:2
FNH:2
DA:15,10210
DA:16,10210
DA:17,10210
DA:18,10210
DA:20,10210
DA:21,10210
DA:23,10210
DA:24,3233
DA:26,3233
DA:27,3243
DA:28,10
DA:30,10
DA:31,10
DA:32,10
DA:33,0
DA:34,0
DA:35,0
DA:36,0
DA:37,10
DA:38,10
DA:40,3233
DA:41,0
DA:43,0
DA:44,0
DA:45,0
DA:47,0
DA:48,0
DA:49,0
DA:50,0
DA:52,0
DA:53,0
DA:54,0
DA:55,0
DA:56,0
DA:57,0
DA:58,0
DA:59,3233
DA:60,10210
DA:61,10210
DA:64,117
DA:66,117
DA:67,117
BRDA:23,0,0,3233
BRDA:23,0,1,6977
BRDA:27,0,0,10
BRDA:27,0,1,3233
BRDA:30,0,0,10
BRDA:30,0,1,0
BRDA:40,0,0,0
BRDA:40,0,1,3233
BRDA:40,1,2,-
BRDA:40,1,3,-
BRDA:44,0,0,-
BRDA:44,0,1,-
BRF:12
BRH:6
LF:42
LH:23
end_of_record
SF:src/automotive/comment/AvoidLinesplicingWithinCommentCheck.h
FN:38,_ZN5clang4tidy10automotive35AvoidLinesplicingWithinCommentCheckC2EN4llvm9StringRefEPNS0_16ClangTidyContextE
FN:55,_ZN5clang4tidy10automotive35AvoidLinesplicingWithinCommentCheck22InternalCommentHandlerC2ERNS0_14ClangTidyCheckEb
FN:56,_ZN5clang4tidy10automotive35AvoidLinesplicingWithinCommentCheck22InternalCommentHandlerD2Ev
FN:42,_ZN5clang4tidy10automotive35AvoidLinesplicingWithinCommentCheckD2Ev
FNDA:117,_ZN5clang4tidy10automotive35AvoidLinesplicingWithinCommentCheckC2EN4llvm9StringRefEPNS0_16ClangTidyContextE
FNDA:117,_ZN5clang4tidy10automotive35AvoidLinesplicingWithinCommentCheck22InternalCommentHandlerC2ERNS0_14ClangTidyCheckEb
FNDA:117,_ZN5clang4tidy10automotive35AvoidLinesplicingWithinCommentCheck22InternalCommentHandlerD2Ev
FNDA:117,_ZN5clang4tidy10automotive35AvoidLinesplicingWithinCommentCheckD2Ev
FNF:4
FNH:4
DA:38,117
DA:39,117
DA:42,117
DA:55,117
DA:56,117
BRF:0
BRH:0
LF:5
LH:5
end_of_record
SF:src/automotive/comment/CommentComponent.cpp
FN:16,_ZN5clang4tidy10automotive16CommentComponent17addCheckFactoriesERNS0_23ClangTidyCheckFactoriesE
FNDA:234,_ZN5clang4tidy10automotive16CommentComponent17addCheckFactoriesERNS0_23ClangTidyCheckFactoriesE
FNF:1
FNH:1
DA:16,234
DA:18,234
DA:19,234
DA:20,234
DA:21,234
DA:22,234
BRF:0
BRH:0
LF:6
LH:6
end_of_record
SF:src/automotive/comment/CommentMatch.h
FN:29,_ZN5clang4tidy10automotive12matchCommentEN4llvm9StringRefE
FN:24,_ZNK5clang4tidy10automotive12CommentMatch7isValidEv
FN:25,_ZNK5clang4tidy10automotive12CommentMatch11isMultiLineEv
FN:26,_ZNK5clang4tidy10automotive12CommentMatch12isSingleLineEv
FNDA:20420,_ZN5clang4tidy10automotive12matchCommentEN4llvm9StringRefE
FNDA:10210,_ZNK5clang4tidy10automotive12CommentMatch7isValidEv
FNDA:0,_ZNK5clang4tidy10automotive12CommentMatch11isMultiLineEv
FNDA:10210,_ZNK5clang4tidy10automotive12CommentMatch12isSingleLineEv
FNF:4
FNH:3
DA:24,10210
DA:25,0
DA:26,10210
DA:29,20420
DA:30,20420
DA:31,20420
DA:33,20420
DA:34,20420
DA:35,20420
DA:37,20420
DA:38,13954
DA:39,13954
DA:40,13954
DA:42,13954
DA:43,13954
DA:44,13954
DA:45,13954
DA:47,13954
DA:48,13954
DA:49,13954
DA:51,6466
DA:52,6466
DA:53,6466
DA:54,6466
DA:55,6466
DA:56,20420
DA:57,0
DA:58,20420
BRDA:30,0,0,20420
BRDA:30,0,1,0
BRDA:37,0,0,20420
BRDA:37,0,1,0
BRDA:37,1,2,13954
BRDA:37,1,3,6466
BRDA:42,0,0,13954
BRDA:42,0,1,0
BRDA:42,1,2,13954
BRDA:42,1,3,0
BRDA:51,0,0,6466
BRDA:51,0,1,0
BRDA:51,1,2,6466
BRDA:51,1,3,0
BRF:14
BRH:8
LF:28
LH:26
end_of_record
SF:src/automotive/cpp23/AvoidCStyleCastCheck.cpp
FN:17,_ZN5clang4tidy10automotive20AvoidCStyleCastCheck16registerMatchersEPNS_12ast_matchers11MatchFinderE
FN:26,_ZN5clang4tidy10automotive20AvoidCStyleCastCheck5checkERKNS_12ast_matchers11MatchFinder11MatchResultE
FNDA:6,_ZN5clang4tidy10automotive20AvoidCStyleCastCheck16registerMatchersEPNS_12ast_matchers11MatchFinderE
FNDA:22,_ZN5clang4tidy10automotive20AvoidCStyleCastCheck5checkERKNS_12ast_matchers11MatchFinder11MatchResultE
FNF:2
FNH:2
DA:17,6
DA:19,6
DA:20,0
DA:23,6
DA:24,6
DA:26,22
DA:27,22
DA:28,22
DA:29,0
DA:32,22
DA:33,0
DA:36,22
DA:37,0
DA:39,22
DA:40,22
DA:41,22
DA:42,22
BRDA:19,0,0,0
BRDA:19,0,1,6
BRDA:28,0,0,0
BRDA:28,0,1,22
BRDA:32,0,0,0
BRDA:32,0,1,22
BRDA:36,0,0,0
BRDA:36,0,1,22
BRF:8
BRH:4
LF:17
LH:13
end_of_record
SF:src/automotive/cpp23/AvoidCStyleCastCheck.h
FN:39,_ZN5clang4tidy10automotive20AvoidCStyleCastCheckC2EN4llvm9StringRefEPNS0_16ClangTidyContextE
FN:47,_ZNK5clang4tidy10automotive20AvoidCStyleCastCheck26isLanguageVersionSupportedERKNS_11LangOptionsE
FN:42,_ZN5clang4tidy10automotive20AvoidCStyleCastCheckD2Ev
FNDA:117,_ZN5clang4tidy10automotive20AvoidCStyleCastCheckC2EN4llvm9StringRefEPNS0_16ClangTidyContextE
FNDA:117,_ZNK5clang4tidy10automotive20AvoidCStyleCastCheck26isLanguageVersionSupportedERKNS_11LangOptionsE
FNDA:117,_ZN5clang4tidy10automotive20AvoidCStyleCastCheckD2Ev
FNF:3
FNH:3
DA:39,117
DA:42,117
DA:47,117
DA:48,117
DA:49,117
BRF:0
BRH:0
LF:5
LH:5
end_of_record
SF:src/automotive/cpp23/AvoidSlicingCheck.cpp
FN:17,_ZN5clang4tidy10automotive17AvoidSlicingCheck16registerMatchersEPNS_12ast_matchers11MatchFinderE
FN:47,_ZN5clang4tidy10automotive17AvoidSlicingCheck5checkERKNS_12ast_matchers11MatchFinder11MatchResultE
FN:41,AvoidSlicingCheck.cpp:_ZN5clang4tidy10automotiveL9isSlicingEPKNS_13CXXRecordDeclES4_
FNDA:6,_ZN5clang4tidy10automotive17AvoidSlicingCheck16registerMatchersEPNS_12ast_matchers11MatchFinderE
FNDA:12,_ZN5clang4tidy10automotive17AvoidSlicingCheck5checkERKNS_12ast_matchers11MatchFinder11MatchResultE
FNDA:12,AvoidSlicingCheck.cpp:_ZN5clang4tidy10automotiveL9isSlicingEPKNS_13CXXRecordDeclES4_
FNF:3
FNH:3
DA:17,6
DA:19,6
DA:20,0
DA:24,6
DA:25,6
DA:26,6
DA:27,6
DA:28,6
DA:29,6
DA:32,6
DA:33,6
DA:34,6
DA:35,6
DA:36,6
DA:37,6
DA:41,12
DA:42,12
DA:43,0
DA:44,12
DA:45,12
DA:47,12
DA:49,12
DA:50,12
DA:51,5
DA:52,0
DA:54,5
DA:55,5
DA:57,5
DA:58,3
DA:59,3
DA:60,3
DA:61,3
DA:62,3
DA:63,5
DA:64,5
DA:67,7
DA:68,7
DA:69,0
DA:71,7
DA:72,0
DA:74,7
DA:75,7
DA:76,7
DA:78,7
DA:79,0
DA:80,0
DA:81,0
DA:82,0
DA:83,0
DA:84,7
BRDA:19,0,0,0
BRDA:19,0,1,6
BRDA:42,0,0,0
BRDA:42,0,1,12
BRDA:42,1,2,0
BRDA:42,1,3,12
BRDA:44,0,0,3
BRDA:44,0,1,9
BRDA:44,1,2,3
BRDA:44,1,3,0
BRDA:49,0,0,5
BRDA:49,0,1,7
BRDA:51,0,0,0
BRDA:51,0,1,5
BRDA:57,0,0,3
BRDA:57,0,1,2
BRDA:68,0,0,0
BRDA:68,0,1,7
BRDA:71,0,0,0
BRDA:71,0,1,7
BRDA:78,0,0,0
BRDA:78,0,1,7
BRF:22
BRH:14
LF:50
LH:40
end_of_record
SF:src/automotive/cpp23/AvoidSlicingCheck.h
FN:43,_ZN5clang4tidy10automotive17AvoidSlicingCheckC2EN4llvm9StringRefEPNS0_16ClangTidyContextE
FN:51,_ZNK5clang4tidy10automotive17AvoidSlicingCheck26isLanguageVersionSupportedERKNS_11LangOptionsE
FN:46,_ZN5clang4tidy10automotive17AvoidSlicingCheckD2Ev
FNDA:117,_ZN5clang4tidy10automotive17AvoidSlicingCheckC2EN4llvm9StringRefEPNS0_16ClangTidyContextE
FNDA:117,_ZNK5clang4tidy10automotive17AvoidSlicingCheck26isLanguageVersionSupportedERKNS_11LangOptionsE
FNDA:117,_ZN5clang4tidy10automotive17AvoidSlicingCheckD2Ev
FNF:3
FNH:3
DA:43,117
DA:46,117
DA:51,117
DA:52,117
DA:53,117
BRF:0
BRH:0
LF:5
LH:5
end_of_record
SF:src/automotive/cpp23/Cpp23Component.cpp
FN:19,_ZN5clang4tidy10automotive14Cpp23Component17addCheckFactoriesERNS0_23ClangTidyCheckFactoriesE
FNDA:234,_ZN5clang4tidy10automotive14Cpp23Component17addCheckFactoriesERNS0_23ClangTidyCheckFactoriesE
FNF:1
FNH:1
DA:19,234
DA:22,234
DA:23,234
DA:26,234
DA:30,234
DA:31,234
DA:34,234
DA:35,234
DA:38,234
DA:39,234
DA:40,234
BRF:0
BRH:0
LF:11
LH:11
end_of_record
SF:src/automotive/cpp23/ExplicitConstructorCheck.cpp
FN:17,_ZN5clang4tidy10automotive24ExplicitConstructorCheck16registerMatchersEPNS_12ast_matchers11MatchFinderE
FN:30,_ZN5clang4tidy10automotive24ExplicitConstructorCheck5checkERKNS_12ast_matchers11MatchFinder11MatchResultE
FNDA:6,_ZN5clang4tidy10automotive24ExplicitConstructorCheck16registerMatchersEPNS_12ast_matchers11MatchFinderE
FNDA:10,_ZN5clang4tidy10automotive24ExplicitConstructorCheck5checkERKNS_12ast_matchers11MatchFinder11MatchResultE
FNF:2
FNH:2
DA:17,6
DA:18,6
DA:19,0
DA:22,6
DA:23,6
DA:24,6
DA:25,6
DA:26,6
DA:27,6
DA:28,6
DA:30,10
DA:31,10
DA:32,10
DA:33,0
DA:36,10
DA:37,0
DA:40,10
DA:41,0
DA:44,10
DA:45,3
DA:48,7
DA:49,13
DA:50,13
DA:51,10
DA:52,13
DA:55,7
DA:56,7
DA:57,7
DA:59,7
DA:60,2
DA:63,5
DA:66,5
DA:67,5
DA:68,5
DA:69,5
DA:72,5
DA:73,0
DA:75,5
DA:76,5
DA:77,5
DA:78,5
DA:79,5
BRDA:18,0,0,0
BRDA:18,0,1,6
BRDA:32,0,0,0
BRDA:32,0,1,10
BRDA:36,0,0,0
BRDA:36,0,1,10
BRDA:40,0,0,0
BRDA:40,0,1,10
BRDA:44,0,0,3
BRDA:44,0,1,7
BRDA:49,0,0,13
BRDA:49,0,1,7
BRDA:50,0,0,10
BRDA:50,0,1,3
BRDA:56,0,0,3
BRDA:56,0,1,4
BRDA:57,0,0,2
BRDA:57,0,1,2
BRDA:57,1,2,2
BRDA:57,1,3,0
BRDA:59,0,0,2
BRDA:59,0,1,5
BRDA:72,0,0,0
BRDA:72,0,1,5
BRF:24
BRH:18
LF:42
LH:37
end_of_record
SF:src/automotive/cpp23/ExplicitConstructorCheck.h
FN:41,_ZN5clang4tidy10automotive24ExplicitConstructorCheckC2EN4llvm9StringRefEPNS0_16ClangTidyContextE
FN:49,_ZNK5clang4tidy10automotive24ExplicitConstructorCheck26isLanguageVersionSupportedERKNS_11LangOptionsE
FN:44,_ZN5clang4tidy10automotive24ExplicitConstructorCheckD2Ev
FNDA:117,_ZN5clang4tidy10automotive24ExplicitConstructorCheckC2EN4llvm9StringRefEPNS0_16ClangTidyContextE
FNDA:117,_ZNK5clang4tidy10automotive24ExplicitConstructorCheck26isLanguageVersionSupportedERKNS_11LangOptionsE
FNDA:117,_ZN5clang4tidy10automotive24ExplicitConstructorCheckD2Ev
FNF:3
FNH:3
DA:41,117
DA:44,117
DA:49,117
DA:50,117
DA:51,117
BRF:0
BRH:0
LF:5
LH:5
end_of_record
SF:src/automotive/cpp23/NoexceptMoveCheck.cpp
FN:17,_ZN5clang4tidy10automotive17NoexceptMoveCheck16registerMatchersEPNS_12ast_matchers11MatchFinderE
FN:35,_ZN5clang4tidy10automotive17NoexceptMoveCheck5checkERKNS_12ast_matchers11MatchFinder11MatchResultE
FNDA:6,_ZN5clang4tidy10automotive17NoexceptMoveCheck16registerMatchersEPNS_12ast_matchers11MatchFinderE
FNDA:9,_ZN5clang4tidy10automotive17NoexceptMoveCheck5checkERKNS_12ast_matchers11MatchFinder11MatchResultE
FNF:2
FNH:2
DA:17,6
DA:18,6
DA:19,0
DA:22,6
DA:23,6
DA:24,6
DA:25,6
DA:26,6
DA:29,6
DA:30,6
DA:31,6
DA:32,6
DA:33,6
DA:35,9
DA:36,9
DA:37,9
DA:39,9
DA:40,9
DA:41,5
DA:42,5
DA:43,5
DA:44,4
DA:45,4
DA:46,4
DA:47,4
DA:49,9
DA:50,0
DA:53,9
DA:54,0
DA:57,9
DA:58,9
DA:59,0
DA:62,9
DA:65,9
DA:66,4
DA:71,5
DA:72,5
DA:74,5
DA:75,5
BRDA:18,0,0,0
BRDA:18,0,1,6
BRDA:39,0,0,5
BRDA:39,0,1,4
BRDA:43,0,0,4
BRDA:43,0,1,0
BRDA:49,0,0,0
BRDA:49,0,1,9
BRDA:53,0,0,0
BRDA:53,0,1,9
BRDA:58,0,0,0
BRDA:58,0,1,9
BRDA:65,0,0,2
BRDA:65,0,1,7
BRDA:65,1,2,2
BRDA:65,1,3,5
BRDA:72,0,0,3
BRDA:72,0,1,2
BRF:18
BRH:13
LF:39
LH:35
end_of_record
SF:src/automotive/cpp23/NoexceptMoveCheck.h
FN:43,_ZN5clang4tidy10automotive17NoexceptMoveCheckC2EN4llvm9StringRefEPNS0_16ClangTidyContextE
FN:51,_ZNK5clang4tidy10automotive17NoexceptMoveCheck26isLanguageVersionSupportedERKNS_11LangOptionsE
FN:46,_ZN5clang4tidy10automotive17NoexceptMoveCheckD2Ev
FNDA:117,_ZN5clang4tidy10automotive17NoexceptMoveCheckC2EN4llvm9StringRefEPNS0_16ClangTidyContextE
FNDA:117,_ZNK5clang4tidy10automotive17NoexceptMoveCheck26isLanguageVersionSupportedERKNS_11LangOptionsE
FNDA:117,_ZN5clang4tidy10automotive17NoexceptMoveCheckD2Ev
FNF:3
FNH:3
DA:43,117
DA:46,117
DA:51,117
DA:52,117
DA:53,117
BRF:0
BRH:0
LF:5
LH:5
end_of_record
SF:src/automotive/cpp23/VirtualDestructorCheck.cpp
FN:17,_ZN5clang4tidy10automotive22VirtualDestructorCheck16registerMatchersEPNS_12ast_matchers11MatchFinderE
FN:44,_ZN5clang4tidy10automotive22VirtualDestructorCheck5checkERKNS_12ast_matchers11MatchFinder11MatchResultE
FN:31,VirtualDestructorCheck.cpp:_ZN5clang4tidy10automotiveL26hasVirtualDestructorInBaseEPKNS_13CXXRecordDeclE
FNDA:6,_ZN5clang4tidy10automotive22VirtualDestructorCheck16registerMatchersEPNS_12ast_matchers11MatchFinderE
FNDA:12,_ZN5clang4tidy10automotive22VirtualDestructorCheck5checkERKNS_12ast_matchers11MatchFinder11MatchResultE
FNDA:4,VirtualDestructorCheck.cpp:_ZN5clang4tidy10automotiveL26hasVirtualDestructorInBaseEPKNS_13CXXRecordDeclE
FNF:3
FNH:3
DA:17,6
DA:19,6
DA:20,0
DA:23,6
DA:24,6
DA:25,6
DA:26,6
DA:27,6
DA:28,6
DA:31,4
DA:32,4
DA:33,1
DA:34,1
DA:35,0
DA:37,1
DA:38,1
DA:39,1
DA:40,1
DA:41,3
DA:42,4
DA:44,12
DA:45,12
DA:46,12
DA:47,0
DA:50,12
DA:51,0
DA:54,12
DA:58,12
DA:59,4
DA:60,3
DA:61,3
DA:62,3
DA:63,3
DA:64,4
DA:65,4
DA:68,8
DA:69,3
DA:70,3
DA:71,3
DA:72,8
BRDA:19,0,0,0
BRDA:19,0,1,6
BRDA:32,0,0,1
BRDA:32,0,1,3
BRDA:34,0,0,0
BRDA:34,0,1,1
BRDA:34,1,2,0
BRDA:34,1,3,1
BRDA:38,0,0,1
BRDA:38,0,1,0
BRDA:38,1,2,1
BRDA:38,1,3,0
BRDA:46,0,0,0
BRDA:46,0,1,12
BRDA:46,1,2,0
BRDA:46,1,3,12
BRDA:50,0,0,0
BRDA:50,0,1,12
BRDA:58,0,0,0
BRDA:58,0,1,12
BRDA:58,1,2,4
BRDA:58,1,3,8
BRDA:59,0,0,3
BRDA:59,0,1,1
BRDA:68,0,0,3
BRDA:68,0,1,5
BRF:26
BRH:17
LF:40
LH:36
end_of_record
SF:src/automotive/cpp23/VirtualDestructorCheck.h
FN:44,_ZN5clang4tidy10automotive22VirtualDestructorCheckC2EN4llvm9StringRefEPNS0_16ClangTidyContextE
FN:52,_ZNK5clang4tidy10automotive22VirtualDestructorCheck26isLanguageVersionSupportedERKNS_11LangOptionsE
FN:47,_ZN5clang4tidy10automotive22VirtualDestructorCheckD2Ev
FNDA:117,_ZN5clang4tidy10automotive22VirtualDestructorCheckC2EN4llvm9StringRefEPNS0_16ClangTidyContextE
FNDA:117,_ZNK5clang4tidy10automotive22VirtualDestructorCheck26isLanguageVersionSupportedERKNS_11LangOptionsE
FNDA:117,_ZN5clang4tidy10automotive22VirtualDestructorCheckD2Ev
FNF:3
FNH:3
DA:44,117
DA:47,117
DA:52,117
DA:53,117
DA:54,117
BRF:0
BRH:0
LF:5
LH:5
end_of_record
SF:src/automotive/expression/AvoidAssignmentInExpressionCheck.cpp
FN:18,_ZN5clang4tidy10automotive32AvoidAssignmentInExpressionCheck16registerMatchersEPNS_12ast_matchers11MatchFinderE
FN:26,_ZN5clang4tidy10automotive32AvoidAssignmentInExpressionCheck5checkERKNS_12ast_matchers11MatchFinder11MatchResultE
FNDA:117,_ZN5clang4tidy10automotive32AvoidAssignmentInExpressionCheck16registerMatchersEPNS_12ast_matchers11MatchFinderE
FNDA:24,_ZN5clang4tidy10automotive32AvoidAssignmentInExpressionCheck5checkERKNS_12ast_matchers11MatchFinder11MatchResultE
FNF:2
FNH:2
DA:18,117
DA:19,117
DA:20,117
DA:21,117
DA:22,117
DA:23,117
DA:26,24
DA:27,24
DA:29,24
DA:30,24
DA:31,24
DA:32,24
DA:33,24
DA:34,24
BRDA:29,0,0,24
BRDA:29,0,1,0
BRF:2
BRH:1
LF:14
LH:14
end_of_record
SF:src/automotive/expression/AvoidAssignmentInExpressionCheck.h
FN:37,_ZN5clang4tidy10automotive32AvoidAssignmentInExpressionCheckC2EN4llvm9StringRefEPNS0_16ClangTidyContextE
FN:40,_ZN5clang4tidy10automotive32AvoidAssignmentInExpressionCheckD2Ev
FNDA:117,_ZN5clang4tidy10automotive32AvoidAssignmentInExpressionCheckC2EN4llvm9StringRefEPNS0_16ClangTidyContextE
FNDA:117,_ZN5clang4tidy10automotive32AvoidAssignmentInExpressionCheckD2Ev
FNF:2
FNH:2
DA:37,117
DA:40,117
BRF:0
BRH:0
LF:2
LH:2
end_of_record
SF:src/automotive/expression/AvoidCharacterArithmeticCheck.cpp
FN:17,_ZN5clang4tidy10automotive29AvoidCharacterArithmeticCheck16registerMatchersEPNS_12ast_matchers11MatchFinderE
FN:25,_ZN5clang4tidy10automotive29AvoidCharacterArithmeticCheck5checkERKNS_12ast_matchers11MatchFinder11MatchResultE
FN:47,_ZNK5clang4tidy10automotive29AvoidCharacterArithmeticCheck15isCharacterTypeENS_8QualTypeE
FNDA:117,_ZN5clang4tidy10automotive29AvoidCharacterArithmeticCheck16registerMatchersEPNS_12ast_matchers11MatchFinderE
FNDA:247,_ZN5clang4tidy10automotive29AvoidCharacterArithmeticCheck5checkERKNS_12ast_matchers11MatchFinder11MatchResultE
FNDA:478,_ZNK5clang4tidy10automotive29AvoidCharacterArithmeticCheck15isCharacterTypeENS_8QualTypeE
FNF:3
FNH:3
DA:17,117
DA:19,117
DA:20,117
DA:21,117
DA:22,117
DA:25,247
DA:26,247
DA:27,247
DA:28,0
DA:30,247
DA:31,8
DA:33,239
DA:34,239
DA:36,239
DA:37,239
DA:40,239
DA:41,16
DA:42,16
DA:43,16
DA:44,16
DA:45,239
DA:47,478
DA:48,478
DA:49,478
DA:50,478
BRDA:27,0,0,0
BRDA:27,0,1,247
BRDA:30,0,0,8
BRDA:30,0,1,239
BRDA:40,0,0,20
BRDA:40,0,1,219
BRDA:40,1,2,16
BRDA:40,1,3,4
BRF:8
BRH:7
LF:25
LH:24
end_of_record
SF:src/automotive/expression/AvoidCharacterArithmeticCheck.h
FN:37,_ZN5clang4tidy10automotive29AvoidCharacterArithmeticCheckC2EN4llvm9StringRefEPNS0_16ClangTidyContextE
FN:40,_ZN5clang4tidy10automotive29AvoidCharacterArithmeticCheckD2Ev
FNDA:117,_ZN5clang4tidy10automotive29AvoidCharacterArithmeticCheckC2EN4llvm9StringRefEPNS0_16ClangTidyContextE
FNDA:117,_ZN5clang4tidy10automotive29AvoidCharacterArithmeticCheckD2Ev
FNF:2
FNH:2
DA:37,117
DA:40,117
BRF:0
BRH:0
LF:2
LH:2
end_of_record
SF:src/automotive/expression/AvoidCompositeExpressionMismatchCheck.cpp
FN:18,_ZN5clang4tidy10automotive37AvoidCompositeExpressionMismatchCheck16registerMatchersEPNS_12ast_matchers11MatchFinderE
FN:46,_ZN5clang4tidy10automotive37AvoidCompositeExpressionMismatchCheck5checkERKNS_12ast_matchers11MatchFinder11MatchResultE
FN:93,_ZNK5clang4tidy10automotive37AvoidCompositeExpressionMismatchCheck12getTypeWidthENS_8QualTypeERKNS_10ASTContextE
FN:101,_ZNK5clang4tidy10automotive37AvoidCompositeExpressionMismatchCheck21isCompositeExpressionEPKNS_4ExprE
FNDA:117,_ZN5clang4tidy10automotive37AvoidCompositeExpressionMismatchCheck16registerMatchersEPNS_12ast_matchers11MatchFinderE
FNDA:149,_ZN5clang4tidy10automotive37AvoidCompositeExpressionMismatchCheck5checkERKNS_12ast_matchers11MatchFinder11MatchResultE
FNDA:298,_ZNK5clang4tidy10automotive37AvoidCompositeExpressionMismatchCheck12getTypeWidthENS_8QualTypeERKNS_10ASTContextE
FNDA:0,_ZNK5clang4tidy10automotive37AvoidCompositeExpressionMismatchCheck21isCompositeExpressionEPKNS_4ExprE
FNF:4
FNH:3
DA:18,117
DA:21,117
DA:22,117
DA:23,117
DA:24,117
DA:25,117
DA:26,117
DA:27,117
DA:28,117
DA:29,117
DA:30,117
DA:34,117
DA:35,117
DA:36,117
DA:37,117
DA:38,117
DA:39,117
DA:40,117
DA:41,117
DA:42,117
DA:43,117
DA:46,149
DA:48,149
DA:49,141
DA:50,0
DA:52,141
DA:53,141
DA:54,0
DA:56,141
DA:57,141
DA:58,141
DA:60,141
DA:61,7
DA:62,7
DA:63,7
DA:64,7
DA:65,141
DA:66,141
DA:69,8
DA:70,8
DA:71,0
DA:73,8
DA:74,8
DA:75,8
DA:76,0
DA:78,8
DA:79,8
DA:81,8
DA:82,8
DA:84,8
DA:85,3
DA:86,3
DA:87,3
DA:88,3
DA:89,8
DA:90,8
DA:93,298
DA:94,298
DA:95,298
DA:96,287
DA:97,11
DA:98,298
DA:101,0
DA:102,0
DA:103,0
DA:104,0
DA:105,0
DA:106,0
BRDA:48,0,0,141
BRDA:48,0,1,8
BRDA:49,0,0,0
BRDA:49,0,1,141
BRDA:53,0,0,0
BRDA:53,0,1,141
BRDA:60,0,0,7
BRDA:60,0,1,134
BRDA:69,0,0,8
BRDA:69,0,1,0
BRDA:70,0,0,0
BRDA:70,0,1,8
BRDA:75,0,0,0
BRDA:75,0,1,8
BRDA:84,0,0,3
BRDA:84,0,1,5
BRDA:95,0,0,287
BRDA:95,0,1,11
BRDA:95,1,2,0
BRDA:95,1,3,11
BRDA:102,0,0,-
BRDA:102,0,1,-
BRDA:103,0,0,-
BRDA:103,0,1,-
BRDA:103,1,2,-
BRDA:103,1,3,-
BRDA:104,0,0,-
BRDA:104,0,1,-
BRDA:104,1,2,-
BRDA:104,1,3,-
BRF:30
BRH:14
LF:68
LH:58
end_of_record
SF:src/automotive/expression/AvoidCompositeExpressionMismatchCheck.h
FN:38,_ZN5clang4tidy10automotive37AvoidCompositeExpressionMismatchCheckC2EN4llvm9StringRefEPNS0_16ClangTidyContextE
FN:41,_ZN5clang4tidy10automotive37AvoidCompositeExpressionMismatchCheckD2Ev
FNDA:117,_ZN5clang4tidy10automotive37AvoidCompositeExpressionMismatchCheckC2EN4llvm9StringRefEPNS0_16ClangTidyContextE
FNDA:117,_ZN5clang4tidy10automotive37AvoidCompositeExpressionMismatchCheckD2Ev
FNF:2
FNH:2
DA:38,117
DA:41,117
BRF:0
BRH:0
LF:2
LH:2
end_of_record
SF:src/automotive/expression/AvoidConstantWrapAroundCheck.cpp
FN:146,_ZN5clang4tidy10automotive28AvoidConstantWrapAroundCheck16registerMatchersEPNS_12ast_matchers11MatchFinderE
FN:154,_ZN5clang4tidy10automotive28AvoidConstantWrapAroundCheck5checkERKNS_12ast_matchers11MatchFinder11MatchResultE
FN:88,AvoidConstantWrapAroundCheck.cpp:_ZN5clang4tidy10automotive12_GLOBAL__N_117WrapAroundCheckerC2ERNS_10ASTContextE
FN:90,AvoidConstantWrapAroundCheck.cpp:_ZNK5clang4tidy10automotive12_GLOBAL__N_117WrapAroundChecker15foundWrapAroundEv
FN:91,AvoidConstantWrapAroundCheck.cpp:_ZNK5clang4tidy10automotive12_GLOBAL__N_117WrapAroundChecker16getWrapAroundLocEv
FN:120,AvoidConstantWrapAroundCheck.cpp:_ZN5clang4tidy10automotive12_GLOBAL__N_117WrapAroundChecker18VisitUnaryOperatorEPNS_13UnaryOperatorE
FN:93,AvoidConstantWrapAroundCheck.cpp:_ZN5clang4tidy10automotive12_GLOBAL__N_117WrapAroundChecker19VisitBinaryOperatorEPNS_14BinaryOperatorE
FN:41,AvoidConstantWrapAroundCheck.cpp:_ZN5clang4tidy10automotive12_GLOBAL__N_126checkSubtractionWrapAroundEPNS_14BinaryOperatorERNS_10ASTContextE
FN:25,AvoidConstantWrapAroundCheck.cpp:_ZN5clang4tidy10automotive12_GLOBAL__N_122evaluateBinaryOperandsEPNS_14BinaryOperatorERNS_10ASTContextERN4llvm6APSIntES9_
FN:51,AvoidConstantWrapAroundCheck.cpp:_ZN5clang4tidy10automotive12_GLOBAL__N_123checkAdditionWrapAroundEPNS_14BinaryOperatorERNS_10ASTContextE
FN:66,AvoidConstantWrapAroundCheck.cpp:_ZN5clang4tidy10automotive12_GLOBAL__N_129checkMultiplicationWrapAroundEPNS_14BinaryOperatorERNS_10ASTContextE
FNDA:117,_ZN5clang4tidy10automotive28AvoidConstantWrapAroundCheck16registerMatchersEPNS_12ast_matchers11MatchFinderE
FNDA:887,_ZN5clang4tidy10automotive28AvoidConstantWrapAroundCheck5checkERKNS_12ast_matchers11MatchFinder11MatchResultE
FNDA:15,AvoidConstantWrapAroundCheck.cpp:_ZN5clang4tidy10automotive12_GLOBAL__N_117WrapAroundCheckerC2ERNS_10ASTContextE
FNDA:15,AvoidConstantWrapAroundCheck.cpp:_ZNK5clang4tidy10automotive12_GLOBAL__N_117WrapAroundChecker15foundWrapAroundEv
FNDA:6,AvoidConstantWrapAroundCheck.cpp:_ZNK5clang4tidy10automotive12_GLOBAL__N_117WrapAroundChecker16getWrapAroundLocEv
FNDA:3,AvoidConstantWrapAroundCheck.cpp:_ZN5clang4tidy10automotive12_GLOBAL__N_117WrapAroundChecker18VisitUnaryOperatorEPNS_13UnaryOperatorE
FNDA:12,AvoidConstantWrapAroundCheck.cpp:_ZN5clang4tidy10automotive12_GLOBAL__N_117WrapAroundChecker19VisitBinaryOperatorEPNS_14BinaryOperatorE
FNDA:4,AvoidConstantWrapAroundCheck.cpp:_ZN5clang4tidy10automotive12_GLOBAL__N_126checkSubtractionWrapAroundEPNS_14BinaryOperatorERNS_10ASTContextE
FNDA:12,AvoidConstantWrapAroundCheck.cpp:_ZN5clang4tidy10automotive12_GLOBAL__N_122evaluateBinaryOperandsEPNS_14BinaryOperatorERNS_10ASTContextERN4llvm6APSIntES9_
FNDA:5,AvoidConstantWrapAroundCheck.cpp:_ZN5clang4tidy10automotive12_GLOBAL__N_123checkAdditionWrapAroundEPNS_14BinaryOperatorERNS_10ASTContextE
FNDA:3,AvoidConstantWrapAroundCheck.cpp:_ZN5clang4tidy10automotive12_GLOBAL__N_129checkMultiplicationWrapAroundEPNS_14BinaryOperatorERNS_10ASTContextE
FNF:11
FNH:11
DA:25,12
DA:26,12
DA:27,12
DA:28,12
DA:29,12
DA:30,0
DA:32,12
DA:33,0
DA:35,12
DA:36,12
DA:37,12
DA:38,12
DA:41,4
DA:42,4
DA:43,4
DA:44,4
DA:45,0
DA:47,4
DA:48,4
DA:51,5
DA:52,5
DA:53,5
DA:54,0
DA:56,5
DA:57,5
DA:58,5
DA:59,0
DA:61,5
DA:62,5
DA:63,5
DA:66,3
DA:67,3
DA:68,3
DA:69,0
DA:71,3
DA:72,3
DA:73,3
DA:74,0
DA:76,3
DA:77,0
DA:79,3
DA:80,3
DA:81,3
DA:82,3
DA:83,3
DA:88,15
DA:90,15
DA:91,6
DA:93,12
DA:94,12
DA:95,0
DA:97,12
DA:98,12
DA:99,4
DA:100,4
DA:101,4
DA:102,5
DA:103,5
DA:104,5
DA:105,3
DA:106,3
DA:107,3
DA:108,0
DA:109,0
DA:110,12
DA:112,12
DA:113,4
DA:114,4
DA:115,4
DA:116,4
DA:117,8
DA:118,12
DA:120,3
DA:121,3
DA:122,0
DA:123,3
DA:124,0
DA:126,3
DA:127,3
DA:128,0
DA:130,3
DA:131,2
DA:132,2
DA:133,2
DA:134,2
DA:135,1
DA:136,3
DA:146,117
DA:148,117
DA:149,117
DA:150,117
DA:151,117
DA:154,887
DA:155,887
DA:156,887
DA:158,887
DA:159,0
DA:162,887
DA:163,0
DA:166,887
DA:167,821
DA:170,66
DA:171,66
DA:172,51
DA:175,15
DA:176,15
DA:177,0
DA:180,15
DA:181,15
DA:182,15
DA:185,15
DA:186,6
DA:187,6
DA:188,6
DA:189,6
DA:190,15
BRDA:28,0,0,0
BRDA:28,0,1,12
BRDA:29,0,0,0
BRDA:29,0,1,12
BRDA:32,0,0,0
BRDA:32,0,1,12
BRDA:32,1,2,0
BRDA:32,1,3,12
BRDA:44,0,0,0
BRDA:44,0,1,4
BRDA:53,0,0,0
BRDA:53,0,1,5
BRDA:53,1,2,0
BRDA:53,1,3,5
BRDA:58,0,0,0
BRDA:58,0,1,5
BRDA:62,0,0,2
BRDA:62,0,1,3
BRDA:62,1,2,0
BRDA:62,1,3,3
BRDA:68,0,0,0
BRDA:68,0,1,3
BRDA:68,1,2,0
BRDA:68,1,3,3
BRDA:73,0,0,0
BRDA:73,0,1,3
BRDA:76,0,0,0
BRDA:76,0,1,3
BRDA:76,1,2,0
BRDA:76,1,3,3
BRDA:94,0,0,0
BRDA:94,0,1,12
BRDA:99,0,0,4
BRDA:99,0,1,8
BRDA:102,0,0,5
BRDA:102,0,1,7
BRDA:105,0,0,3
BRDA:105,0,1,9
BRDA:108,0,0,0
BRDA:108,0,1,12
BRDA:112,0,0,4
BRDA:112,0,1,8
BRDA:121,0,0,0
BRDA:121,0,1,3
BRDA:123,0,0,0
BRDA:123,0,1,3
BRDA:127,0,0,0
BRDA:127,0,1,3
BRDA:130,0,0,3
BRDA:130,0,1,0
BRDA:130,1,2,2
BRDA:130,1,3,1
BRDA:158,0,0,0
BRDA:158,0,1,887
BRDA:158,1,2,0
BRDA:158,1,3,887
BRDA:162,0,0,0
BRDA:162,0,1,887
BRDA:166,0,0,821
BRDA:166,0,1,66
BRDA:166,1,2,863
BRDA:166,1,3,24
BRDA:166,2,4,821
BRDA:166,2,5,42
BRDA:171,0,0,51
BRDA:171,0,1,15
BRDA:176,0,0,0
BRDA:176,0,1,15
BRDA:185,0,0,6
BRDA:185,0,1,9
BRF:70
BRH:46
LF:116
LH:99
end_of_record
SF:src/automotive/expression/AvoidConstantWrapAroundCheck.h
FN:39,_ZN5clang4tidy10automotive28AvoidConstantWrapAroundCheckC2EN4llvm9StringRefEPNS0_16ClangTidyContextE
FN:42,_ZN5clang4tidy10automotive28AvoidConstantWrapAroundCheckD2Ev
FNDA:117,_ZN5clang4tidy10automotive28AvoidConstantWrapAroundCheckC2EN4llvm9StringRefEPNS0_16ClangTidyContextE
FNDA:117,_ZN5clang4tidy10automotive28AvoidConstantWrapAroundCheckD2Ev
FNF:2
FNH:2
DA:39,117
DA:42,117
BRF:0
BRH:0
LF:2
LH:2
end_of_record
SF:src/automotive/expression/AvoidEssentialTypeMismatchCheck.cpp
FN:17,_ZN5clang4tidy10automotive31AvoidEssentialTypeMismatchCheck16registerMatchersEPNS_12ast_matchers11MatchFinderE
FN:28,_ZN5clang4tidy10automotive31AvoidEssentialTypeMismatchCheck5checkERKNS_12ast_matchers11MatchFinder11MatchResultE
FN:60,_ZNK5clang4tidy10automotive31AvoidEssentialTypeMismatchCheck16getEssentialTypeENS_8QualTypeE
FN:86,_ZNK5clang4tidy10automotive31AvoidEssentialTypeMismatchCheck20getEssentialTypeNameENS2_13EssentialTypeE
FNDA:117,_ZN5clang4tidy10automotive31AvoidEssentialTypeMismatchCheck16registerMatchersEPNS_12ast_matchers11MatchFinderE
FNDA:542,_ZN5clang4tidy10automotive31AvoidEssentialTypeMismatchCheck5checkERKNS_12ast_matchers11MatchFinder11MatchResultE
FNDA:1048,_ZNK5clang4tidy10automotive31AvoidEssentialTypeMismatchCheck16getEssentialTypeENS_8QualTypeE
FNDA:28,_ZNK5clang4tidy10automotive31AvoidEssentialTypeMismatchCheck20getEssentialTypeNameENS2_13EssentialTypeE
FNF:4
FNH:4
DA:17,117
DA:19,117
DA:20,117
DA:21,117
DA:22,117
DA:23,117
DA:24,117
DA:25,117
DA:28,542
DA:29,542
DA:30,542
DA:31,0
DA:33,542
DA:34,18
DA:36,524
DA:37,524
DA:39,524
DA:40,524
DA:43,524
DA:44,477
DA:45,47
DA:46,15
DA:49,32
DA:50,32
DA:51,32
DA:52,27
DA:53,14
DA:54,14
DA:55,14
DA:56,14
DA:57,32
DA:60,1048
DA:61,1048
DA:63,1048
DA:64,6
DA:66,1042
DA:67,44
DA:69,998
DA:70,2
DA:72,996
DA:73,4
DA:75,992
DA:76,947
DA:77,64
DA:78,883
DA:79,883
DA:80,883
DA:82,45
DA:83,992
DA:86,28
DA:87,28
DA:88,0
DA:89,0
DA:90,0
DA:91,0
DA:92,14
DA:93,14
DA:94,14
DA:95,14
DA:96,0
DA:97,0
DA:98,0
DA:99,0
DA:100,0
DA:101,0
DA:102,28
DA:103,0
DA:104,28
BRDA:30,0,0,0
BRDA:30,0,1,542
BRDA:33,0,0,18
BRDA:33,0,1,524
BRDA:43,0,0,477
BRDA:43,0,1,47
BRDA:45,0,0,14
BRDA:45,0,1,33
BRDA:45,1,2,1
BRDA:45,1,3,32
BRDA:49,0,0,8
BRDA:49,0,1,24
BRDA:50,0,0,5
BRDA:50,0,1,3
BRDA:51,0,0,9
BRDA:51,0,1,18
BRDA:52,0,0,9
BRDA:52,0,1,0
BRDA:63,0,0,6
BRDA:63,0,1,1042
BRDA:66,0,0,44
BRDA:66,0,1,998
BRDA:69,0,0,2
BRDA:69,0,1,996
BRDA:72,0,0,4
BRDA:72,0,1,992
BRDA:75,0,0,947
BRDA:75,0,1,45
BRDA:76,0,0,64
BRDA:76,0,1,883
BRDA:78,0,0,883
BRDA:78,0,1,0
BRDA:87,0,0,28
BRDA:87,0,1,0
BRDA:88,0,0,0
BRDA:88,0,1,28
BRDA:90,0,0,0
BRDA:90,0,1,28
BRDA:92,0,0,14
BRDA:92,0,1,14
BRDA:94,0,0,14
BRDA:94,0,1,14
BRDA:96,0,0,0
BRDA:96,0,1,28
BRDA:98,0,0,0
BRDA:98,0,1,28
BRDA:100,0,0,0
BRDA:100,0,1,28
BRF:48
BRH:39
LF:68
LH:56
end_of_record
SF:src/automotive/expression/AvoidEssentialTypeMismatchCheck.h
FN:36,_ZN5clang4tidy10automotive31AvoidEssentialTypeMismatchCheckC2EN4llvm9StringRefEPNS0_16ClangTidyContextE
FN:39,_ZN5clang4tidy10automotive31AvoidEssentialTypeMismatchCheckD2Ev
FNDA:117,_ZN5clang4tidy10automotive31AvoidEssentialTypeMismatchCheckC2EN4llvm9StringRefEPNS0_16ClangTidyContextE
FNDA:117,_ZN5clang4tidy10automotive31AvoidEssentialTypeMismatchCheckD2Ev
FNF:2
FNH:2
DA:36,117
DA:39,117
BRF:0
BRH:0
LF:2
LH:2
end_of_record
SF:src/automotive/expression/AvoidInappropriateCastCheck.cpp
FN:18,_ZN5clang4tidy10automotive27AvoidInappropriateCastCheck21essentialTypeToStringENS2_13EssentialTypeE
FN:38,_ZN5clang4tidy10automotive27AvoidInappropriateCastCheck16registerMatchersEPNS_12ast_matchers11MatchFinderE
FN:44,_ZN5clang4tidy10automotive27AvoidInappropriateCastCheck5checkERKNS_12ast_matchers11MatchFinder11MatchResultE
FN:66,_ZNK5clang4tidy10automotive27AvoidInappropriateCastCheck16getEssentialTypeENS_8QualTypeE
FN:92,_ZNK5clang4tidy10automotive27AvoidInappropriateCastCheck19isInappropriateCastENS2_13EssentialTypeES3_
FNDA:6,_ZN5clang4tidy10automotive27AvoidInappropriateCastCheck21essentialTypeToStringENS2_13EssentialTypeE
FNDA:117,_ZN5clang4tidy10automotive27AvoidInappropriateCastCheck16registerMatchersEPNS_12ast_matchers11MatchFinderE
FNDA:390,_ZN5clang4tidy10automotive27AvoidInappropriateCastCheck5checkERKNS_12ast_matchers11MatchFinder11MatchResultE
FNDA:780,_ZNK5clang4tidy10automotive27AvoidInappropriateCastCheck16getEssentialTypeENS_8QualTypeE
FNDA:390,_ZNK5clang4tidy10automotive27AvoidInappropriateCastCheck19isInappropriateCastENS2_13EssentialTypeES3_
FNF:5
FNH:5
DA:18,6
DA:19,6
DA:20,2
DA:21,2
DA:22,0
DA:23,0
DA:24,0
DA:25,0
DA:26,3
DA:27,3
DA:28,0
DA:29,0
DA:30,0
DA:31,0
DA:32,1
DA:33,1
DA:34,6
DA:35,0
DA:36,6
DA:38,117
DA:40,117
DA:41,117
DA:44,390
DA:45,390
DA:46,390
DA:47,0
DA:49,390
DA:50,0
DA:52,390
DA:53,390
DA:55,390
DA:56,390
DA:58,390
DA:59,3
DA:60,3
DA:61,3
DA:62,3
DA:63,390
DA:66,780
DA:67,780
DA:69,780
DA:70,0
DA:72,780
DA:73,31
DA:75,749
DA:76,0
DA:78,749
DA:79,14
DA:81,735
DA:82,237
DA:83,37
DA:84,200
DA:85,200
DA:86,200
DA:88,498
DA:89,735
DA:92,390
DA:94,390
DA:95,0
DA:98,390
DA:99,0
DA:102,390
DA:103,390
DA:104,3
DA:107,387
DA:108,0
DA:110,387
DA:111,387
BRDA:19,0,0,6
BRDA:19,0,1,0
BRDA:20,0,0,2
BRDA:20,0,1,4
BRDA:22,0,0,0
BRDA:22,0,1,6
BRDA:24,0,0,0
BRDA:24,0,1,6
BRDA:26,0,0,3
BRDA:26,0,1,3
BRDA:28,0,0,0
BRDA:28,0,1,6
BRDA:30,0,0,0
BRDA:30,0,1,6
BRDA:32,0,0,1
BRDA:32,0,1,5
BRDA:46,0,0,0
BRDA:46,0,1,390
BRDA:49,0,0,0
BRDA:49,0,1,390
BRDA:58,0,0,3
BRDA:58,0,1,387
BRDA:69,0,0,0
BRDA:69,0,1,780
BRDA:72,0,0,31
BRDA:72,0,1,749
BRDA:75,0,0,0
BRDA:75,0,1,749
BRDA:78,0,0,14
BRDA:78,0,1,735
BRDA:81,0,0,237
BRDA:81,0,1,498
BRDA:82,0,0,37
BRDA:82,0,1,200
BRDA:84,0,0,200
BRDA:84,0,1,0
BRDA:94,0,0,0
BRDA:94,0,1,390
BRDA:94,1,2,-
BRDA:94,1,3,-
BRDA:98,0,0,0
BRDA:98,0,1,390
BRDA:98,1,2,-
BRDA:98,1,3,-
BRDA:102,0,0,3
BRDA:102,0,1,387
BRDA:102,1,2,3
BRDA:102,1,3,0
BRDA:103,0,0,3
BRDA:103,0,1,0
BRDA:107,0,0,0
BRDA:107,0,1,387
BRDA:107,1,2,-
BRDA:107,1,3,-
BRF:54
BRH:33
LF:68
LH:52
end_of_record
SF:src/automotive/expression/AvoidInappropriateCastCheck.h
FN:35,_ZN5clang4tidy10automotive27AvoidInappropriateCastCheckC2EN4llvm9StringRefEPNS0_16ClangTidyContextE
FN:38,_ZN5clang4tidy10automotive27AvoidInappropriateCastCheckD2Ev
FNDA:117,_ZN5clang4tidy10automotive27AvoidInappropriateCastCheckC2EN4llvm9StringRefEPNS0_16ClangTidyContextE
FNDA:117,_ZN5clang4tidy10automotive27AvoidInappropriateCastCheckD2Ev
FNF:2
FNH:2
DA:35,117
DA:38,117
BRF:0
BRH:0
LF:2
LH:2
end_of_record
SF:src/automotive/expression/AvoidInappropriateEssentialTypeCheck.cpp
FN:18,_ZN5clang4tidy10automotive36AvoidInappropriateEssentialTypeCheck16registerMatchersEPNS_12ast_matchers11MatchFinderE
FN:37,_ZN5clang4tidy10automotive36AvoidInappropriateEssentialTypeCheck22checkArithmeticOperandEPKNS_4ExprENS2_13EssentialTypeE
FN:47,_ZN5clang4tidy10automotive36AvoidInappropriateEssentialTypeCheck19checkBitwiseOperandEPKNS_4ExprENS2_13EssentialTypeE
FN:57,_ZN5clang4tidy10automotive36AvoidInappropriateEssentialTypeCheck20handleBinaryOperatorEPKNS_14BinaryOperatorERKNS_13SourceManagerE
FN:82,_ZN5clang4tidy10automotive36AvoidInappropriateEssentialTypeCheck19handleUnaryOperatorEPKNS_13UnaryOperatorERKNS_13SourceManagerE
FN:106,_ZN5clang4tidy10automotive36AvoidInappropriateEssentialTypeCheck5checkERKNS_12ast_matchers11MatchFinder11MatchResultE
FN:118,_ZNK5clang4tidy10automotive36AvoidInappropriateEssentialTypeCheck16getEssentialTypeENS_8QualTypeE
FN:144,_ZNK5clang4tidy10automotive36AvoidInappropriateEssentialTypeCheck26isAppropriateForArithmeticENS2_13EssentialTypeE
FN:149,_ZNK5clang4tidy10automotive36AvoidInappropriateEssentialTypeCheck23isAppropriateForBitwiseENS2_13EssentialTypeE
FN:155,_ZNK5clang4tidy10automotive36AvoidInappropriateEssentialTypeCheck20getEssentialTypeNameENS2_13EssentialTypeE
FNDA:117,_ZN5clang4tidy10automotive36AvoidInappropriateEssentialTypeCheck16registerMatchersEPNS_12ast_matchers11MatchFinderE
FNDA:550,_ZN5clang4tidy10automotive36AvoidInappropriateEssentialTypeCheck22checkArithmeticOperandEPKNS_4ExprENS2_13EssentialTypeE
FNDA:115,_ZN5clang4tidy10automotive36AvoidInappropriateEssentialTypeCheck19checkBitwiseOperandEPKNS_4ExprENS2_13EssentialTypeE
FNDA:387,_ZN5clang4tidy10automotive36AvoidInappropriateEssentialTypeCheck20handleBinaryOperatorEPKNS_14BinaryOperatorERKNS_13SourceManagerE
FNDA:33,_ZN5clang4tidy10automotive36AvoidInappropriateEssentialTypeCheck19handleUnaryOperatorEPKNS_13UnaryOperatorERKNS_13SourceManagerE
FNDA:420,_ZN5clang4tidy10automotive36AvoidInappropriateEssentialTypeCheck5checkERKNS_12ast_matchers11MatchFinder11MatchResultE
FNDA:771,_ZNK5clang4tidy10automotive36AvoidInappropriateEssentialTypeCheck16getEssentialTypeENS_8QualTypeE
FNDA:578,_ZNK5clang4tidy10automotive36AvoidInappropriateEssentialTypeCheck26isAppropriateForArithmeticENS2_13EssentialTypeE
FNDA:115,_ZNK5clang4tidy10automotive36AvoidInappropriateEssentialTypeCheck23isAppropriateForBitwiseENS2_13EssentialTypeE
FNDA:76,_ZNK5clang4tidy10automotive36AvoidInappropriateEssentialTypeCheck20getEssentialTypeNameENS2_13EssentialTypeE
FNF:10
FNH:10
DA:18,117
DA:20,117
DA:21,117
DA:22,117
DA:23,117
DA:24,117
DA:25,117
DA:26,117
DA:29,117
DA:30,117
DA:31,117
DA:32,117
DA:33,117
DA:34,117
DA:37,550
DA:38,550
DA:39,42
DA:40,42
DA:41,42
DA:42,42
DA:43,42
DA:44,550
DA:47,115
DA:48,115
DA:49,28
DA:50,28
DA:51,28
DA:52,28
DA:53,28
DA:54,115
DA:57,387
DA:58,387
DA:59,18
DA:61,369
DA:62,369
DA:64,369
DA:65,369
DA:67,369
DA:68,369
DA:70,369
DA:71,275
DA:72,275
DA:73,275
DA:75,369
DA:76,55
DA:77,55
DA:78,55
DA:79,369
DA:82,33
DA:83,33
DA:84,0
DA:86,33
DA:87,33
DA:89,33
DA:90,5
DA:91,5
DA:92,5
DA:94,28
DA:95,28
DA:96,6
DA:97,6
DA:98,6
DA:99,6
DA:100,6
DA:101,6
DA:102,28
DA:103,28
DA:106,420
DA:107,420
DA:108,387
DA:109,387
DA:110,387
DA:112,33
DA:113,33
DA:114,33
DA:115,33
DA:118,771
DA:119,771
DA:121,771
DA:122,19
DA:124,752
DA:125,64
DA:127,688
DA:128,2
DA:130,686
DA:131,4
DA:133,682
DA:134,665
DA:135,85
DA:136,580
DA:137,580
DA:138,580
DA:140,17
DA:141,682
DA:144,578
DA:145,578
DA:146,578
DA:149,115
DA:150,115
DA:151,115
DA:152,115
DA:155,76
DA:156,76
DA:157,16
DA:158,16
DA:159,60
DA:160,60
DA:161,0
DA:162,0
DA:163,0
DA:164,0
DA:165,0
DA:166,0
DA:167,0
DA:168,0
DA:169,0
DA:170,0
DA:171,76
DA:172,0
DA:173,76
BRDA:38,0,0,42
BRDA:38,0,1,508
BRDA:48,0,0,28
BRDA:48,0,1,87
BRDA:58,0,0,18
BRDA:58,0,1,369
BRDA:67,0,0,218
BRDA:67,0,1,151
BRDA:67,1,2,57
BRDA:67,1,3,94
BRDA:68,0,0,24
BRDA:68,0,1,345
BRDA:68,1,2,31
BRDA:68,1,3,314
BRDA:70,0,0,275
BRDA:70,0,1,94
BRDA:75,0,0,55
BRDA:75,0,1,314
BRDA:83,0,0,0
BRDA:83,0,1,33
BRDA:89,0,0,5
BRDA:89,0,1,28
BRDA:94,0,0,3
BRDA:94,0,1,25
BRDA:94,1,2,25
BRDA:94,1,3,0
BRDA:95,0,0,6
BRDA:95,0,1,22
BRDA:100,0,0,3
BRDA:100,0,1,3
BRDA:107,0,0,387
BRDA:107,0,1,33
BRDA:112,0,0,33
BRDA:112,0,1,0
BRDA:121,0,0,19
BRDA:121,0,1,752
BRDA:124,0,0,64
BRDA:124,0,1,688
BRDA:127,0,0,2
BRDA:127,0,1,686
BRDA:130,0,0,4
BRDA:130,0,1,682
BRDA:133,0,0,665
BRDA:133,0,1,17
BRDA:134,0,0,85
BRDA:134,0,1,580
BRDA:136,0,0,580
BRDA:136,0,1,0
BRDA:145,0,0,570
BRDA:145,0,1,8
BRDA:145,1,2,530
BRDA:145,1,3,40
BRDA:150,0,0,107
BRDA:150,0,1,8
BRDA:150,1,2,87
BRDA:150,1,3,20
BRDA:151,0,0,87
BRDA:151,0,1,0
BRDA:156,0,0,76
BRDA:156,0,1,0
BRDA:157,0,0,16
BRDA:157,0,1,60
BRDA:159,0,0,60
BRDA:159,0,1,16
BRDA:161,0,0,0
BRDA:161,0,1,76
BRDA:163,0,0,0
BRDA:163,0,1,76
BRDA:165,0,0,0
BRDA:165,0,1,76
BRDA:167,0,0,0
BRDA:167,0,1,76
BRDA:169,0,0,0
BRDA:169,0,1,76
BRF:74
BRH:63
LF:120
LH:108
end_of_record
SF:src/automotive/expression/AvoidInappropriateEssentialTypeCheck.h
FN:46,_ZN5clang4tidy10automotive36AvoidInappropriateEssentialTypeCheckC2EN4llvm9StringRefEPNS0_16ClangTidyContextE
FN:49,_ZN5clang4tidy10automotive36AvoidInappropriateEssentialTypeCheckD2Ev
FNDA:117,_ZN5clang4tidy10automotive36AvoidInappropriateEssentialTypeCheckC2EN4llvm9StringRefEPNS0_16ClangTidyContextE
FNDA:117,_ZN5clang4tidy10automotive36AvoidInappropriateEssentialTypeCheckD2Ev
FNF:2
FNH:2
DA:46,117
DA:49,117
BRF:0
BRH:0
LF:2
LH:2
end_of_record
SF:src/automotive/expression/AvoidNarrowingCompoundAssignmentCheck.cpp
FN:41,_ZN5clang4tidy10automotive37AvoidNarrowingCompoundAssignmentCheck16registerMatchersEPNS_12ast_matchers11MatchFinderE
FN:48,_ZN5clang4tidy10automotive37AvoidNarrowingCompoundAssignmentCheck5checkERKNS_12ast_matchers11MatchFinder11MatchResultE
FN:80,_ZNK5clang4tidy10automotive37AvoidNarrowingCompoundAssignmentCheck16getEssentialTypeENS_8QualTypeE
FN:106,_ZNK5clang4tidy10automotive37AvoidNarrowingCompoundAssignmentCheck12getTypeWidthENS_8QualTypeERKNS_10ASTContextE
FN:114,_ZNK5clang4tidy10automotive37AvoidNarrowingCompoundAssignmentCheck11isNarrowingENS_8QualTypeES3_RKNS_10ASTContextE
FN:125,_ZNK5clang4tidy10automotive37AvoidNarrowingCompoundAssignmentCheck19isDifferentCategoryENS2_13EssentialTypeES3_
FN:19,AvoidNarrowingCompoundAssignmentCheck.cpp:_ZN5clang4tidy10automotiveL21essentialTypeToStringENS1_37AvoidNarrowingCompoundAssignmentCheck13EssentialTypeE
FNDA:117,_ZN5clang4tidy10automotive37AvoidNarrowingCompoundAssignmentCheck16registerMatchersEPNS_12ast_matchers11MatchFinderE
FNDA:401,_ZN5clang4tidy10automotive37AvoidNarrowingCompoundAssignmentCheck5checkERKNS_12ast_matchers11MatchFinder11MatchResultE
FNDA:802,_ZNK5clang4tidy10automotive37AvoidNarrowingCompoundAssignmentCheck16getEssentialTypeENS_8QualTypeE
FNDA:774,_ZNK5clang4tidy10automotive37AvoidNarrowingCompoundAssignmentCheck12getTypeWidthENS_8QualTypeERKNS_10ASTContextE
FNDA:387,_ZNK5clang4tidy10automotive37AvoidNarrowingCompoundAssignmentCheck11isNarrowingENS_8QualTypeES3_RKNS_10ASTContextE
FNDA:401,_ZNK5clang4tidy10automotive37AvoidNarrowingCompoundAssignmentCheck19isDifferentCategoryENS2_13EssentialTypeES3_
FNDA:28,AvoidNarrowingCompoundAssignmentCheck.cpp:_ZN5clang4tidy10automotiveL21essentialTypeToStringENS1_37AvoidNarrowingCompoundAssignmentCheck13EssentialTypeE
FNF:7
FNH:7
DA:19,28
DA:20,28
DA:21,28
DA:22,14
DA:23,14
DA:24,14
DA:25,14
DA:26,0
DA:27,0
DA:28,0
DA:29,0
DA:30,0
DA:31,0
DA:32,0
DA:33,0
DA:34,0
DA:35,0
DA:36,28
DA:37,0
DA:38,28
DA:41,117
DA:43,117
DA:44,117
DA:45,117
DA:48,401
DA:49,401
DA:50,401
DA:51,0
DA:53,401
DA:54,0
DA:56,401
DA:57,401
DA:59,401
DA:60,401
DA:63,401
DA:64,14
DA:65,14
DA:66,14
DA:67,14
DA:68,14
DA:69,14
DA:72,387
DA:73,10
DA:74,10
DA:75,10
DA:76,10
DA:77,387
DA:80,802
DA:81,802
DA:83,802
DA:84,11
DA:86,791
DA:87,12
DA:89,779
DA:90,1
DA:92,778
DA:93,2
DA:95,776
DA:96,618
DA:97,22
DA:98,596
DA:99,596
DA:100,596
DA:102,158
DA:103,776
DA:106,774
DA:107,774
DA:108,774
DA:109,616
DA:110,158
DA:111,774
DA:114,387
DA:115,387
DA:116,387
DA:118,387
DA:119,81
DA:121,306
DA:122,387
DA:125,401
DA:126,401
DA:127,369
DA:130,32
DA:131,32
DA:132,14
DA:135,18
DA:136,18
DA:137,0
DA:138,18
DA:139,18
DA:140,0
DA:142,18
DA:143,18
BRDA:21,0,0,28
BRDA:21,0,1,0
BRDA:22,0,0,14
BRDA:22,0,1,14
BRDA:24,0,0,14
BRDA:24,0,1,14
BRDA:26,0,0,0
BRDA:26,0,1,28
BRDA:28,0,0,0
BRDA:28,0,1,28
BRDA:30,0,0,0
BRDA:30,0,1,28
BRDA:32,0,0,0
BRDA:32,0,1,28
BRDA:34,0,0,0
BRDA:34,0,1,28
BRDA:50,0,0,0
BRDA:50,0,1,401
BRDA:53,0,0,0
BRDA:53,0,1,401
BRDA:63,0,0,14
BRDA:63,0,1,387
BRDA:72,0,0,10
BRDA:72,0,1,377
BRDA:83,0,0,11
BRDA:83,0,1,791
BRDA:86,0,0,12
BRDA:86,0,1,779
BRDA:89,0,0,1
BRDA:89,0,1,778
BRDA:92,0,0,2
BRDA:92,0,1,776
BRDA:95,0,0,618
BRDA:95,0,1,158
BRDA:96,0,0,22
BRDA:96,0,1,596
BRDA:98,0,0,596
BRDA:98,0,1,0
BRDA:108,0,0,614
BRDA:108,0,1,160
BRDA:108,1,2,2
BRDA:108,1,3,158
BRDA:118,0,0,77
BRDA:118,0,1,310
BRDA:118,1,2,4
BRDA:118,1,3,306
BRDA:126,0,0,369
BRDA:126,0,1,32
BRDA:130,0,0,29
BRDA:130,0,1,3
BRDA:130,1,2,14
BRDA:130,1,3,15
BRDA:131,0,0,0
BRDA:131,0,1,18
BRDA:131,1,2,-
BRDA:131,1,3,-
BRDA:135,0,0,0
BRDA:135,0,1,18
BRDA:136,0,0,-
BRDA:136,0,1,-
BRDA:138,0,0,0
BRDA:138,0,1,18
BRDA:139,0,0,-
BRDA:139,0,1,-
BRF:64
BRH:46
LF:92
LH:77
end_of_record
SF:src/automotive/expression/AvoidNarrowingCompoundAssignmentCheck.h
FN:50,_ZN5clang4tidy10automotive37AvoidNarrowingCompoundAssignmentCheckC2EN4llvm9StringRefEPNS0_16ClangTidyContextE
FN:53,_ZN5clang4tidy10automotive37AvoidNarrowingCompoundAssignmentCheckD2Ev
FNDA:117,_ZN5clang4tidy10automotive37AvoidNarrowingCompoundAssignmentCheckC2EN4llvm9StringRefEPNS0_16ClangTidyContextE
FNDA:117,_ZN5clang4tidy10automotive37AvoidNarrowingCompoundAssignmentCheckD2Ev
FNF:2
FNH:2
DA:50,117
DA:53,117
BRF:0
BRH:0
LF:2
LH:2
end_of_record
SF:src/automotive/expression/AvoidNonBooleanInConditionCheck.cpp
FN:18,_ZN5clang4tidy10automotive31AvoidNonBooleanInConditionCheck16registerMatchersEPNS_12ast_matchers11MatchFinderE
FN:37,_ZN5clang4tidy10automotive31AvoidNonBooleanInConditionCheck5checkERKNS_12ast_matchers11MatchFinder11MatchResultE
FNDA:117,_ZN5clang4tidy10automotive31AvoidNonBooleanInConditionCheck16registerMatchersEPNS_12ast_matchers11MatchFinderE
FNDA:15,_ZN5clang4tidy10automotive31AvoidNonBooleanInConditionCheck5checkERKNS_12ast_matchers11MatchFinder11MatchResultE
FNF:2
FNH:2
DA:18,117
DA:19,117
DA:20,117
DA:21,117
DA:22,117
DA:23,117
DA:24,117
DA:25,117
DA:26,117
DA:27,117
DA:28,117
DA:29,117
DA:30,117
DA:31,117
DA:32,117
DA:33,117
DA:34,117
DA:37,15
DA:38,15
DA:40,15
DA:41,15
DA:42,15
DA:43,15
DA:44,15
BRDA:40,0,0,15
BRDA:40,0,1,0
BRF:2
BRH:1
LF:24
LH:24
end_of_record
SF:src/automotive/expression/AvoidNonBooleanInConditionCheck.h
FN:39,_ZN5clang4tidy10automotive31AvoidNonBooleanInConditionCheckC2EN4llvm9StringRefEPNS0_16ClangTidyContextE
FN:42,_ZN5clang4tidy10automotive31AvoidNonBooleanInConditionCheckD2Ev
FNDA:117,_ZN5clang4tidy10automotive31AvoidNonBooleanInConditionCheckC2EN4llvm9StringRefEPNS0_16ClangTidyContextE
FNDA:117,_ZN5clang4tidy10automotive31AvoidNonBooleanInConditionCheckD2Ev
FNF:2
FNH:2
DA:39,117
DA:42,117
BRF:0
BRH:0
LF:2
LH:2
end_of_record
SF:src/automotive/expression/AvoidSideEffectInInitializerCheck.cpp
FN:48,_ZN5clang4tidy10automotive33AvoidSideEffectInInitializerCheck16registerMatchersEPNS_12ast_matchers11MatchFinderE
FN:58,_ZN5clang4tidy10automotive33AvoidSideEffectInInitializerCheck5checkERKNS_12ast_matchers11MatchFinder11MatchResultE
FN:94,_ZNK5clang4tidy10automotive33AvoidSideEffectInInitializerCheck13hasSideEffectEPKNS_4ExprE
FN:102,_ZNK5clang4tidy10automotive33AvoidSideEffectInInitializerCheck16countSideEffectsEPKNS_4ExprE
FN:23,AvoidSideEffectInInitializerCheck.cpp:_ZNK5clang4tidy10automotive12_GLOBAL__N_117SideEffectCounter13hasSideEffectEv
FN:22,AvoidSideEffectInInitializerCheck.cpp:_ZNK5clang4tidy10automotive12_GLOBAL__N_117SideEffectCounter8getCountEv
FN:25,AvoidSideEffectInInitializerCheck.cpp:_ZN5clang4tidy10automotive12_GLOBAL__N_117SideEffectCounter18VisitUnaryOperatorEPNS_13UnaryOperatorE
FN:37,AvoidSideEffectInInitializerCheck.cpp:_ZN5clang4tidy10automotive12_GLOBAL__N_117SideEffectCounter13VisitCallExprEPNS_8CallExprE
FN:31,AvoidSideEffectInInitializerCheck.cpp:_ZN5clang4tidy10automotive12_GLOBAL__N_117SideEffectCounter19VisitBinaryOperatorEPNS_14BinaryOperatorE
FNDA:117,_ZN5clang4tidy10automotive33AvoidSideEffectInInitializerCheck16registerMatchersEPNS_12ast_matchers11MatchFinderE
FNDA:791,_ZN5clang4tidy10automotive33AvoidSideEffectInInitializerCheck5checkERKNS_12ast_matchers11MatchFinder11MatchResultE
FNDA:429,_ZNK5clang4tidy10automotive33AvoidSideEffectInInitializerCheck13hasSideEffectEPKNS_4ExprE
FNDA:1220,_ZNK5clang4tidy10automotive33AvoidSideEffectInInitializerCheck16countSideEffectsEPKNS_4ExprE
FNDA:429,AvoidSideEffectInInitializerCheck.cpp:_ZNK5clang4tidy10automotive12_GLOBAL__N_117SideEffectCounter13hasSideEffectEv
FNDA:1220,AvoidSideEffectInInitializerCheck.cpp:_ZNK5clang4tidy10automotive12_GLOBAL__N_117SideEffectCounter8getCountEv
FNDA:18,AvoidSideEffectInInitializerCheck.cpp:_ZN5clang4tidy10automotive12_GLOBAL__N_117SideEffectCounter18VisitUnaryOperatorEPNS_13UnaryOperatorE
FNDA:14,AvoidSideEffectInInitializerCheck.cpp:_ZN5clang4tidy10automotive12_GLOBAL__N_117SideEffectCounter13VisitCallExprEPNS_8CallExprE
FNDA:57,AvoidSideEffectInInitializerCheck.cpp:_ZN5clang4tidy10automotive12_GLOBAL__N_117SideEffectCounter19VisitBinaryOperatorEPNS_14BinaryOperatorE
FNF:9
FNH:9
DA:22,1220
DA:23,429
DA:25,18
DA:26,18
DA:27,8
DA:28,18
DA:29,18
DA:31,57
DA:32,57
DA:33,16
DA:34,57
DA:35,57
DA:37,14
DA:38,14
DA:39,14
DA:40,14
DA:48,117
DA:50,117
DA:53,117
DA:54,117
DA:55,117
DA:58,791
DA:60,791
DA:61,163
DA:62,0
DA:64,429
DA:65,429
DA:66,2
DA:67,2
DA:68,2
DA:69,2
DA:70,2
DA:71,429
DA:72,161
DA:73,163
DA:76,628
DA:77,628
DA:78,18
DA:80,610
DA:81,610
DA:83,610
DA:84,2
DA:85,2
DA:86,2
DA:87,608
DA:88,6
DA:89,6
DA:90,6
DA:91,610
DA:92,628
DA:94,429
DA:95,429
DA:96,429
DA:97,429
DA:98,429
DA:99,429
DA:102,1220
DA:103,1220
DA:104,1220
DA:105,1220
DA:106,1220
DA:107,1220
BRDA:26,0,0,8
BRDA:26,0,1,10
BRDA:32,0,0,16
BRDA:32,0,1,41
BRDA:60,0,0,163
BRDA:60,0,1,628
BRDA:61,0,0,0
BRDA:61,0,1,163
BRDA:64,0,0,429
BRDA:64,0,1,161
BRDA:65,0,0,2
BRDA:65,0,1,427
BRDA:76,0,0,628
BRDA:76,0,1,0
BRDA:77,0,0,18
BRDA:77,0,1,610
BRDA:83,0,0,18
BRDA:83,0,1,592
BRDA:83,1,2,2
BRDA:83,1,3,16
BRDA:87,0,0,2
BRDA:87,0,1,606
BRDA:87,1,2,4
BRDA:87,1,3,602
BRF:24
BRH:22
LF:62
LH:61
end_of_record
SF:src/automotive/expression/AvoidSideEffectInInitializerCheck.h
FN:37,_ZN5clang4tidy10automotive33AvoidSideEffectInInitializerCheckC2EN4llvm9StringRefEPNS0_16ClangTidyContextE
FN:40,_ZN5clang4tidy10automotive33AvoidSideEffectInInitializerCheckD2Ev
FNDA:117,_ZN5clang4tidy10automotive33AvoidSideEffectInInitializerCheckC2EN4llvm9StringRefEPNS0_16ClangTidyContextE
FNDA:117,_ZN5clang4tidy10automotive33AvoidSideEffectInInitializerCheckD2Ev
FNF:2
FNH:2
DA:37,117
DA:40,117
BRF:0
BRH:0
LF:2
LH:2
end_of_record
SF:src/automotive/expression/AvoidSideEffectInLogicalOperandCheck.cpp
FN:71,_ZN5clang4tidy10automotive36AvoidSideEffectInLogicalOperandCheck16registerMatchersEPNS_12ast_matchers11MatchFinderE
FN:78,_ZN5clang4tidy10automotive36AvoidSideEffectInLogicalOperandCheck5checkERKNS_12ast_matchers11MatchFinder11MatchResultE
FN:100,_ZNK5clang4tidy10automotive36AvoidSideEffectInLogicalOperandCheck13hasSideEffectEPKNS_4ExprE
FN:23,AvoidSideEffectInLogicalOperandCheck.cpp:_ZNK5clang4tidy10automotive12_GLOBAL__N_116SideEffectFinder13hasSideEffectEv
FN:25,AvoidSideEffectInLogicalOperandCheck.cpp:_ZN5clang4tidy10automotive12_GLOBAL__N_116SideEffectFinder18VisitUnaryOperatorEPNS_13UnaryOperatorE
FN:55,AvoidSideEffectInLogicalOperandCheck.cpp:_ZN5clang4tidy10automotive12_GLOBAL__N_116SideEffectFinder16VisitDeclRefExprEPNS_11DeclRefExprE
FN:48,AvoidSideEffectInLogicalOperandCheck.cpp:_ZN5clang4tidy10automotive12_GLOBAL__N_116SideEffectFinder13VisitCallExprEPNS_8CallExprE
FN:34,AvoidSideEffectInLogicalOperandCheck.cpp:_ZN5clang4tidy10automotive12_GLOBAL__N_116SideEffectFinder19VisitBinaryOperatorEPNS_14BinaryOperatorE
FN:43,AvoidSideEffectInLogicalOperandCheck.cpp:_ZN5clang4tidy10automotive12_GLOBAL__N_116SideEffectFinder27VisitCompoundAssignOperatorEPNS_22CompoundAssignOperatorE
FNDA:117,_ZN5clang4tidy10automotive36AvoidSideEffectInLogicalOperandCheck16registerMatchersEPNS_12ast_matchers11MatchFinderE
FNDA:27,_ZN5clang4tidy10automotive36AvoidSideEffectInLogicalOperandCheck5checkERKNS_12ast_matchers11MatchFinder11MatchResultE
FNDA:27,_ZNK5clang4tidy10automotive36AvoidSideEffectInLogicalOperandCheck13hasSideEffectEPKNS_4ExprE
FNDA:27,AvoidSideEffectInLogicalOperandCheck.cpp:_ZNK5clang4tidy10automotive12_GLOBAL__N_116SideEffectFinder13hasSideEffectEv
FNDA:2,AvoidSideEffectInLogicalOperandCheck.cpp:_ZN5clang4tidy10automotive12_GLOBAL__N_116SideEffectFinder18VisitUnaryOperatorEPNS_13UnaryOperatorE
FNDA:17,AvoidSideEffectInLogicalOperandCheck.cpp:_ZN5clang4tidy10automotive12_GLOBAL__N_116SideEffectFinder16VisitDeclRefExprEPNS_11DeclRefExprE
FNDA:1,AvoidSideEffectInLogicalOperandCheck.cpp:_ZN5clang4tidy10automotive12_GLOBAL__N_116SideEffectFinder13VisitCallExprEPNS_8CallExprE
FNDA:18,AvoidSideEffectInLogicalOperandCheck.cpp:_ZN5clang4tidy10automotive12_GLOBAL__N_116SideEffectFinder19VisitBinaryOperatorEPNS_14BinaryOperatorE
FNDA:0,AvoidSideEffectInLogicalOperandCheck.cpp:_ZN5clang4tidy10automotive12_GLOBAL__N_116SideEffectFinder27VisitCompoundAssignOperatorEPNS_22CompoundAssignOperatorE
FNF:9
FNH:8
DA:23,27
DA:25,2
DA:27,2
DA:28,2
DA:29,2
DA:30,2
DA:31,0
DA:32,2
DA:34,18
DA:36,18
DA:37,7
DA:38,7
DA:39,7
DA:40,11
DA:41,18
DA:43,0
DA:44,0
DA:45,0
DA:46,0
DA:48,1
DA:51,1
DA:52,1
DA:53,1
DA:55,17
DA:57,17
DA:58,0
DA:59,0
DA:60,0
DA:61,17
DA:62,17
DA:71,117
DA:73,117
DA:74,117
DA:75,117
DA:78,27
DA:79,27
DA:80,27
DA:81,0
DA:84,27
DA:85,0
DA:88,27
DA:89,27
DA:90,0
DA:92,27
DA:93,10
DA:94,10
DA:95,10
DA:96,10
DA:97,10
DA:98,27
DA:100,27
DA:101,27
DA:102,27
DA:103,27
DA:104,27
DA:105,27
BRDA:27,0,0,2
BRDA:27,0,1,0
BRDA:36,0,0,7
BRDA:36,0,1,11
BRDA:57,0,0,0
BRDA:57,0,1,17
BRDA:80,0,0,0
BRDA:80,0,1,27
BRDA:84,0,0,0
BRDA:84,0,1,27
BRDA:89,0,0,0
BRDA:89,0,1,27
BRDA:92,0,0,10
BRDA:92,0,1,17
BRF:14
BRH:9
LF:56
LH:45
end_of_record
SF:src/automotive/expression/AvoidSideEffectInLogicalOperandCheck.h
FN:40,_ZN5clang4tidy10automotive36AvoidSideEffectInLogicalOperandCheckC2EN4llvm9StringRefEPNS0_16ClangTidyContextE
FN:43,_ZN5clang4tidy10automotive36AvoidSideEffectInLogicalOperandCheckD2Ev
FNDA:117,_ZN5clang4tidy10automotive36AvoidSideEffectInLogicalOperandCheckC2EN4llvm9StringRefEPNS0_16ClangTidyContextE
FNDA:117,_ZN5clang4tidy10automotive36AvoidSideEffectInLogicalOperandCheckD2Ev
FNF:2
FNH:2
DA:40,117
DA:43,117
BRF:0
BRH:0
LF:2
LH:2
end_of_record
SF:src/automotive/expression/AvoidSideEffectInSizeofCheck.cpp
FN:86,_ZN5clang4tidy10automotive28AvoidSideEffectInSizeofCheck16registerMatchersEPNS_12ast_matchers11MatchFinderE
FN:95,_ZN5clang4tidy10automotive28AvoidSideEffectInSizeofCheck5checkERKNS_12ast_matchers11MatchFinder11MatchResultE
FN:23,AvoidSideEffectInSizeofCheck.cpp:_ZNK5clang4tidy10automotive12_GLOBAL__N_116SideEffectFinder13hasSideEffectEv
FN:25,AvoidSideEffectInSizeofCheck.cpp:_ZNK5clang4tidy10automotive12_GLOBAL__N_116SideEffectFinder17getSideEffectKindEv
FN:27,AvoidSideEffectInSizeofCheck.cpp:_ZN5clang4tidy10automotive12_GLOBAL__N_116SideEffectFinder18VisitUnaryOperatorEPNS_13UnaryOperatorE
FN:56,AvoidSideEffectInSizeofCheck.cpp:_ZN5clang4tidy10automotive12_GLOBAL__N_116SideEffectFinder13VisitCallExprEPNS_8CallExprE
FN:64,AvoidSideEffectInSizeofCheck.cpp:_ZN5clang4tidy10automotive12_GLOBAL__N_116SideEffectFinder15VisitCXXNewExprEPNS_10CXXNewExprE
FN:71,AvoidSideEffectInSizeofCheck.cpp:_ZN5clang4tidy10automotive12_GLOBAL__N_116SideEffectFinder18VisitCXXDeleteExprEPNS_13CXXDeleteExprE
FN:38,AvoidSideEffectInSizeofCheck.cpp:_ZN5clang4tidy10automotive12_GLOBAL__N_116SideEffectFinder19VisitBinaryOperatorEPNS_14BinaryOperatorE
FN:49,AvoidSideEffectInSizeofCheck.cpp:_ZN5clang4tidy10automotive12_GLOBAL__N_116SideEffectFinder27VisitCompoundAssignOperatorEPNS_22CompoundAssignOperatorE
FN:24,AvoidSideEffectInSizeofCheck.cpp:_ZNK5clang4tidy10automotive12_GLOBAL__N_116SideEffectFinder16getSideEffectLocEv
FNDA:117,_ZN5clang4tidy10automotive28AvoidSideEffectInSizeofCheck16registerMatchersEPNS_12ast_matchers11MatchFinderE
FNDA:98,_ZN5clang4tidy10automotive28AvoidSideEffectInSizeofCheck5checkERKNS_12ast_matchers11MatchFinder11MatchResultE
FNDA:66,AvoidSideEffectInSizeofCheck.cpp:_ZNK5clang4tidy10automotive12_GLOBAL__N_116SideEffectFinder13hasSideEffectEv
FNDA:20,AvoidSideEffectInSizeofCheck.cpp:_ZNK5clang4tidy10automotive12_GLOBAL__N_116SideEffectFinder17getSideEffectKindEv
FNDA:13,AvoidSideEffectInSizeofCheck.cpp:_ZN5clang4tidy10automotive12_GLOBAL__N_116SideEffectFinder18VisitUnaryOperatorEPNS_13UnaryOperatorE
FNDA:2,AvoidSideEffectInSizeofCheck.cpp:_ZN5clang4tidy10automotive12_GLOBAL__N_116SideEffectFinder13VisitCallExprEPNS_8CallExprE
FNDA:0,AvoidSideEffectInSizeofCheck.cpp:_ZN5clang4tidy10automotive12_GLOBAL__N_116SideEffectFinder15VisitCXXNewExprEPNS_10CXXNewExprE
FNDA:0,AvoidSideEffectInSizeofCheck.cpp:_ZN5clang4tidy10automotive12_GLOBAL__N_116SideEffectFinder18VisitCXXDeleteExprEPNS_13CXXDeleteExprE
FNDA:31,AvoidSideEffectInSizeofCheck.cpp:_ZN5clang4tidy10automotive12_GLOBAL__N_116SideEffectFinder19VisitBinaryOperatorEPNS_14BinaryOperatorE
FNDA:0,AvoidSideEffectInSizeofCheck.cpp:_ZN5clang4tidy10automotive12_GLOBAL__N_116SideEffectFinder27VisitCompoundAssignOperatorEPNS_22CompoundAssignOperatorE
FNDA:0,AvoidSideEffectInSizeofCheck.cpp:_ZNK5clang4tidy10automotive12_GLOBAL__N_116SideEffectFinder16getSideEffectLocEv
FNF:11
FNH:7
DA:23,66
DA:24,0
DA:25,20
DA:27,13
DA:29,13
DA:30,8
DA:31,8
DA:32,8
DA:33,8
DA:34,8
DA:35,5
DA:36,13
DA:38,31
DA:40,31
DA:41,10
DA:42,10
DA:43,10
DA:44,10
DA:45,10
DA:46,21
DA:47,31
DA:49,0
DA:50,0
DA:51,0
DA:52,0
DA:53,0
DA:54,0
DA:56,2
DA:58,2
DA:59,2
DA:60,2
DA:61,2
DA:62,2
DA:64,0
DA:65,0
DA:66,0
DA:67,0
DA:68,0
DA:69,0
DA:71,0
DA:72,0
DA:73,0
DA:74,0
DA:75,0
DA:76,0
DA:86,117
DA:88,117
DA:89,117
DA:90,117
DA:91,117
DA:92,117
DA:95,98
DA:96,98
DA:97,98
DA:98,98
DA:99,0
DA:102,98
DA:103,13
DA:106,85
DA:107,19
DA:109,66
DA:110,66
DA:111,0
DA:114,66
DA:115,66
DA:116,66
DA:119,66
DA:120,20
DA:121,20
DA:122,20
DA:123,20
DA:124,20
DA:125,66
BRDA:29,0,0,8
BRDA:29,0,1,5
BRDA:32,0,0,6
BRDA:32,0,1,2
BRDA:40,0,0,10
BRDA:40,0,1,21
BRDA:98,0,0,0
BRDA:98,0,1,98
BRDA:102,0,0,13
BRDA:102,0,1,85
BRDA:106,0,0,19
BRDA:106,0,1,66
BRDA:110,0,0,0
BRDA:110,0,1,66
BRDA:119,0,0,20
BRDA:119,0,1,46
BRF:16
BRH:14
LF:73
LH:52
end_of_record
SF:src/automotive/expression/AvoidSideEffectInSizeofCheck.h
FN:40,_ZN5clang4tidy10automotive28AvoidSideEffectInSizeofCheckC2EN4llvm9StringRefEPNS0_16ClangTidyContextE
FN:43,_ZN5clang4tidy10automotive28AvoidSideEffectInSizeofCheckD2Ev
FNDA:117,_ZN5clang4tidy10automotive28AvoidSideEffectInSizeofCheckC2EN4llvm9StringRefEPNS0_16ClangTidyContextE
FNDA:117,_ZN5clang4tidy10automotive28AvoidSideEffectInSizeofCheckD2Ev
FNF:2
FNH:2
DA:40,117
DA:43,117
BRF:0
BRH:0
LF:2
LH:2
end_of_record
SF:src/automotive/expression/ExpressionComponent.cpp
FN:27,_ZN5clang4tidy10automotive19ExpressionComponent17addCheckFactoriesERNS0_23ClangTidyCheckFactoriesE
FNDA:234,_ZN5clang4tidy10automotive19ExpressionComponent17addCheckFactoriesERNS0_23ClangTidyCheckFactoriesE
FNF:1
FNH:1
DA:27,234
DA:30,234
DA:31,234
DA:34,234
DA:35,234
DA:38,234
DA:39,234
DA:42,234
DA:43,234
DA:46,234
DA:47,234
DA:50,234
DA:51,234
DA:54,234
DA:55,234
DA:58,234
DA:59,234
DA:62,234
DA:63,234
DA:66,234
DA:67,234
DA:70,234
DA:71,234
DA:74,234
DA:75,234
DA:78,234
DA:79,234
DA:80,234
BRF:0
BRH:0
LF:28
LH:28
end_of_record
SF:src/automotive/expression/InvariantControlCheck.cpp
FN:16,_ZN5clang4tidy10automotive21InvariantControlCheck16registerMatchersEPNS_12ast_matchers11MatchFinderE
FN:40,_ZN5clang4tidy10automotive21InvariantControlCheck5checkERKNS_12ast_matchers11MatchFinder11MatchResultE
FNDA:117,_ZN5clang4tidy10automotive21InvariantControlCheck16registerMatchersEPNS_12ast_matchers11MatchFinderE
FNDA:339,_ZN5clang4tidy10automotive21InvariantControlCheck5checkERKNS_12ast_matchers11MatchFinder11MatchResultE
FNF:2
FNH:2
DA:16,117
DA:17,117
DA:18,117
DA:20,117
DA:21,117
DA:22,117
DA:24,117
DA:25,117
DA:27,117
DA:28,117
DA:30,117
DA:31,117
DA:32,117
DA:34,117
DA:35,117
DA:36,117
DA:37,117
DA:38,117
DA:40,339
DA:41,339
DA:42,339
DA:44,339
DA:45,0
DA:47,339
DA:48,2
DA:49,2
DA:50,2
DA:51,2
DA:52,0
DA:53,0
DA:54,0
DA:55,2
[...]
DA:27,117
DA:29,3258
DA:30,3258
DA:31,3258
DA:32,0
DA:34,3258
DA:35,3258
DA:37,3258
DA:38,3258
DA:43,3258
DA:45,3258
DA:46,3258
DA:47,3258
DA:48,3258
DA:50,3258
BRDA:31,0,0,0
BRDA:31,0,1,3258
BRF:2
BRH:1
LF:18
LH:17
end_of_record
SF:src/automotive/type/ImplicitIntCheck.h
FN:36,_ZN5clang4tidy10automotive16ImplicitIntCheckC2EN4llvm9StringRefEPNS0_16ClangTidyContextE
FN:39,_ZN5clang4tidy10automotive16ImplicitIntCheckD2Ev
FNDA:117,_ZN5clang4tidy10automotive16ImplicitIntCheckC2EN4llvm9StringRefEPNS0_16ClangTidyContextE
FNDA:117,_ZN5clang4tidy10automotive16ImplicitIntCheckD2Ev
FNF:2
FNH:2
DA:36,117
DA:39,117
BRF:0
BRH:0
LF:2
LH:2
end_of_record
SF:src/automotive/type/TypeComponent.cpp
FN:21,_ZN5clang4tidy10automotive13TypeComponent17addCheckFactoriesERNS0_23ClangTidyCheckFactoriesE
FNDA:234,_ZN5clang4tidy10automotive13TypeComponent17addCheckFactoriesERNS0_23ClangTidyCheckFactoriesE
FNF:1
FNH:1
DA:21,234
DA:23,234
DA:24,234
DA:25,234
DA:26,234
DA:27,234
DA:28,234
DA:29,234
DA:30,234
DA:33,234
DA:34,234
DA:37,234
DA:38,234
DA:39,234
BRF:0
BRH:0
LF:14
LH:14
end_of_record
SF:src/automotive/type/UniqueEnumValuesCheck.cpp
FN:16,_ZN5clang4tidy10automotive21UniqueEnumValuesCheck16registerMatchersEPNS_12ast_matchers11MatchFinderE
FN:20,_ZN5clang4tidy10automotive21UniqueEnumValuesCheck5checkERKNS_12ast_matchers11MatchFinder11MatchResultE
FNDA:117,_ZN5clang4tidy10automotive21UniqueEnumValuesCheck16registerMatchersEPNS_12ast_matchers11MatchFinderE
FNDA:63,_ZN5clang4tidy10automotive21UniqueEnumValuesCheck5checkERKNS_12ast_matchers11MatchFinder11MatchResultE
FNF:2
FNH:2
DA:16,117
DA:17,117
DA:18,117
DA:20,63
DA:21,63
DA:22,63
DA:23,0
DA:25,63
DA:26,63
DA:28,192
DA:29,192
DA:30,192
DA:31,192
DA:33,192
DA:34,192
DA:35,6
DA:36,6
DA:37,6
DA:38,6
DA:39,6
DA:40,6
DA:41,186
DA:42,186
DA:43,186
DA:45,192
DA:46,192
DA:47,63
BRDA:22,0,0,0
BRDA:22,0,1,63
BRDA:28,0,0,192
BRDA:28,0,1,63
BRDA:29,0,0,107
BRDA:29,0,1,85
BRDA:34,0,0,6
BRDA:34,0,1,186
BRF:8
BRH:7
LF:27
LH:26
end_of_record
SF:src/automotive/type/UniqueEnumValuesCheck.h
FN:39,_ZN5clang4tidy10automotive21UniqueEnumValuesCheckC2EN4llvm9StringRefEPNS0_16ClangTidyContextE
FN:42,_ZN5clang4tidy10automotive21UniqueEnumValuesCheckD2Ev
FNDA:117,_ZN5clang4tidy10automotive21UniqueEnumValuesCheckC2EN4llvm9StringRefEPNS0_16ClangTidyContextE
FNDA:117,_ZN5clang4tidy10automotive21UniqueEnumValuesCheckD2Ev
FNF:2
FNH:2
DA:39,117
DA:42,117
BRF:0
BRH:0
LF:2
LH:2
end_of_record
SF:src/automotive/type/UnusedTypeCheck.cpp
FN:16,_ZN5clang4tidy10automotive15UnusedTypeCheck16registerMatchersEPNS_12ast_matchers11MatchFinderE
FN:20,_ZN5clang4tidy10automotive15UnusedTypeCheck5checkERKNS_12ast_matchers11MatchFinder11MatchResultE
FNDA:117,_ZN5clang4tidy10automotive15UnusedTypeCheck16registerMatchersEPNS_12ast_matchers11MatchFinderE
FNDA:2339,_ZN5clang4tidy10automotive15UnusedTypeCheck5checkERKNS_12ast_matchers11MatchFinder11MatchResultE
FNF:2
FNH:2
DA:16,117
DA:17,117
DA:18,117
DA:20,2339
DA:21,2339
DA:23,2339
DA:24,0
DA:25,0
DA:27,2339
DA:28,585
DA:29,585
DA:31,1754
DA:32,477
DA:33,477
DA:35,1277
DA:36,1277
DA:37,1277
BRDA:23,0,0,0
BRDA:23,0,1,2339
BRDA:27,0,0,585
BRDA:27,0,1,1754
BRDA:31,0,0,477
BRDA:31,0,1,1277
BRF:6
BRH:5
LF:17
LH:15
end_of_record
SF:src/automotive/type/UnusedTypeCheck.h
FN:36,_ZN5clang4tidy10automotive15UnusedTypeCheckC2EN4llvm9StringRefEPNS0_16ClangTidyContextE
FN:39,_ZN5clang4tidy10automotive15UnusedTypeCheckD2Ev
FNDA:117,_ZN5clang4tidy10automotive15UnusedTypeCheckC2EN4llvm9StringRefEPNS0_16ClangTidyContextE
FNDA:117,_ZN5clang4tidy10automotive15UnusedTypeCheckD2Ev
FNF:2
FNH:2
DA:36,117
DA:39,117
BRF:0
BRH:0
LF:2
LH:2
end_of_record
SF:src/automotive/unused-code/UnusedCodeModule.cpp
FN:17,_ZN5clang4tidy10automotive16UnusedCodeModule17addCheckFactoriesERNS0_23ClangTidyCheckFactoriesE
FNDA:234,_ZN5clang4tidy10automotive16UnusedCodeModule17addCheckFactoriesERNS0_23ClangTidyCheckFactoriesE
FNF:1
FNH:1
DA:17,234
DA:21,234
DA:22,234
DA:25,234
DA:32,234
DA:33,234
BRF:0
BRH:0
LF:6
LH:6
end_of_record
SF:src/automotive/unused-code/UnusedObjectDefinitionCheck.cpp
FN:16,_ZN5clang4tidy10automotive27UnusedObjectDefinitionCheck16registerMatchersEPNS_12ast_matchers11MatchFinderE
FN:28,_ZN5clang4tidy10automotive27UnusedObjectDefinitionCheck5checkERKNS_12ast_matchers11MatchFinder11MatchResultE
FNDA:117,_ZN5clang4tidy10automotive27UnusedObjectDefinitionCheck16registerMatchersEPNS_12ast_matchers11MatchFinderE
FNDA:1010,_ZN5clang4tidy10automotive27UnusedObjectDefinitionCheck5checkERKNS_12ast_matchers11MatchFinder11MatchResultE
FNF:2
FNH:2
DA:16,117
DA:17,117
DA:18,117
DA:19,117
DA:20,117
DA:22,117
DA:23,117
DA:24,117
DA:25,117
DA:28,1010
DA:29,1010
DA:30,1010
DA:32,1010
DA:33,415
DA:34,415
DA:36,1010
DA:37,11
DA:38,11
DA:39,11
DA:40,1010
BRDA:32,0,0,978
BRDA:32,0,1,32
BRDA:32,1,2,415
BRDA:32,1,3,563
BRDA:36,0,0,32
BRDA:36,0,1,978
BRDA:36,1,2,11
BRDA:36,1,3,21
BRF:8
BRH:8
LF:20
LH:20
end_of_record
SF:src/automotive/unused-code/UnusedObjectDefinitionCheck.h
FN:36,_ZN5clang4tidy10automotive27UnusedObjectDefinitionCheckC2EN4llvm9StringRefEPNS0_16ClangTidyContextE
FN:39,_ZN5clang4tidy10automotive27UnusedObjectDefinitionCheckD2Ev
FNDA:117,_ZN5clang4tidy10automotive27UnusedObjectDefinitionCheckC2EN4llvm9StringRefEPNS0_16ClangTidyContextE
FNDA:117,_ZN5clang4tidy10automotive27UnusedObjectDefinitionCheckD2Ev
FNF:2
FNH:2
DA:36,117
DA:39,117
BRF:0
BRH:0
LF:2
LH:2
end_of_record
SF:src/automotive/unused-code/UnusedParameterCheck.cpp
FN:17,_ZN5clang4tidy10automotive20UnusedParameterCheck16registerMatchersEPNS_12ast_matchers11MatchFinderE
FN:26,_ZN5clang4tidy10automotive20UnusedParameterCheck5checkERKNS_12ast_matchers11MatchFinder11MatchResultE
FNDA:117,_ZN5clang4tidy10automotive20UnusedParameterCheck16registerMatchersEPNS_12ast_matchers11MatchFinderE
FNDA:534,_ZN5clang4tidy10automotive20UnusedParameterCheck5checkERKNS_12ast_matchers11MatchFinder11MatchResultE
FNF:2
FNH:2
DA:17,117
DA:19,117
DA:20,117
DA:21,117
DA:22,117
DA:23,117
DA:24,117
DA:26,534
DA:27,534
DA:28,534
DA:29,0
DA:32,534
DA:33,0
DA:36,534
DA:38,247
DA:39,1
DA:42,246
DA:43,230
DA:46,16
DA:47,0
DA:50,16
DA:51,16
DA:52,534
BRDA:28,0,0,0
BRDA:28,0,1,534
BRDA:32,0,0,0
BRDA:32,0,1,534
BRDA:36,0,0,247
BRDA:36,0,1,534
BRDA:38,0,0,1
BRDA:38,0,1,246
BRDA:42,0,0,230
BRDA:42,0,1,16
BRDA:46,0,0,0
BRDA:46,0,1,16
BRF:12
BRH:9
LF:23
LH:20
end_of_record
SF:src/automotive/unused-code/UnusedParameterCheck.h
FN:43,_ZN5clang4tidy10automotive20UnusedParameterCheckC2EN4llvm9StringRefEPNS0_16ClangTidyContextE
FN:46,_ZN5clang4tidy10automotive20UnusedParameterCheckD2Ev
FNDA:117,_ZN5clang4tidy10automotive20UnusedParameterCheckC2EN4llvm9StringRefEPNS0_16ClangTidyContextE
FNDA:117,_ZN5clang4tidy10automotive20UnusedParameterCheckD2Ev
FNF:2
FNH:2
DA:43,117
DA:46,117
BRF:0
BRH:0
LF:2
LH:2
end_of_record
SF:src/automotive/unused-code/UnusedTagCheck.cpp
FN:16,_ZN5clang4tidy10automotive14UnusedTagCheck16registerMatchersEPNS_12ast_matchers11MatchFinderE
FN:21,_ZN5clang4tidy10automotive14UnusedTagCheck5checkERKNS_12ast_matchers11MatchFinder11MatchResultE
FNDA:117,_ZN5clang4tidy10automotive14UnusedTagCheck16registerMatchersEPNS_12ast_matchers11MatchFinderE
FNDA:252,_ZN5clang4tidy10automotive14UnusedTagCheck5checkERKNS_12ast_matchers11MatchFinder11MatchResultE
FNF:2
FNH:2
DA:16,117
DA:17,117
DA:18,117
DA:19,117
DA:21,252
DA:22,252
DA:24,252
DA:25,0
DA:26,0
DA:28,252
DA:29,35
DA:30,35
DA:32,217
DA:33,28
DA:34,28
DA:36,189
DA:37,189
BRDA:24,0,0,0
BRDA:24,0,1,252
BRDA:28,0,0,35
BRDA:28,0,1,217
BRDA:28,1,2,0
BRDA:28,1,3,217
BRDA:32,0,0,28
BRDA:32,0,1,189
BRF:8
BRH:6
LF:17
LH:15
end_of_record
SF:src/automotive/unused-code/UnusedTagCheck.h
FN:35,_ZN5clang4tidy10automotive14UnusedTagCheckC2EN4llvm9StringRefEPNS0_16ClangTidyContextE
FN:38,_ZN5clang4tidy10automotive14UnusedTagCheckD2Ev
FNDA:117,_ZN5clang4tidy10automotive14UnusedTagCheckC2EN4llvm9StringRefEPNS0_16ClangTidyContextE
FNDA:117,_ZN5clang4tidy10automotive14UnusedTagCheckD2Ev
FNF:2
FNH:2
DA:35,117
DA:38,117
BRF:0
BRH:0
LF:2
LH:2
end_of_record
SF:src/automotive/utils/ASTMatchers.h
FN:24,_ZNK5clang4tidy10automotive12ast_matchers8internal29matcher_isRestrictTypeMatcher7matchesERKNS_8QualTypeEPNS_12ast_matchers8internal14ASTMatchFinderEPNS9_21BoundNodesTreeBuilderE
FN:28,_ZNK5clang4tidy10automotive12ast_matchers8internal29matcher_hasDefaultStmtMatcher7matchesERKNS_10SwitchStmtEPNS_12ast_matchers8internal14ASTMatchFinderEPNS9_21BoundNodesTreeBuilderE
FN:75,_ZNK5clang4tidy10automotive12ast_matchers8internal35matcher_isEssentiallyBooleanMatcher7matchesERKNS_4ExprEPNS_12ast_matchers8internal14ASTMatchFinderEPNS9_21BoundNodesTreeBuilderE
FN:79,_ZNK5clang4tidy10automotive12ast_matchers8internal37matcher_isAssignmentResultUsedMatcher7matchesERKNS_14BinaryOperatorEPNS_12ast_matchers8internal14ASTMatchFinderEPNS9_21BoundNodesTreeBuilderE
FN:88,_ZNK5clang4tidy10automotive12ast_matchers8internal23matcher_hasBody0Matcher7matchesERKNS_10SwitchStmtEPNS_12ast_matchers8internal14ASTMatchFinderEPNS9_21BoundNodesTreeBuilderE
FN:93,_ZNK5clang4tidy10automotive12ast_matchers8internal32matcher_isZeroInitializerMatcher7matchesERKNS_12InitListExprEPNS_12ast_matchers8internal14ASTMatchFinderEPNS9_21BoundNodesTreeBuilderE
FN:99,_ZNK5clang4tidy10automotive12ast_matchers8internal34matcher_isStringLiteralInitMatcher7matchesERKNS_12InitListExprEPNS_12ast_matchers8internal14ASTMatchFinderEPNS9_21BoundNodesTreeBuilderE
FN:38,AvoidPartialArrayInitCheck.cpp:_ZN5clang4tidy10automotive12ast_matchersL26isEssentiallyBooleanHelperERKNS_4ExprE
FN:38,AvoidAssignmentInExpressionCheck.cpp:_ZN5clang4tidy10automotive12ast_matchersL26isEssentiallyBooleanHelperERKNS_4ExprE
FN:38,AvoidNonBooleanInConditionCheck.cpp:_ZN5clang4tidy10automotive12ast_matchersL26isEssentiallyBooleanHelperERKNS_4ExprE
FN:38,MissingDefaultInSwitchStmtCheck.cpp:_ZN5clang4tidy10automotive12ast_matchersL26isEssentiallyBooleanHelperERKNS_4ExprE
FN:38,AvoidBooleanInSwitchCheck.cpp:_ZN5clang4tidy10automotive12ast_matchersL26isEssentiallyBooleanHelperERKNS_4ExprE
FN:38,MissingCompoundStmtCheck.cpp:_ZN5clang4tidy10automotive12ast_matchersL26isEssentiallyBooleanHelperERKNS_4ExprE
FN:38,AvoidRestrictTypeCheck.cpp:_ZN5clang4tidy10automotive12ast_matchersL26isEssentiallyBooleanHelperERKNS_4ExprE
FNDA:12052,_ZNK5clang4tidy10automotive12ast_matchers8internal29matcher_isRestrictTypeMatcher7matchesERKNS_8QualTypeEPNS_12ast_matchers8internal14ASTMatchFinderEPNS9_21BoundNodesTreeBuilderE
FNDA:71,_ZNK5clang4tidy10automotive12ast_matchers8internal29matcher_hasDefaultStmtMatcher7matchesERKNS_10SwitchStmtEPNS_12ast_matchers8internal14ASTMatchFinderEPNS9_21BoundNodesTreeBuilderE
FNDA:322,_ZNK5clang4tidy10automotive12ast_matchers8internal35matcher_isEssentiallyBooleanMatcher7matchesERKNS_4ExprEPNS_12ast_matchers8internal14ASTMatchFinderEPNS9_21BoundNodesTreeBuilderE
FNDA:401,_ZNK5clang4tidy10automotive12ast_matchers8internal37matcher_isAssignmentResultUsedMatcher7matchesERKNS_14BinaryOperatorEPNS_12ast_matchers8internal14ASTMatchFinderEPNS9_21BoundNodesTreeBuilderE
FNDA:71,_ZNK5clang4tidy10automotive12ast_matchers8internal23matcher_hasBody0Matcher7matchesERKNS_10SwitchStmtEPNS_12ast_matchers8internal14ASTMatchFinderEPNS9_21BoundNodesTreeBuilderE
FNDA:69,_ZNK5clang4tidy10automotive12ast_matchers8internal32matcher_isZeroInitializerMatcher7matchesERKNS_12InitListExprEPNS_12ast_matchers8internal14ASTMatchFinderEPNS9_21BoundNodesTreeBuilderE
FNDA:67,_ZNK5clang4tidy10automotive12ast_matchers8internal34matcher_isStringLiteralInitMatcher7matchesERKNS_12InitListExprEPNS_12ast_matchers8internal14ASTMatchFinderEPNS9_21BoundNodesTreeBuilderE
FNDA:402,AvoidPartialArrayInitCheck.cpp:_ZN5clang4tidy10automotive12ast_matchersL26isEssentiallyBooleanHelperERKNS_4ExprE
FNDA:0,AvoidAssignmentInExpressionCheck.cpp:_ZN5clang4tidy10automotive12ast_matchersL26isEssentiallyBooleanHelperERKNS_4ExprE
FNDA:0,AvoidNonBooleanInConditionCheck.cpp:_ZN5clang4tidy10automotive12ast_matchersL26isEssentiallyBooleanHelperERKNS_4ExprE
FNDA:0,MissingDefaultInSwitchStmtCheck.cpp:_ZN5clang4tidy10automotive12ast_matchersL26isEssentiallyBooleanHelperERKNS_4ExprE
FNDA:0,AvoidBooleanInSwitchCheck.cpp:_ZN5clang4tidy10automotive12ast_matchersL26isEssentiallyBooleanHelperERKNS_4ExprE
FNDA:0,MissingCompoundStmtCheck.cpp:_ZN5clang4tidy10automotive12ast_matchersL26isEssentiallyBooleanHelperERKNS_4ExprE
FNDA:0,AvoidRestrictTypeCheck.cpp:_ZN5clang4tidy10automotive12ast_matchersL26isEssentiallyBooleanHelperERKNS_4ExprE
FNF:8
FNH:8
DA:24,12052
DA:25,12052
DA:26,12052
DA:28,71
DA:29,114
DA:30,93
DA:31,93
DA:32,50
DA:33,50
DA:34,93
DA:35,21
DA:36,71
DA:38,402
DA:39,402
DA:42,402
DA:43,8
DA:44,8
DA:49,394
DA:50,235
DA:51,235
DA:55,159
DA:56,2
DA:57,2
DA:61,157
DA:62,1
DA:63,1
DA:66,156
DA:67,79
DA:68,79
DA:72,77
DA:73,156
DA:75,322
DA:76,322
DA:77,322
DA:79,401
DA:80,401
DA:81,401
DA:82,0
DA:83,0
DA:84,401
DA:85,401
DA:88,71
DA:89,71
DA:90,71
DA:91,71
DA:93,69
DA:94,69
DA:95,69
DA:96,69
DA:97,69
DA:99,67
DA:100,67
DA:101,67
BRDA:29,0,0,93
BRDA:29,0,1,21
BRDA:31,0,0,50
BRDA:31,0,1,43
BRDA:42,0,0,-
BRDA:42,0,1,-
BRDA:42,1,2,-
BRDA:42,1,3,-
BRDA:42,2,4,8
BRDA:42,2,5,394
BRDA:42,3,6,-
BRDA:42,3,7,-
BRDA:42,4,8,-
BRDA:42,4,9,-
BRDA:42,5,10,-
BRDA:42,5,11,-
BRDA:42,6,12,-
BRDA:42,6,13,-
BRDA:49,0,0,-
BRDA:49,0,1,-
BRDA:49,1,2,-
BRDA:49,1,3,-
BRDA:49,2,4,-
BRDA:49,2,5,-
BRDA:49,3,6,-
BRDA:49,3,7,-
BRDA:49,4,8,-
BRDA:49,4,9,-
BRDA:49,5,10,-
BRDA:49,5,11,-
BRDA:49,6,12,235
BRDA:49,6,13,159
BRDA:50,0,0,-
BRDA:50,0,1,-
BRDA:50,1,2,-
BRDA:50,1,3,-
BRDA:50,2,4,-
BRDA:50,2,5,-
BRDA:50,3,6,-
BRDA:50,3,7,-
BRDA:50,4,8,-
BRDA:50,4,9,-
BRDA:50,5,10,214
BRDA:50,5,11,21
BRDA:50,6,12,-
BRDA:50,6,13,-
BRDA:50,7,14,-
BRDA:50,7,15,-
BRDA:50,8,16,-
BRDA:50,8,17,-
BRDA:50,9,18,-
BRDA:50,9,19,-
BRDA:50,10,20,18
BRDA:50,10,21,3
BRDA:50,11,22,-
BRDA:50,11,23,-
BRDA:50,12,24,-
BRDA:50,12,25,-
BRDA:50,13,26,-
BRDA:50,13,27,-
BRDA:55,0,0,-
BRDA:55,0,1,-
BRDA:55,1,2,2
BRDA:55,1,3,157
BRDA:55,2,4,-
BRDA:55,2,5,-
BRDA:55,3,6,-
BRDA:55,3,7,-
BRDA:55,4,8,-
BRDA:55,4,9,-
BRDA:55,5,10,-
BRDA:55,5,11,-
BRDA:55,6,12,-
BRDA:55,6,13,-
BRDA:61,0,0,-
BRDA:61,0,1,-
BRDA:61,1,2,-
BRDA:61,1,3,-
BRDA:61,2,4,1
BRDA:61,2,5,156
BRDA:61,3,6,-
BRDA:61,3,7,-
BRDA:61,4,8,-
BRDA:61,4,9,-
BRDA:61,5,10,-
BRDA:61,5,11,-
BRDA:61,6,12,-
BRDA:61,6,13,-
BRDA:66,0,0,-
BRDA:66,0,1,-
BRDA:66,1,2,-
BRDA:66,1,3,-
BRDA:66,2,4,-
BRDA:66,2,5,-
BRDA:66,3,6,-
BRDA:66,3,7,-
BRDA:66,4,8,-
BRDA:66,4,9,-
BRDA:66,5,10,-
BRDA:66,5,11,-
BRDA:66,6,12,79
BRDA:66,6,13,77
BRDA:81,0,0,0
BRDA:81,0,1,401
BRDA:90,0,0,71
BRDA:90,0,1,0
BRDA:90,1,2,0
BRDA:90,1,3,71
BRDA:94,0,0,13
BRDA:94,0,1,56
BRDA:95,0,0,6
BRDA:95,0,1,7
BRDA:96,0,0,2
BRDA:96,0,1,4
BRF:30
BRH:27
LF:53
LH:51
end_of_record
SF:src/automotive/utils/CKeywordSet.cpp
FN:67,_ZN5clang4tidy10automotive11CKeywordSetC2ERKNS_11LangOptionsE
FN:86,_ZNK5clang4tidy10automotive11CKeywordSet9isKeywordEN4llvm9StringRefE
FN:90,_ZNK5clang4tidy10automotive11CKeywordSet12isDeprecatedEN4llvm9StringRefE
FN:105,CKeywordSet.cpp:_ZN5clang4tidy10automotiveL14makeKeywordSetESt16initializer_listIN4llvm8ArrayRefINS3_9StringRefEEEES6_
FN:95,CKeywordSet.cpp:_ZN5clang4tidy10automotiveL16sizeofKeywordSetESt16initializer_listIN4llvm8ArrayRefINS3_9StringRefEEEE
FNDA:117,_ZN5clang4tidy10automotive11CKeywordSetC2ERKNS_11LangOptionsE
FNDA:54794,_ZNK5clang4tidy10automotive11CKeywordSet9isKeywordEN4llvm9StringRefE
FNDA:0,_ZNK5clang4tidy10automotive11CKeywordSet12isDeprecatedEN4llvm9StringRefE
FNDA:585,CKeywordSet.cpp:_ZN5clang4tidy10automotiveL14makeKeywordSetESt16initializer_listIN4llvm8ArrayRefINS3_9StringRefEEEES6_
FNDA:585,CKeywordSet.cpp:_ZN5clang4tidy10automotiveL16sizeofKeywordSetESt16initializer_listIN4llvm8ArrayRefINS3_9StringRefEEEE
FNF:5
FNH:4
DA:67,117
DA:68,117
DA:69,0
DA:70,0
DA:72,117
DA:73,111
DA:74,111
DA:76,111
DA:77,0
DA:78,0
DA:80,6
DA:81,6
DA:82,6
DA:83,6
DA:84,117
DA:86,54794
DA:87,54794
DA:88,54794
DA:90,0
DA:91,0
DA:92,0
DA:95,585
DA:96,585
DA:97,1287
DA:98,1287
DA:99,1287
DA:100,585
DA:101,585
DA:105,585
DA:107,585
DA:109,1287
DA:110,1287
DA:111,1287
DA:113,702
DA:114,702
DA:115,702
DA:117,585
DA:118,585
BRDA:68,0,0,0
BRDA:68,0,1,117
BRDA:72,0,0,111
BRDA:72,0,1,6
BRDA:76,0,0,0
BRDA:76,0,1,6
BRDA:97,0,0,1287
BRDA:97,0,1,585
BRDA:109,0,0,1287
BRDA:109,0,1,585
BRDA:113,0,0,702
BRDA:113,0,1,585
BRF:12
BRH:10
LF:38
LH:31
end_of_record
SF:src/automotive/utils/IgnoreLineSpliceRef.h
FN:120,_ZN19IgnoreLineSpliceRef6rbeginEv
FN:73,_ZN34IgnoreLineSpliceRefReverseIteratorC2EN4llvm9StringRefEm
FN:98,_ZN34IgnoreLineSpliceRefReverseIterator14skipLineSpliceEv
FN:77,_ZNK34IgnoreLineSpliceRefReverseIteratordeEv
FN:79,_ZN34IgnoreLineSpliceRefReverseIteratormmEv
FN:95,_ZNK34IgnoreLineSpliceRefReverseIterator8positionEv
FN:110,_ZN19IgnoreLineSpliceRefC2EN4llvm9StringRefE
FN:112,_ZN19IgnoreLineSpliceRef5beginEv
FN:24,_ZN27IgnoreLineSpliceRefIteratorC2EN4llvm9StringRefEm
FN:52,_ZN27IgnoreLineSpliceRefIterator14skipLineSpliceEv
FN:43,_ZNK27IgnoreLineSpliceRefIteratorneERKS_
FN:116,_ZN19IgnoreLineSpliceRef3endEv
FN:28,_ZNK27IgnoreLineSpliceRefIteratordeEv
FN:49,_ZNK27IgnoreLineSpliceRefIterator12prevPositionEv
FN:47,_ZNK27IgnoreLineSpliceRefIterator8positionEv
FN:30,_ZN27IgnoreLineSpliceRefIteratorppEv
FN:37,_ZN27IgnoreLineSpliceRefIteratorppEi
FN:85,_ZN34IgnoreLineSpliceRefReverseIteratormmEi
FN:91,_ZNK34IgnoreLineSpliceRefReverseIteratorneERKS_
FN:124,_ZN19IgnoreLineSpliceRef4rendEv
FNDA:13954,_ZN19IgnoreLineSpliceRef6rbeginEv
FNDA:13954,_ZN34IgnoreLineSpliceRefReverseIteratorC2EN4llvm9StringRefEm
FNDA:27908,_ZN34IgnoreLineSpliceRefReverseIterator14skipLineSpliceEv
FNDA:27908,_ZNK34IgnoreLineSpliceRefReverseIteratordeEv
FNDA:13954,_ZN34IgnoreLineSpliceRefReverseIteratormmEv
FNDA:13954,_ZNK34IgnoreLineSpliceRefReverseIterator8positionEv
FNDA:30630,_ZN19IgnoreLineSpliceRefC2EN4llvm9StringRefE
FNDA:30630,_ZN19IgnoreLineSpliceRef5beginEv
FNDA:1434877,_ZN27IgnoreLineSpliceRefIteratorC2EN4llvm9StringRefEm
FNDA:2850426,_ZN27IgnoreLineSpliceRefIterator14skipLineSpliceEv
FNDA:1404247,_ZNK27IgnoreLineSpliceRefIteratorneERKS_
FNDA:1404247,_ZN19IgnoreLineSpliceRef3endEv
FNDA:1434877,_ZNK27IgnoreLineSpliceRefIteratordeEv
FNDA:342,_ZNK27IgnoreLineSpliceRefIterator12prevPositionEv
FNDA:25885,_ZNK27IgnoreLineSpliceRefIterator8positionEv
FNDA:1415549,_ZN27IgnoreLineSpliceRefIteratorppEv
FNDA:0,_ZN27IgnoreLineSpliceRefIteratorppEi
FNDA:0,_ZN34IgnoreLineSpliceRefReverseIteratormmEi
FNDA:0,_ZNK34IgnoreLineSpliceRefReverseIteratorneERKS_
FNDA:0,_ZN19IgnoreLineSpliceRef4rendEv
FNF:20
FNH:16
DA:24,1434877
DA:25,1434877
DA:26,1434877
DA:28,1434877
DA:30,1415549
DA:31,1415549
DA:32,1415549
DA:33,1415549
DA:34,1415549
DA:35,1415549
DA:37,0
DA:38,0
DA:39,0
DA:40,0
DA:41,0
DA:43,1404247
DA:44,1404247
DA:45,1404247
DA:47,25885
DA:49,342
DA:52,2850426
DA:53,2850478
DA:54,2850478
DA:55,52
DA:56,52
DA:57,2850426
DA:73,13954
DA:74,13954
DA:75,13954
DA:77,27908
DA:79,13954
DA:80,13954
DA:81,13954
DA:82,13954
DA:83,13954
DA:85,0
DA:86,0
DA:87,0
DA:88,0
DA:89,0
DA:91,0
DA:92,0
DA:93,0
DA:95,13954
DA:98,27908
DA:99,27908
DA:100,0
DA:101,0
DA:102,27908
DA:110,30630
DA:112,30630
DA:113,30630
DA:114,30630
DA:116,1404247
DA:117,1404247
DA:118,1404247
DA:120,13954
DA:121,13954
DA:122,13954
DA:124,0
DA:125,0
DA:126,0
BRDA:53,0,0,1425591
BRDA:53,0,1,1424887
BRDA:53,1,2,117
BRDA:53,1,3,1425474
BRDA:54,0,0,52
BRDA:54,0,1,65
BRDA:99,0,0,27908
BRDA:99,0,1,0
BRDA:99,1,2,0
BRDA:99,1,3,27908
BRDA:99,2,4,-
BRDA:99,2,5,-
BRF:12
BRH:8
LF:62
LH:44
end_of_record
SF:src/automotive/utils/Utils.h
FN:18,FunctionComponent.cpp:_ZN5clang4tidy10automotive5utilsL13isLanguageC90ERKNS_11LangOptionsE
FN:18,ImplicitFunctionDeclCheck.cpp:_ZN5clang4tidy10automotive5utilsL13isLanguageC90ERKNS_11LangOptionsE
FNDA:0,FunctionComponent.cpp:_ZN5clang4tidy10automotive5utilsL13isLanguageC90ERKNS_11LangOptionsE
FNDA:117,ImplicitFunctionDeclCheck.cpp:_ZN5clang4tidy10automotive5utilsL13isLanguageC90ERKNS_11LangOptionsE
FNF:1
FNH:1
DA:18,117
DA:19,117
DA:20,117
DA:21,117
BRDA:19,0,0,6
BRDA:19,0,1,111
BRDA:19,1,2,6
BRDA:19,1,3,0
BRDA:19,2,4,6
BRDA:19,2,5,0
BRDA:19,3,6,6
BRDA:19,3,7,0
BRDA:20,0,0,0
BRDA:20,0,1,6
BRF:10
BRH:6
LF:4
LH:4
end_of_record
