SF:src/automotive/AutomotiveTidyModule.cpp
FN:38,_ZN5clang4tidy10automotive16AutomotiveModule17addCheckFactoriesERNS0_23ClangTidyCheckFactoriesE
FNDA:230,_ZN5clang4tidy10automotive16AutomotiveModule17addCheckFactoriesERNS0_23ClangTidyCheckFactoriesE
FNF:1
FNH:1
DA:38,230
DA:40,230
DA:41,230
DA:42,230
DA:43,230
DA:44,230
DA:45,230
DA:46,230
DA:47,230
DA:48,230
DA:49,230
DA:50,230
DA:51,230
DA:52,230
DA:53,230
DA:54,230
DA:58,230
DA:59,230
DA:60,230
DA:61,230
DA:65,230
DA:66,230
DA:70,230
DA:71,230
BRF:0
BRH:0
LF:24
LH:24
end_of_record
SF:src/automotive/array/ArrayComponent.cpp
FN:22,_ZN5clang4tidy10automotive14ArrayComponent17addCheckFactoriesERNS0_23ClangTidyCheckFactoriesE
FNDA:230,_ZN5clang4tidy10automotive14ArrayComponent17addCheckFactoriesERNS0_23ClangTidyCheckFactoriesE
FNF:1
FNH:1
DA:22,230
DA:24,230
DA:25,230
DA:26,230
DA:27,230
DA:28,230
DA:29,230
DA:30,230
DA:31,230
DA:34,230
DA:35,230
DA:38,230
DA:39,230
DA:42,230
DA:43,230
DA:46,230
DA:47,230
DA:48,230
BRF:0
BRH:0
LF:18
LH:18
end_of_record
SF:src/automotive/array/AvoidDesignatedInitializerBoundsCheck.cpp
FN:18,_ZN5clang4tidy10automotive37AvoidDesignatedInitializerBoundsCheck16registerMatchersEPNS_12ast_matchers11MatchFinderE
FN:25,_ZN5clang4tidy10automotive37AvoidDesignatedInitializerBoundsCheck20checkArrayDesignatorERKNS_18DesignatedInitExpr10DesignatorEPKS3_RKNS_12ast_matchers11MatchFinder11MatchResultE
FN:44,_ZN5clang4tidy10automotive37AvoidDesignatedInitializerBoundsCheck25checkArrayRangeDesignatorERKNS_18DesignatedInitExpr10DesignatorEPKS3_RKNS_12ast_matchers11MatchFinder11MatchResultE
FN:73,_ZN5clang4tidy10automotive37AvoidDesignatedInitializerBoundsCheck5checkERKNS_12ast_matchers11MatchFinder11MatchResultE
FNDA:115,_ZN5clang4tidy10automotive37AvoidDesignatedInitializerBoundsCheck16registerMatchersEPNS_12ast_matchers11MatchFinderE
FNDA:22,_ZN5clang4tidy10automotive37AvoidDesignatedInitializerBoundsCheck20checkArrayDesignatorERKNS_18DesignatedInitExpr10DesignatorEPKS3_RKNS_12ast_matchers11MatchFinder11MatchResultE
FNDA:2,_ZN5clang4tidy10automotive37AvoidDesignatedInitializerBoundsCheck25checkArrayRangeDesignatorERKNS_18DesignatedInitExpr10DesignatorEPKS3_RKNS_12ast_matchers11MatchFinder11MatchResultE
FNDA:45,_ZN5clang4tidy10automotive37AvoidDesignatedInitializerBoundsCheck5checkERKNS_12ast_matchers11MatchFinder11MatchResultE
FNF:4
FNH:4
DA:18,115
DA:20,115
DA:21,115
DA:25,22
DA:26,22
DA:27,22
DA:28,0
DA:30,22
DA:31,22
DA:32,0
DA:34,22
DA:35,22
DA:36,0
DA:37,0
DA:38,0
DA:39,0
DA:40,22
DA:44,2
DA:45,2
DA:46,2
DA:47,2
DA:48,0
DA:50,2
DA:51,2
DA:52,2
DA:53,0
DA:55,2
DA:56,2
DA:58,2
DA:59,0
DA:60,0
DA:61,0
DA:62,0
DA:64,2
DA:65,0
DA:66,0
DA:67,0
DA:68,0
DA:69,0
DA:70,2
DA:73,45
DA:74,45
DA:75,45
DA:76,0
DA:78,45
DA:79,0
DA:81,49
DA:82,49
DA:83,22
DA:84,27
DA:85,2
DA:86,49
DA:87,45
BRDA:27,0,0,0
BRDA:27,0,1,22
BRDA:31,0,0,0
BRDA:31,0,1,22
BRDA:35,0,0,0
BRDA:35,0,1,22
BRDA:47,0,0,0
BRDA:47,0,1,2
BRDA:47,1,2,0
BRDA:47,1,3,2
BRDA:52,0,0,0
BRDA:52,0,1,2
BRDA:52,1,2,0
BRDA:52,1,3,2
BRDA:58,0,0,0
BRDA:58,0,1,2
BRDA:58,1,2,0
BRDA:58,1,3,2
BRDA:64,0,0,0
BRDA:64,0,1,2
BRDA:75,0,0,0
BRDA:75,0,1,45
BRDA:78,0,0,0
BRDA:78,0,1,45
BRDA:81,0,0,49
BRDA:81,0,1,45
BRDA:82,0,0,22
BRDA:82,0,1,27
BRDA:84,0,0,2
BRDA:84,0,1,25
BRF:30
BRH:18
LF:53
LH:34
end_of_record
SF:src/automotive/array/AvoidDesignatedInitializerBoundsCheck.h
FN:36,_ZN5clang4tidy10automotive37AvoidDesignatedInitializerBoundsCheckC2EN4llvm9StringRefEPNS0_16ClangTidyContextE
FN:39,_ZN5clang4tidy10automotive37AvoidDesignatedInitializerBoundsCheckD2Ev
FNDA:115,_ZN5clang4tidy10automotive37AvoidDesignatedInitializerBoundsCheckC2EN4llvm9StringRefEPNS0_16ClangTidyContextE
FNDA:115,_ZN5clang4tidy10automotive37AvoidDesignatedInitializerBoundsCheckD2Ev
FNF:2
FNH:2
DA:36,115
DA:39,115
BRF:0
BRH:0
LF:2
LH:2
end_of_record
SF:src/automotive/array/AvoidFlexibleArrayMemberCheck.cpp
FN:16,_ZN5clang4tidy10automotive29AvoidFlexibleArrayMemberCheck16registerMatchersEPNS_12ast_matchers11MatchFinderE
FN:22,_ZN5clang4tidy10automotive29AvoidFlexibleArrayMemberCheck5checkERKNS_12ast_matchers11MatchFinder11MatchResultE
FNDA:115,_ZN5clang4tidy10automotive29AvoidFlexibleArrayMemberCheck16registerMatchersEPNS_12ast_matchers11MatchFinderE
FNDA:2,_ZN5clang4tidy10automotive29AvoidFlexibleArrayMemberCheck5checkERKNS_12ast_matchers11MatchFinder11MatchResultE
FNF:2
FNH:2
DA:16,115
DA:17,115
DA:18,115
DA:19,115
DA:22,2
DA:23,2
DA:25,2
DA:26,2
DA:27,2
DA:28,2
BRDA:25,0,0,2
BRDA:25,0,1,0
BRF:2
BRH:1
LF:10
LH:10
end_of_record
SF:src/automotive/array/AvoidFlexibleArrayMemberCheck.h
FN:38,_ZN5clang4tidy10automotive29AvoidFlexibleArrayMemberCheckC2EN4llvm9StringRefEPNS0_16ClangTidyContextE
FN:41,_ZN5clang4tidy10automotive29AvoidFlexibleArrayMemberCheckD2Ev
FNDA:115,_ZN5clang4tidy10automotive29AvoidFlexibleArrayMemberCheckC2EN4llvm9StringRefEPNS0_16ClangTidyContextE
FNDA:115,_ZN5clang4tidy10automotive29AvoidFlexibleArrayMemberCheckD2Ev
FNF:2
FNH:2
DA:38,115
DA:41,115
BRF:0
BRH:0
LF:2
LH:2
end_of_record
SF:src/automotive/array/AvoidIncompleteInitializationCheck.cpp
FN:47,_ZN5clang4tidy10automotive34AvoidIncompleteInitializationCheck16registerMatchersEPNS_12ast_matchers11MatchFinderE
FN:54,_ZN5clang4tidy10automotive34AvoidIncompleteInitializationCheck5checkERKNS_12ast_matchers11MatchFinder11MatchResultE
FN:112,_ZNK5clang4tidy10automotive34AvoidIncompleteInitializationCheck19getRecordFieldCountEPKNS_10RecordTypeE
FN:37,AvoidIncompleteInitializationCheck.cpp:_ZN5clang4tidy10automotive12_GLOBAL__N_118countExplicitInitsEPKNS_12InitListExprE
FN:20,AvoidIncompleteInitializationCheck.cpp:_ZN5clang4tidy10automotive12_GLOBAL__N_117isZeroInitializerEPKNS_12InitListExprERNS_10ASTContextE
FNDA:115,_ZN5clang4tidy10automotive34AvoidIncompleteInitializationCheck16registerMatchersEPNS_12ast_matchers11MatchFinderE
FNDA:95,_ZN5clang4tidy10automotive34AvoidIncompleteInitializationCheck5checkERKNS_12ast_matchers11MatchFinder11MatchResultE
FNDA:21,_ZNK5clang4tidy10automotive34AvoidIncompleteInitializationCheck19getRecordFieldCountEPKNS_10RecordTypeE
FNDA:95,AvoidIncompleteInitializationCheck.cpp:_ZN5clang4tidy10automotive12_GLOBAL__N_118countExplicitInitsEPKNS_12InitListExprE
FNDA:40,AvoidIncompleteInitializationCheck.cpp:_ZN5clang4tidy10automotive12_GLOBAL__N_117isZeroInitializerEPKNS_12InitListExprERNS_10ASTContextE
FNF:5
FNH:5
DA:20,40
DA:22,40
DA:23,40
DA:24,40
DA:25,0
DA:27,40
DA:28,23
DA:29,17
DA:30,17
DA:31,0
DA:32,17
DA:33,17
DA:34,17
DA:37,95
DA:38,95
DA:39,364
DA:40,269
DA:41,233
DA:42,269
DA:43,95
DA:44,95
DA:47,115
DA:49,115
DA:50,115
DA:51,115
DA:54,95
DA:55,95
DA:56,95
DA:57,95
DA:58,0
DA:61,95
DA:62,0
DA:65,95
DA:66,95
DA:67,95
DA:68,0
DA:70,95
DA:73,95
DA:76,95
DA:77,74
DA:81,74
DA:82,74
DA:83,27
DA:84,27
DA:85,27
DA:86,27
DA:87,27
DA:88,74
DA:89,74
DA:92,21
DA:93,21
DA:94,21
DA:95,0
DA:97,21
DA:101,21
DA:102,21
DA:103,6
DA:104,6
DA:105,6
DA:106,6
DA:107,6
DA:108,21
DA:109,21
DA:112,21
DA:113,21
DA:114,21
DA:115,50
DA:116,50
DA:117,50
DA:118,50
DA:119,21
DA:120,21
BRDA:23,0,0,0
BRDA:23,0,1,40
BRDA:24,0,0,0
BRDA:24,0,1,40
BRDA:27,0,0,23
BRDA:27,0,1,17
BRDA:30,0,0,0
BRDA:30,0,1,17
BRDA:33,0,0,12
BRDA:33,0,1,5
BRDA:33,1,2,7
BRDA:33,1,3,5
BRDA:39,0,0,269
BRDA:39,0,1,95
BRDA:40,0,0,233
BRDA:40,0,1,36
BRDA:57,0,0,0
BRDA:57,0,1,95
BRDA:57,1,2,0
BRDA:57,1,3,95
BRDA:61,0,0,0
BRDA:61,0,1,95
BRDA:66,0,0,95
BRDA:66,0,1,0
BRDA:67,0,0,0
BRDA:67,0,1,95
BRDA:76,0,0,74
BRDA:76,0,1,21
BRDA:81,0,0,71
BRDA:81,0,1,3
BRDA:81,1,2,33
BRDA:81,1,3,38
BRDA:82,0,0,27
BRDA:82,0,1,6
BRDA:92,0,0,21
BRDA:92,0,1,0
BRDA:94,0,0,0
BRDA:94,0,1,21
BRDA:101,0,0,20
BRDA:101,0,1,1
BRDA:101,1,2,7
BRDA:101,1,3,13
BRDA:102,0,0,6
BRDA:102,0,1,1
BRDA:115,0,0,50
BRDA:115,0,1,21
BRF:46
BRH:36
LF:72
LH:66
end_of_record
SF:src/automotive/array/AvoidIncompleteInitializationCheck.h
FN:39,_ZN5clang4tidy10automotive34AvoidIncompleteInitializationCheckC2EN4llvm9StringRefEPNS0_16ClangTidyContextE
FN:42,_ZN5clang4tidy10automotive34AvoidIncompleteInitializationCheckD2Ev
FNDA:115,_ZN5clang4tidy10automotive34AvoidIncompleteInitializationCheckC2EN4llvm9StringRefEPNS0_16ClangTidyContextE
FNDA:115,_ZN5clang4tidy10automotive34AvoidIncompleteInitializationCheckD2Ev
FNF:2
FNH:2
DA:39,115
DA:42,115
BRF:0
BRH:0
LF:2
LH:2
end_of_record
SF:src/automotive/array/AvoidPartialArrayInitCheck.cpp
FN:17,_ZN5clang4tidy10automotive26AvoidPartialArrayInitCheck16registerMatchersEPNS_12ast_matchers11MatchFinderE
FN:28,_ZN5clang4tidy10automotive26AvoidPartialArrayInitCheck5checkERKNS_12ast_matchers11MatchFinder11MatchResultE
FNDA:115,_ZN5clang4tidy10automotive26AvoidPartialArrayInitCheck16registerMatchersEPNS_12ast_matchers11MatchFinderE
FNDA:67,_ZN5clang4tidy10automotive26AvoidPartialArrayInitCheck5checkERKNS_12ast_matchers11MatchFinder11MatchResultE
FNF:2
FNH:2
DA:17,115
DA:18,115
DA:19,115
DA:20,115
DA:21,115
DA:22,115
DA:23,115
DA:24,115
DA:25,115
DA:26,115
DA:28,67
DA:29,67
DA:30,67
DA:32,67
DA:33,0
DA:34,0
DA:36,67
DA:37,67
DA:38,0
DA:39,0
DA:41,67
DA:42,67
DA:44,67
DA:45,28
DA:46,28
DA:47,67
BRDA:32,0,0,0
BRDA:32,0,1,67
BRDA:32,1,2,0
BRDA:32,1,3,67
BRDA:37,0,0,0
BRDA:37,0,1,67
BRDA:44,0,0,28
BRDA:44,0,1,39
BRF:8
BRH:5
LF:26
LH:22
end_of_record
SF:src/automotive/array/AvoidPartialArrayInitCheck.h
FN:37,_ZN5clang4tidy10automotive26AvoidPartialArrayInitCheckC2EN4llvm9StringRefEPNS0_16ClangTidyContextE
FN:40,_ZN5clang4tidy10automotive26AvoidPartialArrayInitCheckD2Ev
FNDA:115,_ZN5clang4tidy10automotive26AvoidPartialArrayInitCheckC2EN4llvm9StringRefEPNS0_16ClangTidyContextE
FNDA:115,_ZN5clang4tidy10automotive26AvoidPartialArrayInitCheckD2Ev
FNF:2
FNH:2
DA:37,115
DA:40,115
BRF:0
BRH:0
LF:2
LH:2
end_of_record
SF:src/automotive/array/AvoidPointerArithmeticBoundsCheck.cpp
FN:17,_ZN5clang4tidy10automotive33AvoidPointerArithmeticBoundsCheck16registerMatchersEPNS_12ast_matchers11MatchFinderE
FN:37,_ZN5clang4tidy10automotive33AvoidPointerArithmeticBoundsCheck5checkERKNS_12ast_matchers11MatchFinder11MatchResultE
FN:75,_ZNK5clang4tidy10automotive33AvoidPointerArithmeticBoundsCheck22getPointerNestingLevelENS_8QualTypeE
FNDA:115,_ZN5clang4tidy10automotive33AvoidPointerArithmeticBoundsCheck16registerMatchersEPNS_12ast_matchers11MatchFinderE
FNDA:3231,_ZN5clang4tidy10automotive33AvoidPointerArithmeticBoundsCheck5checkERKNS_12ast_matchers11MatchFinder11MatchResultE
FNDA:1997,_ZNK5clang4tidy10automotive33AvoidPointerArithmeticBoundsCheck22getPointerNestingLevelENS_8QualTypeE
FNF:3
FNH:3
DA:17,115
DA:19,115
DA:20,115
DA:21,115
DA:22,115
DA:23,115
DA:26,115
DA:27,115
DA:28,115
DA:29,115
DA:30,115
DA:33,115
DA:34,115
DA:37,3231
DA:39,3231
DA:40,1
DA:41,0
DA:43,1
DA:44,1
DA:45,1
DA:46,1
DA:47,1
DA:50,3230
DA:51,3
DA:52,0
DA:54,3
DA:55,3
DA:56,3
DA:57,3
DA:58,3
DA:61,3227
DA:62,3227
DA:63,1230
DA:65,1997
DA:66,1997
DA:67,0
DA:68,0
DA:69,0
DA:70,0
DA:71,1997
DA:72,3227
DA:75,1997
DA:76,1997
DA:77,2700
DA:78,703
DA:79,703
DA:80,703
DA:81,1997
DA:82,1997
BRDA:39,0,0,1
BRDA:39,0,1,3230
BRDA:40,0,0,0
BRDA:40,0,1,1
BRDA:50,0,0,3
BRDA:50,0,1,3227
BRDA:51,0,0,0
BRDA:51,0,1,3
BRDA:61,0,0,3227
BRDA:61,0,1,0
BRDA:62,0,0,1230
BRDA:62,0,1,1997
BRDA:66,0,0,0
BRDA:66,0,1,1997
BRDA:77,0,0,703
BRDA:77,0,1,1997
BRF:16
BRH:12
LF:49
LH:43
end_of_record
SF:src/automotive/array/AvoidPointerArithmeticBoundsCheck.h
FN:39,_ZN5clang4tidy10automotive33AvoidPointerArithmeticBoundsCheckC2EN4llvm9StringRefEPNS0_16ClangTidyContextE
FN:42,_ZN5clang4tidy10automotive33AvoidPointerArithmeticBoundsCheckD2Ev
FNDA:115,_ZN5clang4tidy10automotive33AvoidPointerArithmeticBoundsCheckC2EN4llvm9StringRefEPNS0_16ClangTidyContextE
FNDA:115,_ZN5clang4tidy10automotive33AvoidPointerArithmeticBoundsCheckD2Ev
FNF:2
FNH:2
DA:39,115
DA:42,115
BRF:0
BRH:0
LF:2
LH:2
end_of_record
SF:src/automotive/array/AvoidPointerArithmeticCheck.cpp
FN:17,_ZN5clang4tidy10automotive27AvoidPointerArithmeticCheck16registerMatchersEPNS_12ast_matchers11MatchFinderE
FN:32,_ZN5clang4tidy10automotive27AvoidPointerArithmeticCheck5checkERKNS_12ast_matchers11MatchFinder11MatchResultE
FNDA:115,_ZN5clang4tidy10automotive27AvoidPointerArithmeticCheck16registerMatchersEPNS_12ast_matchers11MatchFinderE
FNDA:26,_ZN5clang4tidy10automotive27AvoidPointerArithmeticCheck5checkERKNS_12ast_matchers11MatchFinder11MatchResultE
FNF:2
FNH:2
DA:17,115
DA:19,115
DA:20,115
DA:21,115
DA:22,115
DA:25,115
DA:26,115
DA:27,115
DA:28,115
DA:29,115
DA:32,26
DA:34,26
DA:35,26
DA:37,26
DA:38,14
DA:39,14
DA:43,14
DA:44,14
DA:45,14
DA:46,3
DA:47,3
DA:48,14
DA:49,12
DA:50,12
DA:51,12
DA:52,12
DA:53,0
DA:54,0
DA:56,23
DA:57,0
DA:59,23
DA:60,23
DA:61,23
DA:62,23
BRDA:37,0,0,14
BRDA:37,0,1,12
BRDA:43,0,0,6
BRDA:43,0,1,8
BRDA:43,1,2,3
BRDA:43,1,3,11
BRDA:44,0,0,6
BRDA:44,0,1,0
BRDA:45,0,0,3
BRDA:45,0,1,3
BRDA:48,0,0,12
BRDA:48,0,1,0
BRDA:56,0,0,0
BRDA:56,0,1,23
BRDA:56,1,2,0
BRDA:56,1,3,23
BRF:16
BRH:12
LF:34
LH:31
end_of_record
SF:src/automotive/array/AvoidPointerArithmeticCheck.h
FN:45,_ZN5clang4tidy10automotive27AvoidPointerArithmeticCheckC2EN4llvm9StringRefEPNS0_16ClangTidyContextE
FN:48,_ZN5clang4tidy10automotive27AvoidPointerArithmeticCheckD2Ev
FNDA:115,_ZN5clang4tidy10automotive27AvoidPointerArithmeticCheckC2EN4llvm9StringRefEPNS0_16ClangTidyContextE
FNDA:115,_ZN5clang4tidy10automotive27AvoidPointerArithmeticCheckD2Ev
FNF:2
FNH:2
DA:45,115
DA:48,115
BRF:0
BRH:0
LF:2
LH:2
end_of_record
SF:src/automotive/array/AvoidVariableLengthArrayCheck.cpp
FN:18,_ZN5clang4tidy10automotive29AvoidVariableLengthArrayCheck16registerMatchersEPNS_12ast_matchers11MatchFinderE
FN:24,_ZN5clang4tidy10automotive29AvoidVariableLengthArrayCheck5checkERKNS_12ast_matchers11MatchFinder11MatchResultE
FN:34,AvoidVariableLengthArrayCheck.cpp:_ZN5clang4tidy10automotiveL9getLBraceEPKNS_7TypeLocE
FNDA:115,_ZN5clang4tidy10automotive29AvoidVariableLengthArrayCheck16registerMatchersEPNS_12ast_matchers11MatchFinderE
FNDA:10,_ZN5clang4tidy10automotive29AvoidVariableLengthArrayCheck5checkERKNS_12ast_matchers11MatchFinder11MatchResultE
FNDA:10,AvoidVariableLengthArrayCheck.cpp:_ZN5clang4tidy10automotiveL9getLBraceEPKNS_7TypeLocE
FNF:3
FNH:3
DA:18,115
DA:19,115
DA:20,115
DA:21,115
DA:24,10
DA:25,10
DA:27,10
DA:28,0
DA:29,0
DA:31,10
DA:32,10
DA:34,10
DA:35,10
DA:36,10
DA:38,10
DA:39,10
DA:40,10
DA:41,0
DA:42,0
DA:43,10
BRDA:27,0,0,0
BRDA:27,0,1,10
BRDA:38,0,0,10
BRDA:38,0,1,0
BRF:4
BRH:2
LF:20
LH:16
end_of_record
SF:src/automotive/array/AvoidVariableLengthArrayCheck.h
FN:38,_ZN5clang4tidy10automotive29AvoidVariableLengthArrayCheckC2EN4llvm9StringRefEPNS0_16ClangTidyContextE
FN:41,_ZN5clang4tidy10automotive29AvoidVariableLengthArrayCheckD2Ev
FNDA:115,_ZN5clang4tidy10automotive29AvoidVariableLengthArrayCheckC2EN4llvm9StringRefEPNS0_16ClangTidyContextE
FNDA:115,_ZN5clang4tidy10automotive29AvoidVariableLengthArrayCheckD2Ev
FNF:2
FNH:2
DA:38,115
DA:41,115
BRF:0
BRH:0
LF:2
LH:2
end_of_record
SF:src/automotive/array/MissingExternalArraySizeCheck.cpp
FN:16,_ZN5clang4tidy10automotive29MissingExternalArraySizeCheck16registerMatchersEPNS_12ast_matchers11MatchFinderE
FN:24,_ZN5clang4tidy10automotive29MissingExternalArraySizeCheck5checkERKNS_12ast_matchers11MatchFinder11MatchResultE
FNDA:115,_ZN5clang4tidy10automotive29MissingExternalArraySizeCheck16registerMatchersEPNS_12ast_matchers11MatchFinderE
FNDA:3,_ZN5clang4tidy10automotive29MissingExternalArraySizeCheck5checkERKNS_12ast_matchers11MatchFinder11MatchResultE
FNF:2
FNH:2
DA:16,115
DA:17,115
DA:18,115
DA:19,115
DA:20,115
DA:21,115
DA:24,3
DA:25,3
DA:27,3
DA:28,3
DA:29,3
DA:30,3
DA:31,3
DA:32,3
BRDA:27,0,0,3
BRDA:27,0,1,0
BRF:2
BRH:1
LF:14
LH:14
end_of_record
SF:src/automotive/array/MissingExternalArraySizeCheck.h
FN:36,_ZN5clang4tidy10automotive29MissingExternalArraySizeCheckC2EN4llvm9StringRefEPNS0_16ClangTidyContextE
FN:39,_ZN5clang4tidy10automotive29MissingExternalArraySizeCheckD2Ev
FNDA:115,_ZN5clang4tidy10automotive29MissingExternalArraySizeCheckC2EN4llvm9StringRefEPNS0_16ClangTidyContextE
FNDA:115,_ZN5clang4tidy10automotive29MissingExternalArraySizeCheckD2Ev
FNF:2
FNH:2
DA:36,115
DA:39,115
BRF:0
BRH:0
LF:2
LH:2
end_of_record
SF:src/automotive/bitfield/AvoidBitfieldInUnionCheck.cpp
FN:17,_ZN5clang4tidy10automotive25AvoidBitfieldInUnionCheck16registerMatchersEPNS_12ast_matchers11MatchFinderE
FN:23,_ZN5clang4tidy10automotive25AvoidBitfieldInUnionCheck5checkERKNS_12ast_matchers11MatchFinder11MatchResultE
FNDA:115,_ZN5clang4tidy10automotive25AvoidBitfieldInUnionCheck16registerMatchersEPNS_12ast_matchers11MatchFinderE
FNDA:4,_ZN5clang4tidy10automotive25AvoidBitfieldInUnionCheck5checkERKNS_12ast_matchers11MatchFinder11MatchResultE
FNF:2
FNH:2
DA:17,115
DA:18,115
DA:19,115
DA:20,115
DA:21,115
DA:23,4
DA:24,4
DA:25,4
DA:27,4
DA:28,4
DA:29,4
DA:30,4
BRDA:27,0,0,4
BRDA:27,0,1,0
BRF:2
BRH:1
LF:12
LH:12
end_of_record
SF:src/automotive/bitfield/AvoidBitfieldInUnionCheck.h
FN:39,_ZN5clang4tidy10automotive25AvoidBitfieldInUnionCheckC2EN4llvm9StringRefEPNS0_16ClangTidyContextE
FN:42,_ZN5clang4tidy10automotive25AvoidBitfieldInUnionCheckD2Ev
FNDA:115,_ZN5clang4tidy10automotive25AvoidBitfieldInUnionCheckC2EN4llvm9StringRefEPNS0_16ClangTidyContextE
FNDA:115,_ZN5clang4tidy10automotive25AvoidBitfieldInUnionCheckD2Ev
FNF:2
FNH:2
DA:39,115
DA:42,115
BRF:0
BRH:0
LF:2
LH:2
end_of_record
SF:src/automotive/bitfield/AvoidSignedSingleBitFieldCheck.cpp
FN:17,_ZN5clang4tidy10automotive30AvoidSignedSingleBitFieldCheck16registerMatchersEPNS_12ast_matchers11MatchFinderE
FN:25,_ZN5clang4tidy10automotive30AvoidSignedSingleBitFieldCheck5checkERKNS_12ast_matchers11MatchFinder11MatchResultE
FNDA:115,_ZN5clang4tidy10automotive30AvoidSignedSingleBitFieldCheck16registerMatchersEPNS_12ast_matchers11MatchFinderE
FNDA:5,_ZN5clang4tidy10automotive30AvoidSignedSingleBitFieldCheck5checkERKNS_12ast_matchers11MatchFinder11MatchResultE
FNF:2
FNH:2
DA:17,115
DA:18,115
DA:19,115
DA:20,115
DA:21,115
DA:22,115
DA:25,5
DA:26,5
DA:28,5
DA:29,5
DA:30,5
DA:31,5
DA:32,5
BRDA:28,0,0,5
BRDA:28,0,1,0
BRF:2
BRH:1
LF:13
LH:13
end_of_record
SF:src/automotive/bitfield/AvoidSignedSingleBitFieldCheck.h
FN:40,_ZN5clang4tidy10automotive30AvoidSignedSingleBitFieldCheckC2EN4llvm9StringRefEPNS0_16ClangTidyContextE
FN:43,_ZN5clang4tidy10automotive30AvoidSignedSingleBitFieldCheckD2Ev
FNDA:115,_ZN5clang4tidy10automotive30AvoidSignedSingleBitFieldCheckC2EN4llvm9StringRefEPNS0_16ClangTidyContextE
FNDA:115,_ZN5clang4tidy10automotive30AvoidSignedSingleBitFieldCheckD2Ev
FNF:2
FNH:2
DA:40,115
DA:43,115
BRF:0
BRH:0
LF:2
LH:2
end_of_record
SF:src/automotive/bitfield/BitfieldComponent.cpp
FN:17,_ZN5clang4tidy10automotive17BitfieldComponent17addCheckFactoriesERNS0_23ClangTidyCheckFactoriesE
FNDA:230,_ZN5clang4tidy10automotive17BitfieldComponent17addCheckFactoriesERNS0_23ClangTidyCheckFactoriesE
FNF:1
FNH:1
DA:17,230
DA:19,230
DA:20,230
DA:21,230
DA:22,230
DA:23,230
DA:24,230
DA:25,230
BRF:0
BRH:0
LF:8
LH:8
end_of_record
SF:src/automotive/bitfield/WrongBitfieldTypeCheck.cpp
FN:17,_ZN5clang4tidy10automotive22WrongBitfieldTypeCheck16registerMatchersEPNS_12ast_matchers11MatchFinderE
FN:27,_ZN5clang4tidy10automotive22WrongBitfieldTypeCheck5checkERKNS_12ast_matchers11MatchFinder11MatchResultE
FNDA:115,_ZN5clang4tidy10automotive22WrongBitfieldTypeCheck16registerMatchersEPNS_12ast_matchers11MatchFinderE
FNDA:16,_ZN5clang4tidy10automotive22WrongBitfieldTypeCheck5checkERKNS_12ast_matchers11MatchFinder11MatchResultE
FNF:2
FNH:2
DA:17,115
DA:18,115
DA:19,115
DA:20,115
DA:21,115
DA:22,115
DA:23,115
DA:24,115
DA:25,115
DA:27,16
DA:29,16
DA:31,16
DA:32,0
DA:33,0
DA:35,16
DA:36,16
BRDA:31,0,0,0
BRDA:31,0,1,16
BRF:2
BRH:1
LF:16
LH:14
end_of_record
SF:src/automotive/bitfield/WrongBitfieldTypeCheck.h
FN:39,_ZN5clang4tidy10automotive22WrongBitfieldTypeCheckC2EN4llvm9StringRefEPNS0_16ClangTidyContextE
FN:42,_ZN5clang4tidy10automotive22WrongBitfieldTypeCheckD2Ev
FNDA:115,_ZN5clang4tidy10automotive22WrongBitfieldTypeCheckC2EN4llvm9StringRefEPNS0_16ClangTidyContextE
FNDA:115,_ZN5clang4tidy10automotive22WrongBitfieldTypeCheckD2Ev
FNF:2
FNH:2
DA:39,115
DA:42,115
BRF:0
BRH:0
LF:2
LH:2
end_of_record
SF:src/automotive/comment/AvoidCommentWithinCommentCheck.cpp
FN:37,_ZN5clang4tidy10automotive30AvoidCommentWithinCommentCheck19registerPPCallbacksERKNS_13SourceManagerEPNS_12PreprocessorES7_
FN:43,_ZN5clang4tidy10automotive30AvoidCommentWithinCommentCheck22InternalCommentHandlerC2ERS2_
FN:50,_ZN5clang4tidy10automotive30AvoidCommentWithinCommentCheck22InternalCommentHandler13HandleCommentERNS_12PreprocessorENS_11SourceRangeE
FN:66,_ZN5clang4tidy10automotive30AvoidCommentWithinCommentCheck22InternalCommentHandler12CheckCommentENS_14SourceLocationEN4llvm9StringRefE
FN:119,AvoidCommentWithinCommentCheck.cpp:_ZN5clang4tidy10automotiveL12getNextStateENS1_5StateEc
FN:148,AvoidCommentWithinCommentCheck.cpp:_ZN5clang4tidy10automotiveL23stateExpectCommentStartEc
FN:161,AvoidCommentWithinCommentCheck.cpp:_ZN5clang4tidy10automotiveL21stateExpectCommentEndEc
FN:132,AvoidCommentWithinCommentCheck.cpp:_ZN5clang4tidy10automotiveL11stateNormalEc
FNDA:115,_ZN5clang4tidy10automotive30AvoidCommentWithinCommentCheck19registerPPCallbacksERKNS_13SourceManagerEPNS_12PreprocessorES7_
FNDA:115,_ZN5clang4tidy10automotive30AvoidCommentWithinCommentCheck22InternalCommentHandlerC2ERS2_
FNDA:10159,_ZN5clang4tidy10automotive30AvoidCommentWithinCommentCheck22InternalCommentHandler13HandleCommentERNS_12PreprocessorENS_11SourceRangeE
FNDA:10159,_ZN5clang4tidy10automotive30AvoidCommentWithinCommentCheck22InternalCommentHandler12CheckCommentENS_14SourceLocationEN4llvm9StringRefE
FNDA:1390655,AvoidCommentWithinCommentCheck.cpp:_ZN5clang4tidy10automotiveL12getNextStateENS1_5StateEc
FNDA:5728,AvoidCommentWithinCommentCheck.cpp:_ZN5clang4tidy10automotiveL23stateExpectCommentStartEc
FNDA:8936,AvoidCommentWithinCommentCheck.cpp:_ZN5clang4tidy10automotiveL21stateExpectCommentEndEc
FNDA:1375991,AvoidCommentWithinCommentCheck.cpp:_ZN5clang4tidy10automotiveL11stateNormalEc
FNF:8
FNH:8
DA:37,115
DA:38,115
DA:39,115
DA:43,115
DA:44,1035
DA:45,1035
DA:46,1035
DA:47,115
DA:50,10159
DA:52,10159
DA:53,10159
DA:54,10159
DA:56,10159
DA:57,10159
DA:58,10159
DA:59,10159
DA:60,10159
DA:62,10159
DA:63,10159
DA:66,10159
DA:68,10159
DA:69,10159
DA:70,10159
DA:72,1400814
DA:73,1390655
DA:75,1390655
DA:76,330
DA:77,330
DA:78,330
DA:79,330
DA:80,330
DA:82,10
DA:83,10
DA:84,10
DA:85,10
DA:86,10
DA:88,2
DA:89,2
DA:90,2
DA:91,2
DA:92,2
DA:94,5390
DA:95,5390
DA:97,5390
DA:98,546
DA:99,3274
DA:100,2728
DA:101,2728
DA:102,546
DA:104,546
DA:105,0
DA:106,0
DA:107,0
DA:108,0
DA:109,546
DA:110,546
DA:111,5390
DA:113,1384923
DA:114,1384923
DA:115,1390655
DA:116,1390655
DA:117,10159
DA:119,1390655
DA:120,1390655
DA:121,5728
DA:122,5728
DA:124,8936
DA:125,8936
DA:127,1375991
DA:128,1375991
DA:129,1390655
DA:130,1390655
DA:132,1375991
DA:133,1375991
DA:134,5838
DA:135,5838
DA:137,8940
DA:138,8940
DA:140,5390
DA:141,5390
DA:143,1355823
DA:144,1355823
DA:145,1375991
DA:146,1375991
DA:148,5728
DA:149,5728
DA:150,330
DA:151,330
DA:153,10
DA:154,10
DA:156,5388
DA:157,5388
DA:158,5728
DA:159,5728
DA:161,8936
DA:162,8936
DA:163,2
DA:164,2
DA:166,8934
DA:167,8934
DA:168,8936
DA:169,8936
BRDA:44,0,0,1035
BRDA:44,0,1,115
BRDA:57,0,0,10159
BRDA:57,0,1,0
BRDA:72,0,0,1390655
BRDA:72,0,1,10159
BRDA:76,0,0,330
BRDA:76,0,1,1390325
BRDA:82,0,0,10
BRDA:82,0,1,1390645
BRDA:88,0,0,2
BRDA:88,0,1,1390653
BRDA:94,0,0,5390
BRDA:94,0,1,1385265
BRDA:97,0,0,546
BRDA:97,0,1,4844
BRDA:99,0,0,3274
BRDA:99,0,1,0
BRDA:99,1,2,2728
BRDA:99,1,3,546
BRDA:104,0,0,0
BRDA:104,0,1,546
BRDA:113,0,0,1384923
BRDA:113,0,1,5732
BRDA:121,0,0,5728
BRDA:121,0,1,1384927
BRDA:124,0,0,8936
BRDA:124,0,1,1381719
BRDA:127,0,0,1375991
BRDA:127,0,1,14664
BRDA:134,0,0,5838
BRDA:134,0,1,1370153
BRDA:137,0,0,8940
BRDA:137,0,1,1367051
BRDA:140,0,0,5390
BRDA:140,0,1,1370601
BRDA:143,0,0,1355823
BRDA:143,0,1,20168
BRDA:150,0,0,330
BRDA:150,0,1,5398
BRDA:153,0,0,10
BRDA:153,0,1,5718
BRDA:156,0,0,5388
BRDA:156,0,1,340
BRDA:163,0,0,2
BRDA:163,0,1,8934
BRDA:166,0,0,8934
BRDA:166,0,1,2
BRF:48
BRH:45
LF:102
LH:98
end_of_record
SF:src/automotive/comment/AvoidCommentWithinCommentCheck.h
FN:39,_ZN5clang4tidy10automotive30AvoidCommentWithinCommentCheckC2EN4llvm9StringRefEPNS0_16ClangTidyContextEi
FN:55,_ZN5clang4tidy10automotive30AvoidCommentWithinCommentCheck22InternalCommentHandlerD2Ev
FN:42,_ZN5clang4tidy10automotive30AvoidCommentWithinCommentCheckD2Ev
FNDA:115,_ZN5clang4tidy10automotive30AvoidCommentWithinCommentCheckC2EN4llvm9StringRefEPNS0_16ClangTidyContextEi
FNDA:115,_ZN5clang4tidy10automotive30AvoidCommentWithinCommentCheck22InternalCommentHandlerD2Ev
FNDA:115,_ZN5clang4tidy10automotive30AvoidCommentWithinCommentCheckD2Ev
FNF:3
FNH:3
DA:39,115
DA:42,115
DA:55,115
BRF:0
BRH:0
LF:3
LH:3
end_of_record
SF:src/automotive/comment/AvoidLinesplicingWithinCommentCheck.cpp
FN:15,_ZN5clang4tidy10automotive35AvoidLinesplicingWithinCommentCheck22InternalCommentHandler13HandleCommentERNS_12PreprocessorENS_11SourceRangeE
FN:64,_ZN5clang4tidy10automotive35AvoidLinesplicingWithinCommentCheck19registerPPCallbacksERKNS_13SourceManagerEPNS_12PreprocessorES7_
FNDA:10159,_ZN5clang4tidy10automotive35AvoidLinesplicingWithinCommentCheck22InternalCommentHandler13HandleCommentERNS_12PreprocessorENS_11SourceRangeE
FNDA:115,_ZN5clang4tidy10automotive35AvoidLinesplicingWithinCommentCheck19registerPPCallbacksERKNS_13SourceManagerEPNS_12PreprocessorES7_
FNF:2
FNH:2
DA:15,10159
DA:16,10159
DA:17,10159
DA:18,10159
DA:20,10159
DA:21,10159
DA:23,10159
DA:24,3182
DA:26,3182
DA:27,3192
DA:28,10
DA:30,10
DA:31,10
DA:32,10
DA:33,0
DA:34,0
DA:35,0
DA:36,0
DA:37,10
DA:38,10
DA:40,3182
DA:41,0
DA:43,0
DA:44,0
DA:45,0
DA:47,0
DA:48,0
DA:49,0
DA:50,0
DA:52,0
DA:53,0
DA:54,0
DA:55,0
DA:56,0
DA:57,0
DA:58,0
DA:59,3182
DA:60,10159
DA:61,10159
DA:64,115
DA:66,115
DA:67,115
BRDA:23,0,0,3182
BRDA:23,0,1,6977
BRDA:27,0,0,10
BRDA:27,0,1,3182
BRDA:30,0,0,10
BRDA:30,0,1,0
BRDA:40,0,0,0
BRDA:40,0,1,3182
BRDA:40,1,2,-
BRDA:40,1,3,-
BRDA:44,0,0,-
BRDA:44,0,1,-
BRF:12
BRH:6
LF:42
LH:23
end_of_record
SF:src/automotive/comment/AvoidLinesplicingWithinCommentCheck.h
FN:38,_ZN5clang4tidy10automotive35AvoidLinesplicingWithinCommentCheckC2EN4llvm9StringRefEPNS0_16ClangTidyContextE
FN:55,_ZN5clang4tidy10automotive35AvoidLinesplicingWithinCommentCheck22InternalCommentHandlerC2ERNS0_14ClangTidyCheckEb
FN:56,_ZN5clang4tidy10automotive35AvoidLinesplicingWithinCommentCheck22InternalCommentHandlerD2Ev
FN:42,_ZN5clang4tidy10automotive35AvoidLinesplicingWithinCommentCheckD2Ev
FNDA:115,_ZN5clang4tidy10automotive35AvoidLinesplicingWithinCommentCheckC2EN4llvm9StringRefEPNS0_16ClangTidyContextE
FNDA:115,_ZN5clang4tidy10automotive35AvoidLinesplicingWithinCommentCheck22InternalCommentHandlerC2ERNS0_14ClangTidyCheckEb
FNDA:115,_ZN5clang4tidy10automotive35AvoidLinesplicingWithinCommentCheck22InternalCommentHandlerD2Ev
FNDA:115,_ZN5clang4tidy10automotive35AvoidLinesplicingWithinCommentCheckD2Ev
FNF:4
FNH:4
DA:38,115
DA:39,115
DA:42,115
DA:55,115
DA:56,115
BRF:0
BRH:0
LF:5
LH:5
end_of_record
SF:src/automotive/comment/CommentComponent.cpp
FN:16,_ZN5clang4tidy10automotive16CommentComponent17addCheckFactoriesERNS0_23ClangTidyCheckFactoriesE
FNDA:230,_ZN5clang4tidy10automotive16CommentComponent17addCheckFactoriesERNS0_23ClangTidyCheckFactoriesE
FNF:1
FNH:1
DA:16,230
DA:18,230
DA:19,230
DA:20,230
DA:21,230
DA:22,230
BRF:0
BRH:0
LF:6
LH:6
end_of_record
SF:src/automotive/comment/CommentMatch.h
FN:29,_ZN5clang4tidy10automotive12matchCommentEN4llvm9StringRefE
FN:24,_ZNK5clang4tidy10automotive12CommentMatch7isValidEv
FN:25,_ZNK5clang4tidy10automotive12CommentMatch11isMultiLineEv
FN:26,_ZNK5clang4tidy10automotive12CommentMatch12isSingleLineEv
FNDA:20318,_ZN5clang4tidy10automotive12matchCommentEN4llvm9StringRefE
FNDA:10159,_ZNK5clang4tidy10automotive12CommentMatch7isValidEv
FNDA:0,_ZNK5clang4tidy10automotive12CommentMatch11isMultiLineEv
FNDA:10159,_ZNK5clang4tidy10automotive12CommentMatch12isSingleLineEv
FNF:4
FNH:3
DA:24,10159
DA:25,0
DA:26,10159
DA:29,20318
DA:30,20318
DA:31,20318
DA:33,20318
DA:34,20318
DA:35,20318
DA:37,20318
DA:38,13954
DA:39,13954
DA:40,13954
DA:42,13954
DA:43,13954
DA:44,13954
DA:45,13954
DA:47,13954
DA:48,13954
DA:49,13954
DA:51,6364
DA:52,6364
DA:53,6364
DA:54,6364
DA:55,6364
DA:56,20318
DA:57,0
DA:58,20318
BRDA:30,0,0,20318
BRDA:30,0,1,0
BRDA:37,0,0,20318
BRDA:37,0,1,0
BRDA:37,1,2,13954
BRDA:37,1,3,6364
BRDA:42,0,0,13954
BRDA:42,0,1,0
BRDA:42,1,2,13954
BRDA:42,1,3,0
BRDA:51,0,0,6364
BRDA:51,0,1,0
BRDA:51,1,2,6364
BRDA:51,1,3,0
BRF:14
BRH:8
LF:28
LH:26
end_of_record
SF:src/automotive/cpp23/AvoidCStyleCastCheck.cpp
FN:17,_ZN5clang4tidy10automotive20AvoidCStyleCastCheck16registerMatchersEPNS_12ast_matchers11MatchFinderE
FN:26,_ZN5clang4tidy10automotive20AvoidCStyleCastCheck5checkERKNS_12ast_matchers11MatchFinder11MatchResultE
FNDA:6,_ZN5clang4tidy10automotive20AvoidCStyleCastCheck16registerMatchersEPNS_12ast_matchers11MatchFinderE
FNDA:22,_ZN5clang4tidy10automotive20AvoidCStyleCastCheck5checkERKNS_12ast_matchers11MatchFinder11MatchResultE
FNF:2
FNH:2
DA:17,6
DA:19,6
DA:20,0
DA:23,6
DA:24,6
DA:26,22
DA:27,22
DA:28,22
DA:29,0
DA:32,22
DA:33,0
DA:36,22
DA:37,0
DA:39,22
DA:40,22
DA:41,22
DA:42,22
BRDA:19,0,0,0
BRDA:19,0,1,6
BRDA:28,0,0,0
BRDA:28,0,1,22
BRDA:32,0,0,0
BRDA:32,0,1,22
BRDA:36,0,0,0
BRDA:36,0,1,22
BRF:8
BRH:4
LF:17
LH:13
end_of_record
SF:src/automotive/cpp23/AvoidCStyleCastCheck.h
FN:39,_ZN5clang4tidy10automotive20AvoidCStyleCastCheckC2EN4llvm9StringRefEPNS0_16ClangTidyContextE
FN:47,_ZNK5clang4tidy10automotive20AvoidCStyleCastCheck26isLanguageVersionSupportedERKNS_11LangOptionsE
FN:42,_ZN5clang4tidy10automotive20AvoidCStyleCastCheckD2Ev
FNDA:115,_ZN5clang4tidy10automotive20AvoidCStyleCastCheckC2EN4llvm9StringRefEPNS0_16ClangTidyContextE
FNDA:115,_ZNK5clang4tidy10automotive20AvoidCStyleCastCheck26isLanguageVersionSupportedERKNS_11LangOptionsE
FNDA:115,_ZN5clang4tidy10automotive20AvoidCStyleCastCheckD2Ev
FNF:3
FNH:3
DA:39,115
DA:42,115
DA:47,115
DA:48,115
DA:49,115
BRF:0
BRH:0
LF:5
LH:5
end_of_record
SF:src/automotive/cpp23/AvoidSlicingCheck.cpp
FN:17,_ZN5clang4tidy10automotive17AvoidSlicingCheck16registerMatchersEPNS_12ast_matchers11MatchFinderE
FN:47,_ZN5clang4tidy10automotive17AvoidSlicingCheck5checkERKNS_12ast_matchers11MatchFinder11MatchResultE
FN:41,AvoidSlicingCheck.cpp:_ZN5clang4tidy10automotiveL9isSlicingEPKNS_13CXXRecordDeclES4_
FNDA:6,_ZN5clang4tidy10automotive17AvoidSlicingCheck16registerMatchersEPNS_12ast_matchers11MatchFinderE
FNDA:12,_ZN5clang4tidy10automotive17AvoidSlicingCheck5checkERKNS_12ast_matchers11MatchFinder11MatchResultE
FNDA:12,AvoidSlicingCheck.cpp:_ZN5clang4tidy10automotiveL9isSlicingEPKNS_13CXXRecordDeclES4_
FNF:3
FNH:3
DA:17,6
DA:19,6
DA:20,0
DA:24,6
DA:25,6
DA:26,6
DA:27,6
DA:28,6
DA:29,6
DA:32,6
DA:33,6
DA:34,6
DA:35,6
DA:36,6
DA:37,6
DA:41,12
DA:42,12
DA:43,0
DA:44,12
DA:45,12
DA:47,12
DA:49,12
DA:50,12
DA:51,5
DA:52,0
DA:54,5
DA:55,5
DA:57,5
DA:58,3
DA:59,3
DA:60,3
DA:61,3
DA:62,3
DA:63,5
DA:64,5
DA:67,7
DA:68,7
DA:69,0
DA:71,7
DA:72,0
DA:74,7
DA:75,7
DA:76,7
DA:78,7
DA:79,0
DA:80,0
DA:81,0
DA:82,0
DA:83,0
DA:84,7
BRDA:19,0,0,0
BRDA:19,0,1,6
BRDA:42,0,0,0
BRDA:42,0,1,12
BRDA:42,1,2,0
BRDA:42,1,3,12
BRDA:44,0,0,3
BRDA:44,0,1,9
BRDA:44,1,2,3
BRDA:44,1,3,0
BRDA:49,0,0,5
BRDA:49,0,1,7
BRDA:51,0,0,0
BRDA:51,0,1,5
BRDA:57,0,0,3
BRDA:57,0,1,2
BRDA:68,0,0,0
BRDA:68,0,1,7
BRDA:71,0,0,0
BRDA:71,0,1,7
BRDA:78,0,0,0
BRDA:78,0,1,7
BRF:22
BRH:14
LF:50
LH:40
end_of_record
SF:src/automotive/cpp23/AvoidSlicingCheck.h
FN:43,_ZN5clang4tidy10automotive17AvoidSlicingCheckC2EN4llvm9StringRefEPNS0_16ClangTidyContextE
FN:51,_ZNK5clang4tidy10automotive17AvoidSlicingCheck26isLanguageVersionSupportedERKNS_11LangOptionsE
FN:46,_ZN5clang4tidy10automotive17AvoidSlicingCheckD2Ev
FNDA:115,_ZN5clang4tidy10automotive17AvoidSlicingCheckC2EN4llvm9StringRefEPNS0_16ClangTidyContextE
FNDA:115,_ZNK5clang4tidy10automotive17AvoidSlicingCheck26isLanguageVersionSupportedERKNS_11LangOptionsE
FNDA:115,_ZN5clang4tidy10automotive17AvoidSlicingCheckD2Ev
FNF:3
FNH:3
DA:43,115
DA:46,115
DA:51,115
DA:52,115
DA:53,115
BRF:0
BRH:0
LF:5
LH:5
end_of_record
SF:src/automotive/cpp23/Cpp23Component.cpp
FN:19,_ZN5clang4tidy10automotive14Cpp23Component17addCheckFactoriesERNS0_23ClangTidyCheckFactoriesE
FNDA:230,_ZN5clang4tidy10automotive14Cpp23Component17addCheckFactoriesERNS0_23ClangTidyCheckFactoriesE
FNF:1
FNH:1
DA:19,230
DA:22,230
DA:23,230
DA:26,230
DA:30,230
DA:31,230
DA:34,230
DA:35,230
DA:38,230
DA:39,230
DA:40,230
BRF:0
BRH:0
LF:11
LH:11
end_of_record
SF:src/automotive/cpp23/ExplicitConstructorCheck.cpp
FN:17,_ZN5clang4tidy10automotive24ExplicitConstructorCheck16registerMatchersEPNS_12ast_matchers11MatchFinderE
FN:30,_ZN5clang4tidy10automotive24ExplicitConstructorCheck5checkERKNS_12ast_matchers11MatchFinder11MatchResultE
FNDA:6,_ZN5clang4tidy10automotive24ExplicitConstructorCheck16registerMatchersEPNS_12ast_matchers11MatchFinderE
FNDA:10,_ZN5clang4tidy10automotive24ExplicitConstructorCheck5checkERKNS_12ast_matchers11MatchFinder11MatchResultE
FNF:2
FNH:2
DA:17,6
DA:18,6
DA:19,0
DA:22,6
DA:23,6
DA:24,6
DA:25,6
DA:26,6
DA:27,6
DA:28,6
DA:30,10
DA:31,10
DA:32,10
DA:33,0
DA:36,10
DA:37,0
DA:40,10
DA:41,0
DA:44,10
DA:45,3
DA:48,7
DA:49,13
DA:50,13
DA:51,10
DA:52,13
DA:55,7
DA:56,7
DA:57,7
DA:59,7
DA:60,2
DA:63,5
DA:66,5
DA:67,5
DA:68,5
DA:69,5
DA:72,5
DA:73,0
DA:75,5
DA:76,5
DA:77,5
DA:78,5
DA:79,5
BRDA:18,0,0,0
BRDA:18,0,1,6
BRDA:32,0,0,0
BRDA:32,0,1,10
BRDA:36,0,0,0
BRDA:36,0,1,10
BRDA:40,0,0,0
BRDA:40,0,1,10
BRDA:44,0,0,3
BRDA:44,0,1,7
BRDA:49,0,0,13
BRDA:49,0,1,7
BRDA:50,0,0,10
BRDA:50,0,1,3
BRDA:56,0,0,3
BRDA:56,0,1,4
BRDA:57,0,0,2
BRDA:57,0,1,2
BRDA:57,1,2,2
BRDA:57,1,3,0
BRDA:59,0,0,2
BRDA:59,0,1,5
BRDA:72,0,0,0
BRDA:72,0,1,5
BRF:24
BRH:18
LF:42
LH:37
end_of_record
SF:src/automotive/cpp23/ExplicitConstructorCheck.h
FN:41,_ZN5clang4tidy10automotive24ExplicitConstructorCheckC2EN4llvm9StringRefEPNS0_16ClangTidyContextE
FN:49,_ZNK5clang4tidy10automotive24ExplicitConstructorCheck26isLanguageVersionSupportedERKNS_11LangOptionsE
FN:44,_ZN5clang4tidy10automotive24ExplicitConstructorCheckD2Ev
FNDA:115,_ZN5clang4tidy10automotive24ExplicitConstructorCheckC2EN4llvm9StringRefEPNS0_16ClangTidyContextE
FNDA:115,_ZNK5clang4tidy10automotive24ExplicitConstructorCheck26isLanguageVersionSupportedERKNS_11LangOptionsE
FNDA:115,_ZN5clang4tidy10automotive24ExplicitConstructorCheckD2Ev
FNF:3
FNH:3
DA:41,115
DA:44,115
DA:49,115
DA:50,115
DA:51,115
BRF:0
BRH:0
LF:5
LH:5
end_of_record
SF:src/automotive/cpp23/NoexceptMoveCheck.cpp
FN:17,_ZN5clang4tidy10automotive17NoexceptMoveCheck16registerMatchersEPNS_12ast_matchers11MatchFinderE
FN:35,_ZN5clang4tidy10automotive17NoexceptMoveCheck5checkERKNS_12ast_matchers11MatchFinder11MatchResultE
FNDA:6,_ZN5clang4tidy10automotive17NoexceptMoveCheck16registerMatchersEPNS_12ast_matchers11MatchFinderE
FNDA:9,_ZN5clang4tidy10automotive17NoexceptMoveCheck5checkERKNS_12ast_matchers11MatchFinder11MatchResultE
FNF:2
FNH:2
DA:17,6
DA:18,6
DA:19,0
DA:22,6
DA:23,6
DA:24,6
DA:25,6
DA:26,6
DA:29,6
DA:30,6
DA:31,6
DA:32,6
DA:33,6
DA:35,9
DA:36,9
DA:37,9
DA:39,9
DA:40,9
DA:41,5
DA:42,5
DA:43,5
DA:44,4
DA:45,4
DA:46,4
DA:47,4
DA:49,9
DA:50,0
DA:53,9
DA:54,0
DA:57,9
DA:58,9
DA:59,0
DA:62,9
DA:65,9
DA:66,4
DA:71,5
DA:72,5
DA:74,5
DA:75,5
BRDA:18,0,0,0
BRDA:18,0,1,6
BRDA:39,0,0,5
BRDA:39,0,1,4
BRDA:43,0,0,4
BRDA:43,0,1,0
BRDA:49,0,0,0
BRDA:49,0,1,9
BRDA:53,0,0,0
BRDA:53,0,1,9
BRDA:58,0,0,0
BRDA:58,0,1,9
BRDA:65,0,0,2
BRDA:65,0,1,7
BRDA:65,1,2,2
BRDA:65,1,3,5
BRDA:72,0,0,3
BRDA:72,0,1,2
BRF:18
BRH:13
LF:39
LH:35
end_of_record
SF:src/automotive/cpp23/NoexceptMoveCheck.h
FN:43,_ZN5clang4tidy10automotive17NoexceptMoveCheckC2EN4llvm9StringRefEPNS0_16ClangTidyContextE
FN:51,_ZNK5clang4tidy10automotive17NoexceptMoveCheck26isLanguageVersionSupportedERKNS_11LangOptionsE
FN:46,_ZN5clang4tidy10automotive17NoexceptMoveCheckD2Ev
FNDA:115,_ZN5clang4tidy10automotive17NoexceptMoveCheckC2EN4llvm9StringRefEPNS0_16ClangTidyContextE
FNDA:115,_ZNK5clang4tidy10automotive17NoexceptMoveCheck26isLanguageVersionSupportedERKNS_11LangOptionsE
FNDA:115,_ZN5clang4tidy10automotive17NoexceptMoveCheckD2Ev
FNF:3
FNH:3
DA:43,115
DA:46,115
DA:51,115
DA:52,115
DA:53,115
BRF:0
BRH:0
LF:5
LH:5
end_of_record
SF:src/automotive/cpp23/VirtualDestructorCheck.cpp
FN:17,_ZN5clang4tidy10automotive22VirtualDestructorCheck16registerMatchersEPNS_12ast_matchers11MatchFinderE
FN:44,_ZN5clang4tidy10automotive22VirtualDestructorCheck5checkERKNS_12ast_matchers11MatchFinder11MatchResultE
FN:31,VirtualDestructorCheck.cpp:_ZN5clang4tidy10automotiveL26hasVirtualDestructorInBaseEPKNS_13CXXRecordDeclE
FNDA:6,_ZN5clang4tidy10automotive22VirtualDestructorCheck16registerMatchersEPNS_12ast_matchers11MatchFinderE
FNDA:12,_ZN5clang4tidy10automotive22VirtualDestructorCheck5checkERKNS_12ast_matchers11MatchFinder11MatchResultE
FNDA:0,VirtualDestructorCheck.cpp:_ZN5clang4tidy10automotiveL26hasVirtualDestructorInBaseEPKNS_13CXXRecordDeclE
FNF:3
FNH:2
DA:17,6
DA:19,6
DA:20,0
DA:23,6
DA:24,6
DA:25,6
DA:26,6
DA:27,6
DA:28,6
DA:31,0
DA:32,0
DA:33,0
DA:34,0
DA:35,0
DA:37,0
DA:38,0
DA:39,0
DA:40,0
DA:41,0
DA:42,0
DA:44,12
DA:45,12
DA:46,12
DA:47,0
DA:50,12
DA:51,0
DA:54,12
DA:57,12
DA:58,0
DA:59,0
DA:60,0
DA:61,0
DA:62,0
DA:63,0
DA:64,0
DA:67,12
DA:68,6
DA:69,6
DA:70,6
DA:71,12
BRDA:19,0,0,0
BRDA:19,0,1,6
BRDA:32,0,0,-
BRDA:32,0,1,-
BRDA:34,0,0,-
BRDA:34,0,1,-
BRDA:34,1,2,-
BRDA:34,1,3,-
BRDA:38,0,0,-
BRDA:38,0,1,-
BRDA:38,1,2,-
BRDA:38,1,3,-
BRDA:46,0,0,0
BRDA:46,0,1,12
BRDA:46,1,2,0
BRDA:46,1,3,12
BRDA:50,0,0,0
BRDA:50,0,1,12
BRDA:57,0,0,0
BRDA:57,0,1,12
BRDA:58,0,0,-
BRDA:58,0,1,-
BRDA:67,0,0,6
BRDA:67,0,1,6
BRF:24
BRH:7
LF:40
LH:19
end_of_record
SF:src/automotive/cpp23/VirtualDestructorCheck.h
FN:44,_ZN5clang4tidy10automotive22VirtualDestructorCheckC2EN4llvm9StringRefEPNS0_16ClangTidyContextE
FN:52,_ZNK5clang4tidy10automotive22VirtualDestructorCheck26isLanguageVersionSupportedERKNS_11LangOptionsE
FN:47,_ZN5clang4tidy10automotive22VirtualDestructorCheckD2Ev
FNDA:115,_ZN5clang4tidy10automotive22VirtualDestructorCheckC2EN4llvm9StringRefEPNS0_16ClangTidyContextE
FNDA:115,_ZNK5clang4tidy10automotive22VirtualDestructorCheck26isLanguageVersionSupportedERKNS_11LangOptionsE
FNDA:115,_ZN5clang4tidy10automotive22VirtualDestructorCheckD2Ev
FNF:3
FNH:3
DA:44,115
DA:47,115
DA:52,115
DA:53,115
DA:54,115
BRF:0
BRH:0
LF:5
LH:5
end_of_record
SF:src/automotive/expression/AvoidAssignmentInExpressionCheck.cpp
FN:18,_ZN5clang4tidy10automotive32AvoidAssignmentInExpressionCheck16registerMatchersEPNS_12ast_matchers11MatchFinderE
FN:26,_ZN5clang4tidy10automotive32AvoidAssignmentInExpressionCheck5checkERKNS_12ast_matchers11MatchFinder11MatchResultE
FNDA:115,_ZN5clang4tidy10automotive32AvoidAssignmentInExpressionCheck16registerMatchersEPNS_12ast_matchers11MatchFinderE
FNDA:24,_ZN5clang4tidy10automotive32AvoidAssignmentInExpressionCheck5checkERKNS_12ast_matchers11MatchFinder11MatchResultE
FNF:2
FNH:2
DA:18,115
DA:19,115
DA:20,115
DA:21,115
DA:22,115
DA:23,115
DA:26,24
DA:27,24
DA:29,24
DA:30,24
DA:31,24
DA:32,24
DA:33,24
DA:34,24
BRDA:29,0,0,24
BRDA:29,0,1,0
BRF:2
BRH:1
LF:14
LH:14
end_of_record
SF:src/automotive/expression/AvoidAssignmentInExpressionCheck.h
FN:37,_ZN5clang4tidy10automotive32AvoidAssignmentInExpressionCheckC2EN4llvm9StringRefEPNS0_16ClangTidyContextE
FN:40,_ZN5clang4tidy10automotive32AvoidAssignmentInExpressionCheckD2Ev
FNDA:115,_ZN5clang4tidy10automotive32AvoidAssignmentInExpressionCheckC2EN4llvm9StringRefEPNS0_16ClangTidyContextE
FNDA:115,_ZN5clang4tidy10automotive32AvoidAssignmentInExpressionCheckD2Ev
FNF:2
FNH:2
DA:37,115
DA:40,115
BRF:0
BRH:0
LF:2
LH:2
end_of_record
SF:src/automotive/expression/AvoidCharacterArithmeticCheck.cpp
FN:17,_ZN5clang4tidy10automotive29AvoidCharacterArithmeticCheck16registerMatchersEPNS_12ast_matchers11MatchFinderE
FN:25,_ZN5clang4tidy10automotive29AvoidCharacterArithmeticCheck5checkERKNS_12ast_matchers11MatchFinder11MatchResultE
FN:47,_ZNK5clang4tidy10automotive29AvoidCharacterArithmeticCheck15isCharacterTypeENS_8QualTypeE
FNDA:115,_ZN5clang4tidy10automotive29AvoidCharacterArithmeticCheck16registerMatchersEPNS_12ast_matchers11MatchFinderE
FNDA:247,_ZN5clang4tidy10automotive29AvoidCharacterArithmeticCheck5checkERKNS_12ast_matchers11MatchFinder11MatchResultE
FNDA:478,_ZNK5clang4tidy10automotive29AvoidCharacterArithmeticCheck15isCharacterTypeENS_8QualTypeE
FNF:3
FNH:3
DA:17,115
DA:19,115
DA:20,115
DA:21,115
DA:22,115
DA:25,247
DA:26,247
DA:27,247
DA:28,0
DA:30,247
DA:31,8
DA:33,239
DA:34,239
DA:36,239
DA:37,239
DA:40,239
DA:41,16
DA:42,16
DA:43,16
DA:44,16
DA:45,239
DA:47,478
DA:48,478
DA:49,478
DA:50,478
BRDA:27,0,0,0
BRDA:27,0,1,247
BRDA:30,0,0,8
BRDA:30,0,1,239
BRDA:40,0,0,20
BRDA:40,0,1,219
BRDA:40,1,2,16
BRDA:40,1,3,4
BRF:8
BRH:7
LF:25
LH:24
end_of_record
SF:src/automotive/expression/AvoidCharacterArithmeticCheck.h
FN:37,_ZN5clang4tidy10automotive29AvoidCharacterArithmeticCheckC2EN4llvm9StringRefEPNS0_16ClangTidyContextE
FN:40,_ZN5clang4tidy10automotive29AvoidCharacterArithmeticCheckD2Ev
FNDA:115,_ZN5clang4tidy10automotive29AvoidCharacterArithmeticCheckC2EN4llvm9StringRefEPNS0_16ClangTidyContextE
FNDA:115,_ZN5clang4tidy10automotive29AvoidCharacterArithmeticCheckD2Ev
FNF:2
FNH:2
DA:37,115
DA:40,115
BRF:0
BRH:0
LF:2
LH:2
end_of_record
SF:src/automotive/expression/AvoidCompositeExpressionMismatchCheck.cpp
FN:18,_ZN5clang4tidy10automotive37AvoidCompositeExpressionMismatchCheck16registerMatchersEPNS_12ast_matchers11MatchFinderE
FN:43,_ZN5clang4tidy10automotive37AvoidCompositeExpressionMismatchCheck5checkERKNS_12ast_matchers11MatchFinder11MatchResultE
FN:90,_ZNK5clang4tidy10automotive37AvoidCompositeExpressionMismatchCheck12getTypeWidthENS_8QualTypeERKNS_10ASTContextE
FN:98,_ZNK5clang4tidy10automotive37AvoidCompositeExpressionMismatchCheck21isCompositeExpressionEPKNS_4ExprE
FNDA:115,_ZN5clang4tidy10automotive37AvoidCompositeExpressionMismatchCheck16registerMatchersEPNS_12ast_matchers11MatchFinderE
FNDA:133,_ZN5clang4tidy10automotive37AvoidCompositeExpressionMismatchCheck5checkERKNS_12ast_matchers11MatchFinder11MatchResultE
FNDA:266,_ZNK5clang4tidy10automotive37AvoidCompositeExpressionMismatchCheck12getTypeWidthENS_8QualTypeERKNS_10ASTContextE
FNDA:0,_ZNK5clang4tidy10automotive37AvoidCompositeExpressionMismatchCheck21isCompositeExpressionEPKNS_4ExprE
FNF:4
FNH:3
DA:18,115
DA:20,115
DA:21,115
DA:22,115
DA:23,115
DA:24,115
DA:25,115
DA:26,115
DA:27,115
DA:28,115
DA:31,115
DA:32,115
DA:33,115
DA:34,115
DA:35,115
DA:36,115
DA:37,115
DA:38,115
DA:39,115
DA:40,115
DA:43,133
DA:45,133
DA:46,133
DA:47,0
DA:49,133
DA:50,133
DA:51,0
DA:53,133
DA:54,133
DA:55,133
DA:57,133
DA:58,0
DA:59,0
DA:60,0
DA:61,0
DA:62,133
DA:63,133
DA:66,0
DA:67,0
DA:68,0
DA:70,0
DA:71,0
DA:72,0
DA:73,0
DA:75,0
DA:76,0
DA:78,0
DA:79,0
DA:81,0
DA:82,0
DA:83,0
DA:84,0
DA:85,0
DA:86,0
DA:87,0
DA:90,266
DA:91,266
DA:92,266
DA:93,256
DA:94,10
DA:95,266
DA:98,0
DA:99,0
DA:100,0
DA:101,0
DA:102,0
DA:103,0
BRDA:45,0,0,133
BRDA:45,0,1,0
BRDA:46,0,0,0
BRDA:46,0,1,133
BRDA:50,0,0,0
BRDA:50,0,1,133
BRDA:57,0,0,0
BRDA:57,0,1,133
BRDA:66,0,0,-
BRDA:66,0,1,-
BRDA:67,0,0,-
BRDA:67,0,1,-
BRDA:72,0,0,-
BRDA:72,0,1,-
BRDA:81,0,0,-
BRDA:81,0,1,-
BRDA:92,0,0,256
BRDA:92,0,1,10
BRDA:92,1,2,0
BRDA:92,1,3,10
BRDA:99,0,0,-
BRDA:99,0,1,-
BRDA:100,0,0,-
BRDA:100,0,1,-
BRDA:100,1,2,-
BRDA:100,1,3,-
BRDA:101,0,0,-
BRDA:101,0,1,-
BRDA:101,1,2,-
BRDA:101,1,3,-
BRF:30
BRH:7
LF:67
LH:37
end_of_record
SF:src/automotive/expression/AvoidCompositeExpressionMismatchCheck.h
FN:38,_ZN5clang4tidy10automotive37AvoidCompositeExpressionMismatchCheckC2EN4llvm9StringRefEPNS0_16ClangTidyContextE
FN:41,_ZN5clang4tidy10automotive37AvoidCompositeExpressionMismatchCheckD2Ev
FNDA:115,_ZN5clang4tidy10automotive37AvoidCompositeExpressionMismatchCheckC2EN4llvm9StringRefEPNS0_16ClangTidyContextE
FNDA:115,_ZN5clang4tidy10automotive37AvoidCompositeExpressionMismatchCheckD2Ev
FNF:2
FNH:2
DA:38,115
DA:41,115
BRF:0
BRH:0
LF:2
LH:2
end_of_record
SF:src/automotive/expression/AvoidConstantWrapAroundCheck.cpp
FN:146,_ZN5clang4tidy10automotive28AvoidConstantWrapAroundCheck16registerMatchersEPNS_12ast_matchers11MatchFinderE
FN:154,_ZN5clang4tidy10automotive28AvoidConstantWrapAroundCheck5checkERKNS_12ast_matchers11MatchFinder11MatchResultE
FN:88,AvoidConstantWrapAroundCheck.cpp:_ZN5clang4tidy10automotive12_GLOBAL__N_117WrapAroundCheckerC2ERNS_10ASTContextE
FN:90,AvoidConstantWrapAroundCheck.cpp:_ZNK5clang4tidy10automotive12_GLOBAL__N_117WrapAroundChecker15foundWrapAroundEv
FN:91,AvoidConstantWrapAroundCheck.cpp:_ZNK5clang4tidy10automotive12_GLOBAL__N_117WrapAroundChecker16getWrapAroundLocEv
FN:120,AvoidConstantWrapAroundCheck.cpp:_ZN5clang4tidy10automotive12_GLOBAL__N_117WrapAroundChecker18VisitUnaryOperatorEPNS_13UnaryOperatorE
FN:93,AvoidConstantWrapAroundCheck.cpp:_ZN5clang4tidy10automotive12_GLOBAL__N_117WrapAroundChecker19VisitBinaryOperatorEPNS_14BinaryOperatorE
FN:41,AvoidConstantWrapAroundCheck.cpp:_ZN5clang4tidy10automotive12_GLOBAL__N_126checkSubtractionWrapAroundEPNS_14BinaryOperatorERNS_10ASTContextE
FN:25,AvoidConstantWrapAroundCheck.cpp:_ZN5clang4tidy10automotive12_GLOBAL__N_122evaluateBinaryOperandsEPNS_14BinaryOperatorERNS_10ASTContextERN4llvm6APSIntES9_
FN:51,AvoidConstantWrapAroundCheck.cpp:_ZN5clang4tidy10automotive12_GLOBAL__N_123checkAdditionWrapAroundEPNS_14BinaryOperatorERNS_10ASTContextE
FN:66,AvoidConstantWrapAroundCheck.cpp:_ZN5clang4tidy10automotive12_GLOBAL__N_129checkMultiplicationWrapAroundEPNS_14BinaryOperatorERNS_10ASTContextE
FNDA:115,_ZN5clang4tidy10automotive28AvoidConstantWrapAroundCheck16registerMatchersEPNS_12ast_matchers11MatchFinderE
FNDA:877,_ZN5clang4tidy10automotive28AvoidConstantWrapAroundCheck5checkERKNS_12ast_matchers11MatchFinder11MatchResultE
FNDA:15,AvoidConstantWrapAroundCheck.cpp:_ZN5clang4tidy10automotive12_GLOBAL__N_117WrapAroundCheckerC2ERNS_10ASTContextE
FNDA:15,AvoidConstantWrapAroundCheck.cpp:_ZNK5clang4tidy10automotive12_GLOBAL__N_117WrapAroundChecker15foundWrapAroundEv
FNDA:6,AvoidConstantWrapAroundCheck.cpp:_ZNK5clang4tidy10automotive12_GLOBAL__N_117WrapAroundChecker16getWrapAroundLocEv
FNDA:3,AvoidConstantWrapAroundCheck.cpp:_ZN5clang4tidy10automotive12_GLOBAL__N_117WrapAroundChecker18VisitUnaryOperatorEPNS_13UnaryOperatorE
FNDA:12,AvoidConstantWrapAroundCheck.cpp:_ZN5clang4tidy10automotive12_GLOBAL__N_117WrapAroundChecker19VisitBinaryOperatorEPNS_14BinaryOperatorE
FNDA:4,AvoidConstantWrapAroundCheck.cpp:_ZN5clang4tidy10automotive12_GLOBAL__N_126checkSubtractionWrapAroundEPNS_14BinaryOperatorERNS_10ASTContextE
FNDA:12,AvoidConstantWrapAroundCheck.cpp:_ZN5clang4tidy10automotive12_GLOBAL__N_122evaluateBinaryOperandsEPNS_14BinaryOperatorERNS_10ASTContextERN4llvm6APSIntES9_
FNDA:5,AvoidConstantWrapAroundCheck.cpp:_ZN5clang4tidy10automotive12_GLOBAL__N_123checkAdditionWrapAroundEPNS_14BinaryOperatorERNS_10ASTContextE
FNDA:3,AvoidConstantWrapAroundCheck.cpp:_ZN5clang4tidy10automotive12_GLOBAL__N_129checkMultiplicationWrapAroundEPNS_14BinaryOperatorERNS_10ASTContextE
FNF:11
FNH:11
DA:25,12
DA:26,12
DA:27,12
DA:28,12
DA:29,12
DA:30,0
DA:32,12
DA:33,0
DA:35,12
DA:36,12
DA:37,12
DA:38,12
DA:41,4
DA:42,4
DA:43,4
DA:44,4
DA:45,0
DA:47,4
DA:48,4
DA:51,5
DA:52,5
DA:53,5
DA:54,0
DA:56,5
DA:57,5
DA:58,5
DA:59,0
DA:61,5
DA:62,5
DA:63,5
DA:66,3
DA:67,3
DA:68,3
DA:69,0
DA:71,3
DA:72,3
DA:73,3
DA:74,0
DA:76,3
DA:77,0
DA:79,3
DA:80,3
DA:81,3
DA:82,3
DA:83,3
DA:88,15
DA:90,15
DA:91,6
DA:93,12
DA:94,12
DA:95,0
DA:97,12
DA:98,12
DA:99,4
DA:100,4
DA:101,4
DA:102,5
DA:103,5
DA:104,5
DA:105,3
DA:106,3
DA:107,3
DA:108,0
DA:109,0
DA:110,12
DA:112,12
DA:113,4
DA:114,4
DA:115,4
DA:116,4
DA:117,8
DA:118,12
DA:120,3
DA:121,3
DA:122,0
DA:123,3
DA:124,0
DA:126,3
DA:127,3
DA:128,0
DA:130,3
DA:131,2
DA:132,2
DA:133,2
DA:134,2
DA:135,1
DA:136,3
DA:146,115
DA:148,115
DA:149,115
DA:150,115
DA:151,115
DA:154,877
DA:155,877
DA:156,877
DA:158,877
DA:159,0
DA:162,877
DA:163,0
DA:166,877
DA:167,811
DA:170,66
DA:171,66
DA:172,51
DA:175,15
DA:176,15
DA:177,0
DA:180,15
DA:183,15
DA:185,15
DA:186,6
DA:187,6
DA:188,6
DA:189,6
DA:190,15
BRDA:28,0,0,0
BRDA:28,0,1,12
BRDA:29,0,0,0
BRDA:29,0,1,12
BRDA:32,0,0,0
BRDA:32,0,1,12
BRDA:32,1,2,0
BRDA:32,1,3,12
BRDA:44,0,0,0
BRDA:44,0,1,4
BRDA:53,0,0,0
BRDA:53,0,1,5
BRDA:53,1,2,0
BRDA:53,1,3,5
BRDA:58,0,0,0
BRDA:58,0,1,5
BRDA:62,0,0,2
BRDA:62,0,1,3
BRDA:62,1,2,0
BRDA:62,1,3,3
BRDA:68,0,0,0
BRDA:68,0,1,3
BRDA:68,1,2,0
BRDA:68,1,3,3
BRDA:73,0,0,0
BRDA:73,0,1,3
BRDA:76,0,0,0
BRDA:76,0,1,3
BRDA:76,1,2,0
BRDA:76,1,3,3
BRDA:94,0,0,0
BRDA:94,0,1,12
BRDA:99,0,0,4
BRDA:99,0,1,8
BRDA:102,0,0,5
BRDA:102,0,1,7
BRDA:105,0,0,3
BRDA:105,0,1,9
BRDA:108,0,0,0
BRDA:108,0,1,12
BRDA:112,0,0,4
BRDA:112,0,1,8
BRDA:121,0,0,0
BRDA:121,0,1,3
BRDA:123,0,0,0
BRDA:123,0,1,3
BRDA:127,0,0,0
BRDA:127,0,1,3
BRDA:130,0,0,3
BRDA:130,0,1,0
BRDA:130,1,2,2
BRDA:130,1,3,1
BRDA:158,0,0,0
BRDA:158,0,1,877
BRDA:158,1,2,0
BRDA:158,1,3,877
BRDA:162,0,0,0
BRDA:162,0,1,877
BRDA:166,0,0,811
BRDA:166,0,1,66
BRDA:166,1,2,853
BRDA:166,1,3,24
BRDA:166,2,4,811
BRDA:166,2,5,42
BRDA:171,0,0,51
BRDA:171,0,1,15
BRDA:176,0,0,0
BRDA:176,0,1,15
BRDA:185,0,0,6
BRDA:185,0,1,9
BRF:70
BRH:46
LF:115
LH:98
end_of_record
SF:src/automotive/expression/AvoidConstantWrapAroundCheck.h
FN:39,_ZN5clang4tidy10automotive28AvoidConstantWrapAroundCheckC2EN4llvm9StringRefEPNS0_16ClangTidyContextE
FN:42,_ZN5clang4tidy10automotive28AvoidConstantWrapAroundCheckD2Ev
FNDA:115,_ZN5clang4tidy10automotive28AvoidConstantWrapAroundCheckC2EN4llvm9StringRefEPNS0_16ClangTidyContextE
FNDA:115,_ZN5clang4tidy10automotive28AvoidConstantWrapAroundCheckD2Ev
FNF:2
FNH:2
DA:39,115
DA:42,115
BRF:0
BRH:0
LF:2
LH:2
end_of_record
SF:src/automotive/expression/AvoidEssentialTypeMismatchCheck.cpp
FN:17,_ZN5clang4tidy10automotive31AvoidEssentialTypeMismatchCheck16registerMatchersEPNS_12ast_matchers11MatchFinderE
FN:28,_ZN5clang4tidy10automotive31AvoidEssentialTypeMismatchCheck5checkERKNS_12ast_matchers11MatchFinder11MatchResultE
FN:60,_ZNK5clang4tidy10automotive31AvoidEssentialTypeMismatchCheck16getEssentialTypeENS_8QualTypeE
FN:86,_ZNK5clang4tidy10automotive31AvoidEssentialTypeMismatchCheck20getEssentialTypeNameENS2_13EssentialTypeE
FNDA:115,_ZN5clang4tidy10automotive31AvoidEssentialTypeMismatchCheck16registerMatchersEPNS_12ast_matchers11MatchFinderE
FNDA:509,_ZN5clang4tidy10automotive31AvoidEssentialTypeMismatchCheck5checkERKNS_12ast_matchers11MatchFinder11MatchResultE
FNDA:982,_ZNK5clang4tidy10automotive31AvoidEssentialTypeMismatchCheck16getEssentialTypeENS_8QualTypeE
FNDA:28,_ZNK5clang4tidy10automotive31AvoidEssentialTypeMismatchCheck20getEssentialTypeNameENS2_13EssentialTypeE
FNF:4
FNH:4
DA:17,115
DA:19,115
DA:20,115
DA:21,115
DA:22,115
DA:23,115
DA:24,115
DA:25,115
DA:28,509
DA:29,509
DA:30,509
DA:31,0
DA:33,509
DA:34,18
DA:36,491
DA:37,491
DA:39,491
DA:40,491
DA:43,491
DA:44,444
DA:45,47
DA:46,15
DA:49,32
DA:50,32
DA:51,32
DA:52,27
DA:53,14
DA:54,14
DA:55,14
DA:56,14
DA:57,32
DA:60,982
DA:61,982
DA:63,982
DA:64,6
DA:66,976
DA:67,44
DA:69,932
DA:70,2
DA:72,930
DA:73,4
DA:75,926
DA:76,881
DA:77,64
DA:78,817
DA:79,817
DA:80,817
DA:82,45
DA:83,926
DA:86,28
DA:87,28
DA:88,0
DA:89,0
DA:90,0
DA:91,0
DA:92,14
DA:93,14
DA:94,14
DA:95,14
DA:96,0
DA:97,0
DA:98,0
DA:99,0
DA:100,0
DA:101,0
DA:102,28
DA:103,0
DA:104,28
BRDA:30,0,0,0
BRDA:30,0,1,509
BRDA:33,0,0,18
BRDA:33,0,1,491
BRDA:43,0,0,444
BRDA:43,0,1,47
BRDA:45,0,0,14
BRDA:45,0,1,33
BRDA:45,1,2,1
BRDA:45,1,3,32
BRDA:49,0,0,8
BRDA:49,0,1,24
BRDA:50,0,0,5
BRDA:50,0,1,3
BRDA:51,0,0,9
BRDA:51,0,1,18
BRDA:52,0,0,9
BRDA:52,0,1,0
BRDA:63,0,0,6
BRDA:63,0,1,976
BRDA:66,0,0,44
BRDA:66,0,1,932
BRDA:69,0,0,2
BRDA:69,0,1,930
BRDA:72,0,0,4
BRDA:72,0,1,926
BRDA:75,0,0,881
BRDA:75,0,1,45
BRDA:76,0,0,64
BRDA:76,0,1,817
BRDA:78,0,0,817
BRDA:78,0,1,0
BRDA:87,0,0,28
BRDA:87,0,1,0
BRDA:88,0,0,0
BRDA:88,0,1,28
BRDA:90,0,0,0
BRDA:90,0,1,28
BRDA:92,0,0,14
BRDA:92,0,1,14
BRDA:94,0,0,14
BRDA:94,0,1,14
BRDA:96,0,0,0
BRDA:96,0,1,28
BRDA:98,0,0,0
BRDA:98,0,1,28
BRDA:100,0,0,0
BRDA:100,0,1,28
BRF:48
BRH:39
LF:68
LH:56
end_of_record
SF:src/automotive/expression/AvoidEssentialTypeMismatchCheck.h
FN:36,_ZN5clang4tidy10automotive31AvoidEssentialTypeMismatchCheckC2EN4llvm9StringRefEPNS0_16ClangTidyContextE
FN:39,_ZN5clang4tidy10automotive31AvoidEssentialTypeMismatchCheckD2Ev
FNDA:115,_ZN5clang4tidy10automotive31AvoidEssentialTypeMismatchCheckC2EN4llvm9StringRefEPNS0_16ClangTidyContextE
FNDA:115,_ZN5clang4tidy10automotive31AvoidEssentialTypeMismatchCheckD2Ev
FNF:2
FNH:2
DA:36,115
DA:39,115
BRF:0
BRH:0
LF:2
LH:2
end_of_record
SF:src/automotive/expression/AvoidInappropriateCastCheck.cpp
FN:18,_ZN5clang4tidy10automotive27AvoidInappropriateCastCheck21essentialTypeToStringENS2_13EssentialTypeE
FN:38,_ZN5clang4tidy10automotive27AvoidInappropriateCastCheck16registerMatchersEPNS_12ast_matchers11MatchFinderE
FN:44,_ZN5clang4tidy10automotive27AvoidInappropriateCastCheck5checkERKNS_12ast_matchers11MatchFinder11MatchResultE
FN:66,_ZNK5clang4tidy10automotive27AvoidInappropriateCastCheck16getEssentialTypeENS_8QualTypeE
FN:92,_ZNK5clang4tidy10automotive27AvoidInappropriateCastCheck19isInappropriateCastENS2_13EssentialTypeES3_
FNDA:6,_ZN5clang4tidy10automotive27AvoidInappropriateCastCheck21essentialTypeToStringENS2_13EssentialTypeE
FNDA:115,_ZN5clang4tidy10automotive27AvoidInappropriateCastCheck16registerMatchersEPNS_12ast_matchers11MatchFinderE
FNDA:380,_ZN5clang4tidy10automotive27AvoidInappropriateCastCheck5checkERKNS_12ast_matchers11MatchFinder11MatchResultE
FNDA:760,_ZNK5clang4tidy10automotive27AvoidInappropriateCastCheck16getEssentialTypeENS_8QualTypeE
FNDA:380,_ZNK5clang4tidy10automotive27AvoidInappropriateCastCheck19isInappropriateCastENS2_13EssentialTypeES3_
FNF:5
FNH:5
DA:18,6
DA:19,6
DA:20,2
DA:21,2
DA:22,0
DA:23,0
DA:24,0
DA:25,0
DA:26,3
DA:27,3
DA:28,0
DA:29,0
DA:30,0
DA:31,0
DA:32,1
DA:33,1
DA:34,6
DA:35,0
DA:36,6
DA:38,115
DA:40,115
DA:41,115
DA:44,380
DA:45,380
DA:46,380
DA:47,0
DA:49,380
DA:50,0
DA:52,380
DA:53,380
DA:55,380
DA:56,380
DA:58,380
DA:59,3
DA:60,3
DA:61,3
DA:62,3
DA:63,380
DA:66,760
DA:67,760
DA:69,760
DA:70,0
DA:72,760
DA:73,31
DA:75,729
DA:76,0
DA:78,729
DA:79,14
DA:81,715
DA:82,228
DA:83,37
DA:84,191
DA:85,191
DA:86,191
DA:88,487
DA:89,715
DA:92,380
DA:94,380
DA:95,0
DA:98,380
DA:99,0
DA:102,380
DA:103,380
DA:104,3
DA:107,377
DA:108,0
DA:110,377
DA:111,377
BRDA:19,0,0,6
BRDA:19,0,1,0
BRDA:20,0,0,2
BRDA:20,0,1,4
BRDA:22,0,0,0
BRDA:22,0,1,6
BRDA:24,0,0,0
BRDA:24,0,1,6
BRDA:26,0,0,3
BRDA:26,0,1,3
BRDA:28,0,0,0
BRDA:28,0,1,6
BRDA:30,0,0,0
BRDA:30,0,1,6
BRDA:32,0,0,1
BRDA:32,0,1,5
BRDA:46,0,0,0
BRDA:46,0,1,380
BRDA:49,0,0,0
BRDA:49,0,1,380
BRDA:58,0,0,3
BRDA:58,0,1,377
BRDA:69,0,0,0
BRDA:69,0,1,760
BRDA:72,0,0,31
BRDA:72,0,1,729
BRDA:75,0,0,0
BRDA:75,0,1,729
BRDA:78,0,0,14
BRDA:78,0,1,715
BRDA:81,0,0,228
BRDA:81,0,1,487
BRDA:82,0,0,37
BRDA:82,0,1,191
BRDA:84,0,0,191
BRDA:84,0,1,0
BRDA:94,0,0,0
BRDA:94,0,1,380
BRDA:94,1,2,-
BRDA:94,1,3,-
BRDA:98,0,0,0
BRDA:98,0,1,380
BRDA:98,1,2,-
BRDA:98,1,3,-
BRDA:102,0,0,3
BRDA:102,0,1,377
BRDA:102,1,2,3
BRDA:102,1,3,0
BRDA:103,0,0,3
BRDA:103,0,1,0
BRDA:107,0,0,0
BRDA:107,0,1,377
BRDA:107,1,2,-
BRDA:107,1,3,-
BRF:54
BRH:33
LF:68
LH:52
end_of_record
SF:src/automotive/expression/AvoidInappropriateCastCheck.h
FN:35,_ZN5clang4tidy10automotive27AvoidInappropriateCastCheckC2EN4llvm9StringRefEPNS0_16ClangTidyContextE
FN:38,_ZN5clang4tidy10automotive27AvoidInappropriateCastCheckD2Ev
FNDA:115,_ZN5clang4tidy10automotive27AvoidInappropriateCastCheckC2EN4llvm9StringRefEPNS0_16ClangTidyContextE
FNDA:115,_ZN5clang4tidy10automotive27AvoidInappropriateCastCheckD2Ev
FNF:2
FNH:2
DA:35,115
DA:38,115
BRF:0
BRH:0
LF:2
LH:2
end_of_record
SF:src/automotive/expression/AvoidInappropriateEssentialTypeCheck.cpp
FN:18,_ZN5clang4tidy10automotive36AvoidInappropriateEssentialTypeCheck16registerMatchersEPNS_12ast_matchers11MatchFinderE
FN:37,_ZN5clang4tidy10automotive36AvoidInappropriateEssentialTypeCheck22checkArithmeticOperandEPKNS_4ExprENS2_13EssentialTypeE
FN:47,_ZN5clang4tidy10automotive36AvoidInappropriateEssentialTypeCheck19checkBitwiseOperandEPKNS_4ExprENS2_13EssentialTypeE
FN:57,_ZN5clang4tidy10automotive36AvoidInappropriateEssentialTypeCheck20handleBinaryOperatorEPKNS_14BinaryOperatorERKNS_13SourceManagerE
FN:82,_ZN5clang4tidy10automotive36AvoidInappropriateEssentialTypeCheck19handleUnaryOperatorEPKNS_13UnaryOperatorERKNS_13SourceManagerE
FN:106,_ZN5clang4tidy10automotive36AvoidInappropriateEssentialTypeCheck5checkERKNS_12ast_matchers11MatchFinder11MatchResultE
FN:118,_ZNK5clang4tidy10automotive36AvoidInappropriateEssentialTypeCheck16getEssentialTypeENS_8QualTypeE
FN:144,_ZNK5clang4tidy10automotive36AvoidInappropriateEssentialTypeCheck26isAppropriateForArithmeticENS2_13EssentialTypeE
FN:149,_ZNK5clang4tidy10automotive36AvoidInappropriateEssentialTypeCheck23isAppropriateForBitwiseENS2_13EssentialTypeE
FN:155,_ZNK5clang4tidy10automotive36AvoidInappropriateEssentialTypeCheck20getEssentialTypeNameENS2_13EssentialTypeE
FNDA:115,_ZN5clang4tidy10automotive36AvoidInappropriateEssentialTypeCheck16registerMatchersEPNS_12ast_matchers11MatchFinderE
FNDA:550,_ZN5clang4tidy10automotive36AvoidInappropriateEssentialTypeCheck22checkArithmeticOperandEPKNS_4ExprENS2_13EssentialTypeE
FNDA:115,_ZN5clang4tidy10automotive36AvoidInappropriateEssentialTypeCheck19checkBitwiseOperandEPKNS_4ExprENS2_13EssentialTypeE
FNDA:387,_ZN5clang4tidy10automotive36AvoidInappropriateEssentialTypeCheck20handleBinaryOperatorEPKNS_14BinaryOperatorERKNS_13SourceManagerE
FNDA:31,_ZN5clang4tidy10automotive36AvoidInappropriateEssentialTypeCheck19handleUnaryOperatorEPKNS_13UnaryOperatorERKNS_13SourceManagerE
FNDA:418,_ZN5clang4tidy10automotive36AvoidInappropriateEssentialTypeCheck5checkERKNS_12ast_matchers11MatchFinder11MatchResultE
FNDA:769,_ZNK5clang4tidy10automotive36AvoidInappropriateEssentialTypeCheck16getEssentialTypeENS_8QualTypeE
FNDA:576,_ZNK5clang4tidy10automotive36AvoidInappropriateEssentialTypeCheck26isAppropriateForArithmeticENS2_13EssentialTypeE
FNDA:115,_ZNK5clang4tidy10automotive36AvoidInappropriateEssentialTypeCheck23isAppropriateForBitwiseENS2_13EssentialTypeE
FNDA:76,_ZNK5clang4tidy10automotive36AvoidInappropriateEssentialTypeCheck20getEssentialTypeNameENS2_13EssentialTypeE
FNF:10
FNH:10
DA:18,115
DA:20,115
DA:21,115
DA:22,115
DA:23,115
DA:24,115
DA:25,115
DA:26,115
DA:29,115
DA:30,115
DA:31,115
DA:32,115
DA:33,115
DA:34,115
DA:37,550
DA:38,550
DA:39,42
DA:40,42
DA:41,42
DA:42,42
DA:43,42
DA:44,550
DA:47,115
DA:48,115
DA:49,28
DA:50,28
DA:51,28
DA:52,28
DA:53,28
DA:54,115
DA:57,387
DA:58,387
DA:59,18
DA:61,369
DA:62,369
DA:64,369
DA:65,369
DA:67,369
DA:68,369
DA:70,369
DA:71,275
DA:72,275
DA:73,275
DA:75,369
DA:76,55
DA:77,55
DA:78,55
DA:79,369
DA:82,31
DA:83,31
DA:84,0
DA:86,31
DA:87,31
DA:89,31
DA:90,5
DA:91,5
DA:92,5
DA:94,26
DA:95,26
DA:96,6
DA:97,6
DA:98,6
DA:99,6
DA:100,6
DA:101,6
DA:102,26
DA:103,26
DA:106,418
DA:107,418
DA:108,387
DA:109,387
DA:110,387
DA:112,31
DA:113,31
DA:114,31
DA:115,31
DA:118,769
DA:119,769
DA:121,769
DA:122,19
DA:124,750
DA:125,64
DA:127,686
DA:128,2
DA:130,684
DA:131,4
DA:133,680
DA:134,663
DA:135,85
DA:136,578
DA:137,578
DA:138,578
DA:140,17
DA:141,680
DA:144,576
DA:145,576
DA:146,576
DA:149,115
DA:150,115
DA:151,115
DA:152,115
DA:155,76
DA:156,76
DA:157,16
DA:158,16
DA:159,60
DA:160,60
DA:161,0
DA:162,0
DA:163,0
DA:164,0
DA:165,0
DA:166,0
DA:167,0
DA:168,0
DA:169,0
DA:170,0
DA:171,76
DA:172,0
DA:173,76
BRDA:38,0,0,42
BRDA:38,0,1,508
BRDA:48,0,0,28
BRDA:48,0,1,87
BRDA:58,0,0,18
BRDA:58,0,1,369
BRDA:67,0,0,218
BRDA:67,0,1,151
BRDA:67,1,2,57
BRDA:67,1,3,94
BRDA:68,0,0,24
BRDA:68,0,1,345
BRDA:68,1,2,31
BRDA:68,1,3,314
BRDA:70,0,0,275
BRDA:70,0,1,94
BRDA:75,0,0,55
BRDA:75,0,1,314
BRDA:83,0,0,0
BRDA:83,0,1,31
BRDA:89,0,0,5
BRDA:89,0,1,26
BRDA:94,0,0,3
BRDA:94,0,1,23
BRDA:94,1,2,23
BRDA:94,1,3,0
BRDA:95,0,0,6
BRDA:95,0,1,20
BRDA:100,0,0,3
BRDA:100,0,1,3
BRDA:107,0,0,387
BRDA:107,0,1,31
BRDA:112,0,0,31
BRDA:112,0,1,0
BRDA:121,0,0,19
BRDA:121,0,1,750
BRDA:124,0,0,64
BRDA:124,0,1,686
BRDA:127,0,0,2
BRDA:127,0,1,684
BRDA:130,0,0,4
BRDA:130,0,1,680
BRDA:133,0,0,663
BRDA:133,0,1,17
BRDA:134,0,0,85
BRDA:134,0,1,578
BRDA:136,0,0,578
BRDA:136,0,1,0
BRDA:145,0,0,568
BRDA:145,0,1,8
BRDA:145,1,2,528
BRDA:145,1,3,40
BRDA:150,0,0,107
BRDA:150,0,1,8
BRDA:150,1,2,87
BRDA:150,1,3,20
BRDA:151,0,0,87
BRDA:151,0,1,0
BRDA:156,0,0,76
BRDA:156,0,1,0
BRDA:157,0,0,16
BRDA:157,0,1,60
BRDA:159,0,0,60
BRDA:159,0,1,16
BRDA:161,0,0,0
BRDA:161,0,1,76
BRDA:163,0,0,0
BRDA:163,0,1,76
BRDA:165,0,0,0
BRDA:165,0,1,76
BRDA:167,0,0,0
BRDA:167,0,1,76
BRDA:169,0,0,0
BRDA:169,0,1,76
BRF:74
BRH:63
LF:120
LH:108
end_of_record
SF:src/automotive/expression/AvoidInappropriateEssentialTypeCheck.h
FN:46,_ZN5clang4tidy10automotive36AvoidInappropriateEssentialTypeCheckC2EN4llvm9StringRefEPNS0_16ClangTidyContextE
FN:49,_ZN5clang4tidy10automotive36AvoidInappropriateEssentialTypeCheckD2Ev
FNDA:115,_ZN5clang4tidy10automotive36AvoidInappropriateEssentialTypeCheckC2EN4llvm9StringRefEPNS0_16ClangTidyContextE
FNDA:115,_ZN5clang4tidy10automotive36AvoidInappropriateEssentialTypeCheckD2Ev
FNF:2
FNH:2
DA:46,115
DA:49,115
BRF:0
BRH:0
LF:2
LH:2
end_of_record
SF:src/automotive/expression/AvoidNarrowingCompoundAssignmentCheck.cpp
FN:41,_ZN5clang4tidy10automotive37AvoidNarrowingCompoundAssignmentCheck16registerMatchersEPNS_12ast_matchers11MatchFinderE
FN:48,_ZN5clang4tidy10automotive37AvoidNarrowingCompoundAssignmentCheck5checkERKNS_12ast_matchers11MatchFinder11MatchResultE
FN:80,_ZNK5clang4tidy10automotive37AvoidNarrowingCompoundAssignmentCheck16getEssentialTypeENS_8QualTypeE
FN:106,_ZNK5clang4tidy10automotive37AvoidNarrowingCompoundAssignmentCheck12getTypeWidthENS_8QualTypeERKNS_10ASTContextE
FN:114,_ZNK5clang4tidy10automotive37AvoidNarrowingCompoundAssignmentCheck11isNarrowingENS_8QualTypeES3_RKNS_10ASTContextE
FN:125,_ZNK5clang4tidy10automotive37AvoidNarrowingCompoundAssignmentCheck19isDifferentCategoryENS2_13EssentialTypeES3_
FN:19,AvoidNarrowingCompoundAssignmentCheck.cpp:_ZN5clang4tidy10automotiveL21essentialTypeToStringENS1_37AvoidNarrowingCompoundAssignmentCheck13EssentialTypeE
FNDA:115,_ZN5clang4tidy10automotive37AvoidNarrowingCompoundAssignmentCheck16registerMatchersEPNS_12ast_matchers11MatchFinderE
FNDA:400,_ZN5clang4tidy10automotive37AvoidNarrowingCompoundAssignmentCheck5checkERKNS_12ast_matchers11MatchFinder11MatchResultE
FNDA:800,_ZNK5clang4tidy10automotive37AvoidNarrowingCompoundAssignmentCheck16getEssentialTypeENS_8QualTypeE
FNDA:772,_ZNK5clang4tidy10automotive37AvoidNarrowingCompoundAssignmentCheck12getTypeWidthENS_8QualTypeERKNS_10ASTContextE
FNDA:386,_ZNK5clang4tidy10automotive37AvoidNarrowingCompoundAssignmentCheck11isNarrowingENS_8QualTypeES3_RKNS_10ASTContextE
FNDA:400,_ZNK5clang4tidy10automotive37AvoidNarrowingCompoundAssignmentCheck19isDifferentCategoryENS2_13EssentialTypeES3_
FNDA:28,AvoidNarrowingCompoundAssignmentCheck.cpp:_ZN5clang4tidy10automotiveL21essentialTypeToStringENS1_37AvoidNarrowingCompoundAssignmentCheck13EssentialTypeE
FNF:7
FNH:7
DA:19,28
DA:20,28
DA:21,28
DA:22,14
DA:23,14
DA:24,14
DA:25,14
DA:26,0
DA:27,0
DA:28,0
DA:29,0
DA:30,0
DA:31,0
DA:32,0
DA:33,0
DA:34,0
DA:35,0
DA:36,28
DA:37,0
DA:38,28
DA:41,115
DA:43,115
DA:44,115
DA:45,115
DA:48,400
DA:49,400
DA:50,400
DA:51,0
DA:53,400
DA:54,0
DA:56,400
DA:57,400
DA:59,400
DA:60,400
DA:63,400
DA:64,14
DA:65,14
DA:66,14
DA:67,14
DA:68,14
DA:69,14
DA:72,386
DA:73,10
DA:74,10
DA:75,10
DA:76,10
DA:77,386
DA:80,800
DA:81,800
DA:83,800
DA:84,11
DA:86,789
DA:87,12
DA:89,777
DA:90,1
DA:92,776
DA:93,2
DA:95,774
DA:96,618
DA:97,22
DA:98,596
DA:99,596
DA:100,596
DA:102,156
DA:103,774
DA:106,772
DA:107,772
DA:108,772
DA:109,616
DA:110,156
DA:111,772
DA:114,386
DA:115,386
DA:116,386
DA:118,386
DA:119,80
DA:121,306
DA:122,386
DA:125,400
DA:126,400
DA:127,368
DA:130,32
DA:131,32
DA:132,14
DA:135,18
DA:136,18
DA:137,0
DA:138,18
DA:139,18
DA:140,0
DA:142,18
DA:143,18
BRDA:21,0,0,28
BRDA:21,0,1,0
BRDA:22,0,0,14
BRDA:22,0,1,14
BRDA:24,0,0,14
BRDA:24,0,1,14
BRDA:26,0,0,0
BRDA:26,0,1,28
BRDA:28,0,0,0
BRDA:28,0,1,28
BRDA:30,0,0,0
BRDA:30,0,1,28
BRDA:32,0,0,0
BRDA:32,0,1,28
BRDA:34,0,0,0
BRDA:34,0,1,28
BRDA:50,0,0,0
BRDA:50,0,1,400
BRDA:53,0,0,0
BRDA:53,0,1,400
BRDA:63,0,0,14
BRDA:63,0,1,386
BRDA:72,0,0,10
BRDA:72,0,1,376
BRDA:83,0,0,11
BRDA:83,0,1,789
BRDA:86,0,0,12
BRDA:86,0,1,777
BRDA:89,0,0,1
BRDA:89,0,1,776
BRDA:92,0,0,2
BRDA:92,0,1,774
BRDA:95,0,0,618
BRDA:95,0,1,156
BRDA:96,0,0,22
BRDA:96,0,1,596
BRDA:98,0,0,596
BRDA:98,0,1,0
BRDA:108,0,0,614
BRDA:108,0,1,158
BRDA:108,1,2,2
BRDA:108,1,3,156
BRDA:118,0,0,76
BRDA:118,0,1,310
BRDA:118,1,2,4
BRDA:118,1,3,306
BRDA:126,0,0,368
BRDA:126,0,1,32
BRDA:130,0,0,29
BRDA:130,0,1,3
BRDA:130,1,2,14
BRDA:130,1,3,15
BRDA:131,0,0,0
BRDA:131,0,1,18
BRDA:131,1,2,-
BRDA:131,1,3,-
BRDA:135,0,0,0
BRDA:135,0,1,18
BRDA:136,0,0,-
BRDA:136,0,1,-
BRDA:138,0,0,0
BRDA:138,0,1,18
BRDA:139,0,0,-
BRDA:139,0,1,-
BRF:64
BRH:46
LF:92
LH:77
end_of_record
SF:src/automotive/expression/AvoidNarrowingCompoundAssignmentCheck.h
FN:50,_ZN5clang4tidy10automotive37AvoidNarrowingCompoundAssignmentCheckC2EN4llvm9StringRefEPNS0_16ClangTidyContextE
FN:53,_ZN5clang4tidy10automotive37AvoidNarrowingCompoundAssignmentCheckD2Ev
FNDA:115,_ZN5clang4tidy10automotive37AvoidNarrowingCompoundAssignmentCheckC2EN4llvm9StringRefEPNS0_16ClangTidyContextE
FNDA:115,_ZN5clang4tidy10automotive37AvoidNarrowingCompoundAssignmentCheckD2Ev
FNF:2
FNH:2
DA:50,115
DA:53,115
BRF:0
BRH:0
LF:2
LH:2
end_of_record
SF:src/automotive/expression/AvoidNonBooleanInConditionCheck.cpp
FN:18,_ZN5clang4tidy10automotive31AvoidNonBooleanInConditionCheck16registerMatchersEPNS_12ast_matchers11MatchFinderE
FN:37,_ZN5clang4tidy10automotive31AvoidNonBooleanInConditionCheck5checkERKNS_12ast_matchers11MatchFinder11MatchResultE
FNDA:115,_ZN5clang4tidy10automotive31AvoidNonBooleanInConditionCheck16registerMatchersEPNS_12ast_matchers11MatchFinderE
FNDA:15,_ZN5clang4tidy10automotive31AvoidNonBooleanInConditionCheck5checkERKNS_12ast_matchers11MatchFinder11MatchResultE
FNF:2
FNH:2
DA:18,115
DA:19,115
DA:20,115
DA:21,115
DA:22,115
DA:23,115
DA:24,115
DA:25,115
DA:26,115
DA:27,115
DA:28,115
DA:29,115
DA:30,115
DA:31,115
DA:32,115
DA:33,115
DA:34,115
DA:37,15
DA:38,15
DA:40,15
DA:41,15
DA:42,15
DA:43,15
DA:44,15
BRDA:40,0,0,15
BRDA:40,0,1,0
BRF:2
BRH:1
LF:24
LH:24
end_of_record
SF:src/automotive/expression/AvoidNonBooleanInConditionCheck.h
FN:39,_ZN5clang4tidy10automotive31AvoidNonBooleanInConditionCheckC2EN4llvm9StringRefEPNS0_16ClangTidyContextE
FN:42,_ZN5clang4tidy10automotive31AvoidNonBooleanInConditionCheckD2Ev
FNDA:115,_ZN5clang4tidy10automotive31AvoidNonBooleanInConditionCheckC2EN4llvm9StringRefEPNS0_16ClangTidyContextE
FNDA:115,_ZN5clang4tidy10automotive31AvoidNonBooleanInConditionCheckD2Ev
FNF:2
FNH:2
DA:39,115
DA:42,115
BRF:0
BRH:0
LF:2
LH:2
end_of_record
SF:src/automotive/expression/AvoidSideEffectInInitializerCheck.cpp
FN:48,_ZN5clang4tidy10automotive33AvoidSideEffectInInitializerCheck16registerMatchersEPNS_12ast_matchers11MatchFinderE
FN:58,_ZN5clang4tidy10automotive33AvoidSideEffectInInitializerCheck5checkERKNS_12ast_matchers11MatchFinder11MatchResultE
FN:94,_ZNK5clang4tidy10automotive33AvoidSideEffectInInitializerCheck13hasSideEffectEPKNS_4ExprE
FN:103,_ZNK5clang4tidy10automotive33AvoidSideEffectInInitializerCheck16countSideEffectsEPKNS_4ExprE
FN:23,AvoidSideEffectInInitializerCheck.cpp:_ZNK5clang4tidy10automotive12_GLOBAL__N_117SideEffectCounter13hasSideEffectEv
FN:22,AvoidSideEffectInInitializerCheck.cpp:_ZNK5clang4tidy10automotive12_GLOBAL__N_117SideEffectCounter8getCountEv
FN:25,AvoidSideEffectInInitializerCheck.cpp:_ZN5clang4tidy10automotive12_GLOBAL__N_117SideEffectCounter18VisitUnaryOperatorEPNS_13UnaryOperatorE
FN:37,AvoidSideEffectInInitializerCheck.cpp:_ZN5clang4tidy10automotive12_GLOBAL__N_117SideEffectCounter13VisitCallExprEPNS_8CallExprE
FN:31,AvoidSideEffectInInitializerCheck.cpp:_ZN5clang4tidy10automotive12_GLOBAL__N_117SideEffectCounter19VisitBinaryOperatorEPNS_14BinaryOperatorE
FNDA:115,_ZN5clang4tidy10automotive33AvoidSideEffectInInitializerCheck16registerMatchersEPNS_12ast_matchers11MatchFinderE
FNDA:758,_ZN5clang4tidy10automotive33AvoidSideEffectInInitializerCheck5checkERKNS_12ast_matchers11MatchFinder11MatchResultE
FNDA:429,_ZNK5clang4tidy10automotive33AvoidSideEffectInInitializerCheck13hasSideEffectEPKNS_4ExprE
FNDA:1154,_ZNK5clang4tidy10automotive33AvoidSideEffectInInitializerCheck16countSideEffectsEPKNS_4ExprE
FNDA:429,AvoidSideEffectInInitializerCheck.cpp:_ZNK5clang4tidy10automotive12_GLOBAL__N_117SideEffectCounter13hasSideEffectEv
FNDA:1154,AvoidSideEffectInInitializerCheck.cpp:_ZNK5clang4tidy10automotive12_GLOBAL__N_117SideEffectCounter8getCountEv
FNDA:16,AvoidSideEffectInInitializerCheck.cpp:_ZN5clang4tidy10automotive12_GLOBAL__N_117SideEffectCounter18VisitUnaryOperatorEPNS_13UnaryOperatorE
FNDA:14,AvoidSideEffectInInitializerCheck.cpp:_ZN5clang4tidy10automotive12_GLOBAL__N_117SideEffectCounter13VisitCallExprEPNS_8CallExprE
FNDA:57,AvoidSideEffectInInitializerCheck.cpp:_ZN5clang4tidy10automotive12_GLOBAL__N_117SideEffectCounter19VisitBinaryOperatorEPNS_14BinaryOperatorE
FNF:9
FNH:9
DA:22,1154
DA:23,429
DA:25,16
DA:26,16
DA:27,8
DA:28,16
DA:29,16
DA:31,57
DA:32,57
DA:33,16
DA:34,57
DA:35,57
DA:37,14
DA:38,14
DA:39,14
DA:40,14
DA:48,115
DA:50,115
DA:53,115
DA:54,115
DA:55,115
DA:58,758
DA:60,758
DA:61,163
DA:62,0
DA:64,429
DA:65,429
DA:66,2
DA:67,2
DA:68,2
DA:69,2
DA:70,2
DA:71,429
DA:72,161
DA:73,163
DA:76,595
DA:77,595
DA:78,18
DA:80,577
DA:81,577
DA:83,577
DA:84,2
DA:85,2
DA:86,2
DA:87,575
DA:88,6
DA:89,6
DA:90,6
DA:91,577
DA:92,595
DA:94,429
DA:95,429
DA:98,429
DA:99,429
DA:100,429
DA:103,1154
DA:104,1154
DA:107,1154
DA:108,1154
DA:109,1154
BRDA:26,0,0,8
BRDA:26,0,1,8
BRDA:32,0,0,16
BRDA:32,0,1,41
BRDA:60,0,0,163
BRDA:60,0,1,595
BRDA:61,0,0,0
BRDA:61,0,1,163
BRDA:64,0,0,429
BRDA:64,0,1,161
BRDA:65,0,0,2
BRDA:65,0,1,427
BRDA:76,0,0,595
BRDA:76,0,1,0
BRDA:77,0,0,18
BRDA:77,0,1,577
BRDA:83,0,0,18
BRDA:83,0,1,559
BRDA:83,1,2,2
BRDA:83,1,3,16
BRDA:87,0,0,2
BRDA:87,0,1,573
BRDA:87,1,2,4
BRDA:87,1,3,569
BRF:24
BRH:22
LF:60
LH:59
end_of_record
SF:src/automotive/expression/AvoidSideEffectInInitializerCheck.h
FN:37,_ZN5clang4tidy10automotive33AvoidSideEffectInInitializerCheckC2EN4llvm9StringRefEPNS0_16ClangTidyContextE
FN:40,_ZN5clang4tidy10automotive33AvoidSideEffectInInitializerCheckD2Ev
FNDA:115,_ZN5clang4tidy10automotive33AvoidSideEffectInInitializerCheckC2EN4llvm9StringRefEPNS0_16ClangTidyContextE
FNDA:115,_ZN5clang4tidy10automotive33AvoidSideEffectInInitializerCheckD2Ev
FNF:2
FNH:2
DA:37,115
DA:40,115
BRF:0
BRH:0
LF:2
LH:2
end_of_record
SF:src/automotive/expression/AvoidSideEffectInLogicalOperandCheck.cpp
FN:71,_ZN5clang4tidy10automotive36AvoidSideEffectInLogicalOperandCheck16registerMatchersEPNS_12ast_matchers11MatchFinderE
FN:78,_ZN5clang4tidy10automotive36AvoidSideEffectInLogicalOperandCheck5checkERKNS_12ast_matchers11MatchFinder11MatchResultE
FN:100,_ZNK5clang4tidy10automotive36AvoidSideEffectInLogicalOperandCheck13hasSideEffectEPKNS_4ExprE
FN:23,AvoidSideEffectInLogicalOperandCheck.cpp:_ZNK5clang4tidy10automotive12_GLOBAL__N_116SideEffectFinder13hasSideEffectEv
FN:25,AvoidSideEffectInLogicalOperandCheck.cpp:_ZN5clang4tidy10automotive12_GLOBAL__N_116SideEffectFinder18VisitUnaryOperatorEPNS_13UnaryOperatorE
FN:55,AvoidSideEffectInLogicalOperandCheck.cpp:_ZN5clang4tidy10automotive12_GLOBAL__N_116SideEffectFinder16VisitDeclRefExprEPNS_11DeclRefExprE
FN:48,AvoidSideEffectInLogicalOperandCheck.cpp:_ZN5clang4tidy10automotive12_GLOBAL__N_116SideEffectFinder13VisitCallExprEPNS_8CallExprE
FN:34,AvoidSideEffectInLogicalOperandCheck.cpp:_ZN5clang4tidy10automotive12_GLOBAL__N_116SideEffectFinder19VisitBinaryOperatorEPNS_14BinaryOperatorE
FN:43,AvoidSideEffectInLogicalOperandCheck.cpp:_ZN5clang4tidy10automotive12_GLOBAL__N_116SideEffectFinder27VisitCompoundAssignOperatorEPNS_22CompoundAssignOperatorE
FNDA:115,_ZN5clang4tidy10automotive36AvoidSideEffectInLogicalOperandCheck16registerMatchersEPNS_12ast_matchers11MatchFinderE
FNDA:27,_ZN5clang4tidy10automotive36AvoidSideEffectInLogicalOperandCheck5checkERKNS_12ast_matchers11MatchFinder11MatchResultE
FNDA:27,_ZNK5clang4tidy10automotive36AvoidSideEffectInLogicalOperandCheck13hasSideEffectEPKNS_4ExprE
FNDA:27,AvoidSideEffectInLogicalOperandCheck.cpp:_ZNK5clang4tidy10automotive12_GLOBAL__N_116SideEffectFinder13hasSideEffectEv
FNDA:2,AvoidSideEffectInLogicalOperandCheck.cpp:_ZN5clang4tidy10automotive12_GLOBAL__N_116SideEffectFinder18VisitUnaryOperatorEPNS_13UnaryOperatorE
FNDA:17,AvoidSideEffectInLogicalOperandCheck.cpp:_ZN5clang4tidy10automotive12_GLOBAL__N_116SideEffectFinder16VisitDeclRefExprEPNS_11DeclRefExprE
FNDA:1,AvoidSideEffectInLogicalOperandCheck.cpp:_ZN5clang4tidy10automotive12_GLOBAL__N_116SideEffectFinder13VisitCallExprEPNS_8CallExprE
FNDA:18,AvoidSideEffectInLogicalOperandCheck.cpp:_ZN5clang4tidy10automotive12_GLOBAL__N_116SideEffectFinder19VisitBinaryOperatorEPNS_14BinaryOperatorE
FNDA:0,AvoidSideEffectInLogicalOperandCheck.cpp:_ZN5clang4tidy10automotive12_GLOBAL__N_116SideEffectFinder27VisitCompoundAssignOperatorEPNS_22CompoundAssignOperatorE
FNF:9
FNH:8
DA:23,27
DA:25,2
DA:27,2
DA:28,2
DA:29,2
DA:30,2
DA:31,0
DA:32,2
DA:34,18
DA:36,18
DA:37,7
DA:38,7
DA:39,7
DA:40,11
DA:41,18
DA:43,0
DA:44,0
DA:45,0
DA:46,0
DA:48,1
DA:51,1
DA:52,1
DA:53,1
DA:55,17
DA:57,17
DA:58,0
DA:59,0
DA:60,0
DA:61,17
DA:62,17
DA:71,115
DA:73,115
DA:74,115
DA:75,115
DA:78,27
DA:79,27
DA:80,27
DA:81,0
DA:84,27
DA:85,0
DA:88,27
DA:89,27
DA:90,0
DA:92,27
DA:93,10
DA:94,10
DA:95,10
DA:96,10
DA:97,10
DA:98,27
DA:100,27
DA:101,27
DA:104,27
DA:105,27
DA:106,27
BRDA:27,0,0,2
BRDA:27,0,1,0
BRDA:36,0,0,7
BRDA:36,0,1,11
BRDA:57,0,0,0
BRDA:57,0,1,17
BRDA:80,0,0,0
BRDA:80,0,1,27
BRDA:84,0,0,0
BRDA:84,0,1,27
BRDA:89,0,0,0
BRDA:89,0,1,27
BRDA:92,0,0,10
BRDA:92,0,1,17
BRF:14
BRH:9
LF:55
LH:44
end_of_record
SF:src/automotive/expression/AvoidSideEffectInLogicalOperandCheck.h
FN:40,_ZN5clang4tidy10automotive36AvoidSideEffectInLogicalOperandCheckC2EN4llvm9StringRefEPNS0_16ClangTidyContextE
FN:43,_ZN5clang4tidy10automotive36AvoidSideEffectInLogicalOperandCheckD2Ev
FNDA:115,_ZN5clang4tidy10automotive36AvoidSideEffectInLogicalOperandCheckC2EN4llvm9StringRefEPNS0_16ClangTidyContextE
FNDA:115,_ZN5clang4tidy10automotive36AvoidSideEffectInLogicalOperandCheckD2Ev
FNF:2
FNH:2
DA:40,115
DA:43,115
BRF:0
BRH:0
LF:2
LH:2
end_of_record
SF:src/automotive/expression/AvoidSideEffectInSizeofCheck.cpp
FN:86,_ZN5clang4tidy10automotive28AvoidSideEffectInSizeofCheck16registerMatchersEPNS_12ast_matchers11MatchFinderE
FN:95,_ZN5clang4tidy10automotive28AvoidSideEffectInSizeofCheck5checkERKNS_12ast_matchers11MatchFinder11MatchResultE
FN:23,AvoidSideEffectInSizeofCheck.cpp:_ZNK5clang4tidy10automotive12_GLOBAL__N_116SideEffectFinder13hasSideEffectEv
FN:25,AvoidSideEffectInSizeofCheck.cpp:_ZNK5clang4tidy10automotive12_GLOBAL__N_116SideEffectFinder17getSideEffectKindEv
FN:27,AvoidSideEffectInSizeofCheck.cpp:_ZN5clang4tidy10automotive12_GLOBAL__N_116SideEffectFinder18VisitUnaryOperatorEPNS_13UnaryOperatorE
FN:56,AvoidSideEffectInSizeofCheck.cpp:_ZN5clang4tidy10automotive12_GLOBAL__N_116SideEffectFinder13VisitCallExprEPNS_8CallExprE
FN:64,AvoidSideEffectInSizeofCheck.cpp:_ZN5clang4tidy10automotive12_GLOBAL__N_116SideEffectFinder15VisitCXXNewExprEPNS_10CXXNewExprE
FN:71,AvoidSideEffectInSizeofCheck.cpp:_ZN5clang4tidy10automotive12_GLOBAL__N_116SideEffectFinder18VisitCXXDeleteExprEPNS_13CXXDeleteExprE
FN:38,AvoidSideEffectInSizeofCheck.cpp:_ZN5clang4tidy10automotive12_GLOBAL__N_116SideEffectFinder19VisitBinaryOperatorEPNS_14BinaryOperatorE
FN:49,AvoidSideEffectInSizeofCheck.cpp:_ZN5clang4tidy10automotive12_GLOBAL__N_116SideEffectFinder27VisitCompoundAssignOperatorEPNS_22CompoundAssignOperatorE
FN:24,AvoidSideEffectInSizeofCheck.cpp:_ZNK5clang4tidy10automotive12_GLOBAL__N_116SideEffectFinder16getSideEffectLocEv
FNDA:115,_ZN5clang4tidy10automotive28AvoidSideEffectInSizeofCheck16registerMatchersEPNS_12ast_matchers11MatchFinderE
FNDA:98,_ZN5clang4tidy10automotive28AvoidSideEffectInSizeofCheck5checkERKNS_12ast_matchers11MatchFinder11MatchResultE
FNDA:66,AvoidSideEffectInSizeofCheck.cpp:_ZNK5clang4tidy10automotive12_GLOBAL__N_116SideEffectFinder13hasSideEffectEv
FNDA:20,AvoidSideEffectInSizeofCheck.cpp:_ZNK5clang4tidy10automotive12_GLOBAL__N_116SideEffectFinder17getSideEffectKindEv
FNDA:13,AvoidSideEffectInSizeofCheck.cpp:_ZN5clang4tidy10automotive12_GLOBAL__N_116SideEffectFinder18VisitUnaryOperatorEPNS_13UnaryOperatorE
FNDA:2,AvoidSideEffectInSizeofCheck.cpp:_ZN5clang4tidy10automotive12_GLOBAL__N_116SideEffectFinder13VisitCallExprEPNS_8CallExprE
FNDA:0,AvoidSideEffectInSizeofCheck.cpp:_ZN5clang4tidy10automotive12_GLOBAL__N_116SideEffectFinder15VisitCXXNewExprEPNS_10CXXNewExprE
FNDA:0,AvoidSideEffectInSizeofCheck.cpp:_ZN5clang4tidy10automotive12_GLOBAL__N_116SideEffectFinder18VisitCXXDeleteExprEPNS_13CXXDeleteExprE
FNDA:31,AvoidSideEffectInSizeofCheck.cpp:_ZN5clang4tidy10automotive12_GLOBAL__N_116SideEffectFinder19VisitBinaryOperatorEPNS_14BinaryOperatorE
FNDA:0,AvoidSideEffectInSizeofCheck.cpp:_ZN5clang4tidy10automotive12_GLOBAL__N_116SideEffectFinder27VisitCompoundAssignOperatorEPNS_22CompoundAssignOperatorE
FNDA:0,AvoidSideEffectInSizeofCheck.cpp:_ZNK5clang4tidy10automotive12_GLOBAL__N_116SideEffectFinder16getSideEffectLocEv
FNF:11
FNH:7
DA:23,66
DA:24,0
DA:25,20
DA:27,13
DA:29,13
DA:30,8
DA:31,8
DA:32,8
DA:33,8
DA:34,8
DA:35,5
DA:36,13
DA:38,31
DA:40,31
DA:41,10
DA:42,10
DA:43,10
DA:44,10
DA:45,10
DA:46,21
DA:47,31
DA:49,0
DA:50,0
DA:51,0
DA:52,0
DA:53,0
DA:54,0
DA:56,2
DA:58,2
DA:59,2
DA:60,2
DA:61,2
DA:62,2
DA:64,0
DA:65,0
DA:66,0
DA:67,0
DA:68,0
DA:69,0
DA:71,0
DA:72,0
DA:73,0
DA:74,0
DA:75,0
DA:76,0
DA:86,115
DA:88,115
DA:89,115
DA:90,115
DA:91,115
DA:92,115
DA:95,98
DA:96,98
DA:97,98
DA:98,98
DA:99,0
DA:102,98
DA:103,13
DA:106,85
DA:107,19
DA:109,66
DA:110,66
DA:111,0
DA:114,66
DA:117,66
DA:119,66
DA:120,20
DA:121,20
DA:122,20
DA:123,20
DA:124,20
DA:125,66
BRDA:29,0,0,8
BRDA:29,0,1,5
BRDA:32,0,0,6
BRDA:32,0,1,2
BRDA:40,0,0,10
BRDA:40,0,1,21
BRDA:98,0,0,0
BRDA:98,0,1,98
BRDA:102,0,0,13
BRDA:102,0,1,85
BRDA:106,0,0,19
BRDA:106,0,1,66
BRDA:110,0,0,0
BRDA:110,0,1,66
BRDA:119,0,0,20
BRDA:119,0,1,46
BRF:16
BRH:14
LF:72
LH:51
end_of_record
SF:src/automotive/expression/AvoidSideEffectInSizeofCheck.h
FN:40,_ZN5clang4tidy10automotive28AvoidSideEffectInSizeofCheckC2EN4llvm9StringRefEPNS0_16ClangTidyContextE
FN:43,_ZN5clang4tidy10automotive28AvoidSideEffectInSizeofCheckD2Ev
FNDA:115,_ZN5clang4tidy10automotive28AvoidSideEffectInSizeofCheckC2EN4llvm9StringRefEPNS0_16ClangTidyContextE
FNDA:115,_ZN5clang4tidy10automotive28AvoidSideEffectInSizeofCheckD2Ev
FNF:2
FNH:2
DA:40,115
DA:43,115
BRF:0
BRH:0
LF:2
LH:2
end_of_record
SF:src/automotive/expression/ExpressionComponent.cpp
FN:27,_ZN5clang4tidy10automotive19ExpressionComponent17addCheckFactoriesERNS0_23ClangTidyCheckFactoriesE
FNDA:230,_ZN5clang4tidy10automotive19ExpressionComponent17addCheckFactoriesERNS0_23ClangTidyCheckFactoriesE
FNF:1
FNH:1
DA:27,230
DA:30,230
DA:31,230
DA:34,230
DA:35,230
DA:38,230
DA:39,230
DA:42,230
DA:43,230
DA:46,230
DA:47,230
DA:50,230
DA:51,230
DA:54,230
DA:55,230
DA:58,230
DA:59,230
DA:62,230
DA:63,230
DA:66,230
DA:67,230
DA:70,230
DA:71,230
DA:74,230
DA:75,230
DA:78,230
DA:79,230
DA:80,230
BRF:0
BRH:0
LF:28
LH:28
end_of_record
SF:src/automotive/expression/InvariantControlCheck.cpp
FN:16,_ZN5clang4tidy10automotive21InvariantControlCheck16registerMatchersEPNS_12ast_matchers11MatchFinderE
FN:40,_ZN5clang4tidy10automotive21InvariantControlCheck5checkERKNS_12ast_matchers11MatchFinder11MatchResultE
FNDA:115,_ZN5clang4tidy10automotive21InvariantControlCheck16registerMatchersEPNS_12ast_matchers11MatchFinderE
FNDA:305,_ZN5clang4tidy10automotive21InvariantControlCheck5checkERKNS_12ast_matchers11MatchFinder11MatchResultE
FNF:2
FNH:2
DA:16,115
DA:17,115
DA:18,115
DA:20,115
DA:21,115
DA:22,115
DA:24,115
DA:25,115
DA:27,115
DA:28,115
DA:30,115
DA:31,115
DA:32,115
DA:34,115
DA:35,115
DA:36,115
DA:37,115
DA:38,115
DA:40,305
DA:41,305
DA:42,305
DA:44,305
DA:45,0
DA:47,305
DA:48,2
DA:49,2
DA:50,2
DA:51,2
DA:52,0
DA:53,0
DA:54,0
DA:55,2
DA:56,305
BRDA:44,0,0,0
BRDA:44,0,1,305
BRDA:47,0,0,2
BRDA:47,0,1,303
BRDA:48,0,0,2
BRDA:48,0,1,0
BRF:6
BRH:4
LF:33
LH:29
end_of_record
SF:src/automotive/expression/InvariantControlCheck.h
FN:36,_ZN5clang4tidy10automotive21InvariantControlCheckC2EN4llvm9StringRefEPNS0_16ClangTidyContextE
FN:39,_ZN5clang4tidy10automotive21InvariantControlCheckD2Ev
FNDA:115,_ZN5clang4tidy10automotive21InvariantControlCheckC2EN4llvm9StringRefEPNS0_16ClangTidyContextE
[...]
FNDA:115,_ZN5clang4tidy10automotive21UniqueEnumValuesCheckD2Ev
FNF:2
FNH:2
DA:39,115
DA:42,115
BRF:0
BRH:0
LF:2
LH:2
end_of_record
SF:src/automotive/type/UnusedTypeCheck.cpp
FN:16,_ZN5clang4tidy10automotive15UnusedTypeCheck16registerMatchersEPNS_12ast_matchers11MatchFinderE
FN:20,_ZN5clang4tidy10automotive15UnusedTypeCheck5checkERKNS_12ast_matchers11MatchFinder11MatchResultE
FNDA:115,_ZN5clang4tidy10automotive15UnusedTypeCheck16registerMatchersEPNS_12ast_matchers11MatchFinderE
FNDA:2329,_ZN5clang4tidy10automotive15UnusedTypeCheck5checkERKNS_12ast_matchers11MatchFinder11MatchResultE
FNF:2
FNH:2
DA:16,115
DA:17,115
DA:18,115
DA:20,2329
DA:21,2329
DA:23,2329
DA:24,0
DA:25,0
DA:27,2329
DA:28,575
DA:29,575
DA:31,1754
DA:32,477
DA:33,477
DA:35,1277
DA:36,1277
DA:37,1277
BRDA:23,0,0,0
BRDA:23,0,1,2329
BRDA:27,0,0,575
BRDA:27,0,1,1754
BRDA:31,0,0,477
BRDA:31,0,1,1277
BRF:6
BRH:5
LF:17
LH:15
end_of_record
SF:src/automotive/type/UnusedTypeCheck.h
FN:36,_ZN5clang4tidy10automotive15UnusedTypeCheckC2EN4llvm9StringRefEPNS0_16ClangTidyContextE
FN:39,_ZN5clang4tidy10automotive15UnusedTypeCheckD2Ev
FNDA:115,_ZN5clang4tidy10automotive15UnusedTypeCheckC2EN4llvm9StringRefEPNS0_16ClangTidyContextE
FNDA:115,_ZN5clang4tidy10automotive15UnusedTypeCheckD2Ev
FNF:2
FNH:2
DA:36,115
DA:39,115
BRF:0
BRH:0
LF:2
LH:2
end_of_record
SF:src/automotive/unused-code/UnusedCodeModule.cpp
FN:17,_ZN5clang4tidy10automotive16UnusedCodeModule17addCheckFactoriesERNS0_23ClangTidyCheckFactoriesE
FNDA:230,_ZN5clang4tidy10automotive16UnusedCodeModule17addCheckFactoriesERNS0_23ClangTidyCheckFactoriesE
FNF:1
FNH:1
DA:17,230
DA:21,230
DA:22,230
DA:25,230
DA:32,230
DA:33,230
BRF:0
BRH:0
LF:6
LH:6
end_of_record
SF:src/automotive/unused-code/UnusedObjectDefinitionCheck.cpp
FN:16,_ZN5clang4tidy10automotive27UnusedObjectDefinitionCheck16registerMatchersEPNS_12ast_matchers11MatchFinderE
FN:28,_ZN5clang4tidy10automotive27UnusedObjectDefinitionCheck5checkERKNS_12ast_matchers11MatchFinder11MatchResultE
FNDA:115,_ZN5clang4tidy10automotive27UnusedObjectDefinitionCheck16registerMatchersEPNS_12ast_matchers11MatchFinderE
FNDA:999,_ZN5clang4tidy10automotive27UnusedObjectDefinitionCheck5checkERKNS_12ast_matchers11MatchFinder11MatchResultE
FNF:2
FNH:2
DA:16,115
DA:17,115
DA:18,115
DA:19,115
DA:20,115
DA:22,115
DA:23,115
DA:24,115
DA:25,115
DA:28,999
DA:29,999
DA:30,999
DA:32,999
DA:33,418
DA:34,418
DA:36,999
DA:37,11
DA:38,11
DA:39,11
DA:40,999
BRDA:32,0,0,968
BRDA:32,0,1,31
BRDA:32,1,2,418
BRDA:32,1,3,550
BRDA:36,0,0,31
BRDA:36,0,1,968
BRDA:36,1,2,11
BRDA:36,1,3,20
BRF:8
BRH:8
LF:20
LH:20
end_of_record
SF:src/automotive/unused-code/UnusedObjectDefinitionCheck.h
FN:36,_ZN5clang4tidy10automotive27UnusedObjectDefinitionCheckC2EN4llvm9StringRefEPNS0_16ClangTidyContextE
FN:39,_ZN5clang4tidy10automotive27UnusedObjectDefinitionCheckD2Ev
FNDA:115,_ZN5clang4tidy10automotive27UnusedObjectDefinitionCheckC2EN4llvm9StringRefEPNS0_16ClangTidyContextE
FNDA:115,_ZN5clang4tidy10automotive27UnusedObjectDefinitionCheckD2Ev
FNF:2
FNH:2
DA:36,115
DA:39,115
BRF:0
BRH:0
LF:2
LH:2
end_of_record
SF:src/automotive/unused-code/UnusedParameterCheck.cpp
FN:17,_ZN5clang4tidy10automotive20UnusedParameterCheck16registerMatchersEPNS_12ast_matchers11MatchFinderE
FN:26,_ZN5clang4tidy10automotive20UnusedParameterCheck5checkERKNS_12ast_matchers11MatchFinder11MatchResultE
FNDA:115,_ZN5clang4tidy10automotive20UnusedParameterCheck16registerMatchersEPNS_12ast_matchers11MatchFinderE
FNDA:514,_ZN5clang4tidy10automotive20UnusedParameterCheck5checkERKNS_12ast_matchers11MatchFinder11MatchResultE
FNF:2
FNH:2
DA:17,115
DA:19,115
DA:20,115
DA:21,115
DA:22,115
DA:23,115
DA:24,115
DA:26,514
DA:27,514
DA:28,514
DA:29,0
DA:32,514
DA:33,0
DA:36,514
DA:38,227
DA:39,1
DA:42,226
DA:43,210
DA:46,16
DA:47,0
DA:50,16
DA:51,16
DA:52,514
BRDA:28,0,0,0
BRDA:28,0,1,514
BRDA:32,0,0,0
BRDA:32,0,1,514
BRDA:36,0,0,227
BRDA:36,0,1,514
BRDA:38,0,0,1
BRDA:38,0,1,226
BRDA:42,0,0,210
BRDA:42,0,1,16
BRDA:46,0,0,0
BRDA:46,0,1,16
BRF:12
BRH:9
LF:23
LH:20
end_of_record
SF:src/automotive/unused-code/UnusedParameterCheck.h
FN:43,_ZN5clang4tidy10automotive20UnusedParameterCheckC2EN4llvm9StringRefEPNS0_16ClangTidyContextE
FN:46,_ZN5clang4tidy10automotive20UnusedParameterCheckD2Ev
FNDA:115,_ZN5clang4tidy10automotive20UnusedParameterCheckC2EN4llvm9StringRefEPNS0_16ClangTidyContextE
FNDA:115,_ZN5clang4tidy10automotive20UnusedParameterCheckD2Ev
FNF:2
FNH:2
DA:43,115
DA:46,115
BRF:0
BRH:0
LF:2
LH:2
end_of_record
SF:src/automotive/unused-code/UnusedTagCheck.cpp
FN:16,_ZN5clang4tidy10automotive14UnusedTagCheck16registerMatchersEPNS_12ast_matchers11MatchFinderE
FN:21,_ZN5clang4tidy10automotive14UnusedTagCheck5checkERKNS_12ast_matchers11MatchFinder11MatchResultE
FNDA:115,_ZN5clang4tidy10automotive14UnusedTagCheck16registerMatchersEPNS_12ast_matchers11MatchFinderE
FNDA:252,_ZN5clang4tidy10automotive14UnusedTagCheck5checkERKNS_12ast_matchers11MatchFinder11MatchResultE
FNF:2
FNH:2
DA:16,115
DA:17,115
DA:18,115
DA:19,115
DA:21,252
DA:22,252
DA:24,252
DA:25,0
DA:26,0
DA:28,252
DA:29,35
DA:30,35
DA:32,217
DA:33,28
DA:34,28
DA:36,189
DA:37,189
BRDA:24,0,0,0
BRDA:24,0,1,252
BRDA:28,0,0,35
BRDA:28,0,1,217
BRDA:28,1,2,0
BRDA:28,1,3,217
BRDA:32,0,0,28
BRDA:32,0,1,189
BRF:8
BRH:6
LF:17
LH:15
end_of_record
SF:src/automotive/unused-code/UnusedTagCheck.h
FN:35,_ZN5clang4tidy10automotive14UnusedTagCheckC2EN4llvm9StringRefEPNS0_16ClangTidyContextE
FN:38,_ZN5clang4tidy10automotive14UnusedTagCheckD2Ev
FNDA:115,_ZN5clang4tidy10automotive14UnusedTagCheckC2EN4llvm9StringRefEPNS0_16ClangTidyContextE
FNDA:115,_ZN5clang4tidy10automotive14UnusedTagCheckD2Ev
FNF:2
FNH:2
DA:35,115
DA:38,115
BRF:0
BRH:0
LF:2
LH:2
end_of_record
SF:src/automotive/utils/ASTMatchers.h
FN:22,_ZNK5clang4tidy10automotive12ast_matchers8internal29matcher_isRestrictTypeMatcher7matchesERKNS_8QualTypeEPNS_12ast_matchers8internal14ASTMatchFinderEPNS9_21BoundNodesTreeBuilderE
FN:26,_ZNK5clang4tidy10automotive12ast_matchers8internal29matcher_hasDefaultStmtMatcher7matchesERKNS_10SwitchStmtEPNS_12ast_matchers8internal14ASTMatchFinderEPNS9_21BoundNodesTreeBuilderE
FN:73,_ZNK5clang4tidy10automotive12ast_matchers8internal35matcher_isEssentiallyBooleanMatcher7matchesERKNS_4ExprEPNS_12ast_matchers8internal14ASTMatchFinderEPNS9_21BoundNodesTreeBuilderE
FN:77,_ZNK5clang4tidy10automotive12ast_matchers8internal37matcher_isAssignmentResultUsedMatcher7matchesERKNS_14BinaryOperatorEPNS_12ast_matchers8internal14ASTMatchFinderEPNS9_21BoundNodesTreeBuilderE
FN:86,_ZNK5clang4tidy10automotive12ast_matchers8internal23matcher_hasBody0Matcher7matchesERKNS_10SwitchStmtEPNS_12ast_matchers8internal14ASTMatchFinderEPNS9_21BoundNodesTreeBuilderE
FN:91,_ZNK5clang4tidy10automotive12ast_matchers8internal32matcher_isZeroInitializerMatcher7matchesERKNS_12InitListExprEPNS_12ast_matchers8internal14ASTMatchFinderEPNS9_21BoundNodesTreeBuilderE
FN:97,_ZNK5clang4tidy10automotive12ast_matchers8internal34matcher_isStringLiteralInitMatcher7matchesERKNS_12InitListExprEPNS_12ast_matchers8internal14ASTMatchFinderEPNS9_21BoundNodesTreeBuilderE
FN:36,AvoidPartialArrayInitCheck.cpp:_ZN5clang4tidy10automotive12ast_matchersL26isEssentiallyBooleanHelperERKNS_4ExprE
FN:36,AvoidAssignmentInExpressionCheck.cpp:_ZN5clang4tidy10automotive12ast_matchersL26isEssentiallyBooleanHelperERKNS_4ExprE
FN:36,AvoidNonBooleanInConditionCheck.cpp:_ZN5clang4tidy10automotive12ast_matchersL26isEssentiallyBooleanHelperERKNS_4ExprE
FN:36,MissingDefaultInSwitchStmtCheck.cpp:_ZN5clang4tidy10automotive12ast_matchersL26isEssentiallyBooleanHelperERKNS_4ExprE
FN:36,AvoidBooleanInSwitchCheck.cpp:_ZN5clang4tidy10automotive12ast_matchersL26isEssentiallyBooleanHelperERKNS_4ExprE
FN:36,MissingCompoundStmtCheck.cpp:_ZN5clang4tidy10automotive12ast_matchersL26isEssentiallyBooleanHelperERKNS_4ExprE
FN:36,AvoidRestrictTypeCheck.cpp:_ZN5clang4tidy10automotive12ast_matchersL26isEssentiallyBooleanHelperERKNS_4ExprE
FNDA:11956,_ZNK5clang4tidy10automotive12ast_matchers8internal29matcher_isRestrictTypeMatcher7matchesERKNS_8QualTypeEPNS_12ast_matchers8internal14ASTMatchFinderEPNS9_21BoundNodesTreeBuilderE
FNDA:70,_ZNK5clang4tidy10automotive12ast_matchers8internal29matcher_hasDefaultStmtMatcher7matchesERKNS_10SwitchStmtEPNS_12ast_matchers8internal14ASTMatchFinderEPNS9_21BoundNodesTreeBuilderE
FNDA:289,_ZNK5clang4tidy10automotive12ast_matchers8internal35matcher_isEssentiallyBooleanMatcher7matchesERKNS_4ExprEPNS_12ast_matchers8internal14ASTMatchFinderEPNS9_21BoundNodesTreeBuilderE
FNDA:400,_ZNK5clang4tidy10automotive12ast_matchers8internal37matcher_isAssignmentResultUsedMatcher7matchesERKNS_14BinaryOperatorEPNS_12ast_matchers8internal14ASTMatchFinderEPNS9_21BoundNodesTreeBuilderE
FNDA:70,_ZNK5clang4tidy10automotive12ast_matchers8internal23matcher_hasBody0Matcher7matchesERKNS_10SwitchStmtEPNS_12ast_matchers8internal14ASTMatchFinderEPNS9_21BoundNodesTreeBuilderE
FNDA:69,_ZNK5clang4tidy10automotive12ast_matchers8internal32matcher_isZeroInitializerMatcher7matchesERKNS_12InitListExprEPNS_12ast_matchers8internal14ASTMatchFinderEPNS9_21BoundNodesTreeBuilderE
FNDA:67,_ZNK5clang4tidy10automotive12ast_matchers8internal34matcher_isStringLiteralInitMatcher7matchesERKNS_12InitListExprEPNS_12ast_matchers8internal14ASTMatchFinderEPNS9_21BoundNodesTreeBuilderE
FNDA:368,AvoidPartialArrayInitCheck.cpp:_ZN5clang4tidy10automotive12ast_matchersL26isEssentiallyBooleanHelperERKNS_4ExprE
FNDA:0,AvoidAssignmentInExpressionCheck.cpp:_ZN5clang4tidy10automotive12ast_matchersL26isEssentiallyBooleanHelperERKNS_4ExprE
FNDA:0,AvoidNonBooleanInConditionCheck.cpp:_ZN5clang4tidy10automotive12ast_matchersL26isEssentiallyBooleanHelperERKNS_4ExprE
FNDA:0,MissingDefaultInSwitchStmtCheck.cpp:_ZN5clang4tidy10automotive12ast_matchersL26isEssentiallyBooleanHelperERKNS_4ExprE
FNDA:0,AvoidBooleanInSwitchCheck.cpp:_ZN5clang4tidy10automotive12ast_matchersL26isEssentiallyBooleanHelperERKNS_4ExprE
FNDA:0,MissingCompoundStmtCheck.cpp:_ZN5clang4tidy10automotive12ast_matchersL26isEssentiallyBooleanHelperERKNS_4ExprE
FNDA:0,AvoidRestrictTypeCheck.cpp:_ZN5clang4tidy10automotive12ast_matchersL26isEssentiallyBooleanHelperERKNS_4ExprE
FNF:8
FNH:8
DA:22,11956
DA:23,11956
DA:24,11956
DA:26,70
DA:27,113
DA:28,92
DA:29,92
DA:30,49
DA:31,49
DA:32,92
DA:33,21
DA:34,70
DA:36,368
DA:37,368
DA:40,368
DA:41,8
DA:42,8
DA:47,360
DA:48,203
DA:49,203
DA:53,157
DA:54,2
DA:55,2
DA:59,155
DA:60,1
DA:61,1
DA:64,154
DA:65,78
DA:66,78
DA:70,76
DA:71,154
DA:73,289
DA:74,289
DA:75,289
DA:77,400
DA:78,400
DA:79,400
DA:80,0
DA:81,0
DA:82,400
DA:83,400
DA:86,70
DA:87,70
DA:88,70
DA:89,70
DA:91,69
DA:92,69
DA:93,69
DA:94,69
DA:95,69
DA:97,67
DA:98,67
DA:99,67
BRDA:27,0,0,92
BRDA:27,0,1,21
BRDA:29,0,0,49
BRDA:29,0,1,43
BRDA:40,0,0,-
BRDA:40,0,1,-
BRDA:40,1,2,-
BRDA:40,1,3,-
BRDA:40,2,4,8
BRDA:40,2,5,360
BRDA:40,3,6,-
BRDA:40,3,7,-
BRDA:40,4,8,-
BRDA:40,4,9,-
BRDA:40,5,10,-
BRDA:40,5,11,-
BRDA:40,6,12,-
BRDA:40,6,13,-
BRDA:47,0,0,-
BRDA:47,0,1,-
BRDA:47,1,2,-
BRDA:47,1,3,-
BRDA:47,2,4,-
BRDA:47,2,5,-
BRDA:47,3,6,-
BRDA:47,3,7,-
BRDA:47,4,8,-
BRDA:47,4,9,-
BRDA:47,5,10,-
BRDA:47,5,11,-
BRDA:47,6,12,203
BRDA:47,6,13,157
BRDA:48,0,0,-
BRDA:48,0,1,-
BRDA:48,1,2,-
BRDA:48,1,3,-
BRDA:48,2,4,-
BRDA:48,2,5,-
BRDA:48,3,6,-
BRDA:48,3,7,-
BRDA:48,4,8,-
BRDA:48,4,9,-
BRDA:48,5,10,182
BRDA:48,5,11,21
BRDA:48,6,12,-
BRDA:48,6,13,-
BRDA:48,7,14,-
BRDA:48,7,15,-
BRDA:48,8,16,-
BRDA:48,8,17,-
BRDA:48,9,18,-
BRDA:48,9,19,-
BRDA:48,10,20,18
BRDA:48,10,21,3
BRDA:48,11,22,-
BRDA:48,11,23,-
BRDA:48,12,24,-
BRDA:48,12,25,-
BRDA:48,13,26,-
BRDA:48,13,27,-
BRDA:53,0,0,-
BRDA:53,0,1,-
BRDA:53,1,2,2
BRDA:53,1,3,155
BRDA:53,2,4,-
BRDA:53,2,5,-
BRDA:53,3,6,-
BRDA:53,3,7,-
BRDA:53,4,8,-
BRDA:53,4,9,-
BRDA:53,5,10,-
BRDA:53,5,11,-
BRDA:53,6,12,-
BRDA:53,6,13,-
BRDA:59,0,0,-
BRDA:59,0,1,-
BRDA:59,1,2,-
BRDA:59,1,3,-
BRDA:59,2,4,1
BRDA:59,2,5,154
BRDA:59,3,6,-
BRDA:59,3,7,-
BRDA:59,4,8,-
BRDA:59,4,9,-
BRDA:59,5,10,-
BRDA:59,5,11,-
BRDA:59,6,12,-
BRDA:59,6,13,-
BRDA:64,0,0,-
BRDA:64,0,1,-
BRDA:64,1,2,-
BRDA:64,1,3,-
BRDA:64,2,4,-
BRDA:64,2,5,-
BRDA:64,3,6,-
BRDA:64,3,7,-
BRDA:64,4,8,-
BRDA:64,4,9,-
BRDA:64,5,10,-
BRDA:64,5,11,-
BRDA:64,6,12,78
BRDA:64,6,13,76
BRDA:79,0,0,0
BRDA:79,0,1,400
BRDA:88,0,0,70
BRDA:88,0,1,0
BRDA:88,1,2,0
BRDA:88,1,3,70
BRDA:92,0,0,13
BRDA:92,0,1,56
BRDA:93,0,0,6
BRDA:93,0,1,7
BRDA:94,0,0,2
BRDA:94,0,1,4
BRF:30
BRH:27
LF:53
LH:51
end_of_record
SF:src/automotive/utils/CKeywordSet.cpp
FN:67,_ZN5clang4tidy10automotive11CKeywordSetC2ERKNS_11LangOptionsE
FN:86,_ZNK5clang4tidy10automotive11CKeywordSet9isKeywordEN4llvm9StringRefE
FN:90,_ZNK5clang4tidy10automotive11CKeywordSet12isDeprecatedEN4llvm9StringRefE
FN:105,CKeywordSet.cpp:_ZN5clang4tidy10automotiveL14makeKeywordSetESt16initializer_listIN4llvm8ArrayRefINS3_9StringRefEEEES6_
FN:95,CKeywordSet.cpp:_ZN5clang4tidy10automotiveL16sizeofKeywordSetESt16initializer_listIN4llvm8ArrayRefINS3_9StringRefEEEE
FNDA:115,_ZN5clang4tidy10automotive11CKeywordSetC2ERKNS_11LangOptionsE
FNDA:53978,_ZNK5clang4tidy10automotive11CKeywordSet9isKeywordEN4llvm9StringRefE
FNDA:0,_ZNK5clang4tidy10automotive11CKeywordSet12isDeprecatedEN4llvm9StringRefE
FNDA:575,CKeywordSet.cpp:_ZN5clang4tidy10automotiveL14makeKeywordSetESt16initializer_listIN4llvm8ArrayRefINS3_9StringRefEEEES6_
FNDA:575,CKeywordSet.cpp:_ZN5clang4tidy10automotiveL16sizeofKeywordSetESt16initializer_listIN4llvm8ArrayRefINS3_9StringRefEEEE
FNF:5
FNH:4
DA:67,115
DA:68,115
DA:69,0
DA:70,0
DA:72,115
DA:73,109
DA:74,109
DA:76,109
DA:77,0
DA:78,0
DA:80,6
DA:81,6
DA:82,6
DA:83,6
DA:84,115
DA:86,53978
DA:87,53978
DA:88,53978
DA:90,0
DA:91,0
DA:92,0
DA:95,575
DA:96,575
DA:97,1265
DA:98,1265
DA:99,1265
DA:100,575
DA:101,575
DA:105,575
DA:107,575
DA:109,1265
DA:110,1265
DA:111,1265
DA:113,690
DA:114,690
DA:115,690
DA:117,575
DA:118,575
BRDA:68,0,0,0
BRDA:68,0,1,115
BRDA:72,0,0,109
BRDA:72,0,1,6
BRDA:76,0,0,0
BRDA:76,0,1,6
BRDA:97,0,0,1265
BRDA:97,0,1,575
BRDA:109,0,0,1265
BRDA:109,0,1,575
BRDA:113,0,0,690
BRDA:113,0,1,575
BRF:12
BRH:10
LF:38
LH:31
end_of_record
SF:src/automotive/utils/IgnoreLineSpliceRef.h
FN:120,_ZN19IgnoreLineSpliceRef6rbeginEv
FN:73,_ZN34IgnoreLineSpliceRefReverseIteratorC2EN4llvm9StringRefEm
FN:98,_ZN34IgnoreLineSpliceRefReverseIterator14skipLineSpliceEv
FN:77,_ZNK34IgnoreLineSpliceRefReverseIteratordeEv
FN:79,_ZN34IgnoreLineSpliceRefReverseIteratormmEv
FN:95,_ZNK34IgnoreLineSpliceRefReverseIterator8positionEv
FN:110,_ZN19IgnoreLineSpliceRefC2EN4llvm9StringRefE
FN:112,_ZN19IgnoreLineSpliceRef5beginEv
FN:24,_ZN27IgnoreLineSpliceRefIteratorC2EN4llvm9StringRefEm
FN:52,_ZN27IgnoreLineSpliceRefIterator14skipLineSpliceEv
FN:43,_ZNK27IgnoreLineSpliceRefIteratorneERKS_
FN:116,_ZN19IgnoreLineSpliceRef3endEv
FN:28,_ZNK27IgnoreLineSpliceRefIteratordeEv
FN:49,_ZNK27IgnoreLineSpliceRefIterator12prevPositionEv
FN:47,_ZNK27IgnoreLineSpliceRefIterator8positionEv
FN:30,_ZN27IgnoreLineSpliceRefIteratorppEv
FN:37,_ZN27IgnoreLineSpliceRefIteratorppEi
FN:85,_ZN34IgnoreLineSpliceRefReverseIteratormmEi
FN:91,_ZNK34IgnoreLineSpliceRefReverseIteratorneERKS_
FN:124,_ZN19IgnoreLineSpliceRef4rendEv
FNDA:13954,_ZN19IgnoreLineSpliceRef6rbeginEv
FNDA:13954,_ZN34IgnoreLineSpliceRefReverseIteratorC2EN4llvm9StringRefEm
FNDA:27908,_ZN34IgnoreLineSpliceRefReverseIterator14skipLineSpliceEv
FNDA:27908,_ZNK34IgnoreLineSpliceRefReverseIteratordeEv
FNDA:13954,_ZN34IgnoreLineSpliceRefReverseIteratormmEv
FNDA:13954,_ZNK34IgnoreLineSpliceRefReverseIterator8positionEv
FNDA:30477,_ZN19IgnoreLineSpliceRefC2EN4llvm9StringRefE
FNDA:30477,_ZN19IgnoreLineSpliceRef5beginEv
FNDA:1431291,_ZN27IgnoreLineSpliceRefIteratorC2EN4llvm9StringRefEm
FNDA:2843356,_ZN27IgnoreLineSpliceRefIterator14skipLineSpliceEv
FNDA:1400814,_ZNK27IgnoreLineSpliceRefIteratorneERKS_
FNDA:1400814,_ZN19IgnoreLineSpliceRef3endEv
FNDA:1431291,_ZNK27IgnoreLineSpliceRefIteratordeEv
FNDA:342,_ZNK27IgnoreLineSpliceRefIterator12prevPositionEv
FNDA:25708,_ZNK27IgnoreLineSpliceRefIterator8positionEv
FNDA:1412065,_ZN27IgnoreLineSpliceRefIteratorppEv
FNDA:0,_ZN27IgnoreLineSpliceRefIteratorppEi
FNDA:0,_ZN34IgnoreLineSpliceRefReverseIteratormmEi
FNDA:0,_ZNK34IgnoreLineSpliceRefReverseIteratorneERKS_
FNDA:0,_ZN19IgnoreLineSpliceRef4rendEv
FNF:20
FNH:16
DA:24,1431291
DA:25,1431291
DA:26,1431291
DA:28,1431291
DA:30,1412065
DA:31,1412065
DA:32,1412065
DA:33,1412065
DA:34,1412065
DA:35,1412065
DA:37,0
DA:38,0
DA:39,0
DA:40,0
DA:41,0
DA:43,1400814
DA:44,1400814
DA:45,1400814
DA:47,25708
DA:49,342
DA:52,2843356
DA:53,2843408
DA:54,2843408
DA:55,52
DA:56,52
DA:57,2843356
DA:73,13954
DA:74,13954
DA:75,13954
DA:77,27908
DA:79,13954
DA:80,13954
DA:81,13954
DA:82,13954
DA:83,13954
DA:85,0
DA:86,0
DA:87,0
DA:88,0
DA:89,0
DA:91,0
DA:92,0
DA:93,0
DA:95,13954
DA:98,27908
DA:99,27908
DA:100,0
DA:101,0
DA:102,27908
DA:110,30477
DA:112,30477
DA:113,30477
DA:114,30477
DA:116,1400814
DA:117,1400814
DA:118,1400814
DA:120,13954
DA:121,13954
DA:122,13954
DA:124,0
DA:125,0
DA:126,0
BRDA:53,0,0,1422056
BRDA:53,0,1,1421352
BRDA:53,1,2,117
BRDA:53,1,3,1421939
BRDA:54,0,0,52
BRDA:54,0,1,65
BRDA:99,0,0,27908
BRDA:99,0,1,0
BRDA:99,1,2,0
BRDA:99,1,3,27908
BRDA:99,2,4,-
BRDA:99,2,5,-
BRF:12
BRH:8
LF:62
LH:44
end_of_record
SF:src/automotive/utils/TokenRange.h
FN:32,_ZN5clang4tidy10automotive10TokenRangeC2ENS_14SourceLocationES3_RKNS_13SourceManagerERKNS_11LangOptionsE
FN:37,_ZN5clang4tidy10automotive10TokenRange12TokenContextC2ERKNS_13SourceManagerERKNS_11LangOptionsE
FN:39,_ZN5clang4tidy10automotive10TokenRange12TokenContext13findNextTokenENS_14SourceLocationE
FN:44,_ZN5clang4tidy10automotive10TokenRange12TokenContext25isBeforeInTranslationUnitENS_14SourceLocationES4_
FN:58,_ZN5clang4tidy10automotive10TokenRange13TokenIteratorC2ENS_14SourceLocationEPNS2_12TokenContextE
FN:62,_ZN5clang4tidy10automotive10TokenRange13TokenIteratorC2ENS_14SourceLocationE
FN:64,_ZNK5clang4tidy10automotive10TokenRange13TokenIteratordeEv
FN:66,_ZN5clang4tidy10automotive10TokenRange13TokenIteratorppEv
FN:71,_ZNK5clang4tidy10automotive10TokenRange13TokenIteratorneERKS3_
FN:81,_ZN5clang4tidy10automotive10TokenRange13TokenIterator7advanceEv
FN:89,_ZNK5clang4tidy10automotive10TokenRange5beginEv
FN:90,_ZNK5clang4tidy10automotive10TokenRange3endEv
FNDA:0,_ZN5clang4tidy10automotive10TokenRangeC2ENS_14SourceLocationES3_RKNS_13SourceManagerERKNS_11LangOptionsE
FNDA:0,_ZN5clang4tidy10automotive10TokenRange12TokenContextC2ERKNS_13SourceManagerERKNS_11LangOptionsE
FNDA:0,_ZN5clang4tidy10automotive10TokenRange12TokenContext13findNextTokenENS_14SourceLocationE
FNDA:0,_ZN5clang4tidy10automotive10TokenRange12TokenContext25isBeforeInTranslationUnitENS_14SourceLocationES4_
FNDA:0,_ZN5clang4tidy10automotive10TokenRange13TokenIteratorC2ENS_14SourceLocationEPNS2_12TokenContextE
FNDA:0,_ZN5clang4tidy10automotive10TokenRange13TokenIteratorC2ENS_14SourceLocationE
FNDA:0,_ZNK5clang4tidy10automotive10TokenRange13TokenIteratordeEv
FNDA:0,_ZN5clang4tidy10automotive10TokenRange13TokenIteratorppEv
FNDA:0,_ZNK5clang4tidy10automotive10TokenRange13TokenIteratorneERKS3_
FNDA:0,_ZN5clang4tidy10automotive10TokenRange13TokenIterator7advanceEv
FNDA:0,_ZNK5clang4tidy10automotive10TokenRange5beginEv
FNDA:0,_ZNK5clang4tidy10automotive10TokenRange3endEv
FNF:12
FNH:0
DA:32,0
DA:37,0
DA:39,0
DA:40,0
DA:41,0
DA:44,0
DA:45,0
DA:46,0
DA:58,0
DA:59,0
DA:60,0
DA:62,0
DA:64,0
DA:66,0
DA:67,0
DA:68,0
DA:69,0
DA:71,0
DA:72,0
DA:73,0
DA:81,0
DA:82,0
DA:83,0
DA:84,0
DA:85,0
DA:86,0
DA:89,0
DA:90,0
BRF:0
BRH:0
LF:28
LH:0
end_of_record
SF:src/automotive/utils/Utils.h
FN:18,FunctionComponent.cpp:_ZN5clang4tidy10automotive5utilsL13isLanguageC90ERKNS_11LangOptionsE
FN:18,ImplicitFunctionDeclCheck.cpp:_ZN5clang4tidy10automotive5utilsL13isLanguageC90ERKNS_11LangOptionsE
FNDA:0,FunctionComponent.cpp:_ZN5clang4tidy10automotive5utilsL13isLanguageC90ERKNS_11LangOptionsE
FNDA:115,ImplicitFunctionDeclCheck.cpp:_ZN5clang4tidy10automotive5utilsL13isLanguageC90ERKNS_11LangOptionsE
FNF:1
FNH:1
DA:18,115
DA:19,115
DA:20,115
DA:21,115
BRDA:19,0,0,6
BRDA:19,0,1,109
BRDA:19,1,2,6
BRDA:19,1,3,0
BRDA:19,2,4,6
BRDA:19,2,5,0
BRDA:19,3,6,6
BRDA:19,3,7,0
BRDA:20,0,0,0
BRDA:20,0,1,6
BRF:10
BRH:6
LF:4
LH:4
end_of_record
