SF:src/automotive/AutomotiveTidyModule.cpp
FN:38,_ZN5clang4tidy10automotive16AutomotiveModule17addCheckFactoriesERNS0_23ClangTidyCheckFactoriesE
FNDA:168,_ZN5clang4tidy10automotive16AutomotiveModule17addCheckFactoriesERNS0_23ClangTidyCheckFactoriesE
FNF:1
FNH:1
DA:38,168
DA:40,168
DA:41,168
DA:42,168
DA:43,168
DA:44,168
DA:45,168
DA:46,168
DA:47,168
DA:48,168
DA:49,168
DA:50,168
DA:51,168
DA:52,168
DA:53,168
DA:54,168
DA:58,168
DA:59,168
DA:60,168
DA:61,168
DA:65,168
DA:66,168
DA:70,168
DA:71,168
BRF:0
BRH:0
LF:24
LH:24
end_of_record
SF:src/automotive/array/ArrayComponent.cpp
FN:22,_ZN5clang4tidy10automotive14ArrayComponent17addCheckFactoriesERNS0_23ClangTidyCheckFactoriesE
FNDA:168,_ZN5clang4tidy10automotive14ArrayComponent17addCheckFactoriesERNS0_23ClangTidyCheckFactoriesE
FNF:1
FNH:1
DA:22,168
DA:24,168
DA:25,168
DA:26,168
DA:27,168
DA:28,168
DA:29,168
DA:30,168
DA:31,168
DA:34,168
DA:35,168
DA:38,168
DA:39,168
DA:42,168
DA:43,168
DA:46,168
DA:47,168
DA:48,168
BRF:0
BRH:0
LF:18
LH:18
end_of_record
SF:src/automotive/array/AvoidDesignatedInitializerBoundsCheck.cpp
FN:18,_ZN5clang4tidy10automotive37AvoidDesignatedInitializerBoundsCheck16registerMatchersEPNS_12ast_matchers11MatchFinderE
FN:24,_ZN5clang4tidy10automotive37AvoidDesignatedInitializerBoundsCheck5checkERKNS_12ast_matchers11MatchFinder11MatchResultE
FNDA:84,_ZN5clang4tidy10automotive37AvoidDesignatedInitializerBoundsCheck16registerMatchersEPNS_12ast_matchers11MatchFinderE
FNDA:10,_ZN5clang4tidy10automotive37AvoidDesignatedInitializerBoundsCheck5checkERKNS_12ast_matchers11MatchFinder11MatchResultE
FNF:2
FNH:2
DA:18,84
DA:20,84
DA:21,84
DA:24,10
DA:25,10
DA:26,10
DA:27,0
DA:30,10
DA:31,0
DA:34,10
DA:36,10
DA:38,7
DA:39,7
DA:40,0
DA:43,7
DA:44,7
DA:45,7
DA:48,7
DA:49,0
DA:50,0
DA:51,0
DA:52,0
DA:53,0
DA:57,7
DA:58,7
DA:61,10
DA:62,0
DA:63,0
DA:65,0
DA:66,0
DA:67,0
DA:69,0
DA:70,0
DA:71,0
DA:73,0
DA:74,0
DA:75,0
DA:76,0
DA:77,0
DA:78,0
DA:79,0
DA:80,0
DA:81,0
DA:82,0
DA:83,0
DA:84,0
DA:85,10
DA:86,10
BRDA:26,0,0,0
BRDA:26,0,1,10
BRDA:30,0,0,0
BRDA:30,0,1,10
BRDA:34,0,0,10
BRDA:34,0,1,10
BRDA:36,0,0,7
BRDA:36,0,1,3
BRDA:39,0,0,0
BRDA:39,0,1,7
BRDA:43,0,0,7
BRDA:43,0,1,0
BRDA:48,0,0,0
BRDA:48,0,1,7
BRDA:61,0,0,0
BRDA:61,0,1,10
BRDA:65,0,0,-
BRDA:65,0,1,-
BRDA:65,1,2,-
BRDA:65,1,3,-
BRDA:69,0,0,-
BRDA:69,0,1,-
BRDA:69,1,2,-
BRDA:69,1,3,-
BRDA:73,0,0,-
BRDA:73,0,1,-
BRDA:73,1,2,-
BRDA:73,1,3,-
BRDA:76,0,0,-
BRDA:76,0,1,-
BRF:30
BRH:10
LF:48
LH:20
end_of_record
SF:src/automotive/array/AvoidDesignatedInitializerBoundsCheck.h
FN:36,_ZN5clang4tidy10automotive37AvoidDesignatedInitializerBoundsCheckC2EN4llvm9StringRefEPNS0_16ClangTidyContextE
FN:39,_ZN5clang4tidy10automotive37AvoidDesignatedInitializerBoundsCheckD2Ev
FNDA:84,_ZN5clang4tidy10automotive37AvoidDesignatedInitializerBoundsCheckC2EN4llvm9StringRefEPNS0_16ClangTidyContextE
FNDA:84,_ZN5clang4tidy10automotive37AvoidDesignatedInitializerBoundsCheckD2Ev
FNF:2
FNH:2
DA:36,84
DA:39,84
BRF:0
BRH:0
LF:2
LH:2
end_of_record
SF:src/automotive/array/AvoidFlexibleArrayMemberCheck.cpp
FN:16,_ZN5clang4tidy10automotive29AvoidFlexibleArrayMemberCheck16registerMatchersEPNS_12ast_matchers11MatchFinderE
FN:22,_ZN5clang4tidy10automotive29AvoidFlexibleArrayMemberCheck5checkERKNS_12ast_matchers11MatchFinder11MatchResultE
FNDA:84,_ZN5clang4tidy10automotive29AvoidFlexibleArrayMemberCheck16registerMatchersEPNS_12ast_matchers11MatchFinderE
FNDA:2,_ZN5clang4tidy10automotive29AvoidFlexibleArrayMemberCheck5checkERKNS_12ast_matchers11MatchFinder11MatchResultE
FNF:2
FNH:2
DA:16,84
DA:17,84
DA:18,84
DA:19,84
DA:22,2
DA:23,2
DA:25,2
DA:26,2
DA:27,2
DA:28,2
BRDA:25,0,0,2
BRDA:25,0,1,0
BRF:2
BRH:1
LF:10
LH:10
end_of_record
SF:src/automotive/array/AvoidFlexibleArrayMemberCheck.h
FN:38,_ZN5clang4tidy10automotive29AvoidFlexibleArrayMemberCheckC2EN4llvm9StringRefEPNS0_16ClangTidyContextE
FN:41,_ZN5clang4tidy10automotive29AvoidFlexibleArrayMemberCheckD2Ev
FNDA:84,_ZN5clang4tidy10automotive29AvoidFlexibleArrayMemberCheckC2EN4llvm9StringRefEPNS0_16ClangTidyContextE
FNDA:84,_ZN5clang4tidy10automotive29AvoidFlexibleArrayMemberCheckD2Ev
FNF:2
FNH:2
DA:38,84
DA:41,84
BRF:0
BRH:0
LF:2
LH:2
end_of_record
SF:src/automotive/array/AvoidIncompleteInitializationCheck.cpp
FN:47,_ZN5clang4tidy10automotive34AvoidIncompleteInitializationCheck16registerMatchersEPNS_12ast_matchers11MatchFinderE
FN:54,_ZN5clang4tidy10automotive34AvoidIncompleteInitializationCheck5checkERKNS_12ast_matchers11MatchFinder11MatchResultE
FN:112,_ZNK5clang4tidy10automotive34AvoidIncompleteInitializationCheck19getRecordFieldCountEPKNS_10RecordTypeE
FN:37,AvoidIncompleteInitializationCheck.cpp:_ZN5clang4tidy10automotive12_GLOBAL__N_118countExplicitInitsEPKNS_12InitListExprE
FN:20,AvoidIncompleteInitializationCheck.cpp:_ZN5clang4tidy10automotive12_GLOBAL__N_117isZeroInitializerEPKNS_12InitListExprERNS_10ASTContextE
FNDA:84,_ZN5clang4tidy10automotive34AvoidIncompleteInitializationCheck16registerMatchersEPNS_12ast_matchers11MatchFinderE
FNDA:71,_ZN5clang4tidy10automotive34AvoidIncompleteInitializationCheck5checkERKNS_12ast_matchers11MatchFinder11MatchResultE
FNDA:13,_ZNK5clang4tidy10automotive34AvoidIncompleteInitializationCheck19getRecordFieldCountEPKNS_10RecordTypeE
FNDA:71,AvoidIncompleteInitializationCheck.cpp:_ZN5clang4tidy10automotive12_GLOBAL__N_118countExplicitInitsEPKNS_12InitListExprE
FNDA:34,AvoidIncompleteInitializationCheck.cpp:_ZN5clang4tidy10automotive12_GLOBAL__N_117isZeroInitializerEPKNS_12InitListExprERNS_10ASTContextE
FNF:5
FNH:5
DA:20,34
DA:22,34
DA:23,34
DA:24,34
DA:25,0
DA:27,34
DA:28,20
DA:29,14
DA:30,14
DA:31,0
DA:32,14
DA:33,14
DA:34,14
DA:37,71
DA:38,71
DA:39,259
DA:40,188
DA:41,169
DA:42,188
DA:43,71
DA:44,71
DA:47,84
DA:49,84
DA:50,84
DA:51,84
DA:54,71
DA:55,71
DA:56,71
DA:57,71
DA:58,0
DA:61,71
DA:62,0
DA:65,71
DA:66,71
DA:67,71
DA:68,0
DA:70,71
DA:73,71
DA:76,71
DA:77,58
DA:81,58
DA:82,58
DA:83,23
DA:84,23
DA:85,23
DA:86,23
DA:87,23
DA:88,58
DA:89,58
DA:92,13
DA:93,13
DA:94,13
DA:95,0
DA:97,13
DA:101,13
DA:102,13
DA:103,6
DA:104,6
DA:105,6
DA:106,6
DA:107,6
DA:108,13
DA:109,13
DA:112,13
DA:113,13
DA:114,13
DA:115,36
DA:116,36
DA:117,36
DA:118,36
DA:119,13
DA:120,13
BRDA:23,0,0,0
BRDA:23,0,1,34
BRDA:24,0,0,0
BRDA:24,0,1,34
BRDA:27,0,0,20
BRDA:27,0,1,14
BRDA:30,0,0,0
BRDA:30,0,1,14
BRDA:33,0,0,10
BRDA:33,0,1,4
BRDA:33,1,2,5
BRDA:33,1,3,5
BRDA:39,0,0,188
BRDA:39,0,1,71
BRDA:40,0,0,169
BRDA:40,0,1,19
BRDA:57,0,0,0
BRDA:57,0,1,71
BRDA:57,1,2,0
BRDA:57,1,3,71
BRDA:61,0,0,0
BRDA:61,0,1,71
BRDA:66,0,0,71
BRDA:66,0,1,0
BRDA:67,0,0,0
BRDA:67,0,1,71
BRDA:76,0,0,58
BRDA:76,0,1,13
BRDA:81,0,0,55
BRDA:81,0,1,3
BRDA:81,1,2,27
BRDA:81,1,3,28
BRDA:82,0,0,23
BRDA:82,0,1,4
BRDA:92,0,0,13
BRDA:92,0,1,0
BRDA:94,0,0,0
BRDA:94,0,1,13
BRDA:101,0,0,12
BRDA:101,0,1,1
BRDA:101,1,2,7
BRDA:101,1,3,5
BRDA:102,0,0,6
BRDA:102,0,1,1
BRDA:115,0,0,36
BRDA:115,0,1,13
BRF:46
BRH:36
LF:72
LH:66
end_of_record
SF:src/automotive/array/AvoidIncompleteInitializationCheck.h
FN:39,_ZN5clang4tidy10automotive34AvoidIncompleteInitializationCheckC2EN4llvm9StringRefEPNS0_16ClangTidyContextE
FN:42,_ZN5clang4tidy10automotive34AvoidIncompleteInitializationCheckD2Ev
FNDA:84,_ZN5clang4tidy10automotive34AvoidIncompleteInitializationCheckC2EN4llvm9StringRefEPNS0_16ClangTidyContextE
FNDA:84,_ZN5clang4tidy10automotive34AvoidIncompleteInitializationCheckD2Ev
FNF:2
FNH:2
DA:39,84
DA:42,84
BRF:0
BRH:0
LF:2
LH:2
end_of_record
SF:src/automotive/array/AvoidPartialArrayInitCheck.cpp
FN:17,_ZN5clang4tidy10automotive26AvoidPartialArrayInitCheck16registerMatchersEPNS_12ast_matchers11MatchFinderE
FN:28,_ZN5clang4tidy10automotive26AvoidPartialArrayInitCheck5checkERKNS_12ast_matchers11MatchFinder11MatchResultE
FNDA:84,_ZN5clang4tidy10automotive26AvoidPartialArrayInitCheck16registerMatchersEPNS_12ast_matchers11MatchFinderE
FNDA:53,_ZN5clang4tidy10automotive26AvoidPartialArrayInitCheck5checkERKNS_12ast_matchers11MatchFinder11MatchResultE
FNF:2
FNH:2
DA:17,84
DA:18,84
DA:19,84
DA:20,84
DA:21,84
DA:22,84
DA:23,84
DA:24,84
DA:25,84
DA:26,84
DA:28,53
DA:29,53
DA:30,53
DA:32,53
DA:33,0
DA:34,0
DA:36,53
DA:37,53
DA:38,0
DA:39,0
DA:41,53
DA:42,53
DA:44,53
DA:45,27
DA:46,27
DA:47,53
BRDA:32,0,0,0
BRDA:32,0,1,53
BRDA:32,1,2,0
BRDA:32,1,3,53
BRDA:37,0,0,0
BRDA:37,0,1,53
BRDA:44,0,0,27
BRDA:44,0,1,26
BRF:8
BRH:5
LF:26
LH:22
end_of_record
SF:src/automotive/array/AvoidPartialArrayInitCheck.h
FN:37,_ZN5clang4tidy10automotive26AvoidPartialArrayInitCheckC2EN4llvm9StringRefEPNS0_16ClangTidyContextE
FN:40,_ZN5clang4tidy10automotive26AvoidPartialArrayInitCheckD2Ev
FNDA:84,_ZN5clang4tidy10automotive26AvoidPartialArrayInitCheckC2EN4llvm9StringRefEPNS0_16ClangTidyContextE
FNDA:84,_ZN5clang4tidy10automotive26AvoidPartialArrayInitCheckD2Ev
FNF:2
FNH:2
DA:37,84
DA:40,84
BRF:0
BRH:0
LF:2
LH:2
end_of_record
SF:src/automotive/array/AvoidPointerArithmeticBoundsCheck.cpp
FN:17,_ZN5clang4tidy10automotive33AvoidPointerArithmeticBoundsCheck16registerMatchersEPNS_12ast_matchers11MatchFinderE
FN:37,_ZN5clang4tidy10automotive33AvoidPointerArithmeticBoundsCheck5checkERKNS_12ast_matchers11MatchFinder11MatchResultE
FN:75,_ZNK5clang4tidy10automotive33AvoidPointerArithmeticBoundsCheck22getPointerNestingLevelENS_8QualTypeE
FNDA:84,_ZN5clang4tidy10automotive33AvoidPointerArithmeticBoundsCheck16registerMatchersEPNS_12ast_matchers11MatchFinderE
FNDA:2572,_ZN5clang4tidy10automotive33AvoidPointerArithmeticBoundsCheck5checkERKNS_12ast_matchers11MatchFinder11MatchResultE
FNDA:1534,_ZNK5clang4tidy10automotive33AvoidPointerArithmeticBoundsCheck22getPointerNestingLevelENS_8QualTypeE
FNF:3
FNH:3
DA:17,84
DA:19,84
DA:20,84
DA:21,84
DA:22,84
DA:23,84
DA:26,84
DA:27,84
DA:28,84
DA:29,84
DA:30,84
DA:33,84
DA:34,84
DA:37,2572
DA:39,2572
DA:40,1
DA:41,0
DA:43,1
DA:44,1
DA:45,1
DA:46,1
DA:47,1
DA:50,2571
DA:51,3
DA:52,0
DA:54,3
DA:55,3
DA:56,3
DA:57,3
DA:58,3
DA:61,2568
DA:62,2568
DA:63,1034
DA:65,1534
DA:66,1534
DA:67,0
DA:68,0
DA:69,0
DA:70,0
DA:71,1534
DA:72,2568
DA:75,1534
DA:76,1534
DA:77,2088
DA:78,554
DA:79,554
DA:80,554
DA:81,1534
DA:82,1534
BRDA:39,0,0,1
BRDA:39,0,1,2571
BRDA:40,0,0,0
BRDA:40,0,1,1
BRDA:50,0,0,3
BRDA:50,0,1,2568
BRDA:51,0,0,0
BRDA:51,0,1,3
BRDA:61,0,0,2568
BRDA:61,0,1,0
BRDA:62,0,0,1034
BRDA:62,0,1,1534
BRDA:66,0,0,0
BRDA:66,0,1,1534
BRDA:77,0,0,554
BRDA:77,0,1,1534
BRF:16
BRH:12
LF:49
LH:43
end_of_record
SF:src/automotive/array/AvoidPointerArithmeticBoundsCheck.h
FN:39,_ZN5clang4tidy10automotive33AvoidPointerArithmeticBoundsCheckC2EN4llvm9StringRefEPNS0_16ClangTidyContextE
FN:42,_ZN5clang4tidy10automotive33AvoidPointerArithmeticBoundsCheckD2Ev
FNDA:84,_ZN5clang4tidy10automotive33AvoidPointerArithmeticBoundsCheckC2EN4llvm9StringRefEPNS0_16ClangTidyContextE
FNDA:84,_ZN5clang4tidy10automotive33AvoidPointerArithmeticBoundsCheckD2Ev
FNF:2
FNH:2
DA:39,84
DA:42,84
BRF:0
BRH:0
LF:2
LH:2
end_of_record
SF:src/automotive/array/AvoidPointerArithmeticCheck.cpp
FN:17,_ZN5clang4tidy10automotive27AvoidPointerArithmeticCheck16registerMatchersEPNS_12ast_matchers11MatchFinderE
FN:32,_ZN5clang4tidy10automotive27AvoidPointerArithmeticCheck5checkERKNS_12ast_matchers11MatchFinder11MatchResultE
FNDA:84,_ZN5clang4tidy10automotive27AvoidPointerArithmeticCheck16registerMatchersEPNS_12ast_matchers11MatchFinderE
FNDA:26,_ZN5clang4tidy10automotive27AvoidPointerArithmeticCheck5checkERKNS_12ast_matchers11MatchFinder11MatchResultE
FNF:2
FNH:2
DA:17,84
DA:19,84
DA:20,84
DA:21,84
DA:22,84
DA:25,84
DA:26,84
DA:27,84
DA:28,84
DA:29,84
DA:32,26
DA:34,26
DA:35,26
DA:37,26
DA:38,14
DA:39,14
DA:43,14
DA:44,14
DA:45,14
DA:46,3
DA:47,3
DA:48,14
DA:49,12
DA:50,12
DA:51,12
DA:52,12
DA:53,0
DA:54,0
DA:56,23
DA:57,0
DA:59,23
DA:60,23
DA:61,23
DA:62,23
BRDA:37,0,0,14
BRDA:37,0,1,12
BRDA:43,0,0,6
BRDA:43,0,1,8
BRDA:43,1,2,3
BRDA:43,1,3,11
BRDA:44,0,0,6
BRDA:44,0,1,0
BRDA:45,0,0,3
BRDA:45,0,1,3
BRDA:48,0,0,12
BRDA:48,0,1,0
BRDA:56,0,0,0
BRDA:56,0,1,23
BRDA:56,1,2,0
BRDA:56,1,3,23
BRF:16
BRH:12
LF:34
LH:31
end_of_record
SF:src/automotive/array/AvoidPointerArithmeticCheck.h
FN:45,_ZN5clang4tidy10automotive27AvoidPointerArithmeticCheckC2EN4llvm9StringRefEPNS0_16ClangTidyContextE
FN:48,_ZN5clang4tidy10automotive27AvoidPointerArithmeticCheckD2Ev
FNDA:84,_ZN5clang4tidy10automotive27AvoidPointerArithmeticCheckC2EN4llvm9StringRefEPNS0_16ClangTidyContextE
FNDA:84,_ZN5clang4tidy10automotive27AvoidPointerArithmeticCheckD2Ev
FNF:2
FNH:2
DA:45,84
DA:48,84
BRF:0
BRH:0
LF:2
LH:2
end_of_record
SF:src/automotive/array/AvoidVariableLengthArrayCheck.cpp
FN:18,_ZN5clang4tidy10automotive29AvoidVariableLengthArrayCheck16registerMatchersEPNS_12ast_matchers11MatchFinderE
FN:24,_ZN5clang4tidy10automotive29AvoidVariableLengthArrayCheck5checkERKNS_12ast_matchers11MatchFinder11MatchResultE
FN:34,AvoidVariableLengthArrayCheck.cpp:_ZN5clang4tidy10automotiveL9getLBraceEPKNS_7TypeLocE
FNDA:84,_ZN5clang4tidy10automotive29AvoidVariableLengthArrayCheck16registerMatchersEPNS_12ast_matchers11MatchFinderE
FNDA:10,_ZN5clang4tidy10automotive29AvoidVariableLengthArrayCheck5checkERKNS_12ast_matchers11MatchFinder11MatchResultE
FNDA:10,AvoidVariableLengthArrayCheck.cpp:_ZN5clang4tidy10automotiveL9getLBraceEPKNS_7TypeLocE
FNF:3
FNH:3
DA:18,84
DA:19,84
DA:20,84
DA:21,84
DA:24,10
DA:25,10
DA:27,10
DA:28,0
DA:29,0
DA:31,10
DA:32,10
DA:34,10
DA:35,10
DA:36,10
DA:38,10
DA:39,10
DA:40,10
DA:41,0
DA:42,0
DA:43,10
BRDA:27,0,0,0
BRDA:27,0,1,10
BRDA:38,0,0,10
BRDA:38,0,1,0
BRF:4
BRH:2
LF:20
LH:16
end_of_record
SF:src/automotive/array/AvoidVariableLengthArrayCheck.h
FN:38,_ZN5clang4tidy10automotive29AvoidVariableLengthArrayCheckC2EN4llvm9StringRefEPNS0_16ClangTidyContextE
FN:41,_ZN5clang4tidy10automotive29AvoidVariableLengthArrayCheckD2Ev
FNDA:84,_ZN5clang4tidy10automotive29AvoidVariableLengthArrayCheckC2EN4llvm9StringRefEPNS0_16ClangTidyContextE
FNDA:84,_ZN5clang4tidy10automotive29AvoidVariableLengthArrayCheckD2Ev
FNF:2
FNH:2
DA:38,84
DA:41,84
BRF:0
BRH:0
LF:2
LH:2
end_of_record
SF:src/automotive/array/MissingExternalArraySizeCheck.cpp
FN:16,_ZN5clang4tidy10automotive29MissingExternalArraySizeCheck16registerMatchersEPNS_12ast_matchers11MatchFinderE
FN:24,_ZN5clang4tidy10automotive29MissingExternalArraySizeCheck5checkERKNS_12ast_matchers11MatchFinder11MatchResultE
FNDA:84,_ZN5clang4tidy10automotive29MissingExternalArraySizeCheck16registerMatchersEPNS_12ast_matchers11MatchFinderE
FNDA:0,_ZN5clang4tidy10automotive29MissingExternalArraySizeCheck5checkERKNS_12ast_matchers11MatchFinder11MatchResultE
FNF:2
FNH:1
DA:16,84
DA:17,84
DA:18,84
DA:19,84
DA:20,84
DA:21,84
DA:24,0
DA:25,0
DA:27,0
DA:28,0
DA:29,0
DA:30,0
DA:31,0
DA:32,0
BRDA:27,0,0,-
BRDA:27,0,1,-
BRF:2
BRH:0
LF:14
LH:6
end_of_record
SF:src/automotive/array/MissingExternalArraySizeCheck.h
FN:36,_ZN5clang4tidy10automotive29MissingExternalArraySizeCheckC2EN4llvm9StringRefEPNS0_16ClangTidyContextE
FN:39,_ZN5clang4tidy10automotive29MissingExternalArraySizeCheckD2Ev
FNDA:84,_ZN5clang4tidy10automotive29MissingExternalArraySizeCheckC2EN4llvm9StringRefEPNS0_16ClangTidyContextE
FNDA:84,_ZN5clang4tidy10automotive29MissingExternalArraySizeCheckD2Ev
FNF:2
FNH:2
DA:36,84
DA:39,84
BRF:0
BRH:0
LF:2
LH:2
end_of_record
SF:src/automotive/bitfield/AvoidBitfieldInUnionCheck.cpp
FN:17,_ZN5clang4tidy10automotive25AvoidBitfieldInUnionCheck16registerMatchersEPNS_12ast_matchers11MatchFinderE
FN:23,_ZN5clang4tidy10automotive25AvoidBitfieldInUnionCheck5checkERKNS_12ast_matchers11MatchFinder11MatchResultE
FNDA:84,_ZN5clang4tidy10automotive25AvoidBitfieldInUnionCheck16registerMatchersEPNS_12ast_matchers11MatchFinderE
FNDA:4,_ZN5clang4tidy10automotive25AvoidBitfieldInUnionCheck5checkERKNS_12ast_matchers11MatchFinder11MatchResultE
FNF:2
FNH:2
DA:17,84
DA:18,84
DA:19,84
DA:20,84
DA:21,84
DA:23,4
DA:24,4
DA:25,4
DA:27,4
DA:28,4
DA:29,4
DA:30,4
BRDA:27,0,0,4
BRDA:27,0,1,0
BRF:2
BRH:1
LF:12
LH:12
end_of_record
SF:src/automotive/bitfield/AvoidBitfieldInUnionCheck.h
FN:39,_ZN5clang4tidy10automotive25AvoidBitfieldInUnionCheckC2EN4llvm9StringRefEPNS0_16ClangTidyContextE
FN:42,_ZN5clang4tidy10automotive25AvoidBitfieldInUnionCheckD2Ev
FNDA:84,_ZN5clang4tidy10automotive25AvoidBitfieldInUnionCheckC2EN4llvm9StringRefEPNS0_16ClangTidyContextE
FNDA:84,_ZN5clang4tidy10automotive25AvoidBitfieldInUnionCheckD2Ev
FNF:2
FNH:2
DA:39,84
DA:42,84
BRF:0
BRH:0
LF:2
LH:2
end_of_record
SF:src/automotive/bitfield/AvoidSignedSingleBitFieldCheck.cpp
FN:17,_ZN5clang4tidy10automotive30AvoidSignedSingleBitFieldCheck16registerMatchersEPNS_12ast_matchers11MatchFinderE
FN:25,_ZN5clang4tidy10automotive30AvoidSignedSingleBitFieldCheck5checkERKNS_12ast_matchers11MatchFinder11MatchResultE
FNDA:84,_ZN5clang4tidy10automotive30AvoidSignedSingleBitFieldCheck16registerMatchersEPNS_12ast_matchers11MatchFinderE
FNDA:5,_ZN5clang4tidy10automotive30AvoidSignedSingleBitFieldCheck5checkERKNS_12ast_matchers11MatchFinder11MatchResultE
FNF:2
FNH:2
DA:17,84
DA:18,84
DA:19,84
DA:20,84
DA:21,84
DA:22,84
DA:25,5
DA:26,5
DA:28,5
DA:29,5
DA:30,5
DA:31,5
DA:32,5
BRDA:28,0,0,5
BRDA:28,0,1,0
BRF:2
BRH:1
LF:13
LH:13
end_of_record
SF:src/automotive/bitfield/AvoidSignedSingleBitFieldCheck.h
FN:40,_ZN5clang4tidy10automotive30AvoidSignedSingleBitFieldCheckC2EN4llvm9StringRefEPNS0_16ClangTidyContextE
FN:43,_ZN5clang4tidy10automotive30AvoidSignedSingleBitFieldCheckD2Ev
FNDA:84,_ZN5clang4tidy10automotive30AvoidSignedSingleBitFieldCheckC2EN4llvm9StringRefEPNS0_16ClangTidyContextE
FNDA:84,_ZN5clang4tidy10automotive30AvoidSignedSingleBitFieldCheckD2Ev
FNF:2
FNH:2
DA:40,84
DA:43,84
BRF:0
BRH:0
LF:2
LH:2
end_of_record
SF:src/automotive/bitfield/BitfieldComponent.cpp
FN:17,_ZN5clang4tidy10automotive17BitfieldComponent17addCheckFactoriesERNS0_23ClangTidyCheckFactoriesE
FNDA:168,_ZN5clang4tidy10automotive17BitfieldComponent17addCheckFactoriesERNS0_23ClangTidyCheckFactoriesE
FNF:1
FNH:1
DA:17,168
DA:19,168
DA:20,168
DA:21,168
DA:22,168
DA:23,168
DA:24,168
DA:25,168
BRF:0
BRH:0
LF:8
LH:8
end_of_record
SF:src/automotive/bitfield/WrongBitfieldTypeCheck.cpp
FN:17,_ZN5clang4tidy10automotive22WrongBitfieldTypeCheck16registerMatchersEPNS_12ast_matchers11MatchFinderE
FN:27,_ZN5clang4tidy10automotive22WrongBitfieldTypeCheck5checkERKNS_12ast_matchers11MatchFinder11MatchResultE
FNDA:84,_ZN5clang4tidy10automotive22WrongBitfieldTypeCheck16registerMatchersEPNS_12ast_matchers11MatchFinderE
FNDA:16,_ZN5clang4tidy10automotive22WrongBitfieldTypeCheck5checkERKNS_12ast_matchers11MatchFinder11MatchResultE
FNF:2
FNH:2
DA:17,84
DA:18,84
DA:19,84
DA:20,84
DA:21,84
DA:22,84
DA:23,84
DA:24,84
DA:25,84
DA:27,16
DA:29,16
DA:31,16
DA:32,0
DA:33,0
DA:35,16
DA:36,16
BRDA:31,0,0,0
BRDA:31,0,1,16
BRF:2
BRH:1
LF:16
LH:14
end_of_record
SF:src/automotive/bitfield/WrongBitfieldTypeCheck.h
FN:39,_ZN5clang4tidy10automotive22WrongBitfieldTypeCheckC2EN4llvm9StringRefEPNS0_16ClangTidyContextE
FN:42,_ZN5clang4tidy10automotive22WrongBitfieldTypeCheckD2Ev
FNDA:84,_ZN5clang4tidy10automotive22WrongBitfieldTypeCheckC2EN4llvm9StringRefEPNS0_16ClangTidyContextE
FNDA:84,_ZN5clang4tidy10automotive22WrongBitfieldTypeCheckD2Ev
FNF:2
FNH:2
DA:39,84
DA:42,84
BRF:0
BRH:0
LF:2
LH:2
end_of_record
SF:src/automotive/comment/AvoidCommentWithinCommentCheck.cpp
FN:37,_ZN5clang4tidy10automotive30AvoidCommentWithinCommentCheck19registerPPCallbacksERKNS_13SourceManagerEPNS_12PreprocessorES7_
FN:43,_ZN5clang4tidy10automotive30AvoidCommentWithinCommentCheck22InternalCommentHandlerC2ERS2_
FN:50,_ZN5clang4tidy10automotive30AvoidCommentWithinCommentCheck22InternalCommentHandler13HandleCommentERNS_12PreprocessorENS_11SourceRangeE
FN:66,_ZN5clang4tidy10automotive30AvoidCommentWithinCommentCheck22InternalCommentHandler12CheckCommentENS_14SourceLocationEN4llvm9StringRefE
FN:119,AvoidCommentWithinCommentCheck.cpp:_ZN5clang4tidy10automotiveL12getNextStateENS1_5StateEc
FN:148,AvoidCommentWithinCommentCheck.cpp:_ZN5clang4tidy10automotiveL23stateExpectCommentStartEc
FN:161,AvoidCommentWithinCommentCheck.cpp:_ZN5clang4tidy10automotiveL21stateExpectCommentEndEc
FN:132,AvoidCommentWithinCommentCheck.cpp:_ZN5clang4tidy10automotiveL11stateNormalEc
FNDA:84,_ZN5clang4tidy10automotive30AvoidCommentWithinCommentCheck19registerPPCallbacksERKNS_13SourceManagerEPNS_12PreprocessorES7_
FNDA:84,_ZN5clang4tidy10automotive30AvoidCommentWithinCommentCheck22InternalCommentHandlerC2ERS2_
FNDA:8202,_ZN5clang4tidy10automotive30AvoidCommentWithinCommentCheck22InternalCommentHandler13HandleCommentERNS_12PreprocessorENS_11SourceRangeE
FNDA:8202,_ZN5clang4tidy10automotive30AvoidCommentWithinCommentCheck22InternalCommentHandler12CheckCommentENS_14SourceLocationEN4llvm9StringRefE
FNDA:1103529,AvoidCommentWithinCommentCheck.cpp:_ZN5clang4tidy10automotiveL12getNextStateENS1_5StateEc
FNDA:4712,AvoidCommentWithinCommentCheck.cpp:_ZN5clang4tidy10automotiveL23stateExpectCommentStartEc
FNDA:7109,AvoidCommentWithinCommentCheck.cpp:_ZN5clang4tidy10automotiveL21stateExpectCommentEndEc
FNDA:1091708,AvoidCommentWithinCommentCheck.cpp:_ZN5clang4tidy10automotiveL11stateNormalEc
FNF:8
FNH:8
DA:37,84
DA:38,84
DA:39,84
DA:43,84
DA:44,756
DA:45,756
DA:46,756
DA:47,84
DA:50,8202
DA:52,8202
DA:53,8202
DA:54,8202
DA:56,8202
DA:57,8202
DA:58,8202
DA:59,8202
DA:60,8202
DA:62,8202
DA:63,8202
DA:66,8202
DA:68,8202
DA:69,8202
DA:70,8202
DA:72,1111731
DA:73,1103529
DA:75,1103529
DA:76,313
DA:77,313
DA:78,313
DA:79,313
DA:80,313
DA:82,1
DA:83,1
DA:84,1
DA:85,1
DA:86,1
DA:88,0
DA:89,0
DA:90,0
DA:91,0
DA:92,0
DA:94,4400
DA:95,4400
DA:97,4400
DA:98,431
DA:99,2585
DA:100,2154
DA:101,2154
DA:102,431
DA:104,431
DA:105,0
DA:106,0
DA:107,0
DA:108,0
DA:109,431
DA:110,431
DA:111,4400
DA:113,1098815
DA:114,1098815
DA:115,1103529
DA:116,1103529
DA:117,8202
DA:119,1103529
DA:120,1103529
DA:121,4712
DA:122,4712
DA:124,7109
DA:125,7109
DA:127,1091708
DA:128,1091708
DA:129,1103529
DA:130,1103529
DA:132,1091708
DA:133,1091708
DA:134,4810
DA:135,4810
DA:137,7113
DA:138,7113
DA:140,4400
DA:141,4400
DA:143,1075385
DA:144,1075385
DA:145,1091708
DA:146,1091708
DA:148,4712
DA:149,4712
DA:150,313
DA:151,313
DA:153,1
DA:154,1
DA:156,4398
DA:157,4398
DA:158,4712
DA:159,4712
DA:161,7109
DA:162,7109
DA:163,0
DA:164,0
DA:166,7109
DA:167,7109
DA:168,7109
DA:169,7109
BRDA:44,0,0,756
BRDA:44,0,1,84
BRDA:57,0,0,8202
BRDA:57,0,1,0
BRDA:72,0,0,1103529
BRDA:72,0,1,8202
BRDA:76,0,0,313
BRDA:76,0,1,1103216
BRDA:82,0,0,1
BRDA:82,0,1,1103528
BRDA:88,0,0,0
BRDA:88,0,1,1103529
BRDA:94,0,0,4400
BRDA:94,0,1,1099129
BRDA:97,0,0,431
BRDA:97,0,1,3969
BRDA:99,0,0,2585
BRDA:99,0,1,0
BRDA:99,1,2,2154
BRDA:99,1,3,431
BRDA:104,0,0,0
BRDA:104,0,1,431
BRDA:113,0,0,1098815
BRDA:113,0,1,4714
BRDA:121,0,0,4712
BRDA:121,0,1,1098817
BRDA:124,0,0,7109
BRDA:124,0,1,1096420
BRDA:127,0,0,1091708
BRDA:127,0,1,11821
BRDA:134,0,0,4810
BRDA:134,0,1,1086898
BRDA:137,0,0,7113
BRDA:137,0,1,1084595
BRDA:140,0,0,4400
BRDA:140,0,1,1087308
BRDA:143,0,0,1075385
BRDA:143,0,1,16323
BRDA:150,0,0,313
BRDA:150,0,1,4399
BRDA:153,0,0,1
BRDA:153,0,1,4711
BRDA:156,0,0,4398
BRDA:156,0,1,314
BRDA:163,0,0,0
BRDA:163,0,1,7109
BRDA:166,0,0,7109
BRDA:166,0,1,0
BRF:48
BRH:42
LF:102
LH:91
end_of_record
SF:src/automotive/comment/AvoidCommentWithinCommentCheck.h
FN:39,_ZN5clang4tidy10automotive30AvoidCommentWithinCommentCheckC2EN4llvm9StringRefEPNS0_16ClangTidyContextEi
FN:55,_ZN5clang4tidy10automotive30AvoidCommentWithinCommentCheck22InternalCommentHandlerD2Ev
FN:42,_ZN5clang4tidy10automotive30AvoidCommentWithinCommentCheckD2Ev
FNDA:84,_ZN5clang4tidy10automotive30AvoidCommentWithinCommentCheckC2EN4llvm9StringRefEPNS0_16ClangTidyContextEi
FNDA:84,_ZN5clang4tidy10automotive30AvoidCommentWithinCommentCheck22InternalCommentHandlerD2Ev
FNDA:84,_ZN5clang4tidy10automotive30AvoidCommentWithinCommentCheckD2Ev
FNF:3
FNH:3
DA:39,84
DA:42,84
DA:55,84
BRF:0
BRH:0
LF:3
LH:3
end_of_record
SF:src/automotive/comment/AvoidLinesplicingWithinCommentCheck.cpp
FN:15,_ZN5clang4tidy10automotive35AvoidLinesplicingWithinCommentCheck22InternalCommentHandler13HandleCommentERNS_12PreprocessorENS_11SourceRangeE
FN:64,_ZN5clang4tidy10automotive35AvoidLinesplicingWithinCommentCheck19registerPPCallbacksERKNS_13SourceManagerEPNS_12PreprocessorES7_
FNDA:8202,_ZN5clang4tidy10automotive35AvoidLinesplicingWithinCommentCheck22InternalCommentHandler13HandleCommentERNS_12PreprocessorENS_11SourceRangeE
FNDA:84,_ZN5clang4tidy10automotive35AvoidLinesplicingWithinCommentCheck19registerPPCallbacksERKNS_13SourceManagerEPNS_12PreprocessorES7_
FNF:2
FNH:2
DA:15,8202
DA:16,8202
DA:17,8202
DA:18,8202
DA:20,8202
DA:21,8202
DA:23,8202
DA:24,2667
DA:26,2667
DA:27,2673
DA:28,6
DA:30,6
DA:31,6
DA:32,6
DA:33,0
DA:34,0
DA:35,0
DA:36,0
DA:37,6
DA:38,6
DA:40,2667
DA:41,0
DA:43,0
DA:44,0
DA:45,0
DA:47,0
DA:48,0
DA:49,0
DA:50,0
DA:52,0
DA:53,0
DA:54,0
DA:55,0
DA:56,0
DA:57,0
DA:58,0
DA:59,2667
DA:60,8202
DA:61,8202
DA:64,84
DA:66,84
DA:67,84
BRDA:23,0,0,2667
BRDA:23,0,1,5535
BRDA:27,0,0,6
BRDA:27,0,1,2667
BRDA:30,0,0,6
BRDA:30,0,1,0
BRDA:40,0,0,0
BRDA:40,0,1,2667
BRDA:40,1,2,-
BRDA:40,1,3,-
BRDA:44,0,0,-
BRDA:44,0,1,-
BRF:12
BRH:6
LF:42
LH:23
end_of_record
SF:src/automotive/comment/AvoidLinesplicingWithinCommentCheck.h
FN:38,_ZN5clang4tidy10automotive35AvoidLinesplicingWithinCommentCheckC2EN4llvm9StringRefEPNS0_16ClangTidyContextE
FN:55,_ZN5clang4tidy10automotive35AvoidLinesplicingWithinCommentCheck22InternalCommentHandlerC2ERNS0_14ClangTidyCheckEb
FN:56,_ZN5clang4tidy10automotive35AvoidLinesplicingWithinCommentCheck22InternalCommentHandlerD2Ev
FN:42,_ZN5clang4tidy10automotive35AvoidLinesplicingWithinCommentCheckD2Ev
FNDA:84,_ZN5clang4tidy10automotive35AvoidLinesplicingWithinCommentCheckC2EN4llvm9StringRefEPNS0_16ClangTidyContextE
FNDA:84,_ZN5clang4tidy10automotive35AvoidLinesplicingWithinCommentCheck22InternalCommentHandlerC2ERNS0_14ClangTidyCheckEb
FNDA:84,_ZN5clang4tidy10automotive35AvoidLinesplicingWithinCommentCheck22InternalCommentHandlerD2Ev
FNDA:84,_ZN5clang4tidy10automotive35AvoidLinesplicingWithinCommentCheckD2Ev
FNF:4
FNH:4
DA:38,84
DA:39,84
DA:42,84
DA:55,84
DA:56,84
BRF:0
BRH:0
LF:5
LH:5
end_of_record
SF:src/automotive/comment/CommentComponent.cpp
FN:16,_ZN5clang4tidy10automotive16CommentComponent17addCheckFactoriesERNS0_23ClangTidyCheckFactoriesE
FNDA:168,_ZN5clang4tidy10automotive16CommentComponent17addCheckFactoriesERNS0_23ClangTidyCheckFactoriesE
FNF:1
FNH:1
DA:16,168
DA:18,168
DA:19,168
DA:20,168
DA:21,168
DA:22,168
BRF:0
BRH:0
LF:6
LH:6
end_of_record
SF:src/automotive/comment/CommentMatch.h
FN:29,_ZN5clang4tidy10automotive12matchCommentEN4llvm9StringRefE
FN:24,_ZNK5clang4tidy10automotive12CommentMatch7isValidEv
FN:25,_ZNK5clang4tidy10automotive12CommentMatch11isMultiLineEv
FN:26,_ZNK5clang4tidy10automotive12CommentMatch12isSingleLineEv
FNDA:16404,_ZN5clang4tidy10automotive12matchCommentEN4llvm9StringRefE
FNDA:8202,_ZNK5clang4tidy10automotive12CommentMatch7isValidEv
FNDA:0,_ZNK5clang4tidy10automotive12CommentMatch11isMultiLineEv
FNDA:8202,_ZNK5clang4tidy10automotive12CommentMatch12isSingleLineEv
FNF:4
FNH:3
DA:24,8202
DA:25,0
DA:26,8202
DA:29,16404
DA:30,16404
DA:31,16404
DA:33,16404
DA:34,16404
DA:35,16404
DA:37,16404
DA:38,11070
DA:39,11070
DA:40,11070
DA:42,11070
DA:43,11070
DA:44,11070
DA:45,11070
DA:47,11070
DA:48,11070
DA:49,11070
DA:51,5334
DA:52,5334
DA:53,5334
DA:54,5334
DA:55,5334
DA:56,16404
DA:57,0
DA:58,16404
BRDA:30,0,0,16404
BRDA:30,0,1,0
BRDA:37,0,0,16404
BRDA:37,0,1,0
BRDA:37,1,2,11070
BRDA:37,1,3,5334
BRDA:42,0,0,11070
BRDA:42,0,1,0
BRDA:42,1,2,11070
BRDA:42,1,3,0
BRDA:51,0,0,5334
BRDA:51,0,1,0
BRDA:51,1,2,5334
BRDA:51,1,3,0
BRF:14
BRH:8
LF:28
LH:26
end_of_record
SF:src/automotive/cpp23/AvoidCStyleCastCheck.cpp
FN:17,_ZN5clang4tidy10automotive20AvoidCStyleCastCheck16registerMatchersEPNS_12ast_matchers11MatchFinderE
FN:26,_ZN5clang4tidy10automotive20AvoidCStyleCastCheck5checkERKNS_12ast_matchers11MatchFinder11MatchResultE
FNDA:0,_ZN5clang4tidy10automotive20AvoidCStyleCastCheck16registerMatchersEPNS_12ast_matchers11MatchFinderE
FNDA:0,_ZN5clang4tidy10automotive20AvoidCStyleCastCheck5checkERKNS_12ast_matchers11MatchFinder11MatchResultE
FNF:2
FNH:0
DA:17,0
DA:19,0
DA:20,0
DA:23,0
DA:24,0
DA:26,0
DA:27,0
DA:28,0
DA:29,0
DA:32,0
DA:33,0
DA:36,0
DA:37,0
DA:39,0
DA:40,0
DA:41,0
DA:42,0
BRDA:19,0,0,-
BRDA:19,0,1,-
BRDA:28,0,0,-
BRDA:28,0,1,-
BRDA:32,0,0,-
BRDA:32,0,1,-
BRDA:36,0,0,-
BRDA:36,0,1,-
BRF:8
BRH:0
LF:17
LH:0
end_of_record
SF:src/automotive/cpp23/AvoidCStyleCastCheck.h
FN:39,_ZN5clang4tidy10automotive20AvoidCStyleCastCheckC2EN4llvm9StringRefEPNS0_16ClangTidyContextE
FN:47,_ZNK5clang4tidy10automotive20AvoidCStyleCastCheck26isLanguageVersionSupportedERKNS_11LangOptionsE
FN:42,_ZN5clang4tidy10automotive20AvoidCStyleCastCheckD2Ev
FNDA:84,_ZN5clang4tidy10automotive20AvoidCStyleCastCheckC2EN4llvm9StringRefEPNS0_16ClangTidyContextE
FNDA:84,_ZNK5clang4tidy10automotive20AvoidCStyleCastCheck26isLanguageVersionSupportedERKNS_11LangOptionsE
FNDA:84,_ZN5clang4tidy10automotive20AvoidCStyleCastCheckD2Ev
FNF:3
FNH:3
DA:39,84
DA:42,84
DA:47,84
DA:48,84
DA:49,84
BRF:0
BRH:0
LF:5
LH:5
end_of_record
SF:src/automotive/cpp23/AvoidSlicingCheck.cpp
FN:17,_ZN5clang4tidy10automotive17AvoidSlicingCheck16registerMatchersEPNS_12ast_matchers11MatchFinderE
FN:39,_ZN5clang4tidy10automotive17AvoidSlicingCheck5checkERKNS_12ast_matchers11MatchFinder11MatchResultE
FNDA:0,_ZN5clang4tidy10automotive17AvoidSlicingCheck16registerMatchersEPNS_12ast_matchers11MatchFinderE
FNDA:0,_ZN5clang4tidy10automotive17AvoidSlicingCheck5checkERKNS_12ast_matchers11MatchFinder11MatchResultE
FNF:2
FNH:0
DA:17,0
DA:19,0
DA:20,0
DA:24,0
DA:25,0
DA:26,0
DA:27,0
DA:28,0
DA:29,0
DA:32,0
DA:33,0
DA:34,0
DA:35,0
DA:36,0
DA:37,0
DA:39,0
DA:41,0
DA:42,0
DA:43,0
DA:44,0
DA:46,0
DA:47,0
DA:48,0
DA:51,0
DA:52,0
DA:53,0
DA:54,0
DA:57,0
DA:58,0
DA:59,0
DA:60,0
DA:61,0
DA:62,0
DA:63,0
DA:64,0
DA:67,0
DA:68,0
DA:69,0
DA:71,0
DA:72,0
DA:73,0
DA:75,0
DA:76,0
DA:79,0
DA:80,0
DA:81,0
DA:82,0
DA:83,0
DA:84,0
DA:85,0
DA:86,0
DA:87,0
BRDA:19,0,0,-
BRDA:19,0,1,-
BRDA:41,0,0,-
BRDA:41,0,1,-
BRDA:43,0,0,-
BRDA:43,0,1,-
BRDA:47,0,0,-
BRDA:47,0,1,-
BRDA:53,0,0,-
BRDA:53,0,1,-
BRDA:53,1,2,-
BRDA:53,1,3,-
BRDA:57,0,0,-
BRDA:57,0,1,-
BRDA:57,1,2,-
BRDA:57,1,3,-
BRDA:67,0,0,-
BRDA:67,0,1,-
BRDA:68,0,0,-
BRDA:68,0,1,-
BRDA:75,0,0,-
BRDA:75,0,1,-
BRDA:75,1,2,-
BRDA:75,1,3,-
BRDA:79,0,0,-
BRDA:79,0,1,-
BRDA:79,1,2,-
BRDA:79,1,3,-
BRF:28
BRH:0
LF:52
LH:0
end_of_record
SF:src/automotive/cpp23/AvoidSlicingCheck.h
FN:43,_ZN5clang4tidy10automotive17AvoidSlicingCheckC2EN4llvm9StringRefEPNS0_16ClangTidyContextE
FN:51,_ZNK5clang4tidy10automotive17AvoidSlicingCheck26isLanguageVersionSupportedERKNS_11LangOptionsE
FN:46,_ZN5clang4tidy10automotive17AvoidSlicingCheckD2Ev
FNDA:84,_ZN5clang4tidy10automotive17AvoidSlicingCheckC2EN4llvm9StringRefEPNS0_16ClangTidyContextE
FNDA:84,_ZNK5clang4tidy10automotive17AvoidSlicingCheck26isLanguageVersionSupportedERKNS_11LangOptionsE
FNDA:84,_ZN5clang4tidy10automotive17AvoidSlicingCheckD2Ev
FNF:3
FNH:3
DA:43,84
DA:46,84
DA:51,84
DA:52,84
DA:53,84
BRF:0
BRH:0
LF:5
LH:5
end_of_record
SF:src/automotive/cpp23/Cpp23Component.cpp
FN:19,_ZN5clang4tidy10automotive14Cpp23Component17addCheckFactoriesERNS0_23ClangTidyCheckFactoriesE
FNDA:168,_ZN5clang4tidy10automotive14Cpp23Component17addCheckFactoriesERNS0_23ClangTidyCheckFactoriesE
FNF:1
FNH:1
DA:19,168
DA:22,168
DA:23,168
DA:26,168
DA:30,168
DA:31,168
DA:34,168
DA:35,168
DA:38,168
DA:39,168
DA:40,168
BRF:0
BRH:0
LF:11
LH:11
end_of_record
SF:src/automotive/cpp23/ExplicitConstructorCheck.cpp
FN:17,_ZN5clang4tidy10automotive24ExplicitConstructorCheck16registerMatchersEPNS_12ast_matchers11MatchFinderE
FN:30,_ZN5clang4tidy10automotive24ExplicitConstructorCheck5checkERKNS_12ast_matchers11MatchFinder11MatchResultE
FNDA:0,_ZN5clang4tidy10automotive24ExplicitConstructorCheck16registerMatchersEPNS_12ast_matchers11MatchFinderE
FNDA:0,_ZN5clang4tidy10automotive24ExplicitConstructorCheck5checkERKNS_12ast_matchers11MatchFinder11MatchResultE
FNF:2
FNH:0
DA:17,0
DA:18,0
DA:19,0
DA:22,0
DA:23,0
DA:24,0
DA:25,0
DA:26,0
DA:27,0
DA:28,0
DA:30,0
DA:31,0
DA:32,0
DA:33,0
DA:36,0
DA:37,0
DA:40,0
DA:41,0
DA:44,0
DA:45,0
DA:48,0
DA:49,0
DA:50,0
DA:51,0
DA:52,0
DA:55,0
DA:56,0
DA:57,0
DA:59,0
DA:60,0
DA:63,0
DA:66,0
DA:67,0
DA:68,0
DA:69,0
DA:72,0
DA:73,0
DA:75,0
DA:76,0
DA:77,0
DA:78,0
DA:79,0
BRDA:18,0,0,-
BRDA:18,0,1,-
BRDA:32,0,0,-
BRDA:32,0,1,-
BRDA:36,0,0,-
BRDA:36,0,1,-
BRDA:40,0,0,-
BRDA:40,0,1,-
BRDA:44,0,0,-
BRDA:44,0,1,-
BRDA:49,0,0,-
BRDA:49,0,1,-
BRDA:50,0,0,-
BRDA:50,0,1,-
BRDA:56,0,0,-
BRDA:56,0,1,-
BRDA:57,0,0,-
BRDA:57,0,1,-
BRDA:57,1,2,-
BRDA:57,1,3,-
BRDA:59,0,0,-
BRDA:59,0,1,-
BRDA:72,0,0,-
BRDA:72,0,1,-
BRF:24
BRH:0
LF:42
LH:0
end_of_record
SF:src/automotive/cpp23/ExplicitConstructorCheck.h
FN:41,_ZN5clang4tidy10automotive24ExplicitConstructorCheckC2EN4llvm9StringRefEPNS0_16ClangTidyContextE
FN:49,_ZNK5clang4tidy10automotive24ExplicitConstructorCheck26isLanguageVersionSupportedERKNS_11LangOptionsE
FN:44,_ZN5clang4tidy10automotive24ExplicitConstructorCheckD2Ev
FNDA:84,_ZN5clang4tidy10automotive24ExplicitConstructorCheckC2EN4llvm9StringRefEPNS0_16ClangTidyContextE
FNDA:84,_ZNK5clang4tidy10automotive24ExplicitConstructorCheck26isLanguageVersionSupportedERKNS_11LangOptionsE
FNDA:84,_ZN5clang4tidy10automotive24ExplicitConstructorCheckD2Ev
FNF:3
FNH:3
DA:41,84
DA:44,84
DA:49,84
DA:50,84
DA:51,84
BRF:0
BRH:0
LF:5
LH:5
end_of_record
SF:src/automotive/cpp23/NoexceptMoveCheck.cpp
FN:17,_ZN5clang4tidy10automotive17NoexceptMoveCheck16registerMatchersEPNS_12ast_matchers11MatchFinderE
FN:35,_ZN5clang4tidy10automotive17NoexceptMoveCheck5checkERKNS_12ast_matchers11MatchFinder11MatchResultE
FNDA:0,_ZN5clang4tidy10automotive17NoexceptMoveCheck16registerMatchersEPNS_12ast_matchers11MatchFinderE
FNDA:0,_ZN5clang4tidy10automotive17NoexceptMoveCheck5checkERKNS_12ast_matchers11MatchFinder11MatchResultE
FNF:2
FNH:0
DA:17,0
DA:18,0
DA:19,0
DA:22,0
DA:23,0
DA:24,0
DA:25,0
DA:26,0
DA:29,0
DA:30,0
DA:31,0
DA:32,0
DA:33,0
DA:35,0
DA:36,0
DA:37,0
DA:39,0
DA:40,0
DA:41,0
DA:42,0
DA:43,0
DA:44,0
DA:45,0
DA:46,0
DA:47,0
DA:49,0
DA:50,0
DA:53,0
DA:54,0
DA:57,0
DA:58,0
DA:59,0
DA:62,0
DA:65,0
DA:66,0
DA:71,0
DA:72,0
DA:74,0
DA:75,0
BRDA:18,0,0,-
BRDA:18,0,1,-
BRDA:39,0,0,-
BRDA:39,0,1,-
BRDA:43,0,0,-
BRDA:43,0,1,-
BRDA:49,0,0,-
BRDA:49,0,1,-
BRDA:53,0,0,-
BRDA:53,0,1,-
BRDA:58,0,0,-
BRDA:58,0,1,-
BRDA:65,0,0,-
BRDA:65,0,1,-
BRDA:65,1,2,-
BRDA:65,1,3,-
BRDA:72,0,0,-
BRDA:72,0,1,-
BRF:18
BRH:0
LF:39
LH:0
end_of_record
SF:src/automotive/cpp23/NoexceptMoveCheck.h
FN:43,_ZN5clang4tidy10automotive17NoexceptMoveCheckC2EN4llvm9StringRefEPNS0_16ClangTidyContextE
FN:51,_ZNK5clang4tidy10automotive17NoexceptMoveCheck26isLanguageVersionSupportedERKNS_11LangOptionsE
FN:46,_ZN5clang4tidy10automotive17NoexceptMoveCheckD2Ev
FNDA:84,_ZN5clang4tidy10automotive17NoexceptMoveCheckC2EN4llvm9StringRefEPNS0_16ClangTidyContextE
FNDA:84,_ZNK5clang4tidy10automotive17NoexceptMoveCheck26isLanguageVersionSupportedERKNS_11LangOptionsE
FNDA:84,_ZN5clang4tidy10automotive17NoexceptMoveCheckD2Ev
FNF:3
FNH:3
DA:43,84
DA:46,84
DA:51,84
DA:52,84
DA:53,84
BRF:0
BRH:0
LF:5
LH:5
end_of_record
SF:src/automotive/cpp23/VirtualDestructorCheck.cpp
FN:17,_ZN5clang4tidy10automotive22VirtualDestructorCheck16registerMatchersEPNS_12ast_matchers11MatchFinderE
FN:30,_ZN5clang4tidy10automotive22VirtualDestructorCheck5checkERKNS_12ast_matchers11MatchFinder11MatchResultE
FNDA:0,_ZN5clang4tidy10automotive22VirtualDestructorCheck16registerMatchersEPNS_12ast_matchers11MatchFinderE
FNDA:0,_ZN5clang4tidy10automotive22VirtualDestructorCheck5checkERKNS_12ast_matchers11MatchFinder11MatchResultE
FNF:2
FNH:0
DA:17,0
DA:19,0
DA:20,0
DA:23,0
DA:24,0
DA:25,0
DA:26,0
DA:27,0
DA:28,0
DA:30,0
DA:31,0
DA:32,0
DA:33,0
DA:36,0
DA:37,0
DA:40,0
DA:43,0
DA:46,0
DA:47,0
DA:48,0
DA:49,0
DA:50,0
DA:51,0
DA:52,0
DA:53,0
DA:54,0
DA:55,0
DA:56,0
DA:57,0
DA:59,0
DA:60,0
DA:61,0
DA:62,0
DA:63,0
DA:64,0
DA:65,0
DA:66,0
DA:69,0
DA:70,0
DA:71,0
DA:72,0
DA:73,0
DA:74,0
BRDA:19,0,0,-
BRDA:19,0,1,-
BRDA:32,0,0,-
BRDA:32,0,1,-
BRDA:32,1,2,-
BRDA:32,1,3,-
BRDA:36,0,0,-
BRDA:36,0,1,-
BRDA:43,0,0,-
BRDA:43,0,1,-
BRDA:47,0,0,-
BRDA:47,0,1,-
BRDA:48,0,0,-
BRDA:48,0,1,-
BRDA:49,0,0,-
BRDA:49,0,1,-
BRDA:51,0,0,-
BRDA:51,0,1,-
BRDA:51,1,2,-
BRDA:51,1,3,-
BRDA:59,0,0,-
BRDA:59,0,1,-
BRDA:69,0,0,-
BRDA:69,0,1,-
BRF:24
BRH:0
LF:43
LH:0
end_of_record
SF:src/automotive/cpp23/VirtualDestructorCheck.h
FN:44,_ZN5clang4tidy10automotive22VirtualDestructorCheckC2EN4llvm9StringRefEPNS0_16ClangTidyContextE
FN:52,_ZNK5clang4tidy10automotive22VirtualDestructorCheck26isLanguageVersionSupportedERKNS_11LangOptionsE
FN:47,_ZN5clang4tidy10automotive22VirtualDestructorCheckD2Ev
FNDA:84,_ZN5clang4tidy10automotive22VirtualDestructorCheckC2EN4llvm9StringRefEPNS0_16ClangTidyContextE
FNDA:84,_ZNK5clang4tidy10automotive22VirtualDestructorCheck26isLanguageVersionSupportedERKNS_11LangOptionsE
FNDA:84,_ZN5clang4tidy10automotive22VirtualDestructorCheckD2Ev
FNF:3
FNH:3
DA:44,84
DA:47,84
DA:52,84
DA:53,84
DA:54,84
BRF:0
BRH:0
LF:5
LH:5
end_of_record
SF:src/automotive/expression/AvoidAssignmentInExpressionCheck.cpp
FN:18,_ZN5clang4tidy10automotive32AvoidAssignmentInExpressionCheck16registerMatchersEPNS_12ast_matchers11MatchFinderE
FN:26,_ZN5clang4tidy10automotive32AvoidAssignmentInExpressionCheck5checkERKNS_12ast_matchers11MatchFinder11MatchResultE
FNDA:84,_ZN5clang4tidy10automotive32AvoidAssignmentInExpressionCheck16registerMatchersEPNS_12ast_matchers11MatchFinderE
FNDA:22,_ZN5clang4tidy10automotive32AvoidAssignmentInExpressionCheck5checkERKNS_12ast_matchers11MatchFinder11MatchResultE
FNF:2
FNH:2
DA:18,84
DA:19,84
DA:20,84
DA:21,84
DA:22,84
DA:23,84
DA:26,22
DA:27,22
DA:29,22
DA:30,22
DA:31,22
DA:32,22
DA:33,22
DA:34,22
BRDA:29,0,0,22
BRDA:29,0,1,0
BRF:2
BRH:1
LF:14
LH:14
end_of_record
SF:src/automotive/expression/AvoidAssignmentInExpressionCheck.h
FN:37,_ZN5clang4tidy10automotive32AvoidAssignmentInExpressionCheckC2EN4llvm9StringRefEPNS0_16ClangTidyContextE
FN:40,_ZN5clang4tidy10automotive32AvoidAssignmentInExpressionCheckD2Ev
FNDA:84,_ZN5clang4tidy10automotive32AvoidAssignmentInExpressionCheckC2EN4llvm9StringRefEPNS0_16ClangTidyContextE
FNDA:84,_ZN5clang4tidy10automotive32AvoidAssignmentInExpressionCheckD2Ev
FNF:2
FNH:2
DA:37,84
DA:40,84
BRF:0
BRH:0
LF:2
LH:2
end_of_record
SF:src/automotive/expression/AvoidCharacterArithmeticCheck.cpp
FN:17,_ZN5clang4tidy10automotive29AvoidCharacterArithmeticCheck16registerMatchersEPNS_12ast_matchers11MatchFinderE
FN:25,_ZN5clang4tidy10automotive29AvoidCharacterArithmeticCheck5checkERKNS_12ast_matchers11MatchFinder11MatchResultE
FN:47,_ZNK5clang4tidy10automotive29AvoidCharacterArithmeticCheck15isCharacterTypeENS_8QualTypeE
FNDA:84,_ZN5clang4tidy10automotive29AvoidCharacterArithmeticCheck16registerMatchersEPNS_12ast_matchers11MatchFinderE
FNDA:231,_ZN5clang4tidy10automotive29AvoidCharacterArithmeticCheck5checkERKNS_12ast_matchers11MatchFinder11MatchResultE
FNDA:450,_ZNK5clang4tidy10automotive29AvoidCharacterArithmeticCheck15isCharacterTypeENS_8QualTypeE
FNF:3
FNH:3
DA:17,84
DA:19,84
DA:20,84
DA:21,84
DA:22,84
DA:25,231
DA:26,231
DA:27,231
DA:28,0
DA:30,231
DA:31,6
DA:33,225
DA:34,225
DA:36,225
DA:37,225
DA:40,225
DA:41,16
DA:42,16
DA:43,16
DA:44,16
DA:45,225
DA:47,450
DA:48,450
DA:49,450
DA:50,450
BRDA:27,0,0,0
BRDA:27,0,1,231
BRDA:30,0,0,6
BRDA:30,0,1,225
BRDA:40,0,0,20
BRDA:40,0,1,205
BRDA:40,1,2,16
BRDA:40,1,3,4
BRF:8
BRH:7
LF:25
LH:24
end_of_record
SF:src/automotive/expression/AvoidCharacterArithmeticCheck.h
FN:37,_ZN5clang4tidy10automotive29AvoidCharacterArithmeticCheckC2EN4llvm9StringRefEPNS0_16ClangTidyContextE
FN:40,_ZN5clang4tidy10automotive29AvoidCharacterArithmeticCheckD2Ev
FNDA:84,_ZN5clang4tidy10automotive29AvoidCharacterArithmeticCheckC2EN4llvm9StringRefEPNS0_16ClangTidyContextE
FNDA:84,_ZN5clang4tidy10automotive29AvoidCharacterArithmeticCheckD2Ev
FNF:2
FNH:2
DA:37,84
DA:40,84
BRF:0
BRH:0
LF:2
LH:2
end_of_record
SF:src/automotive/expression/AvoidCompositeExpressionMismatchCheck.cpp
FN:18,_ZN5clang4tidy10automotive37AvoidCompositeExpressionMismatchCheck16registerMatchersEPNS_12ast_matchers11MatchFinderE
FN:43,_ZN5clang4tidy10automotive37AvoidCompositeExpressionMismatchCheck5checkERKNS_12ast_matchers11MatchFinder11MatchResultE
FN:90,_ZNK5clang4tidy10automotive37AvoidCompositeExpressionMismatchCheck12getTypeWidthENS_8QualTypeERKNS_10ASTContextE
FN:98,_ZNK5clang4tidy10automotive37AvoidCompositeExpressionMismatchCheck21isCompositeExpressionEPKNS_4ExprE
FNDA:84,_ZN5clang4tidy10automotive37AvoidCompositeExpressionMismatchCheck16registerMatchersEPNS_12ast_matchers11MatchFinderE
FNDA:128,_ZN5clang4tidy10automotive37AvoidCompositeExpressionMismatchCheck5checkERKNS_12ast_matchers11MatchFinder11MatchResultE
FNDA:256,_ZNK5clang4tidy10automotive37AvoidCompositeExpressionMismatchCheck12getTypeWidthENS_8QualTypeERKNS_10ASTContextE
FNDA:0,_ZNK5clang4tidy10automotive37AvoidCompositeExpressionMismatchCheck21isCompositeExpressionEPKNS_4ExprE
FNF:4
FNH:3
DA:18,84
DA:20,84
DA:21,84
DA:22,84
DA:23,84
DA:24,84
DA:25,84
DA:26,84
DA:27,84
DA:28,84
DA:31,84
DA:32,84
DA:33,84
DA:34,84
DA:35,84
DA:36,84
DA:37,84
DA:38,84
DA:39,84
DA:40,84
DA:43,128
DA:45,128
DA:46,128
DA:47,0
DA:49,128
DA:50,128
DA:51,0
DA:53,128
DA:54,128
DA:55,128
DA:57,128
DA:58,0
DA:59,0
DA:60,0
DA:61,0
DA:62,128
DA:63,128
DA:66,0
DA:67,0
DA:68,0
DA:70,0
DA:71,0
DA:72,0
DA:73,0
DA:75,0
DA:76,0
DA:78,0
DA:79,0
DA:81,0
DA:82,0
DA:83,0
DA:84,0
DA:85,0
DA:86,0
DA:87,0
DA:90,256
DA:91,256
DA:92,256
DA:93,246
DA:94,10
DA:95,256
DA:98,0
DA:99,0
DA:100,0
DA:101,0
DA:102,0
DA:103,0
BRDA:45,0,0,128
BRDA:45,0,1,0
BRDA:46,0,0,0
BRDA:46,0,1,128
BRDA:50,0,0,0
BRDA:50,0,1,128
BRDA:57,0,0,0
BRDA:57,0,1,128
BRDA:66,0,0,-
BRDA:66,0,1,-
BRDA:67,0,0,-
BRDA:67,0,1,-
BRDA:72,0,0,-
BRDA:72,0,1,-
BRDA:81,0,0,-
BRDA:81,0,1,-
BRDA:92,0,0,246
BRDA:92,0,1,10
BRDA:92,1,2,0
BRDA:92,1,3,10
BRDA:99,0,0,-
BRDA:99,0,1,-
BRDA:100,0,0,-
BRDA:100,0,1,-
BRDA:100,1,2,-
BRDA:100,1,3,-
BRDA:101,0,0,-
BRDA:101,0,1,-
BRDA:101,1,2,-
BRDA:101,1,3,-
BRF:30
BRH:7
LF:67
LH:37
end_of_record
SF:src/automotive/expression/AvoidCompositeExpressionMismatchCheck.h
FN:38,_ZN5clang4tidy10automotive37AvoidCompositeExpressionMismatchCheckC2EN4llvm9StringRefEPNS0_16ClangTidyContextE
FN:41,_ZN5clang4tidy10automotive37AvoidCompositeExpressionMismatchCheckD2Ev
FNDA:84,_ZN5clang4tidy10automotive37AvoidCompositeExpressionMismatchCheckC2EN4llvm9StringRefEPNS0_16ClangTidyContextE
FNDA:84,_ZN5clang4tidy10automotive37AvoidCompositeExpressionMismatchCheckD2Ev
FNF:2
FNH:2
DA:38,84
DA:41,84
BRF:0
BRH:0
LF:2
LH:2
end_of_record
SF:src/automotive/expression/AvoidConstantWrapAroundCheck.cpp
FN:146,_ZN5clang4tidy10automotive28AvoidConstantWrapAroundCheck16registerMatchersEPNS_12ast_matchers11MatchFinderE
FN:154,_ZN5clang4tidy10automotive28AvoidConstantWrapAroundCheck5checkERKNS_12ast_matchers11MatchFinder11MatchResultE
FN:88,AvoidConstantWrapAroundCheck.cpp:_ZN5clang4tidy10automotive12_GLOBAL__N_117WrapAroundCheckerC2ERNS_10ASTContextE
FN:90,AvoidConstantWrapAroundCheck.cpp:_ZNK5clang4tidy10automotive12_GLOBAL__N_117WrapAroundChecker15foundWrapAroundEv
FN:91,AvoidConstantWrapAroundCheck.cpp:_ZNK5clang4tidy10automotive12_GLOBAL__N_117WrapAroundChecker16getWrapAroundLocEv
FN:120,AvoidConstantWrapAroundCheck.cpp:_ZN5clang4tidy10automotive12_GLOBAL__N_117WrapAroundChecker18VisitUnaryOperatorEPNS_13UnaryOperatorE
FN:93,AvoidConstantWrapAroundCheck.cpp:_ZN5clang4tidy10automotive12_GLOBAL__N_117WrapAroundChecker19VisitBinaryOperatorEPNS_14BinaryOperatorE
FN:41,AvoidConstantWrapAroundCheck.cpp:_ZN5clang4tidy10automotive12_GLOBAL__N_126checkSubtractionWrapAroundEPNS_14BinaryOperatorERNS_10ASTContextE
FN:25,AvoidConstantWrapAroundCheck.cpp:_ZN5clang4tidy10automotive12_GLOBAL__N_122evaluateBinaryOperandsEPNS_14BinaryOperatorERNS_10ASTContextERN4llvm6APSIntES9_
FN:51,AvoidConstantWrapAroundCheck.cpp:_ZN5clang4tidy10automotive12_GLOBAL__N_123checkAdditionWrapAroundEPNS_14BinaryOperatorERNS_10ASTContextE
FN:66,AvoidConstantWrapAroundCheck.cpp:_ZN5clang4tidy10automotive12_GLOBAL__N_129checkMultiplicationWrapAroundEPNS_14BinaryOperatorERNS_10ASTContextE
FNDA:84,_ZN5clang4tidy10automotive28AvoidConstantWrapAroundCheck16registerMatchersEPNS_12ast_matchers11MatchFinderE
FNDA:698,_ZN5clang4tidy10automotive28AvoidConstantWrapAroundCheck5checkERKNS_12ast_matchers11MatchFinder11MatchResultE
FNDA:15,AvoidConstantWrapAroundCheck.cpp:_ZN5clang4tidy10automotive12_GLOBAL__N_117WrapAroundCheckerC2ERNS_10ASTContextE
FNDA:15,AvoidConstantWrapAroundCheck.cpp:_ZNK5clang4tidy10automotive12_GLOBAL__N_117WrapAroundChecker15foundWrapAroundEv
FNDA:6,AvoidConstantWrapAroundCheck.cpp:_ZNK5clang4tidy10automotive12_GLOBAL__N_117WrapAroundChecker16getWrapAroundLocEv
FNDA:3,AvoidConstantWrapAroundCheck.cpp:_ZN5clang4tidy10automotive12_GLOBAL__N_117WrapAroundChecker18VisitUnaryOperatorEPNS_13UnaryOperatorE
FNDA:12,AvoidConstantWrapAroundCheck.cpp:_ZN5clang4tidy10automotive12_GLOBAL__N_117WrapAroundChecker19VisitBinaryOperatorEPNS_14BinaryOperatorE
FNDA:4,AvoidConstantWrapAroundCheck.cpp:_ZN5clang4tidy10automotive12_GLOBAL__N_126checkSubtractionWrapAroundEPNS_14BinaryOperatorERNS_10ASTContextE
FNDA:12,AvoidConstantWrapAroundCheck.cpp:_ZN5clang4tidy10automotive12_GLOBAL__N_122evaluateBinaryOperandsEPNS_14BinaryOperatorERNS_10ASTContextERN4llvm6APSIntES9_
FNDA:5,AvoidConstantWrapAroundCheck.cpp:_ZN5clang4tidy10automotive12_GLOBAL__N_123checkAdditionWrapAroundEPNS_14BinaryOperatorERNS_10ASTContextE
FNDA:3,AvoidConstantWrapAroundCheck.cpp:_ZN5clang4tidy10automotive12_GLOBAL__N_129checkMultiplicationWrapAroundEPNS_14BinaryOperatorERNS_10ASTContextE
FNF:11
FNH:11
DA:25,12
DA:26,12
DA:27,12
DA:28,12
DA:29,12
DA:30,0
DA:32,12
DA:33,0
DA:35,12
DA:36,12
DA:37,12
DA:38,12
DA:41,4
DA:42,4
DA:43,4
DA:44,4
DA:45,0
DA:47,4
DA:48,4
DA:51,5
DA:52,5
DA:53,5
DA:54,0
DA:56,5
DA:57,5
DA:58,5
DA:59,0
DA:61,5
DA:62,5
DA:63,5
DA:66,3
DA:67,3
DA:68,3
DA:69,0
DA:71,3
DA:72,3
DA:73,3
DA:74,0
DA:76,3
DA:77,0
DA:79,3
DA:80,3
DA:81,3
DA:82,3
DA:83,3
DA:88,15
DA:90,15
DA:91,6
DA:93,12
DA:94,12
DA:95,0
DA:97,12
DA:98,12
DA:99,4
DA:100,4
DA:101,4
DA:102,5
DA:103,5
DA:104,5
DA:105,3
DA:106,3
DA:107,3
DA:108,0
DA:109,0
DA:110,12
DA:112,12
DA:113,4
DA:114,4
DA:115,4
DA:116,4
DA:117,8
DA:118,12
DA:120,3
DA:121,3
DA:122,0
DA:123,3
DA:124,0
DA:126,3
DA:127,3
DA:128,0
DA:130,3
DA:131,2
DA:132,2
DA:133,2
DA:134,2
DA:135,1
DA:136,3
DA:146,84
DA:148,84
DA:149,84
DA:150,84
DA:151,84
DA:154,698
DA:155,698
DA:156,698
DA:158,698
DA:159,0
DA:162,698
DA:163,0
DA:166,698
DA:167,664
DA:170,34
DA:171,34
DA:172,19
DA:175,15
DA:176,15
DA:177,0
DA:180,15
DA:183,15
DA:185,15
DA:186,6
DA:187,6
DA:188,6
DA:189,6
DA:190,15
BRDA:28,0,0,0
BRDA:28,0,1,12
BRDA:29,0,0,0
BRDA:29,0,1,12
BRDA:32,0,0,0
BRDA:32,0,1,12
BRDA:32,1,2,0
BRDA:32,1,3,12
BRDA:44,0,0,0
BRDA:44,0,1,4
BRDA:53,0,0,0
BRDA:53,0,1,5
BRDA:53,1,2,0
BRDA:53,1,3,5
BRDA:58,0,0,0
BRDA:58,0,1,5
BRDA:62,0,0,2
BRDA:62,0,1,3
BRDA:62,1,2,0
BRDA:62,1,3,3
BRDA:68,0,0,0
BRDA:68,0,1,3
BRDA:68,1,2,0
BRDA:68,1,3,3
BRDA:73,0,0,0
BRDA:73,0,1,3
BRDA:76,0,0,0
BRDA:76,0,1,3
BRDA:76,1,2,0
BRDA:76,1,3,3
BRDA:94,0,0,0
BRDA:94,0,1,12
BRDA:99,0,0,4
BRDA:99,0,1,8
BRDA:102,0,0,5
BRDA:102,0,1,7
BRDA:105,0,0,3
BRDA:105,0,1,9
BRDA:108,0,0,0
BRDA:108,0,1,12
BRDA:112,0,0,4
BRDA:112,0,1,8
BRDA:121,0,0,0
BRDA:121,0,1,3
BRDA:123,0,0,0
BRDA:123,0,1,3
BRDA:127,0,0,0
BRDA:127,0,1,3
BRDA:130,0,0,3
BRDA:130,0,1,0
BRDA:130,1,2,2
BRDA:130,1,3,1
BRDA:158,0,0,0
BRDA:158,0,1,698
BRDA:158,1,2,0
BRDA:158,1,3,698
BRDA:162,0,0,0
BRDA:162,0,1,698
BRDA:166,0,0,664
BRDA:166,0,1,34
BRDA:166,1,2,676
BRDA:166,1,3,22
BRDA:166,2,4,664
BRDA:166,2,5,12
BRDA:171,0,0,19
BRDA:171,0,1,15
BRDA:176,0,0,0
BRDA:176,0,1,15
BRDA:185,0,0,6
BRDA:185,0,1,9
BRF:70
BRH:46
LF:115
LH:98
end_of_record
SF:src/automotive/expression/AvoidConstantWrapAroundCheck.h
FN:39,_ZN5clang4tidy10automotive28AvoidConstantWrapAroundCheckC2EN4llvm9StringRefEPNS0_16ClangTidyContextE
FN:42,_ZN5clang4tidy10automotive28AvoidConstantWrapAroundCheckD2Ev
FNDA:84,_ZN5clang4tidy10automotive28AvoidConstantWrapAroundCheckC2EN4llvm9StringRefEPNS0_16ClangTidyContextE
FNDA:84,_ZN5clang4tidy10automotive28AvoidConstantWrapAroundCheckD2Ev
FNF:2
FNH:2
DA:39,84
DA:42,84
BRF:0
BRH:0
LF:2
LH:2
end_of_record
SF:src/automotive/expression/AvoidEssentialTypeMismatchCheck.cpp
FN:17,_ZN5clang4tidy10automotive31AvoidEssentialTypeMismatchCheck16registerMatchersEPNS_12ast_matchers11MatchFinderE
FN:28,_ZN5clang4tidy10automotive31AvoidEssentialTypeMismatchCheck5checkERKNS_12ast_matchers11MatchFinder11MatchResultE
FN:60,_ZNK5clang4tidy10automotive31AvoidEssentialTypeMismatchCheck16getEssentialTypeENS_8QualTypeE
FN:86,_ZNK5clang4tidy10automotive31AvoidEssentialTypeMismatchCheck20getEssentialTypeNameENS2_13EssentialTypeE
FNDA:84,_ZN5clang4tidy10automotive31AvoidEssentialTypeMismatchCheck16registerMatchersEPNS_12ast_matchers11MatchFinderE
FNDA:471,_ZN5clang4tidy10automotive31AvoidEssentialTypeMismatchCheck5checkERKNS_12ast_matchers11MatchFinder11MatchResultE
FNDA:918,_ZNK5clang4tidy10automotive31AvoidEssentialTypeMismatchCheck16getEssentialTypeENS_8QualTypeE
FNDA:28,_ZNK5clang4tidy10automotive31AvoidEssentialTypeMismatchCheck20getEssentialTypeNameENS2_13EssentialTypeE
FNF:4
FNH:4
DA:17,84
DA:19,84
DA:20,84
DA:21,84
DA:22,84
DA:23,84
DA:24,84
DA:25,84
DA:28,471
DA:29,471
DA:30,471
DA:31,0
DA:33,471
DA:34,12
DA:36,459
DA:37,459
DA:39,459
DA:40,459
DA:43,459
DA:44,414
DA:45,45
DA:46,13
DA:49,32
DA:50,32
DA:51,32
DA:52,27
DA:53,14
DA:54,14
DA:55,14
DA:56,14
DA:57,32
DA:60,918
DA:61,918
DA:63,918
DA:64,6
DA:66,912
DA:67,44
DA:69,868
DA:70,2
DA:72,866
DA:73,4
DA:75,862
DA:76,821
DA:77,64
DA:78,757
DA:79,757
DA:80,757
DA:82,41
DA:83,862
DA:86,28
DA:87,28
DA:88,0
DA:89,0
DA:90,0
DA:91,0
DA:92,14
DA:93,14
DA:94,14
DA:95,14
DA:96,0
DA:97,0
DA:98,0
DA:99,0
DA:100,0
DA:101,0
DA:102,28
DA:103,0
DA:104,28
BRDA:30,0,0,0
BRDA:30,0,1,471
BRDA:33,0,0,12
BRDA:33,0,1,459
BRDA:43,0,0,414
BRDA:43,0,1,45
BRDA:45,0,0,12
BRDA:45,0,1,33
BRDA:45,1,2,1
BRDA:45,1,3,32
BRDA:49,0,0,8
BRDA:49,0,1,24
BRDA:50,0,0,5
BRDA:50,0,1,3
BRDA:51,0,0,9
BRDA:51,0,1,18
BRDA:52,0,0,9
BRDA:52,0,1,0
BRDA:63,0,0,6
BRDA:63,0,1,912
BRDA:66,0,0,44
BRDA:66,0,1,868
BRDA:69,0,0,2
BRDA:69,0,1,866
BRDA:72,0,0,4
BRDA:72,0,1,862
BRDA:75,0,0,821
BRDA:75,0,1,41
BRDA:76,0,0,64
BRDA:76,0,1,757
BRDA:78,0,0,757
BRDA:78,0,1,0
BRDA:87,0,0,28
BRDA:87,0,1,0
BRDA:88,0,0,0
BRDA:88,0,1,28
BRDA:90,0,0,0
BRDA:90,0,1,28
BRDA:92,0,0,14
BRDA:92,0,1,14
BRDA:94,0,0,14
BRDA:94,0,1,14
BRDA:96,0,0,0
BRDA:96,0,1,28
BRDA:98,0,0,0
BRDA:98,0,1,28
BRDA:100,0,0,0
BRDA:100,0,1,28
BRF:48
BRH:39
LF:68
LH:56
end_of_record
SF:src/automotive/expression/AvoidEssentialTypeMismatchCheck.h
FN:36,_ZN5clang4tidy10automotive31AvoidEssentialTypeMismatchCheckC2EN4llvm9StringRefEPNS0_16ClangTidyContextE
FN:39,_ZN5clang4tidy10automotive31AvoidEssentialTypeMismatchCheckD2Ev
FNDA:84,_ZN5clang4tidy10automotive31AvoidEssentialTypeMismatchCheckC2EN4llvm9StringRefEPNS0_16ClangTidyContextE
FNDA:84,_ZN5clang4tidy10automotive31AvoidEssentialTypeMismatchCheckD2Ev
FNF:2
FNH:2
DA:36,84
DA:39,84
BRF:0
BRH:0
LF:2
LH:2
end_of_record
SF:src/automotive/expression/AvoidInappropriateCastCheck.cpp
FN:17,_ZN5clang4tidy10automotive27AvoidInappropriateCastCheck16registerMatchersEPNS_12ast_matchers11MatchFinderE
FN:23,_ZN5clang4tidy10automotive27AvoidInappropriateCastCheck5checkERKNS_12ast_matchers11MatchFinder11MatchResultE
FN:58,_ZNK5clang4tidy10automotive27AvoidInappropriateCastCheck16getEssentialTypeENS_8QualTypeE
FN:84,_ZNK5clang4tidy10automotive27AvoidInappropriateCastCheck19isInappropriateCastENS2_13EssentialTypeES3_
FNDA:84,_ZN5clang4tidy10automotive27AvoidInappropriateCastCheck16registerMatchersEPNS_12ast_matchers11MatchFinderE
FNDA:219,_ZN5clang4tidy10automotive27AvoidInappropriateCastCheck5checkERKNS_12ast_matchers11MatchFinder11MatchResultE
FNDA:438,_ZNK5clang4tidy10automotive27AvoidInappropriateCastCheck16getEssentialTypeENS_8QualTypeE
FNDA:219,_ZNK5clang4tidy10automotive27AvoidInappropriateCastCheck19isInappropriateCastENS2_13EssentialTypeES3_
FNF:4
FNH:4
DA:17,84
DA:19,84
DA:20,84
DA:23,219
DA:24,219
DA:25,219
DA:26,0
DA:28,219
DA:29,0
DA:31,219
DA:32,219
DA:34,219
DA:35,219
DA:37,219
DA:38,3
DA:39,3
DA:40,3
DA:41,3
DA:42,1
DA:43,1
DA:44,1
DA:45,1
DA:46,1
DA:47,3
DA:48,3
DA:49,3
DA:50,3
DA:51,3
DA:52,0
DA:53,0
DA:54,3
DA:55,219
DA:58,438
DA:59,438
DA:61,438
DA:62,0
DA:64,438
DA:65,28
DA:67,410
DA:68,0
DA:70,410
DA:71,8
DA:73,402
DA:74,133
DA:75,27
DA:76,106
DA:77,106
DA:78,106
DA:80,269
DA:81,402
DA:84,219
DA:86,219
DA:87,0
DA:90,219
DA:91,0
DA:94,219
DA:95,219
DA:96,3
DA:99,216
DA:100,0
DA:102,216
DA:103,216
BRDA:25,0,0,0
BRDA:25,0,1,219
BRDA:28,0,0,0
BRDA:28,0,1,219
BRDA:37,0,0,3
BRDA:37,0,1,216
BRDA:40,0,0,2
BRDA:40,0,1,1
BRDA:41,0,0,0
BRDA:41,0,1,1
BRDA:42,0,0,0
BRDA:42,0,1,1
BRDA:43,0,0,0
BRDA:43,0,1,1
BRDA:44,0,0,0
BRDA:44,0,1,1
BRDA:45,0,0,0
BRDA:45,0,1,1
BRDA:47,0,0,0
BRDA:47,0,1,3
BRDA:48,0,0,0
BRDA:48,0,1,3
BRDA:49,0,0,0
BRDA:49,0,1,3
BRDA:50,0,0,3
BRDA:50,0,1,0
BRDA:51,0,0,-
BRDA:51,0,1,-
BRDA:52,0,0,-
BRDA:52,0,1,-
BRDA:61,0,0,0
BRDA:61,0,1,438
BRDA:64,0,0,28
BRDA:64,0,1,410
BRDA:67,0,0,0
BRDA:67,0,1,410
BRDA:70,0,0,8
BRDA:70,0,1,402
BRDA:73,0,0,133
BRDA:73,0,1,269
BRDA:74,0,0,27
BRDA:74,0,1,106
BRDA:76,0,0,106
BRDA:76,0,1,0
BRDA:86,0,0,0
BRDA:86,0,1,219
BRDA:86,1,2,-
BRDA:86,1,3,-
BRDA:90,0,0,0
BRDA:90,0,1,219
BRDA:90,1,2,-
BRDA:90,1,3,-
BRDA:94,0,0,3
BRDA:94,0,1,216
BRDA:94,1,2,3
BRDA:94,1,3,0
BRDA:95,0,0,3
BRDA:95,0,1,0
BRDA:99,0,0,0
BRDA:99,0,1,216
BRDA:99,1,2,-
BRDA:99,1,3,-
BRF:62
BRH:33
LF:62
LH:53
end_of_record
SF:src/automotive/expression/AvoidInappropriateCastCheck.h
FN:35,_ZN5clang4tidy10automotive27AvoidInappropriateCastCheckC2EN4llvm9StringRefEPNS0_16ClangTidyContextE
FN:38,_ZN5clang4tidy10automotive27AvoidInappropriateCastCheckD2Ev
FNDA:84,_ZN5clang4tidy10automotive27AvoidInappropriateCastCheckC2EN4llvm9StringRefEPNS0_16ClangTidyContextE
FNDA:84,_ZN5clang4tidy10automotive27AvoidInappropriateCastCheckD2Ev
FNF:2
FNH:2
DA:35,84
DA:38,84
BRF:0
BRH:0
LF:2
LH:2
end_of_record
SF:src/automotive/expression/AvoidInappropriateEssentialTypeCheck.cpp
FN:18,_ZN5clang4tidy10automotive36AvoidInappropriateEssentialTypeCheck16registerMatchersEPNS_12ast_matchers11MatchFinderE
FN:37,_ZN5clang4tidy10automotive36AvoidInappropriateEssentialTypeCheck22checkArithmeticOperandEPKNS_4ExprENS2_13EssentialTypeE
FN:47,_ZN5clang4tidy10automotive36AvoidInappropriateEssentialTypeCheck19checkBitwiseOperandEPKNS_4ExprENS2_13EssentialTypeE
FN:57,_ZN5clang4tidy10automotive36AvoidInappropriateEssentialTypeCheck20handleBinaryOperatorEPKNS_14BinaryOperatorERKNS_13SourceManagerE
FN:82,_ZN5clang4tidy10automotive36AvoidInappropriateEssentialTypeCheck19handleUnaryOperatorEPKNS_13UnaryOperatorERKNS_13SourceManagerE
FN:106,_ZN5clang4tidy10automotive36AvoidInappropriateEssentialTypeCheck5checkERKNS_12ast_matchers11MatchFinder11MatchResultE
FN:118,_ZNK5clang4tidy10automotive36AvoidInappropriateEssentialTypeCheck16getEssentialTypeENS_8QualTypeE
FN:144,_ZNK5clang4tidy10automotive36AvoidInappropriateEssentialTypeCheck26isAppropriateForArithmeticENS2_13EssentialTypeE
FN:149,_ZNK5clang4tidy10automotive36AvoidInappropriateEssentialTypeCheck23isAppropriateForBitwiseENS2_13EssentialTypeE
FN:155,_ZNK5clang4tidy10automotive36AvoidInappropriateEssentialTypeCheck20getEssentialTypeNameENS2_13EssentialTypeE
FNDA:84,_ZN5clang4tidy10automotive36AvoidInappropriateEssentialTypeCheck16registerMatchersEPNS_12ast_matchers11MatchFinderE
FNDA:512,_ZN5clang4tidy10automotive36AvoidInappropriateEssentialTypeCheck22checkArithmeticOperandEPKNS_4ExprENS2_13EssentialTypeE
FNDA:89,_ZN5clang4tidy10automotive36AvoidInappropriateEssentialTypeCheck19checkBitwiseOperandEPKNS_4ExprENS2_13EssentialTypeE
FNDA:347,_ZN5clang4tidy10automotive36AvoidInappropriateEssentialTypeCheck20handleBinaryOperatorEPKNS_14BinaryOperatorERKNS_13SourceManagerE
FNDA:28,_ZN5clang4tidy10automotive36AvoidInappropriateEssentialTypeCheck19handleUnaryOperatorEPKNS_13UnaryOperatorERKNS_13SourceManagerE
FNDA:375,_ZN5clang4tidy10automotive36AvoidInappropriateEssentialTypeCheck5checkERKNS_12ast_matchers11MatchFinder11MatchResultE
FNDA:698,_ZNK5clang4tidy10automotive36AvoidInappropriateEssentialTypeCheck16getEssentialTypeENS_8QualTypeE
FNDA:535,_ZNK5clang4tidy10automotive36AvoidInappropriateEssentialTypeCheck26isAppropriateForArithmeticENS2_13EssentialTypeE
FNDA:89,_ZNK5clang4tidy10automotive36AvoidInappropriateEssentialTypeCheck23isAppropriateForBitwiseENS2_13EssentialTypeE
FNDA:68,_ZNK5clang4tidy10automotive36AvoidInappropriateEssentialTypeCheck20getEssentialTypeNameENS2_13EssentialTypeE
FNF:10
FNH:10
DA:18,84
DA:20,84
DA:21,84
DA:22,84
DA:23,84
DA:24,84
DA:25,84
DA:26,84
DA:29,84
DA:30,84
DA:31,84
DA:32,84
DA:33,84
DA:34,84
DA:37,512
DA:38,512
DA:39,42
DA:40,42
DA:41,42
DA:42,42
DA:43,42
DA:44,512
DA:47,89
DA:48,89
DA:49,20
DA:50,20
DA:51,20
DA:52,20
DA:53,20
DA:54,89
DA:57,347
DA:58,347
DA:59,12
DA:61,335
DA:62,335
DA:64,335
DA:65,335
DA:67,335
DA:68,335
DA:70,335
DA:71,256
DA:72,256
DA:73,256
DA:75,335
DA:76,42
DA:77,42
DA:78,42
DA:79,335
DA:82,28
DA:83,28
DA:84,0
DA:86,28
DA:87,28
DA:89,28
DA:90,5
DA:91,5
DA:92,5
DA:94,23
DA:95,23
DA:96,6
DA:97,6
DA:98,6
DA:99,6
DA:100,6
DA:101,6
DA:102,23
DA:103,23
DA:106,375
DA:107,375
DA:108,347
DA:109,347
DA:110,347
DA:112,28
DA:113,28
DA:114,28
DA:115,28
DA:118,698
DA:119,698
DA:121,698
DA:122,19
DA:124,679
DA:125,56
DA:127,623
DA:128,2
DA:130,621
DA:131,4
DA:133,617
DA:134,600
DA:135,80
DA:136,520
DA:137,520
DA:138,520
DA:140,17
DA:141,617
DA:144,535
DA:145,535
DA:146,535
DA:149,89
DA:150,89
DA:151,89
DA:152,89
DA:155,68
DA:156,68
DA:157,16
DA:158,16
DA:159,52
DA:160,52
DA:161,0
DA:162,0
DA:163,0
DA:164,0
DA:165,0
DA:166,0
DA:167,0
DA:168,0
DA:169,0
DA:170,0
DA:171,68
DA:172,0
DA:173,68
BRDA:38,0,0,42
BRDA:38,0,1,470
BRDA:48,0,0,20
BRDA:48,0,1,69
BRDA:58,0,0,12
BRDA:58,0,1,335
BRDA:67,0,0,205
BRDA:67,0,1,130
BRDA:67,1,2,51
BRDA:67,1,3,79
BRDA:68,0,0,20
BRDA:68,0,1,315
BRDA:68,1,2,22
BRDA:68,1,3,293
BRDA:70,0,0,256
BRDA:70,0,1,79
BRDA:75,0,0,42
BRDA:75,0,1,293
BRDA:83,0,0,0
BRDA:83,0,1,28
BRDA:89,0,0,5
BRDA:89,0,1,23
BRDA:94,0,0,3
BRDA:94,0,1,20
BRDA:94,1,2,20
BRDA:94,1,3,0
BRDA:95,0,0,6
BRDA:95,0,1,17
BRDA:100,0,0,3
BRDA:100,0,1,3
BRDA:107,0,0,347
BRDA:107,0,1,28
BRDA:112,0,0,28
BRDA:112,0,1,0
BRDA:121,0,0,19
BRDA:121,0,1,679
BRDA:124,0,0,56
BRDA:124,0,1,623
BRDA:127,0,0,2
BRDA:127,0,1,621
BRDA:130,0,0,4
BRDA:130,0,1,617
BRDA:133,0,0,600
BRDA:133,0,1,17
BRDA:134,0,0,80
BRDA:134,0,1,520
BRDA:136,0,0,520
BRDA:136,0,1,0
BRDA:145,0,0,527
BRDA:145,0,1,8
BRDA:145,1,2,487
BRDA:145,1,3,40
BRDA:150,0,0,81
BRDA:150,0,1,8
BRDA:150,1,2,69
BRDA:150,1,3,12
BRDA:151,0,0,69
BRDA:151,0,1,0
BRDA:156,0,0,68
BRDA:156,0,1,0
BRDA:157,0,0,16
BRDA:157,0,1,52
BRDA:159,0,0,52
BRDA:159,0,1,16
BRDA:161,0,0,0
BRDA:161,0,1,68
BRDA:163,0,0,0
BRDA:163,0,1,68
BRDA:165,0,0,0
BRDA:165,0,1,68
BRDA:167,0,0,0
BRDA:167,0,1,68
BRDA:169,0,0,0
BRDA:169,0,1,68
BRF:74
BRH:63
LF:120
LH:108
end_of_record
SF:src/automotive/expression/AvoidInappropriateEssentialTypeCheck.h
FN:46,_ZN5clang4tidy10automotive36AvoidInappropriateEssentialTypeCheckC2EN4llvm9StringRefEPNS0_16ClangTidyContextE
FN:49,_ZN5clang4tidy10automotive36AvoidInappropriateEssentialTypeCheckD2Ev
FNDA:84,_ZN5clang4tidy10automotive36AvoidInappropriateEssentialTypeCheckC2EN4llvm9StringRefEPNS0_16ClangTidyContextE
FNDA:84,_ZN5clang4tidy10automotive36AvoidInappropriateEssentialTypeCheckD2Ev
FNF:2
FNH:2
DA:46,84
DA:49,84
BRF:0
BRH:0
LF:2
LH:2
end_of_record
SF:src/automotive/expression/AvoidNarrowingCompoundAssignmentCheck.cpp
FN:18,_ZN5clang4tidy10automotive37AvoidNarrowingCompoundAssignmentCheck16registerMatchersEPNS_12ast_matchers11MatchFinderE
FN:25,_ZN5clang4tidy10automotive37AvoidNarrowingCompoundAssignmentCheck5checkERKNS_12ast_matchers11MatchFinder11MatchResultE
FN:64,_ZNK5clang4tidy10automotive37AvoidNarrowingCompoundAssignmentCheck16getEssentialTypeENS_8QualTypeE
FN:90,_ZNK5clang4tidy10automotive37AvoidNarrowingCompoundAssignmentCheck12getTypeWidthENS_8QualTypeERKNS_10ASTContextE
FN:98,_ZNK5clang4tidy10automotive37AvoidNarrowingCompoundAssignmentCheck11isNarrowingENS_8QualTypeES3_RKNS_10ASTContextE
FN:109,_ZNK5clang4tidy10automotive37AvoidNarrowingCompoundAssignmentCheck19isDifferentCategoryENS2_13EssentialTypeES3_
FNDA:84,_ZN5clang4tidy10automotive37AvoidNarrowingCompoundAssignmentCheck16registerMatchersEPNS_12ast_matchers11MatchFinderE
FNDA:375,_ZN5clang4tidy10automotive37AvoidNarrowingCompoundAssignmentCheck5checkERKNS_12ast_matchers11MatchFinder11MatchResultE
FNDA:750,_ZNK5clang4tidy10automotive37AvoidNarrowingCompoundAssignmentCheck16getEssentialTypeENS_8QualTypeE
FNDA:732,_ZNK5clang4tidy10automotive37AvoidNarrowingCompoundAssignmentCheck12getTypeWidthENS_8QualTypeERKNS_10ASTContextE
FNDA:366,_ZNK5clang4tidy10automotive37AvoidNarrowingCompoundAssignmentCheck11isNarrowingENS_8QualTypeES3_RKNS_10ASTContextE
FNDA:375,_ZNK5clang4tidy10automotive37AvoidNarrowingCompoundAssignmentCheck19isDifferentCategoryENS2_13EssentialTypeES3_
FNF:6
FNH:6
DA:18,84
DA:20,84
DA:21,84
DA:22,84
DA:25,375
DA:26,375
DA:27,375
DA:28,0
DA:30,375
DA:31,0
DA:33,375
DA:34,375
DA:36,375
DA:37,375
DA:40,375
DA:41,9
DA:42,9
DA:43,9
DA:44,9
DA:45,9
DA:46,0
DA:47,0
DA:48,9
DA:49,9
DA:50,9
DA:51,0
DA:52,9
DA:53,9
DA:56,366
DA:57,10
DA:58,10
DA:59,10
DA:60,10
DA:61,366
DA:64,750
DA:65,750
DA:67,750
DA:68,11
DA:70,739
DA:71,12
DA:73,727
DA:74,1
DA:76,726
DA:77,2
DA:79,724
DA:80,576
DA:81,13
DA:82,563
DA:83,563
DA:84,563
DA:86,148
DA:87,724
DA:90,732
DA:91,732
DA:92,732
DA:93,584
DA:94,148
DA:95,732
DA:98,366
DA:99,366
DA:100,366
DA:102,366
DA:103,76
DA:105,290
DA:106,366
DA:109,375
DA:110,375
DA:111,348
DA:114,27
DA:115,27
DA:116,9
DA:119,18
DA:120,18
DA:121,0
DA:122,18
DA:123,18
DA:124,0
DA:126,18
DA:127,18
BRDA:27,0,0,0
BRDA:27,0,1,375
BRDA:30,0,0,0
BRDA:30,0,1,375
BRDA:40,0,0,9
BRDA:40,0,1,366
BRDA:44,0,0,9
BRDA:44,0,1,0
BRDA:45,0,0,-
BRDA:45,0,1,-
BRDA:46,0,0,-
BRDA:46,0,1,-
BRDA:48,0,0,0
BRDA:48,0,1,9
BRDA:49,0,0,9
BRDA:49,0,1,0
BRDA:50,0,0,-
BRDA:50,0,1,-
BRDA:56,0,0,10
BRDA:56,0,1,356
BRDA:67,0,0,11
BRDA:67,0,1,739
BRDA:70,0,0,12
BRDA:70,0,1,727
BRDA:73,0,0,1
BRDA:73,0,1,726
BRDA:76,0,0,2
BRDA:76,0,1,724
BRDA:79,0,0,576
BRDA:79,0,1,148
BRDA:80,0,0,13
BRDA:80,0,1,563
BRDA:82,0,0,563
BRDA:82,0,1,0
BRDA:92,0,0,582
BRDA:92,0,1,150
BRDA:92,1,2,2
BRDA:92,1,3,148
BRDA:102,0,0,72
BRDA:102,0,1,294
BRDA:102,1,2,4
BRDA:102,1,3,290
BRDA:110,0,0,348
BRDA:110,0,1,27
BRDA:114,0,0,24
BRDA:114,0,1,3
BRDA:114,1,2,9
BRDA:114,1,3,15
BRDA:115,0,0,0
BRDA:115,0,1,18
BRDA:115,1,2,-
BRDA:115,1,3,-
BRDA:119,0,0,0
BRDA:119,0,1,18
BRDA:120,0,0,-
BRDA:120,0,1,-
BRDA:122,0,0,0
BRDA:122,0,1,18
BRDA:123,0,0,-
BRDA:123,0,1,-
BRF:60
BRH:39
LF:79
LH:72
end_of_record
SF:src/automotive/expression/AvoidNarrowingCompoundAssignmentCheck.h
FN:39,_ZN5clang4tidy10automotive37AvoidNarrowingCompoundAssignmentCheckC2EN4llvm9StringRefEPNS0_16ClangTidyContextE
FN:42,_ZN5clang4tidy10automotive37AvoidNarrowingCompoundAssignmentCheckD2Ev
FNDA:84,_ZN5clang4tidy10automotive37AvoidNarrowingCompoundAssignmentCheckC2EN4llvm9StringRefEPNS0_16ClangTidyContextE
FNDA:84,_ZN5clang4tidy10automotive37AvoidNarrowingCompoundAssignmentCheckD2Ev
FNF:2
FNH:2
DA:39,84
DA:42,84
BRF:0
BRH:0
LF:2
LH:2
end_of_record
SF:src/automotive/expression/AvoidNonBooleanInConditionCheck.cpp
FN:18,_ZN5clang4tidy10automotive31AvoidNonBooleanInConditionCheck16registerMatchersEPNS_12ast_matchers11MatchFinderE
FN:37,_ZN5clang4tidy10automotive31AvoidNonBooleanInConditionCheck5checkERKNS_12ast_matchers11MatchFinder11MatchResultE
FNDA:84,_ZN5clang4tidy10automotive31AvoidNonBooleanInConditionCheck16registerMatchersEPNS_12ast_matchers11MatchFinderE
FNDA:12,_ZN5clang4tidy10automotive31AvoidNonBooleanInConditionCheck5checkERKNS_12ast_matchers11MatchFinder11MatchResultE
FNF:2
FNH:2
DA:18,84
DA:19,84
DA:20,84
DA:21,84
DA:22,84
DA:23,84
DA:24,84
DA:25,84
DA:26,84
DA:27,84
DA:28,84
DA:29,84
DA:30,84
DA:31,84
DA:32,84
DA:33,84
DA:34,84
DA:37,12
DA:38,12
DA:40,12
DA:41,12
DA:42,12
DA:43,12
DA:44,12
BRDA:40,0,0,12
BRDA:40,0,1,0
BRF:2
BRH:1
LF:24
LH:24
end_of_record
SF:src/automotive/expression/AvoidNonBooleanInConditionCheck.h
FN:39,_ZN5clang4tidy10automotive31AvoidNonBooleanInConditionCheckC2EN4llvm9StringRefEPNS0_16ClangTidyContextE
FN:42,_ZN5clang4tidy10automotive31AvoidNonBooleanInConditionCheckD2Ev
FNDA:84,_ZN5clang4tidy10automotive31AvoidNonBooleanInConditionCheckC2EN4llvm9StringRefEPNS0_16ClangTidyContextE
FNDA:84,_ZN5clang4tidy10automotive31AvoidNonBooleanInConditionCheckD2Ev
FNF:2
FNH:2
DA:39,84
DA:42,84
BRF:0
BRH:0
LF:2
LH:2
end_of_record
SF:src/automotive/expression/AvoidSideEffectInInitializerCheck.cpp
FN:48,_ZN5clang4tidy10automotive33AvoidSideEffectInInitializerCheck16registerMatchersEPNS_12ast_matchers11MatchFinderE
FN:58,_ZN5clang4tidy10automotive33AvoidSideEffectInInitializerCheck5checkERKNS_12ast_matchers11MatchFinder11MatchResultE
FN:94,_ZNK5clang4tidy10automotive33AvoidSideEffectInInitializerCheck13hasSideEffectEPKNS_4ExprE
FN:103,_ZNK5clang4tidy10automotive33AvoidSideEffectInInitializerCheck16countSideEffectsEPKNS_4ExprE
FN:23,AvoidSideEffectInInitializerCheck.cpp:_ZNK5clang4tidy10automotive12_GLOBAL__N_117SideEffectCounter13hasSideEffectEv
FN:22,AvoidSideEffectInInitializerCheck.cpp:_ZNK5clang4tidy10automotive12_GLOBAL__N_117SideEffectCounter8getCountEv
FN:25,AvoidSideEffectInInitializerCheck.cpp:_ZN5clang4tidy10automotive12_GLOBAL__N_117SideEffectCounter18VisitUnaryOperatorEPNS_13UnaryOperatorE
FN:37,AvoidSideEffectInInitializerCheck.cpp:_ZN5clang4tidy10automotive12_GLOBAL__N_117SideEffectCounter13VisitCallExprEPNS_8CallExprE
FN:31,AvoidSideEffectInInitializerCheck.cpp:_ZN5clang4tidy10automotive12_GLOBAL__N_117SideEffectCounter19VisitBinaryOperatorEPNS_14BinaryOperatorE
FNDA:84,_ZN5clang4tidy10automotive33AvoidSideEffectInInitializerCheck16registerMatchersEPNS_12ast_matchers11MatchFinderE
FNDA:666,_ZN5clang4tidy10automotive33AvoidSideEffectInInitializerCheck5checkERKNS_12ast_matchers11MatchFinder11MatchResultE
FNDA:318,_ZNK5clang4tidy10automotive33AvoidSideEffectInInitializerCheck13hasSideEffectEPKNS_4ExprE
FNDA:1058,_ZNK5clang4tidy10automotive33AvoidSideEffectInInitializerCheck16countSideEffectsEPKNS_4ExprE
FNDA:318,AvoidSideEffectInInitializerCheck.cpp:_ZNK5clang4tidy10automotive12_GLOBAL__N_117SideEffectCounter13hasSideEffectEv
FNDA:1058,AvoidSideEffectInInitializerCheck.cpp:_ZNK5clang4tidy10automotive12_GLOBAL__N_117SideEffectCounter8getCountEv
FNDA:15,AvoidSideEffectInInitializerCheck.cpp:_ZN5clang4tidy10automotive12_GLOBAL__N_117SideEffectCounter18VisitUnaryOperatorEPNS_13UnaryOperatorE
FNDA:11,AvoidSideEffectInInitializerCheck.cpp:_ZN5clang4tidy10automotive12_GLOBAL__N_117SideEffectCounter13VisitCallExprEPNS_8CallExprE
FNDA:47,AvoidSideEffectInInitializerCheck.cpp:_ZN5clang4tidy10automotive12_GLOBAL__N_117SideEffectCounter19VisitBinaryOperatorEPNS_14BinaryOperatorE
FNF:9
FNH:9
DA:22,1058
DA:23,318
DA:25,15
DA:26,15
DA:27,7
DA:28,15
DA:29,15
DA:31,47
DA:32,47
DA:33,12
DA:34,47
DA:35,47
DA:37,11
DA:38,11
DA:39,11
DA:40,11
DA:48,84
DA:50,84
DA:53,84
DA:54,84
DA:55,84
DA:58,666
DA:60,666
DA:61,125
DA:62,0
DA:64,318
DA:65,318
DA:66,0
DA:67,0
DA:68,0
DA:69,0
DA:70,0
DA:71,318
DA:72,125
DA:73,125
DA:76,541
DA:77,541
DA:78,12
DA:80,529
DA:81,529
DA:83,529
DA:84,2
DA:85,2
DA:86,2
DA:87,527
DA:88,6
DA:89,6
DA:90,6
DA:91,529
DA:92,541
DA:94,318
DA:95,318
DA:98,318
DA:99,318
DA:100,318
DA:103,1058
DA:104,1058
DA:107,1058
DA:108,1058
DA:109,1058
BRDA:26,0,0,7
BRDA:26,0,1,8
BRDA:32,0,0,12
BRDA:32,0,1,35
BRDA:60,0,0,125
BRDA:60,0,1,541
BRDA:61,0,0,0
BRDA:61,0,1,125
BRDA:64,0,0,318
BRDA:64,0,1,125
BRDA:65,0,0,0
BRDA:65,0,1,318
BRDA:76,0,0,541
BRDA:76,0,1,0
BRDA:77,0,0,12
BRDA:77,0,1,529
BRDA:83,0,0,14
BRDA:83,0,1,515
BRDA:83,1,2,2
BRDA:83,1,3,12
BRDA:87,0,0,2
BRDA:87,0,1,525
BRDA:87,1,2,4
BRDA:87,1,3,521
BRF:24
BRH:21
LF:60
LH:54
end_of_record
SF:src/automotive/expression/AvoidSideEffectInInitializerCheck.h
FN:37,_ZN5clang4tidy10automotive33AvoidSideEffectInInitializerCheckC2EN4llvm9StringRefEPNS0_16ClangTidyContextE
FN:40,_ZN5clang4tidy10automotive33AvoidSideEffectInInitializerCheckD2Ev
FNDA:84,_ZN5clang4tidy10automotive33AvoidSideEffectInInitializerCheckC2EN4llvm9StringRefEPNS0_16ClangTidyContextE
FNDA:84,_ZN5clang4tidy10automotive33AvoidSideEffectInInitializerCheckD2Ev
FNF:2
FNH:2
DA:37,84
DA:40,84
BRF:0
BRH:0
LF:2
LH:2
end_of_record
SF:src/automotive/expression/AvoidSideEffectInLogicalOperandCheck.cpp
FN:71,_ZN5clang4tidy10automotive36AvoidSideEffectInLogicalOperandCheck16registerMatchersEPNS_12ast_matchers11MatchFinderE
FN:78,_ZN5clang4tidy10automotive36AvoidSideEffectInLogicalOperandCheck5checkERKNS_12ast_matchers11MatchFinder11MatchResultE
FN:100,_ZNK5clang4tidy10automotive36AvoidSideEffectInLogicalOperandCheck13hasSideEffectEPKNS_4ExprE
FN:23,AvoidSideEffectInLogicalOperandCheck.cpp:_ZNK5clang4tidy10automotive12_GLOBAL__N_116SideEffectFinder13hasSideEffectEv
FN:25,AvoidSideEffectInLogicalOperandCheck.cpp:_ZN5clang4tidy10automotive12_GLOBAL__N_116SideEffectFinder18VisitUnaryOperatorEPNS_13UnaryOperatorE
FN:55,AvoidSideEffectInLogicalOperandCheck.cpp:_ZN5clang4tidy10automotive12_GLOBAL__N_116SideEffectFinder16VisitDeclRefExprEPNS_11DeclRefExprE
FN:48,AvoidSideEffectInLogicalOperandCheck.cpp:_ZN5clang4tidy10automotive12_GLOBAL__N_116SideEffectFinder13VisitCallExprEPNS_8CallExprE
FN:34,AvoidSideEffectInLogicalOperandCheck.cpp:_ZN5clang4tidy10automotive12_GLOBAL__N_116SideEffectFinder19VisitBinaryOperatorEPNS_14BinaryOperatorE
FN:43,AvoidSideEffectInLogicalOperandCheck.cpp:_ZN5clang4tidy10automotive12_GLOBAL__N_116SideEffectFinder27VisitCompoundAssignOperatorEPNS_22CompoundAssignOperatorE
FNDA:84,_ZN5clang4tidy10automotive36AvoidSideEffectInLogicalOperandCheck16registerMatchersEPNS_12ast_matchers11MatchFinderE
FNDA:24,_ZN5clang4tidy10automotive36AvoidSideEffectInLogicalOperandCheck5checkERKNS_12ast_matchers11MatchFinder11MatchResultE
FNDA:24,_ZNK5clang4tidy10automotive36AvoidSideEffectInLogicalOperandCheck13hasSideEffectEPKNS_4ExprE
FNDA:24,AvoidSideEffectInLogicalOperandCheck.cpp:_ZNK5clang4tidy10automotive12_GLOBAL__N_116SideEffectFinder13hasSideEffectEv
FNDA:2,AvoidSideEffectInLogicalOperandCheck.cpp:_ZN5clang4tidy10automotive12_GLOBAL__N_116SideEffectFinder18VisitUnaryOperatorEPNS_13UnaryOperatorE
FNDA:16,AvoidSideEffectInLogicalOperandCheck.cpp:_ZN5clang4tidy10automotive12_GLOBAL__N_116SideEffectFinder16VisitDeclRefExprEPNS_11DeclRefExprE
FNDA:1,AvoidSideEffectInLogicalOperandCheck.cpp:_ZN5clang4tidy10automotive12_GLOBAL__N_116SideEffectFinder13VisitCallExprEPNS_8CallExprE
FNDA:13,AvoidSideEffectInLogicalOperandCheck.cpp:_ZN5clang4tidy10automotive12_GLOBAL__N_116SideEffectFinder19VisitBinaryOperatorEPNS_14BinaryOperatorE
FNDA:0,AvoidSideEffectInLogicalOperandCheck.cpp:_ZN5clang4tidy10automotive12_GLOBAL__N_116SideEffectFinder27VisitCompoundAssignOperatorEPNS_22CompoundAssignOperatorE
FNF:9
FNH:8
DA:23,24
DA:25,2
DA:27,2
DA:28,2
DA:29,2
DA:30,2
DA:31,0
DA:32,2
DA:34,13
DA:36,13
DA:37,5
DA:38,5
DA:39,5
DA:40,8
DA:41,13
DA:43,0
DA:44,0
DA:45,0
DA:46,0
DA:48,1
DA:51,1
DA:52,1
DA:53,1
DA:55,16
DA:57,16
DA:58,0
DA:59,0
DA:60,0
DA:61,16
DA:62,16
DA:71,84
DA:73,84
DA:74,84
DA:75,84
DA:78,24
DA:79,24
DA:80,24
DA:81,0
DA:84,24
DA:85,0
DA:88,24
DA:89,24
DA:90,0
DA:92,24
DA:93,8
DA:94,8
DA:95,8
DA:96,8
DA:97,8
DA:98,24
DA:100,24
DA:101,24
DA:104,24
DA:105,24
DA:106,24
BRDA:27,0,0,2
BRDA:27,0,1,0
BRDA:36,0,0,5
BRDA:36,0,1,8
BRDA:57,0,0,0
BRDA:57,0,1,16
BRDA:80,0,0,0
BRDA:80,0,1,24
BRDA:84,0,0,0
BRDA:84,0,1,24
BRDA:89,0,0,0
BRDA:89,0,1,24
BRDA:92,0,0,8
BRDA:92,0,1,16
BRF:14
BRH:9
LF:55
LH:44
end_of_record
SF:src/automotive/expression/AvoidSideEffectInLogicalOperandCheck.h
FN:40,_ZN5clang4tidy10automotive36AvoidSideEffectInLogicalOperandCheckC2EN4llvm9StringRefEPNS0_16ClangTidyContextE
FN:43,_ZN5clang4tidy10automotive36AvoidSideEffectInLogicalOperandCheckD2Ev
FNDA:84,_ZN5clang4tidy10automotive36AvoidSideEffectInLogicalOperandCheckC2EN4llvm9StringRefEPNS0_16ClangTidyContextE
FNDA:84,_ZN5clang4tidy10automotive36AvoidSideEffectInLogicalOperandCheckD2Ev
FNF:2
FNH:2
DA:40,84
DA:43,84
BRF:0
BRH:0
LF:2
LH:2
end_of_record
SF:src/automotive/expression/AvoidSideEffectInSizeofCheck.cpp
FN:86,_ZN5clang4tidy10automotive28AvoidSideEffectInSizeofCheck16registerMatchersEPNS_12ast_matchers11MatchFinderE
FN:95,_ZN5clang4tidy10automotive28AvoidSideEffectInSizeofCheck5checkERKNS_12ast_matchers11MatchFinder11MatchResultE
FN:23,AvoidSideEffectInSizeofCheck.cpp:_ZNK5clang4tidy10automotive12_GLOBAL__N_116SideEffectFinder13hasSideEffectEv
FN:25,AvoidSideEffectInSizeofCheck.cpp:_ZNK5clang4tidy10automotive12_GLOBAL__N_116SideEffectFinder17getSideEffectKindEv
FN:27,AvoidSideEffectInSizeofCheck.cpp:_ZN5clang4tidy10automotive12_GLOBAL__N_116SideEffectFinder18VisitUnaryOperatorEPNS_13UnaryOperatorE
FN:56,AvoidSideEffectInSizeofCheck.cpp:_ZN5clang4tidy10automotive12_GLOBAL__N_116SideEffectFinder13VisitCallExprEPNS_8CallExprE
FN:64,AvoidSideEffectInSizeofCheck.cpp:_ZN5clang4tidy10automotive12_GLOBAL__N_116SideEffectFinder15VisitCXXNewExprEPNS_10CXXNewExprE
FN:71,AvoidSideEffectInSizeofCheck.cpp:_ZN5clang4tidy10automotive12_GLOBAL__N_116SideEffectFinder18VisitCXXDeleteExprEPNS_13CXXDeleteExprE
FN:38,AvoidSideEffectInSizeofCheck.cpp:_ZN5clang4tidy10automotive12_GLOBAL__N_116SideEffectFinder19VisitBinaryOperatorEPNS_14BinaryOperatorE
FN:49,AvoidSideEffectInSizeofCheck.cpp:_ZN5clang4tidy10automotive12_GLOBAL__N_116SideEffectFinder27VisitCompoundAssignOperatorEPNS_22CompoundAssignOperatorE
FN:24,AvoidSideEffectInSizeofCheck.cpp:_ZNK5clang4tidy10automotive12_GLOBAL__N_116SideEffectFinder16getSideEffectLocEv
FNDA:84,_ZN5clang4tidy10automotive28AvoidSideEffectInSizeofCheck16registerMatchersEPNS_12ast_matchers11MatchFinderE
FNDA:93,_ZN5clang4tidy10automotive28AvoidSideEffectInSizeofCheck5checkERKNS_12ast_matchers11MatchFinder11MatchResultE
FNDA:66,AvoidSideEffectInSizeofCheck.cpp:_ZNK5clang4tidy10automotive12_GLOBAL__N_116SideEffectFinder13hasSideEffectEv
FNDA:20,AvoidSideEffectInSizeofCheck.cpp:_ZNK5clang4tidy10automotive12_GLOBAL__N_116SideEffectFinder17getSideEffectKindEv
FNDA:13,AvoidSideEffectInSizeofCheck.cpp:_ZN5clang4tidy10automotive12_GLOBAL__N_116SideEffectFinder18VisitUnaryOperatorEPNS_13UnaryOperatorE
FNDA:2,AvoidSideEffectInSizeofCheck.cpp:_ZN5clang4tidy10automotive12_GLOBAL__N_116SideEffectFinder13VisitCallExprEPNS_8CallExprE
FNDA:0,AvoidSideEffectInSizeofCheck.cpp:_ZN5clang4tidy10automotive12_GLOBAL__N_116SideEffectFinder15VisitCXXNewExprEPNS_10CXXNewExprE
FNDA:0,AvoidSideEffectInSizeofCheck.cpp:_ZN5clang4tidy10automotive12_GLOBAL__N_116SideEffectFinder18VisitCXXDeleteExprEPNS_13CXXDeleteExprE
FNDA:31,AvoidSideEffectInSizeofCheck.cpp:_ZN5clang4tidy10automotive12_GLOBAL__N_116SideEffectFinder19VisitBinaryOperatorEPNS_14BinaryOperatorE
FNDA:0,AvoidSideEffectInSizeofCheck.cpp:_ZN5clang4tidy10automotive12_GLOBAL__N_116SideEffectFinder27VisitCompoundAssignOperatorEPNS_22CompoundAssignOperatorE
FNDA:0,AvoidSideEffectInSizeofCheck.cpp:_ZNK5clang4tidy10automotive12_GLOBAL__N_116SideEffectFinder16getSideEffectLocEv
FNF:11
FNH:7
DA:23,66
DA:24,0
DA:25,20
DA:27,13
DA:29,13
DA:30,8
DA:31,8
DA:32,8
DA:33,8
DA:34,8
DA:35,5
DA:36,13
DA:38,31
DA:40,31
DA:41,10
DA:42,10
DA:43,10
DA:44,10
DA:45,10
DA:46,21
DA:47,31
DA:49,0
DA:50,0
DA:51,0
DA:52,0
DA:53,0
DA:54,0
DA:56,2
DA:58,2
DA:59,2
DA:60,2
DA:61,2
DA:62,2
DA:64,0
DA:65,0
DA:66,0
DA:67,0
DA:68,0
DA:69,0
DA:71,0
DA:72,0
DA:73,0
DA:74,0
DA:75,0
DA:76,0
DA:86,84
DA:88,84
DA:89,84
DA:90,84
DA:91,84
DA:92,84
DA:95,93
DA:96,93
DA:97,93
DA:98,93
DA:99,0
DA:102,93
DA:103,9
DA:106,84
DA:107,18
DA:109,66
DA:110,66
DA:111,0
DA:114,66
DA:117,66
DA:119,66
DA:120,20
DA:121,20
DA:122,20
DA:123,20
DA:124,20
DA:125,66
BRDA:29,0,0,8
BRDA:29,0,1,5
BRDA:32,0,0,6
BRDA:32,0,1,2
BRDA:40,0,0,10
BRDA:40,0,1,21
BRDA:98,0,0,0
BRDA:98,0,1,93
BRDA:102,0,0,9
BRDA:102,0,1,84
BRDA:106,0,0,18
BRDA:106,0,1,66
BRDA:110,0,0,0
BRDA:110,0,1,66
BRDA:119,0,0,20
BRDA:119,0,1,46
BRF:16
BRH:14
LF:72
LH:51
end_of_record
SF:src/automotive/expression/AvoidSideEffectInSizeofCheck.h
FN:40,_ZN5clang4tidy10automotive28AvoidSideEffectInSizeofCheckC2EN4llvm9StringRefEPNS0_16ClangTidyContextE
FN:43,_ZN5clang4tidy10automotive28AvoidSideEffectInSizeofCheckD2Ev
FNDA:84,_ZN5clang4tidy10automotive28AvoidSideEffectInSizeofCheckC2EN4llvm9StringRefEPNS0_16ClangTidyContextE
FNDA:84,_ZN5clang4tidy10automotive28AvoidSideEffectInSizeofCheckD2Ev
FNF:2
FNH:2
DA:40,84
DA:43,84
BRF:0
BRH:0
LF:2
LH:2
end_of_record
SF:src/automotive/expression/ExpressionComponent.cpp
FN:27,_ZN5clang4tidy10automotive19ExpressionComponent17addCheckFactoriesERNS0_23ClangTidyCheckFactoriesE
FNDA:168,_ZN5clang4tidy10automotive19ExpressionComponent17addCheckFactoriesERNS0_23ClangTidyCheckFactoriesE
FNF:1
FNH:1
DA:27,168
DA:30,168
DA:31,168
DA:34,168
DA:35,168
DA:38,168
DA:39,168
DA:42,168
DA:43,168
DA:46,168
DA:47,168
DA:50,168
DA:51,168
DA:54,168
DA:55,168
DA:58,168
DA:59,168
DA:62,168
DA:63,168
DA:66,168
DA:67,168
DA:70,168
DA:71,168
DA:74,168
DA:75,168
DA:78,168
DA:79,168
DA:80,168
BRF:0
BRH:0
LF:28
LH:28
end_of_record
SF:src/automotive/expression/InvariantControlCheck.cpp
FN:16,_ZN5clang4tidy10automotive21InvariantControlCheck16registerMatchersEPNS_12ast_matchers11MatchFinderE
FN:40,_ZN5clang4tidy10automotive21InvariantControlCheck5checkERKNS_12ast_matchers11MatchFinder11MatchResultE
FNDA:84,_ZN5clang4tidy10automotive21InvariantControlCheck16registerMatchersEPNS_12ast_matchers11MatchFinderE
FNDA:290,_ZN5clang4tidy10automotive21InvariantControlCheck5checkERKNS_12ast_matchers11MatchFinder11MatchResultE
FNF:2
FNH:2
DA:16,84
DA:17,84
DA:18,84
DA:20,84
DA:21,84
DA:22,84
DA:24,84
DA:25,84
DA:27,84
DA:28,84
DA:30,84
DA:31,84
DA:32,84
DA:34,84
DA:35,84
DA:36,84
DA:37,84
DA:38,84
DA:40,290
DA:41,290
DA:42,290
DA:44,290
DA:45,0
DA:47,290
DA:48,0
DA:49,0
DA:50,0
DA:51,0
DA:52,0
DA:53,0
DA:54,0
DA:55,0
DA:56,290
BRDA:44,0,0,0
BRDA:44,0,1,290
BRDA:47,0,0,0
BRDA:47,0,1,290
BRDA:48,0,0,-
BRDA:48,0,1,-
BRF:6
BRH:2
LF:33
LH:24
end_of_record
SF:src/automotive/expression/InvariantControlCheck.h
FN:36,_ZN5clang4tidy10automotive21InvariantControlCheckC2EN4llvm9StringRefEPNS0_16ClangTidyContextE
FN:39,_ZN5clang4tidy10automotive21InvariantControlCheckD2Ev
FNDA:84,_ZN5clang4tidy10automotive21InvariantControlCheckC2EN4llvm9StringRefEPNS0_16ClangTidyContextE
FNDA:84,_ZN5clang4tidy10automotive21InvariantControlCheckD2Ev
FNF:2
FNH:2
DA:36,84
DA:39,84
BRF:0
BRH:0
LF:2
LH:2
end_of_record
SF:src/automotive/function/AvoidFunctionParameterModificationCheck.cpp
FN:17,_ZN5clang4tidy10automotive39AvoidFunctionParameterModificationCheck16registerMatchersEPNS_12ast_matchers11MatchFinderE
FN:33,_ZN5clang4tidy10automotive39AvoidFunctionParameterModificationCheck5checkERKNS_12ast_matchers11MatchFinder11MatchResultE
FNDA:84,_ZN5clang4tidy10automotive39AvoidFunctionParameterModificationCheck16registerMatchersEPNS_12ast_matchers11MatchFinderE
FNDA:160,_ZN5clang4tidy10automotive39AvoidFunctionParameterModificationCheck5checkERKNS_12ast_matchers11MatchFinder11MatchResultE
FNF:2
FNH:2
DA:17,84
DA:18,84
DA:19,84
DA:20,84
DA:21,84
DA:22,84
DA:24,84
DA:25,84
DA:26,84
DA:27,84
DA:28,84
DA:29,84
DA:30,84
DA:33,160
DA:34,160
DA:35,160
DA:37,160
DA:40,160
DA:41,148
DA:42,148
DA:43,148
DA:44,148
DA:45,12
DA:46,12
DA:47,12
DA:48,12
DA:49,12
DA:52,160
DA:53,160
DA:54,160
DA:55,160
DA:56,160
BRDA:37,0,0,160
BRDA:37,0,1,0
BRDA:37,1,2,160
BRDA:37,1,3,0
BRDA:40,0,0,148
BRDA:40,0,1,12
BRDA:44,0,0,12
BRDA:44,0,1,0
BRF:8
BRH:5
LF:32
LH:32
end_of_record
SF:src/automotive/function/AvoidFunctionParameterModificationCheck.h
FN:39,_ZN5clang4tidy10automotive39AvoidFunctionParameterModificationCheckC2EN4llvm9StringRefEPNS0_16ClangTidyContextE
FN:42,_ZN5clang4tidy10automotive39AvoidFunctionParameterModificationCheckD2Ev
FNDA:84,_ZN5clang4tidy10automotive39AvoidFunctionParameterModificationCheckC2EN4llvm9StringRefEPNS0_16ClangTidyContextE
FNDA:84,_ZN5clang4tidy10automotive39AvoidFunctionParameterModificationCheckD2Ev
FNF:2
FNH:2
DA:39,84
DA:42,84
BRF:0
BRH:0
LF:2
LH:2
end_of_record
SF:src/automotive/function/AvoidStaticInArrayParamCheck.cpp
FN:18,_ZN5clang4tidy10automotive28AvoidStaticInArrayParamCheck16registerMatchersEPNS_12ast_matchers11MatchFinderE
FN:26,_ZN5clang4tidy10automotive28AvoidStaticInArrayParamCheck5checkERKNS_12ast_matchers11MatchFinder11MatchResultE
FNDA:84,_ZN5clang4tidy10automotive28AvoidStaticInArrayParamCheck16registerMatchersEPNS_12ast_matchers11MatchFinderE
FNDA:921,_ZN5clang4tidy10automotive28AvoidStaticInArrayParamCheck5checkERKNS_12ast_matchers11MatchFinder11MatchResultE
FNF:2
FNH:2
DA:18,84
DA:20,84
DA:21,84
DA:22,84
DA:23,84
DA:26,921
DA:27,921
[...]
FNDA:84,_ZN5clang4tidy10automotive21UniqueEnumValuesCheckC2EN4llvm9StringRefEPNS0_16ClangTidyContextE
FNDA:84,_ZN5clang4tidy10automotive21UniqueEnumValuesCheckD2Ev
FNF:2
FNH:2
DA:39,84
DA:42,84
BRF:0
BRH:0
LF:2
LH:2
end_of_record
SF:src/automotive/type/UnusedTypeCheck.cpp
FN:16,_ZN5clang4tidy10automotive15UnusedTypeCheck16registerMatchersEPNS_12ast_matchers11MatchFinderE
FN:20,_ZN5clang4tidy10automotive15UnusedTypeCheck5checkERKNS_12ast_matchers11MatchFinder11MatchResultE
FNDA:84,_ZN5clang4tidy10automotive15UnusedTypeCheck16registerMatchersEPNS_12ast_matchers11MatchFinderE
FNDA:1775,_ZN5clang4tidy10automotive15UnusedTypeCheck5checkERKNS_12ast_matchers11MatchFinder11MatchResultE
FNF:2
FNH:2
DA:16,84
DA:17,84
DA:18,84
DA:20,1775
DA:21,1775
DA:23,1775
DA:24,0
DA:25,0
DA:27,1775
DA:28,420
DA:29,420
DA:31,1355
DA:32,355
DA:33,355
DA:35,1000
DA:36,1000
DA:37,1000
BRDA:23,0,0,0
BRDA:23,0,1,1775
BRDA:27,0,0,420
BRDA:27,0,1,1355
BRDA:31,0,0,355
BRDA:31,0,1,1000
BRF:6
BRH:5
LF:17
LH:15
end_of_record
SF:src/automotive/type/UnusedTypeCheck.h
FN:36,_ZN5clang4tidy10automotive15UnusedTypeCheckC2EN4llvm9StringRefEPNS0_16ClangTidyContextE
FN:39,_ZN5clang4tidy10automotive15UnusedTypeCheckD2Ev
FNDA:84,_ZN5clang4tidy10automotive15UnusedTypeCheckC2EN4llvm9StringRefEPNS0_16ClangTidyContextE
FNDA:84,_ZN5clang4tidy10automotive15UnusedTypeCheckD2Ev
FNF:2
FNH:2
DA:36,84
DA:39,84
BRF:0
BRH:0
LF:2
LH:2
end_of_record
SF:src/automotive/unused-code/UnusedCodeModule.cpp
FN:17,_ZN5clang4tidy10automotive16UnusedCodeModule17addCheckFactoriesERNS0_23ClangTidyCheckFactoriesE
FNDA:168,_ZN5clang4tidy10automotive16UnusedCodeModule17addCheckFactoriesERNS0_23ClangTidyCheckFactoriesE
FNF:1
FNH:1
DA:17,168
DA:21,168
DA:22,168
DA:25,168
DA:32,168
DA:33,168
BRF:0
BRH:0
LF:6
LH:6
end_of_record
SF:src/automotive/unused-code/UnusedObjectDefinitionCheck.cpp
FN:16,_ZN5clang4tidy10automotive27UnusedObjectDefinitionCheck16registerMatchersEPNS_12ast_matchers11MatchFinderE
FN:28,_ZN5clang4tidy10automotive27UnusedObjectDefinitionCheck5checkERKNS_12ast_matchers11MatchFinder11MatchResultE
FNDA:84,_ZN5clang4tidy10automotive27UnusedObjectDefinitionCheck16registerMatchersEPNS_12ast_matchers11MatchFinderE
FNDA:819,_ZN5clang4tidy10automotive27UnusedObjectDefinitionCheck5checkERKNS_12ast_matchers11MatchFinder11MatchResultE
FNF:2
FNH:2
DA:16,84
DA:17,84
DA:18,84
DA:19,84
DA:20,84
DA:22,84
DA:23,84
DA:24,84
DA:25,84
DA:28,819
DA:29,819
DA:30,819
DA:32,819
DA:33,402
DA:34,402
DA:36,819
DA:37,11
DA:38,11
DA:39,11
DA:40,819
BRDA:32,0,0,804
BRDA:32,0,1,15
BRDA:32,1,2,402
BRDA:32,1,3,402
BRDA:36,0,0,15
BRDA:36,0,1,804
BRDA:36,1,2,11
BRDA:36,1,3,4
BRF:8
BRH:8
LF:20
LH:20
end_of_record
SF:src/automotive/unused-code/UnusedObjectDefinitionCheck.h
FN:36,_ZN5clang4tidy10automotive27UnusedObjectDefinitionCheckC2EN4llvm9StringRefEPNS0_16ClangTidyContextE
FN:39,_ZN5clang4tidy10automotive27UnusedObjectDefinitionCheckD2Ev
FNDA:84,_ZN5clang4tidy10automotive27UnusedObjectDefinitionCheckC2EN4llvm9StringRefEPNS0_16ClangTidyContextE
FNDA:84,_ZN5clang4tidy10automotive27UnusedObjectDefinitionCheckD2Ev
FNF:2
FNH:2
DA:36,84
DA:39,84
BRF:0
BRH:0
LF:2
LH:2
end_of_record
SF:src/automotive/unused-code/UnusedParameterCheck.cpp
FN:17,_ZN5clang4tidy10automotive20UnusedParameterCheck16registerMatchersEPNS_12ast_matchers11MatchFinderE
FN:26,_ZN5clang4tidy10automotive20UnusedParameterCheck5checkERKNS_12ast_matchers11MatchFinder11MatchResultE
FNDA:84,_ZN5clang4tidy10automotive20UnusedParameterCheck16registerMatchersEPNS_12ast_matchers11MatchFinderE
FNDA:383,_ZN5clang4tidy10automotive20UnusedParameterCheck5checkERKNS_12ast_matchers11MatchFinder11MatchResultE
FNF:2
FNH:2
DA:17,84
DA:19,84
DA:20,84
DA:21,84
DA:22,84
DA:23,84
DA:24,84
DA:26,383
DA:27,383
DA:28,383
DA:29,0
DA:32,383
DA:33,0
DA:36,383
DA:38,188
DA:39,1
DA:42,187
DA:43,173
DA:46,14
DA:47,0
DA:50,14
DA:51,14
DA:52,383
BRDA:28,0,0,0
BRDA:28,0,1,383
BRDA:32,0,0,0
BRDA:32,0,1,383
BRDA:36,0,0,188
BRDA:36,0,1,383
BRDA:38,0,0,1
BRDA:38,0,1,187
BRDA:42,0,0,173
BRDA:42,0,1,14
BRDA:46,0,0,0
BRDA:46,0,1,14
BRF:12
BRH:9
LF:23
LH:20
end_of_record
SF:src/automotive/unused-code/UnusedParameterCheck.h
FN:43,_ZN5clang4tidy10automotive20UnusedParameterCheckC2EN4llvm9StringRefEPNS0_16ClangTidyContextE
FN:46,_ZN5clang4tidy10automotive20UnusedParameterCheckD2Ev
FNDA:84,_ZN5clang4tidy10automotive20UnusedParameterCheckC2EN4llvm9StringRefEPNS0_16ClangTidyContextE
FNDA:84,_ZN5clang4tidy10automotive20UnusedParameterCheckD2Ev
FNF:2
FNH:2
DA:43,84
DA:46,84
BRF:0
BRH:0
LF:2
LH:2
end_of_record
SF:src/automotive/unused-code/UnusedTagCheck.cpp
FN:16,_ZN5clang4tidy10automotive14UnusedTagCheck16registerMatchersEPNS_12ast_matchers11MatchFinderE
FN:21,_ZN5clang4tidy10automotive14UnusedTagCheck5checkERKNS_12ast_matchers11MatchFinder11MatchResultE
FNDA:84,_ZN5clang4tidy10automotive14UnusedTagCheck16registerMatchersEPNS_12ast_matchers11MatchFinderE
FNDA:167,_ZN5clang4tidy10automotive14UnusedTagCheck5checkERKNS_12ast_matchers11MatchFinder11MatchResultE
FNF:2
FNH:2
DA:16,84
DA:17,84
DA:18,84
DA:19,84
DA:21,167
DA:22,167
DA:24,167
DA:25,0
DA:26,0
DA:28,167
DA:29,0
DA:30,0
DA:32,167
DA:33,27
DA:34,27
DA:36,140
DA:37,140
BRDA:24,0,0,0
BRDA:24,0,1,167
BRDA:28,0,0,0
BRDA:28,0,1,167
BRDA:28,1,2,0
BRDA:28,1,3,167
BRDA:32,0,0,27
BRDA:32,0,1,140
BRF:8
BRH:5
LF:17
LH:13
end_of_record
SF:src/automotive/unused-code/UnusedTagCheck.h
FN:35,_ZN5clang4tidy10automotive14UnusedTagCheckC2EN4llvm9StringRefEPNS0_16ClangTidyContextE
FN:38,_ZN5clang4tidy10automotive14UnusedTagCheckD2Ev
FNDA:84,_ZN5clang4tidy10automotive14UnusedTagCheckC2EN4llvm9StringRefEPNS0_16ClangTidyContextE
FNDA:84,_ZN5clang4tidy10automotive14UnusedTagCheckD2Ev
FNF:2
FNH:2
DA:35,84
DA:38,84
BRF:0
BRH:0
LF:2
LH:2
end_of_record
SF:src/automotive/utils/ASTMatchers.h
FN:22,_ZNK5clang4tidy10automotive12ast_matchers8internal29matcher_isRestrictTypeMatcher7matchesERKNS_8QualTypeEPNS_12ast_matchers8internal14ASTMatchFinderEPNS9_21BoundNodesTreeBuilderE
FN:26,_ZNK5clang4tidy10automotive12ast_matchers8internal29matcher_hasDefaultStmtMatcher7matchesERKNS_10SwitchStmtEPNS_12ast_matchers8internal14ASTMatchFinderEPNS9_21BoundNodesTreeBuilderE
FN:73,_ZNK5clang4tidy10automotive12ast_matchers8internal35matcher_isEssentiallyBooleanMatcher7matchesERKNS_4ExprEPNS_12ast_matchers8internal14ASTMatchFinderEPNS9_21BoundNodesTreeBuilderE
FN:77,_ZNK5clang4tidy10automotive12ast_matchers8internal37matcher_isAssignmentResultUsedMatcher7matchesERKNS_14BinaryOperatorEPNS_12ast_matchers8internal14ASTMatchFinderEPNS9_21BoundNodesTreeBuilderE
FN:86,_ZNK5clang4tidy10automotive12ast_matchers8internal23matcher_hasBody0Matcher7matchesERKNS_10SwitchStmtEPNS_12ast_matchers8internal14ASTMatchFinderEPNS9_21BoundNodesTreeBuilderE
FN:91,_ZNK5clang4tidy10automotive12ast_matchers8internal32matcher_isZeroInitializerMatcher7matchesERKNS_12InitListExprEPNS_12ast_matchers8internal14ASTMatchFinderEPNS9_21BoundNodesTreeBuilderE
FN:97,_ZNK5clang4tidy10automotive12ast_matchers8internal34matcher_isStringLiteralInitMatcher7matchesERKNS_12InitListExprEPNS_12ast_matchers8internal14ASTMatchFinderEPNS9_21BoundNodesTreeBuilderE
FN:36,AvoidPartialArrayInitCheck.cpp:_ZN5clang4tidy10automotive12ast_matchersL26isEssentiallyBooleanHelperERKNS_4ExprE
FN:36,AvoidAssignmentInExpressionCheck.cpp:_ZN5clang4tidy10automotive12ast_matchersL26isEssentiallyBooleanHelperERKNS_4ExprE
FN:36,AvoidNonBooleanInConditionCheck.cpp:_ZN5clang4tidy10automotive12ast_matchersL26isEssentiallyBooleanHelperERKNS_4ExprE
FN:36,MissingDefaultInSwitchStmtCheck.cpp:_ZN5clang4tidy10automotive12ast_matchersL26isEssentiallyBooleanHelperERKNS_4ExprE
FN:36,AvoidBooleanInSwitchCheck.cpp:_ZN5clang4tidy10automotive12ast_matchersL26isEssentiallyBooleanHelperERKNS_4ExprE
FN:36,MissingCompoundStmtCheck.cpp:_ZN5clang4tidy10automotive12ast_matchersL26isEssentiallyBooleanHelperERKNS_4ExprE
FN:36,AvoidRestrictTypeCheck.cpp:_ZN5clang4tidy10automotive12ast_matchersL26isEssentiallyBooleanHelperERKNS_4ExprE
FNDA:9211,_ZNK5clang4tidy10automotive12ast_matchers8internal29matcher_isRestrictTypeMatcher7matchesERKNS_8QualTypeEPNS_12ast_matchers8internal14ASTMatchFinderEPNS9_21BoundNodesTreeBuilderE
FNDA:70,_ZNK5clang4tidy10automotive12ast_matchers8internal29matcher_hasDefaultStmtMatcher7matchesERKNS_10SwitchStmtEPNS_12ast_matchers8internal14ASTMatchFinderEPNS9_21BoundNodesTreeBuilderE
FNDA:276,_ZNK5clang4tidy10automotive12ast_matchers8internal35matcher_isEssentiallyBooleanMatcher7matchesERKNS_4ExprEPNS_12ast_matchers8internal14ASTMatchFinderEPNS9_21BoundNodesTreeBuilderE
FNDA:375,_ZNK5clang4tidy10automotive12ast_matchers8internal37matcher_isAssignmentResultUsedMatcher7matchesERKNS_14BinaryOperatorEPNS_12ast_matchers8internal14ASTMatchFinderEPNS9_21BoundNodesTreeBuilderE
FNDA:70,_ZNK5clang4tidy10automotive12ast_matchers8internal23matcher_hasBody0Matcher7matchesERKNS_10SwitchStmtEPNS_12ast_matchers8internal14ASTMatchFinderEPNS9_21BoundNodesTreeBuilderE
FNDA:55,_ZNK5clang4tidy10automotive12ast_matchers8internal32matcher_isZeroInitializerMatcher7matchesERKNS_12InitListExprEPNS_12ast_matchers8internal14ASTMatchFinderEPNS9_21BoundNodesTreeBuilderE
FNDA:53,_ZNK5clang4tidy10automotive12ast_matchers8internal34matcher_isStringLiteralInitMatcher7matchesERKNS_12InitListExprEPNS_12ast_matchers8internal14ASTMatchFinderEPNS9_21BoundNodesTreeBuilderE
FNDA:354,AvoidPartialArrayInitCheck.cpp:_ZN5clang4tidy10automotive12ast_matchersL26isEssentiallyBooleanHelperERKNS_4ExprE
FNDA:0,AvoidAssignmentInExpressionCheck.cpp:_ZN5clang4tidy10automotive12ast_matchersL26isEssentiallyBooleanHelperERKNS_4ExprE
FNDA:0,AvoidNonBooleanInConditionCheck.cpp:_ZN5clang4tidy10automotive12ast_matchersL26isEssentiallyBooleanHelperERKNS_4ExprE
FNDA:0,MissingDefaultInSwitchStmtCheck.cpp:_ZN5clang4tidy10automotive12ast_matchersL26isEssentiallyBooleanHelperERKNS_4ExprE
FNDA:0,AvoidBooleanInSwitchCheck.cpp:_ZN5clang4tidy10automotive12ast_matchersL26isEssentiallyBooleanHelperERKNS_4ExprE
FNDA:0,MissingCompoundStmtCheck.cpp:_ZN5clang4tidy10automotive12ast_matchersL26isEssentiallyBooleanHelperERKNS_4ExprE
FNDA:0,AvoidRestrictTypeCheck.cpp:_ZN5clang4tidy10automotive12ast_matchersL26isEssentiallyBooleanHelperERKNS_4ExprE
FNF:8
FNH:8
DA:22,9211
DA:23,9211
DA:24,9211
DA:26,70
DA:27,113
DA:28,92
DA:29,92
DA:30,49
DA:31,49
DA:32,92
DA:33,21
DA:34,70
DA:36,354
DA:37,354
DA:40,354
DA:41,8
DA:42,8
DA:47,346
DA:48,193
DA:49,193
DA:53,153
DA:54,2
DA:55,2
DA:59,151
DA:60,1
DA:61,1
DA:64,150
DA:65,77
DA:66,77
DA:70,73
DA:71,150
DA:73,276
DA:74,276
DA:75,276
DA:77,375
DA:78,375
DA:79,375
DA:80,0
DA:81,0
DA:82,375
DA:83,375
DA:86,70
DA:87,70
DA:88,70
DA:89,70
DA:91,55
DA:92,55
DA:93,55
DA:94,55
DA:95,55
DA:97,53
DA:98,53
DA:99,53
BRDA:27,0,0,92
BRDA:27,0,1,21
BRDA:29,0,0,49
BRDA:29,0,1,43
BRDA:40,0,0,-
BRDA:40,0,1,-
BRDA:40,1,2,-
BRDA:40,1,3,-
BRDA:40,2,4,8
BRDA:40,2,5,346
BRDA:40,3,6,-
BRDA:40,3,7,-
BRDA:40,4,8,-
BRDA:40,4,9,-
BRDA:40,5,10,-
BRDA:40,5,11,-
BRDA:40,6,12,-
BRDA:40,6,13,-
BRDA:47,0,0,-
BRDA:47,0,1,-
BRDA:47,1,2,-
BRDA:47,1,3,-
BRDA:47,2,4,-
BRDA:47,2,5,-
BRDA:47,3,6,-
BRDA:47,3,7,-
BRDA:47,4,8,-
BRDA:47,4,9,-
BRDA:47,5,10,-
BRDA:47,5,11,-
BRDA:47,6,12,193
BRDA:47,6,13,153
BRDA:48,0,0,-
BRDA:48,0,1,-
BRDA:48,1,2,-
BRDA:48,1,3,-
BRDA:48,2,4,-
BRDA:48,2,5,-
BRDA:48,3,6,-
BRDA:48,3,7,-
BRDA:48,4,8,-
BRDA:48,4,9,-
BRDA:48,5,10,175
BRDA:48,5,11,18
BRDA:48,6,12,-
BRDA:48,6,13,-
BRDA:48,7,14,-
BRDA:48,7,15,-
BRDA:48,8,16,-
BRDA:48,8,17,-
BRDA:48,9,18,-
BRDA:48,9,19,-
BRDA:48,10,20,15
BRDA:48,10,21,3
BRDA:48,11,22,-
BRDA:48,11,23,-
BRDA:48,12,24,-
BRDA:48,12,25,-
BRDA:48,13,26,-
BRDA:48,13,27,-
BRDA:53,0,0,-
BRDA:53,0,1,-
BRDA:53,1,2,2
BRDA:53,1,3,151
BRDA:53,2,4,-
BRDA:53,2,5,-
BRDA:53,3,6,-
BRDA:53,3,7,-
BRDA:53,4,8,-
BRDA:53,4,9,-
BRDA:53,5,10,-
BRDA:53,5,11,-
BRDA:53,6,12,-
BRDA:53,6,13,-
BRDA:59,0,0,-
BRDA:59,0,1,-
BRDA:59,1,2,-
BRDA:59,1,3,-
BRDA:59,2,4,1
BRDA:59,2,5,150
BRDA:59,3,6,-
BRDA:59,3,7,-
BRDA:59,4,8,-
BRDA:59,4,9,-
BRDA:59,5,10,-
BRDA:59,5,11,-
BRDA:59,6,12,-
BRDA:59,6,13,-
BRDA:64,0,0,-
BRDA:64,0,1,-
BRDA:64,1,2,-
BRDA:64,1,3,-
BRDA:64,2,4,-
BRDA:64,2,5,-
BRDA:64,3,6,-
BRDA:64,3,7,-
BRDA:64,4,8,-
BRDA:64,4,9,-
BRDA:64,5,10,-
BRDA:64,5,11,-
BRDA:64,6,12,77
BRDA:64,6,13,73
BRDA:79,0,0,0
BRDA:79,0,1,375
BRDA:88,0,0,70
BRDA:88,0,1,0
BRDA:88,1,2,0
BRDA:88,1,3,70
BRDA:92,0,0,13
BRDA:92,0,1,42
BRDA:93,0,0,6
BRDA:93,0,1,7
BRDA:94,0,0,2
BRDA:94,0,1,4
BRF:30
BRH:27
LF:53
LH:51
end_of_record
SF:src/automotive/utils/CKeywordSet.cpp
FN:67,_ZN5clang4tidy10automotive11CKeywordSetC2ERKNS_11LangOptionsE
FN:86,_ZNK5clang4tidy10automotive11CKeywordSet9isKeywordEN4llvm9StringRefE
FN:90,_ZNK5clang4tidy10automotive11CKeywordSet12isDeprecatedEN4llvm9StringRefE
FN:105,CKeywordSet.cpp:_ZN5clang4tidy10automotiveL14makeKeywordSetESt16initializer_listIN4llvm8ArrayRefINS3_9StringRefEEEES6_
FN:95,CKeywordSet.cpp:_ZN5clang4tidy10automotiveL16sizeofKeywordSetESt16initializer_listIN4llvm8ArrayRefINS3_9StringRefEEEE
FNDA:84,_ZN5clang4tidy10automotive11CKeywordSetC2ERKNS_11LangOptionsE
FNDA:39479,_ZNK5clang4tidy10automotive11CKeywordSet9isKeywordEN4llvm9StringRefE
FNDA:0,_ZNK5clang4tidy10automotive11CKeywordSet12isDeprecatedEN4llvm9StringRefE
FNDA:420,CKeywordSet.cpp:_ZN5clang4tidy10automotiveL14makeKeywordSetESt16initializer_listIN4llvm8ArrayRefINS3_9StringRefEEEES6_
FNDA:420,CKeywordSet.cpp:_ZN5clang4tidy10automotiveL16sizeofKeywordSetESt16initializer_listIN4llvm8ArrayRefINS3_9StringRefEEEE
FNF:5
FNH:4
DA:67,84
DA:68,84
DA:69,0
DA:70,0
DA:72,84
DA:73,84
DA:74,84
DA:76,84
DA:77,0
DA:78,0
DA:80,0
DA:81,0
DA:82,0
DA:83,0
DA:84,84
DA:86,39479
DA:87,39479
DA:88,39479
DA:90,0
DA:91,0
DA:92,0
DA:95,420
DA:96,420
DA:97,924
DA:98,924
DA:99,924
DA:100,420
DA:101,420
DA:105,420
DA:107,420
DA:109,924
DA:110,924
DA:111,924
DA:113,504
DA:114,504
DA:115,504
DA:117,420
DA:118,420
BRDA:68,0,0,0
BRDA:68,0,1,84
BRDA:72,0,0,84
BRDA:72,0,1,0
BRDA:76,0,0,-
BRDA:76,0,1,-
BRDA:97,0,0,924
BRDA:97,0,1,420
BRDA:109,0,0,924
BRDA:109,0,1,420
BRDA:113,0,0,504
BRDA:113,0,1,420
BRF:12
BRH:8
LF:38
LH:27
end_of_record
SF:src/automotive/utils/IgnoreLineSpliceRef.h
FN:120,_ZN19IgnoreLineSpliceRef6rbeginEv
FN:73,_ZN34IgnoreLineSpliceRefReverseIteratorC2EN4llvm9StringRefEm
FN:98,_ZN34IgnoreLineSpliceRefReverseIterator14skipLineSpliceEv
FN:77,_ZNK34IgnoreLineSpliceRefReverseIteratordeEv
FN:79,_ZN34IgnoreLineSpliceRefReverseIteratormmEv
FN:95,_ZNK34IgnoreLineSpliceRefReverseIterator8positionEv
FN:110,_ZN19IgnoreLineSpliceRefC2EN4llvm9StringRefE
FN:112,_ZN19IgnoreLineSpliceRef5beginEv
FN:24,_ZN27IgnoreLineSpliceRefIteratorC2EN4llvm9StringRefEm
FN:52,_ZN27IgnoreLineSpliceRefIterator14skipLineSpliceEv
FN:43,_ZNK27IgnoreLineSpliceRefIteratorneERKS_
FN:116,_ZN19IgnoreLineSpliceRef3endEv
FN:28,_ZNK27IgnoreLineSpliceRefIteratordeEv
FN:49,_ZNK27IgnoreLineSpliceRefIterator12prevPositionEv
FN:47,_ZNK27IgnoreLineSpliceRefIterator8positionEv
FN:30,_ZN27IgnoreLineSpliceRefIteratorppEv
FN:37,_ZN27IgnoreLineSpliceRefIteratorppEi
FN:85,_ZN34IgnoreLineSpliceRefReverseIteratormmEi
FN:91,_ZNK34IgnoreLineSpliceRefReverseIteratorneERKS_
FN:124,_ZN19IgnoreLineSpliceRef4rendEv
FNDA:11070,_ZN19IgnoreLineSpliceRef6rbeginEv
FNDA:11070,_ZN34IgnoreLineSpliceRefReverseIteratorC2EN4llvm9StringRefEm
FNDA:22140,_ZN34IgnoreLineSpliceRefReverseIterator14skipLineSpliceEv
FNDA:22140,_ZNK34IgnoreLineSpliceRefReverseIteratordeEv
FNDA:11070,_ZN34IgnoreLineSpliceRefReverseIteratormmEv
FNDA:11070,_ZNK34IgnoreLineSpliceRefReverseIterator8positionEv
FNDA:24606,_ZN19IgnoreLineSpliceRefC2EN4llvm9StringRefE
FNDA:24606,_ZN19IgnoreLineSpliceRef5beginEv
FNDA:1136337,_ZN27IgnoreLineSpliceRefIteratorC2EN4llvm9StringRefEm
FNDA:2257132,_ZN27IgnoreLineSpliceRefIterator14skipLineSpliceEv
FNDA:1111731,_ZNK27IgnoreLineSpliceRefIteratorneERKS_
FNDA:1111731,_ZN19IgnoreLineSpliceRef3endEv
FNDA:1136337,_ZNK27IgnoreLineSpliceRefIteratordeEv
FNDA:314,_ZNK27IgnoreLineSpliceRefIterator12prevPositionEv
FNDA:20804,_ZNK27IgnoreLineSpliceRefIterator8positionEv
FNDA:1120795,_ZN27IgnoreLineSpliceRefIteratorppEv
FNDA:0,_ZN27IgnoreLineSpliceRefIteratorppEi
FNDA:0,_ZN34IgnoreLineSpliceRefReverseIteratormmEi
FNDA:0,_ZNK34IgnoreLineSpliceRefReverseIteratorneERKS_
FNDA:0,_ZN19IgnoreLineSpliceRef4rendEv
FNF:20
FNH:16
DA:24,1136337
DA:25,1136337
DA:26,1136337
DA:28,1136337
DA:30,1120795
DA:31,1120795
DA:32,1120795
DA:33,1120795
DA:34,1120795
DA:35,1120795
DA:37,0
DA:38,0
DA:39,0
DA:40,0
DA:41,0
DA:43,1111731
DA:44,1111731
DA:45,1111731
DA:47,20804
DA:49,314
DA:52,2257132
DA:53,2257170
DA:54,2257170
DA:55,38
DA:56,38
DA:57,2257132
DA:73,11070
DA:74,11070
DA:75,11070
DA:77,22140
DA:79,11070
DA:80,11070
DA:81,11070
DA:82,11070
DA:83,11070
DA:85,0
DA:86,0
DA:87,0
DA:88,0
DA:89,0
DA:91,0
DA:92,0
DA:93,0
DA:95,11070
DA:98,22140
DA:99,22140
DA:100,0
DA:101,0
DA:102,22140
DA:110,24606
DA:112,24606
DA:113,24606
DA:114,24606
DA:116,1111731
DA:117,1111731
DA:118,1111731
DA:120,11070
DA:121,11070
DA:122,11070
DA:124,0
DA:125,0
DA:126,0
BRDA:53,0,0,1128839
BRDA:53,0,1,1128331
BRDA:53,1,2,90
BRDA:53,1,3,1128749
BRDA:54,0,0,38
BRDA:54,0,1,52
BRDA:99,0,0,22140
BRDA:99,0,1,0
BRDA:99,1,2,0
BRDA:99,1,3,22140
BRDA:99,2,4,-
BRDA:99,2,5,-
BRF:12
BRH:8
LF:62
LH:44
end_of_record
SF:src/automotive/utils/TokenRange.h
FN:32,_ZN5clang4tidy10automotive10TokenRangeC2ENS_14SourceLocationES3_RKNS_13SourceManagerERKNS_11LangOptionsE
FN:37,_ZN5clang4tidy10automotive10TokenRange12TokenContextC2ERKNS_13SourceManagerERKNS_11LangOptionsE
FN:39,_ZN5clang4tidy10automotive10TokenRange12TokenContext13findNextTokenENS_14SourceLocationE
FN:44,_ZN5clang4tidy10automotive10TokenRange12TokenContext25isBeforeInTranslationUnitENS_14SourceLocationES4_
FN:58,_ZN5clang4tidy10automotive10TokenRange13TokenIteratorC2ENS_14SourceLocationEPNS2_12TokenContextE
FN:62,_ZN5clang4tidy10automotive10TokenRange13TokenIteratorC2ENS_14SourceLocationE
FN:64,_ZNK5clang4tidy10automotive10TokenRange13TokenIteratordeEv
FN:66,_ZN5clang4tidy10automotive10TokenRange13TokenIteratorppEv
FN:71,_ZNK5clang4tidy10automotive10TokenRange13TokenIteratorneERKS3_
FN:81,_ZN5clang4tidy10automotive10TokenRange13TokenIterator7advanceEv
FN:89,_ZNK5clang4tidy10automotive10TokenRange5beginEv
FN:90,_ZNK5clang4tidy10automotive10TokenRange3endEv
FNDA:0,_ZN5clang4tidy10automotive10TokenRangeC2ENS_14SourceLocationES3_RKNS_13SourceManagerERKNS_11LangOptionsE
FNDA:0,_ZN5clang4tidy10automotive10TokenRange12TokenContextC2ERKNS_13SourceManagerERKNS_11LangOptionsE
FNDA:0,_ZN5clang4tidy10automotive10TokenRange12TokenContext13findNextTokenENS_14SourceLocationE
FNDA:0,_ZN5clang4tidy10automotive10TokenRange12TokenContext25isBeforeInTranslationUnitENS_14SourceLocationES4_
FNDA:0,_ZN5clang4tidy10automotive10TokenRange13TokenIteratorC2ENS_14SourceLocationEPNS2_12TokenContextE
FNDA:0,_ZN5clang4tidy10automotive10TokenRange13TokenIteratorC2ENS_14SourceLocationE
FNDA:0,_ZNK5clang4tidy10automotive10TokenRange13TokenIteratordeEv
FNDA:0,_ZN5clang4tidy10automotive10TokenRange13TokenIteratorppEv
FNDA:0,_ZNK5clang4tidy10automotive10TokenRange13TokenIteratorneERKS3_
FNDA:0,_ZN5clang4tidy10automotive10TokenRange13TokenIterator7advanceEv
FNDA:0,_ZNK5clang4tidy10automotive10TokenRange5beginEv
FNDA:0,_ZNK5clang4tidy10automotive10TokenRange3endEv
FNF:12
FNH:0
DA:32,0
DA:37,0
DA:39,0
DA:40,0
DA:41,0
DA:44,0
DA:45,0
DA:46,0
DA:58,0
DA:59,0
DA:60,0
DA:62,0
DA:64,0
DA:66,0
DA:67,0
DA:68,0
DA:69,0
DA:71,0
DA:72,0
DA:73,0
DA:81,0
DA:82,0
DA:83,0
DA:84,0
DA:85,0
DA:86,0
DA:89,0
DA:90,0
BRF:0
BRH:0
LF:28
LH:0
end_of_record
SF:src/automotive/utils/Utils.h
FN:18,FunctionComponent.cpp:_ZN5clang4tidy10automotive5utilsL13isLanguageC90ERKNS_11LangOptionsE
FN:18,ImplicitFunctionDeclCheck.cpp:_ZN5clang4tidy10automotive5utilsL13isLanguageC90ERKNS_11LangOptionsE
FNDA:0,FunctionComponent.cpp:_ZN5clang4tidy10automotive5utilsL13isLanguageC90ERKNS_11LangOptionsE
FNDA:84,ImplicitFunctionDeclCheck.cpp:_ZN5clang4tidy10automotive5utilsL13isLanguageC90ERKNS_11LangOptionsE
FNF:1
FNH:1
DA:18,84
DA:19,84
DA:20,84
DA:21,84
BRDA:19,0,0,0
BRDA:19,0,1,84
BRDA:19,1,2,-
BRDA:19,1,3,-
BRDA:19,2,4,-
BRDA:19,2,5,-
BRDA:19,3,6,-
BRDA:19,3,7,-
BRDA:20,0,0,-
BRDA:20,0,1,-
BRF:10
BRH:1
LF:4
LH:4
end_of_record
