SF:src/automotive/AutomotiveTidyModule.cpp
FN:38,_ZN5clang4tidy10automotive16AutomotiveModule17addCheckFactoriesERNS0_23ClangTidyCheckFactoriesE
FNDA:262,_ZN5clang4tidy10automotive16AutomotiveModule17addCheckFactoriesERNS0_23ClangTidyCheckFactoriesE
FNF:1
FNH:1
DA:38,262
DA:40,262
DA:41,262
DA:42,262
DA:43,262
DA:44,262
DA:45,262
DA:46,262
DA:47,262
DA:48,262
DA:49,262
DA:50,262
DA:51,262
DA:52,262
DA:53,262
DA:54,262
DA:58,262
DA:59,262
DA:60,262
DA:61,262
DA:65,262
DA:66,262
DA:70,262
DA:71,262
BRF:0
BRH:0
LF:24
LH:24
end_of_record
SF:src/automotive/array/ArrayComponent.cpp
FN:22,_ZN5clang4tidy10automotive14ArrayComponent17addCheckFactoriesERNS0_23ClangTidyCheckFactoriesE
FNDA:262,_ZN5clang4tidy10automotive14ArrayComponent17addCheckFactoriesERNS0_23ClangTidyCheckFactoriesE
FNF:1
FNH:1
DA:22,262
DA:24,262
DA:25,262
DA:26,262
DA:27,262
DA:28,262
DA:29,262
DA:30,262
DA:31,262
DA:34,262
DA:35,262
DA:38,262
DA:39,262
DA:42,262
DA:43,262
DA:46,262
DA:47,262
DA:48,262
BRF:0
BRH:0
LF:18
LH:18
end_of_record
SF:src/automotive/array/AvoidDesignatedInitializerBoundsCheck.cpp
FN:18,_ZN5clang4tidy10automotive37AvoidDesignatedInitializerBoundsCheck16registerMatchersEPNS_12ast_matchers11MatchFinderE
FN:25,_ZN5clang4tidy10automotive37AvoidDesignatedInitializerBoundsCheck20checkArrayDesignatorERKNS_18DesignatedInitExpr10DesignatorEPKS3_RKNS_12ast_matchers11MatchFinder11MatchResultE
FN:44,_ZN5clang4tidy10automotive37AvoidDesignatedInitializerBoundsCheck25checkArrayRangeDesignatorERKNS_18DesignatedInitExpr10DesignatorEPKS3_RKNS_12ast_matchers11MatchFinder11MatchResultE
FN:73,_ZN5clang4tidy10automotive37AvoidDesignatedInitializerBoundsCheck5checkERKNS_12ast_matchers11MatchFinder11MatchResultE
FNDA:131,_ZN5clang4tidy10automotive37AvoidDesignatedInitializerBoundsCheck16registerMatchersEPNS_12ast_matchers11MatchFinderE
FNDA:22,_ZN5clang4tidy10automotive37AvoidDesignatedInitializerBoundsCheck20checkArrayDesignatorERKNS_18DesignatedInitExpr10DesignatorEPKS3_RKNS_12ast_matchers11MatchFinder11MatchResultE
FNDA:2,_ZN5clang4tidy10automotive37AvoidDesignatedInitializerBoundsCheck25checkArrayRangeDesignatorERKNS_18DesignatedInitExpr10DesignatorEPKS3_RKNS_12ast_matchers11MatchFinder11MatchResultE
FNDA:45,_ZN5clang4tidy10automotive37AvoidDesignatedInitializerBoundsCheck5checkERKNS_12ast_matchers11MatchFinder11MatchResultE
FNF:4
FNH:4
DA:18,131
DA:20,131
DA:21,131
DA:25,22
DA:26,22
DA:27,22
DA:28,0
DA:30,22
DA:31,22
DA:32,0
DA:34,22
DA:35,22
DA:36,0
DA:37,0
DA:38,0
DA:39,0
DA:40,22
DA:44,2
DA:45,2
DA:46,2
DA:47,2
DA:48,0
DA:50,2
DA:51,2
DA:52,2
DA:53,0
DA:55,2
DA:56,2
DA:58,2
DA:59,0
DA:60,0
DA:61,0
DA:62,0
DA:64,2
DA:65,0
DA:66,0
DA:67,0
DA:68,0
DA:69,0
DA:70,2
DA:73,45
DA:74,45
DA:75,45
DA:76,0
DA:78,45
DA:79,0
DA:81,49
DA:82,49
DA:83,22
DA:84,27
DA:85,2
DA:86,49
DA:87,45
BRDA:27,0,0,0
BRDA:27,0,1,22
BRDA:31,0,0,0
BRDA:31,0,1,22
BRDA:35,0,0,0
BRDA:35,0,1,22
BRDA:47,0,0,0
BRDA:47,0,1,2
BRDA:47,1,2,0
BRDA:47,1,3,2
BRDA:52,0,0,0
BRDA:52,0,1,2
BRDA:52,1,2,0
BRDA:52,1,3,2
BRDA:58,0,0,0
BRDA:58,0,1,2
BRDA:58,1,2,0
BRDA:58,1,3,2
BRDA:64,0,0,0
BRDA:64,0,1,2
BRDA:75,0,0,0
BRDA:75,0,1,45
BRDA:78,0,0,0
BRDA:78,0,1,45
BRDA:81,0,0,49
BRDA:81,0,1,45
BRDA:82,0,0,22
BRDA:82,0,1,27
BRDA:84,0,0,2
BRDA:84,0,1,25
BRF:30
BRH:18
LF:53
LH:34
end_of_record
SF:src/automotive/array/AvoidDesignatedInitializerBoundsCheck.h
FN:36,_ZN5clang4tidy10automotive37AvoidDesignatedInitializerBoundsCheckC2EN4llvm9StringRefEPNS0_16ClangTidyContextE
FN:39,_ZN5clang4tidy10automotive37AvoidDesignatedInitializerBoundsCheckD2Ev
FNDA:131,_ZN5clang4tidy10automotive37AvoidDesignatedInitializerBoundsCheckC2EN4llvm9StringRefEPNS0_16ClangTidyContextE
FNDA:131,_ZN5clang4tidy10automotive37AvoidDesignatedInitializerBoundsCheckD2Ev
FNF:2
FNH:2
DA:36,131
DA:39,131
BRF:0
BRH:0
LF:2
LH:2
end_of_record
SF:src/automotive/array/AvoidFlexibleArrayMemberCheck.cpp
FN:16,_ZN5clang4tidy10automotive29AvoidFlexibleArrayMemberCheck16registerMatchersEPNS_12ast_matchers11MatchFinderE
FN:22,_ZN5clang4tidy10automotive29AvoidFlexibleArrayMemberCheck5checkERKNS_12ast_matchers11MatchFinder11MatchResultE
FNDA:131,_ZN5clang4tidy10automotive29AvoidFlexibleArrayMemberCheck16registerMatchersEPNS_12ast_matchers11MatchFinderE
FNDA:2,_ZN5clang4tidy10automotive29AvoidFlexibleArrayMemberCheck5checkERKNS_12ast_matchers11MatchFinder11MatchResultE
FNF:2
FNH:2
DA:16,131
DA:17,131
DA:18,131
DA:19,131
DA:22,2
DA:23,2
DA:25,2
DA:26,2
DA:27,2
DA:28,2
BRDA:25,0,0,2
BRDA:25,0,1,0
BRF:2
BRH:1
LF:10
LH:10
end_of_record
SF:src/automotive/array/AvoidFlexibleArrayMemberCheck.h
FN:38,_ZN5clang4tidy10automotive29AvoidFlexibleArrayMemberCheckC2EN4llvm9StringRefEPNS0_16ClangTidyContextE
FN:41,_ZN5clang4tidy10automotive29AvoidFlexibleArrayMemberCheckD2Ev
FNDA:131,_ZN5clang4tidy10automotive29AvoidFlexibleArrayMemberCheckC2EN4llvm9StringRefEPNS0_16ClangTidyContextE
FNDA:131,_ZN5clang4tidy10automotive29AvoidFlexibleArrayMemberCheckD2Ev
FNF:2
FNH:2
DA:38,131
DA:41,131
BRF:0
BRH:0
LF:2
LH:2
end_of_record
SF:src/automotive/array/AvoidIncompleteInitializationCheck.cpp
FN:47,_ZN5clang4tidy10automotive34AvoidIncompleteInitializationCheck16registerMatchersEPNS_12ast_matchers11MatchFinderE
FN:54,_ZN5clang4tidy10automotive34AvoidIncompleteInitializationCheck5checkERKNS_12ast_matchers11MatchFinder11MatchResultE
FN:112,_ZNK5clang4tidy10automotive34AvoidIncompleteInitializationCheck19getRecordFieldCountEPKNS_10RecordTypeE
FN:37,AvoidIncompleteInitializationCheck.cpp:_ZN5clang4tidy10automotive12_GLOBAL__N_118countExplicitInitsEPKNS_12InitListExprE
FN:20,AvoidIncompleteInitializationCheck.cpp:_ZN5clang4tidy10automotive12_GLOBAL__N_117isZeroInitializerEPKNS_12InitListExprERNS_10ASTContextE
FNDA:131,_ZN5clang4tidy10automotive34AvoidIncompleteInitializationCheck16registerMatchersEPNS_12ast_matchers11MatchFinderE
FNDA:103,_ZN5clang4tidy10automotive34AvoidIncompleteInitializationCheck5checkERKNS_12ast_matchers11MatchFinder11MatchResultE
FNDA:21,_ZNK5clang4tidy10automotive34AvoidIncompleteInitializationCheck19getRecordFieldCountEPKNS_10RecordTypeE
FNDA:95,AvoidIncompleteInitializationCheck.cpp:_ZN5clang4tidy10automotive12_GLOBAL__N_118countExplicitInitsEPKNS_12InitListExprE
FNDA:40,AvoidIncompleteInitializationCheck.cpp:_ZN5clang4tidy10automotive12_GLOBAL__N_117isZeroInitializerEPKNS_12InitListExprERNS_10ASTContextE
FNF:5
FNH:5
DA:20,40
DA:22,40
DA:23,40
DA:24,40
DA:25,0
DA:27,40
DA:28,23
DA:29,17
DA:30,17
DA:31,0
DA:32,17
DA:33,17
DA:34,17
DA:37,95
DA:38,95
DA:39,364
DA:40,269
DA:41,233
DA:42,269
DA:43,95
DA:44,95
DA:47,131
DA:49,131
DA:50,131
DA:51,131
DA:54,103
DA:55,103
DA:56,103
DA:57,103
DA:58,0
DA:61,103
DA:62,8
DA:65,95
DA:66,95
DA:67,95
DA:68,0
DA:70,95
DA:73,95
DA:76,95
DA:77,74
DA:81,74
DA:82,74
DA:83,27
DA:84,27
DA:85,27
DA:86,27
DA:87,27
DA:88,74
DA:89,74
DA:92,21
DA:93,21
DA:94,21
DA:95,0
DA:97,21
DA:101,21
DA:102,21
DA:103,6
DA:104,6
DA:105,6
DA:106,6
DA:107,6
DA:108,21
DA:109,21
DA:112,21
DA:113,21
DA:114,21
DA:115,50
DA:116,50
DA:117,50
DA:118,50
DA:119,21
DA:120,21
BRDA:23,0,0,0
BRDA:23,0,1,40
BRDA:24,0,0,0
BRDA:24,0,1,40
BRDA:27,0,0,23
BRDA:27,0,1,17
BRDA:30,0,0,0
BRDA:30,0,1,17
BRDA:33,0,0,12
BRDA:33,0,1,5
BRDA:33,1,2,7
BRDA:33,1,3,5
BRDA:39,0,0,269
BRDA:39,0,1,95
BRDA:40,0,0,233
BRDA:40,0,1,36
BRDA:57,0,0,0
BRDA:57,0,1,103
BRDA:57,1,2,0
BRDA:57,1,3,103
BRDA:61,0,0,8
BRDA:61,0,1,95
BRDA:66,0,0,95
BRDA:66,0,1,0
BRDA:67,0,0,0
BRDA:67,0,1,95
BRDA:76,0,0,74
BRDA:76,0,1,21
BRDA:81,0,0,71
BRDA:81,0,1,3
BRDA:81,1,2,33
BRDA:81,1,3,38
BRDA:82,0,0,27
BRDA:82,0,1,6
BRDA:92,0,0,21
BRDA:92,0,1,0
BRDA:94,0,0,0
BRDA:94,0,1,21
BRDA:101,0,0,20
BRDA:101,0,1,1
BRDA:101,1,2,7
BRDA:101,1,3,13
BRDA:102,0,0,6
BRDA:102,0,1,1
BRDA:115,0,0,50
BRDA:115,0,1,21
BRF:46
BRH:37
LF:72
LH:67
end_of_record
SF:src/automotive/array/AvoidIncompleteInitializationCheck.h
FN:39,_ZN5clang4tidy10automotive34AvoidIncompleteInitializationCheckC2EN4llvm9StringRefEPNS0_16ClangTidyContextE
FN:42,_ZN5clang4tidy10automotive34AvoidIncompleteInitializationCheckD2Ev
FNDA:131,_ZN5clang4tidy10automotive34AvoidIncompleteInitializationCheckC2EN4llvm9StringRefEPNS0_16ClangTidyContextE
FNDA:131,_ZN5clang4tidy10automotive34AvoidIncompleteInitializationCheckD2Ev
FNF:2
FNH:2
DA:39,131
DA:42,131
BRF:0
BRH:0
LF:2
LH:2
end_of_record
SF:src/automotive/array/AvoidPartialArrayInitCheck.cpp
FN:17,_ZN5clang4tidy10automotive26AvoidPartialArrayInitCheck16registerMatchersEPNS_12ast_matchers11MatchFinderE
FN:28,_ZN5clang4tidy10automotive26AvoidPartialArrayInitCheck5checkERKNS_12ast_matchers11MatchFinder11MatchResultE
FNDA:131,_ZN5clang4tidy10automotive26AvoidPartialArrayInitCheck16registerMatchersEPNS_12ast_matchers11MatchFinderE
FNDA:69,_ZN5clang4tidy10automotive26AvoidPartialArrayInitCheck5checkERKNS_12ast_matchers11MatchFinder11MatchResultE
FNF:2
FNH:2
DA:17,131
DA:18,131
DA:19,131
DA:20,131
DA:21,131
DA:22,131
DA:23,131
DA:24,131
DA:25,131
DA:26,131
DA:28,69
DA:29,69
DA:30,69
DA:32,69
DA:33,0
DA:34,0
DA:36,69
DA:37,69
DA:38,2
DA:39,2
DA:41,67
DA:42,67
DA:44,67
DA:45,28
DA:46,28
DA:47,67
BRDA:32,0,0,0
BRDA:32,0,1,69
BRDA:32,1,2,0
BRDA:32,1,3,69
BRDA:37,0,0,2
BRDA:37,0,1,67
BRDA:44,0,0,28
BRDA:44,0,1,39
BRF:8
BRH:6
LF:26
LH:24
end_of_record
SF:src/automotive/array/AvoidPartialArrayInitCheck.h
FN:37,_ZN5clang4tidy10automotive26AvoidPartialArrayInitCheckC2EN4llvm9StringRefEPNS0_16ClangTidyContextE
FN:40,_ZN5clang4tidy10automotive26AvoidPartialArrayInitCheckD2Ev
FNDA:131,_ZN5clang4tidy10automotive26AvoidPartialArrayInitCheckC2EN4llvm9StringRefEPNS0_16ClangTidyContextE
FNDA:131,_ZN5clang4tidy10automotive26AvoidPartialArrayInitCheckD2Ev
FNF:2
FNH:2
DA:37,131
DA:40,131
BRF:0
BRH:0
LF:2
LH:2
end_of_record
SF:src/automotive/array/AvoidPointerArithmeticBoundsCheck.cpp
FN:17,_ZN5clang4tidy10automotive33AvoidPointerArithmeticBoundsCheck16registerMatchersEPNS_12ast_matchers11MatchFinderE
FN:37,_ZN5clang4tidy10automotive33AvoidPointerArithmeticBoundsCheck5checkERKNS_12ast_matchers11MatchFinder11MatchResultE
FN:75,_ZNK5clang4tidy10automotive33AvoidPointerArithmeticBoundsCheck22getPointerNestingLevelENS_8QualTypeE
FNDA:131,_ZN5clang4tidy10automotive33AvoidPointerArithmeticBoundsCheck16registerMatchersEPNS_12ast_matchers11MatchFinderE
FNDA:18468,_ZN5clang4tidy10automotive33AvoidPointerArithmeticBoundsCheck5checkERKNS_12ast_matchers11MatchFinder11MatchResultE
FNDA:2281,_ZNK5clang4tidy10automotive33AvoidPointerArithmeticBoundsCheck22getPointerNestingLevelENS_8QualTypeE
FNF:3
FNH:3
DA:17,131
DA:19,131
DA:20,131
DA:21,131
DA:22,131
DA:23,131
DA:26,131
DA:27,131
DA:28,131
DA:29,131
DA:30,131
DA:33,131
DA:34,131
DA:37,18468
DA:39,18468
DA:40,11
DA:41,10
DA:43,1
DA:44,1
DA:45,1
DA:46,1
DA:47,11
DA:50,18457
DA:51,47
DA:52,44
DA:54,3
DA:55,3
DA:56,3
DA:57,3
DA:58,47
DA:61,18410
DA:62,18410
DA:63,16129
DA:65,2281
DA:66,2281
DA:67,0
DA:68,0
DA:69,0
DA:70,0
DA:71,2281
DA:72,18410
DA:75,2281
DA:76,2281
DA:77,3066
DA:78,785
DA:79,785
DA:80,785
DA:81,2281
DA:82,2281
BRDA:39,0,0,11
BRDA:39,0,1,18457
BRDA:40,0,0,10
BRDA:40,0,1,1
BRDA:50,0,0,47
BRDA:50,0,1,18410
BRDA:51,0,0,44
BRDA:51,0,1,3
BRDA:61,0,0,18410
BRDA:61,0,1,0
BRDA:62,0,0,16129
BRDA:62,0,1,2281
BRDA:66,0,0,0
BRDA:66,0,1,2281
BRDA:77,0,0,785
BRDA:77,0,1,2281
BRF:16
BRH:14
LF:49
LH:45
end_of_record
SF:src/automotive/array/AvoidPointerArithmeticBoundsCheck.h
FN:39,_ZN5clang4tidy10automotive33AvoidPointerArithmeticBoundsCheckC2EN4llvm9StringRefEPNS0_16ClangTidyContextE
FN:42,_ZN5clang4tidy10automotive33AvoidPointerArithmeticBoundsCheckD2Ev
FNDA:131,_ZN5clang4tidy10automotive33AvoidPointerArithmeticBoundsCheckC2EN4llvm9StringRefEPNS0_16ClangTidyContextE
FNDA:131,_ZN5clang4tidy10automotive33AvoidPointerArithmeticBoundsCheckD2Ev
FNF:2
FNH:2
DA:39,131
DA:42,131
BRF:0
BRH:0
LF:2
LH:2
end_of_record
SF:src/automotive/array/AvoidPointerArithmeticCheck.cpp
FN:17,_ZN5clang4tidy10automotive27AvoidPointerArithmeticCheck16registerMatchersEPNS_12ast_matchers11MatchFinderE
FN:32,_ZN5clang4tidy10automotive27AvoidPointerArithmeticCheck5checkERKNS_12ast_matchers11MatchFinder11MatchResultE
FNDA:131,_ZN5clang4tidy10automotive27AvoidPointerArithmeticCheck16registerMatchersEPNS_12ast_matchers11MatchFinderE
FNDA:102,_ZN5clang4tidy10automotive27AvoidPointerArithmeticCheck5checkERKNS_12ast_matchers11MatchFinder11MatchResultE
FNF:2
FNH:2
DA:17,131
DA:19,131
DA:20,131
DA:21,131
DA:22,131
DA:25,131
DA:26,131
DA:27,131
DA:28,131
DA:29,131
DA:32,102
DA:34,102
DA:35,102
DA:37,102
DA:38,84
DA:39,84
DA:43,84
DA:44,84
DA:45,84
DA:46,47
DA:47,47
DA:48,84
DA:49,18
DA:50,18
DA:51,18
DA:52,18
DA:53,0
DA:54,0
DA:56,55
DA:57,32
DA:59,23
DA:60,23
DA:61,23
DA:62,23
BRDA:37,0,0,84
BRDA:37,0,1,18
BRDA:43,0,0,50
BRDA:43,0,1,34
BRDA:43,1,2,47
BRDA:43,1,3,37
BRDA:44,0,0,50
BRDA:44,0,1,0
BRDA:45,0,0,47
BRDA:45,0,1,3
BRDA:48,0,0,18
BRDA:48,0,1,0
BRDA:56,0,0,0
BRDA:56,0,1,55
BRDA:56,1,2,32
BRDA:56,1,3,23
BRF:16
BRH:13
LF:34
LH:32
end_of_record
SF:src/automotive/array/AvoidPointerArithmeticCheck.h
FN:45,_ZN5clang4tidy10automotive27AvoidPointerArithmeticCheckC2EN4llvm9StringRefEPNS0_16ClangTidyContextE
FN:48,_ZN5clang4tidy10automotive27AvoidPointerArithmeticCheckD2Ev
FNDA:131,_ZN5clang4tidy10automotive27AvoidPointerArithmeticCheckC2EN4llvm9StringRefEPNS0_16ClangTidyContextE
FNDA:131,_ZN5clang4tidy10automotive27AvoidPointerArithmeticCheckD2Ev
FNF:2
FNH:2
DA:45,131
DA:48,131
BRF:0
BRH:0
LF:2
LH:2
end_of_record
SF:src/automotive/array/AvoidVariableLengthArrayCheck.cpp
FN:18,_ZN5clang4tidy10automotive29AvoidVariableLengthArrayCheck16registerMatchersEPNS_12ast_matchers11MatchFinderE
FN:24,_ZN5clang4tidy10automotive29AvoidVariableLengthArrayCheck5checkERKNS_12ast_matchers11MatchFinder11MatchResultE
FN:34,AvoidVariableLengthArrayCheck.cpp:_ZN5clang4tidy10automotiveL9getLBraceEPKNS_7TypeLocE
FNDA:131,_ZN5clang4tidy10automotive29AvoidVariableLengthArrayCheck16registerMatchersEPNS_12ast_matchers11MatchFinderE
FNDA:10,_ZN5clang4tidy10automotive29AvoidVariableLengthArrayCheck5checkERKNS_12ast_matchers11MatchFinder11MatchResultE
FNDA:10,AvoidVariableLengthArrayCheck.cpp:_ZN5clang4tidy10automotiveL9getLBraceEPKNS_7TypeLocE
FNF:3
FNH:3
DA:18,131
DA:19,131
DA:20,131
DA:21,131
DA:24,10
DA:25,10
DA:27,10
DA:28,0
DA:29,0
DA:31,10
DA:32,10
DA:34,10
DA:35,10
DA:36,10
DA:38,10
DA:39,10
DA:40,10
DA:41,0
DA:42,0
DA:43,10
BRDA:27,0,0,0
BRDA:27,0,1,10
BRDA:38,0,0,10
BRDA:38,0,1,0
BRF:4
BRH:2
LF:20
LH:16
end_of_record
SF:src/automotive/array/AvoidVariableLengthArrayCheck.h
FN:38,_ZN5clang4tidy10automotive29AvoidVariableLengthArrayCheckC2EN4llvm9StringRefEPNS0_16ClangTidyContextE
FN:41,_ZN5clang4tidy10automotive29AvoidVariableLengthArrayCheckD2Ev
FNDA:131,_ZN5clang4tidy10automotive29AvoidVariableLengthArrayCheckC2EN4llvm9StringRefEPNS0_16ClangTidyContextE
FNDA:131,_ZN5clang4tidy10automotive29AvoidVariableLengthArrayCheckD2Ev
FNF:2
FNH:2
DA:38,131
DA:41,131
BRF:0
BRH:0
LF:2
LH:2
end_of_record
SF:src/automotive/array/MissingExternalArraySizeCheck.cpp
FN:16,_ZN5clang4tidy10automotive29MissingExternalArraySizeCheck16registerMatchersEPNS_12ast_matchers11MatchFinderE
FN:24,_ZN5clang4tidy10automotive29MissingExternalArraySizeCheck5checkERKNS_12ast_matchers11MatchFinder11MatchResultE
FNDA:131,_ZN5clang4tidy10automotive29MissingExternalArraySizeCheck16registerMatchersEPNS_12ast_matchers11MatchFinderE
FNDA:3,_ZN5clang4tidy10automotive29MissingExternalArraySizeCheck5checkERKNS_12ast_matchers11MatchFinder11MatchResultE
FNF:2
FNH:2
DA:16,131
DA:17,131
DA:18,131
DA:19,131
DA:20,131
DA:21,131
DA:24,3
DA:25,3
DA:27,3
DA:28,3
DA:29,3
DA:30,3
DA:31,3
DA:32,3
BRDA:27,0,0,3
BRDA:27,0,1,0
BRF:2
BRH:1
LF:14
LH:14
end_of_record
SF:src/automotive/array/MissingExternalArraySizeCheck.h
FN:36,_ZN5clang4tidy10automotive29MissingExternalArraySizeCheckC2EN4llvm9StringRefEPNS0_16ClangTidyContextE
FN:39,_ZN5clang4tidy10automotive29MissingExternalArraySizeCheckD2Ev
FNDA:131,_ZN5clang4tidy10automotive29MissingExternalArraySizeCheckC2EN4llvm9StringRefEPNS0_16ClangTidyContextE
FNDA:131,_ZN5clang4tidy10automotive29MissingExternalArraySizeCheckD2Ev
FNF:2
FNH:2
DA:36,131
DA:39,131
BRF:0
BRH:0
LF:2
LH:2
end_of_record
SF:src/automotive/bitfield/AvoidBitfieldInUnionCheck.cpp
FN:17,_ZN5clang4tidy10automotive25AvoidBitfieldInUnionCheck16registerMatchersEPNS_12ast_matchers11MatchFinderE
FN:23,_ZN5clang4tidy10automotive25AvoidBitfieldInUnionCheck5checkERKNS_12ast_matchers11MatchFinder11MatchResultE
FNDA:131,_ZN5clang4tidy10automotive25AvoidBitfieldInUnionCheck16registerMatchersEPNS_12ast_matchers11MatchFinderE
FNDA:4,_ZN5clang4tidy10automotive25AvoidBitfieldInUnionCheck5checkERKNS_12ast_matchers11MatchFinder11MatchResultE
FNF:2
FNH:2
DA:17,131
DA:18,131
DA:19,131
DA:20,131
DA:21,131
DA:23,4
DA:24,4
DA:25,4
DA:27,4
DA:28,4
DA:29,4
DA:30,4
BRDA:27,0,0,4
BRDA:27,0,1,0
BRF:2
BRH:1
LF:12
LH:12
end_of_record
SF:src/automotive/bitfield/AvoidBitfieldInUnionCheck.h
FN:39,_ZN5clang4tidy10automotive25AvoidBitfieldInUnionCheckC2EN4llvm9StringRefEPNS0_16ClangTidyContextE
FN:42,_ZN5clang4tidy10automotive25AvoidBitfieldInUnionCheckD2Ev
FNDA:131,_ZN5clang4tidy10automotive25AvoidBitfieldInUnionCheckC2EN4llvm9StringRefEPNS0_16ClangTidyContextE
FNDA:131,_ZN5clang4tidy10automotive25AvoidBitfieldInUnionCheckD2Ev
FNF:2
FNH:2
DA:39,131
DA:42,131
BRF:0
BRH:0
LF:2
LH:2
end_of_record
SF:src/automotive/bitfield/AvoidSignedSingleBitFieldCheck.cpp
FN:17,_ZN5clang4tidy10automotive30AvoidSignedSingleBitFieldCheck16registerMatchersEPNS_12ast_matchers11MatchFinderE
FN:25,_ZN5clang4tidy10automotive30AvoidSignedSingleBitFieldCheck5checkERKNS_12ast_matchers11MatchFinder11MatchResultE
FNDA:131,_ZN5clang4tidy10automotive30AvoidSignedSingleBitFieldCheck16registerMatchersEPNS_12ast_matchers11MatchFinderE
FNDA:5,_ZN5clang4tidy10automotive30AvoidSignedSingleBitFieldCheck5checkERKNS_12ast_matchers11MatchFinder11MatchResultE
FNF:2
FNH:2
DA:17,131
DA:18,131
DA:19,131
DA:20,131
DA:21,131
DA:22,131
DA:25,5
DA:26,5
DA:28,5
DA:29,5
DA:30,5
DA:31,5
DA:32,5
BRDA:28,0,0,5
BRDA:28,0,1,0
BRF:2
BRH:1
LF:13
LH:13
end_of_record
SF:src/automotive/bitfield/AvoidSignedSingleBitFieldCheck.h
FN:40,_ZN5clang4tidy10automotive30AvoidSignedSingleBitFieldCheckC2EN4llvm9StringRefEPNS0_16ClangTidyContextE
FN:43,_ZN5clang4tidy10automotive30AvoidSignedSingleBitFieldCheckD2Ev
FNDA:131,_ZN5clang4tidy10automotive30AvoidSignedSingleBitFieldCheckC2EN4llvm9StringRefEPNS0_16ClangTidyContextE
FNDA:131,_ZN5clang4tidy10automotive30AvoidSignedSingleBitFieldCheckD2Ev
FNF:2
FNH:2
DA:40,131
DA:43,131
BRF:0
BRH:0
LF:2
LH:2
end_of_record
SF:src/automotive/bitfield/BitfieldComponent.cpp
FN:17,_ZN5clang4tidy10automotive17BitfieldComponent17addCheckFactoriesERNS0_23ClangTidyCheckFactoriesE
FNDA:262,_ZN5clang4tidy10automotive17BitfieldComponent17addCheckFactoriesERNS0_23ClangTidyCheckFactoriesE
FNF:1
FNH:1
DA:17,262
DA:19,262
DA:20,262
DA:21,262
DA:22,262
DA:23,262
DA:24,262
DA:25,262
BRF:0
BRH:0
LF:8
LH:8
end_of_record
SF:src/automotive/bitfield/WrongBitfieldTypeCheck.cpp
FN:17,_ZN5clang4tidy10automotive22WrongBitfieldTypeCheck16registerMatchersEPNS_12ast_matchers11MatchFinderE
FN:27,_ZN5clang4tidy10automotive22WrongBitfieldTypeCheck5checkERKNS_12ast_matchers11MatchFinder11MatchResultE
FNDA:131,_ZN5clang4tidy10automotive22WrongBitfieldTypeCheck16registerMatchersEPNS_12ast_matchers11MatchFinderE
FNDA:16,_ZN5clang4tidy10automotive22WrongBitfieldTypeCheck5checkERKNS_12ast_matchers11MatchFinder11MatchResultE
FNF:2
FNH:2
DA:17,131
DA:18,131
DA:19,131
DA:20,131
DA:21,131
DA:22,131
DA:23,131
DA:24,131
DA:25,131
DA:27,16
DA:29,16
DA:31,16
DA:32,0
DA:33,0
DA:35,16
DA:36,16
BRDA:31,0,0,0
BRDA:31,0,1,16
BRF:2
BRH:1
LF:16
LH:14
end_of_record
SF:src/automotive/bitfield/WrongBitfieldTypeCheck.h
FN:39,_ZN5clang4tidy10automotive22WrongBitfieldTypeCheckC2EN4llvm9StringRefEPNS0_16ClangTidyContextE
FN:42,_ZN5clang4tidy10automotive22WrongBitfieldTypeCheckD2Ev
FNDA:131,_ZN5clang4tidy10automotive22WrongBitfieldTypeCheckC2EN4llvm9StringRefEPNS0_16ClangTidyContextE
FNDA:131,_ZN5clang4tidy10automotive22WrongBitfieldTypeCheckD2Ev
FNF:2
FNH:2
DA:39,131
DA:42,131
BRF:0
BRH:0
LF:2
LH:2
end_of_record
SF:src/automotive/comment/AvoidCommentWithinCommentCheck.cpp
FN:37,_ZN5clang4tidy10automotive30AvoidCommentWithinCommentCheck19registerPPCallbacksERKNS_13SourceManagerEPNS_12PreprocessorES7_
FN:43,_ZN5clang4tidy10automotive30AvoidCommentWithinCommentCheck22InternalCommentHandlerC2ERS2_
FN:50,_ZN5clang4tidy10automotive30AvoidCommentWithinCommentCheck22InternalCommentHandler13HandleCommentERNS_12PreprocessorENS_11SourceRangeE
FN:66,_ZN5clang4tidy10automotive30AvoidCommentWithinCommentCheck22InternalCommentHandler16checkURLProtocolENS_14SourceLocationEN4llvm9StringRefEm
FN:84,_ZN5clang4tidy10automotive30AvoidCommentWithinCommentCheck22InternalCommentHandler12CheckCommentENS_14SourceLocationEN4llvm9StringRefE
FN:125,AvoidCommentWithinCommentCheck.cpp:_ZN5clang4tidy10automotiveL12getNextStateENS1_5StateEc
FN:154,AvoidCommentWithinCommentCheck.cpp:_ZN5clang4tidy10automotiveL23stateExpectCommentStartEc
FN:167,AvoidCommentWithinCommentCheck.cpp:_ZN5clang4tidy10automotiveL21stateExpectCommentEndEc
FN:138,AvoidCommentWithinCommentCheck.cpp:_ZN5clang4tidy10automotiveL11stateNormalEc
FNDA:131,_ZN5clang4tidy10automotive30AvoidCommentWithinCommentCheck19registerPPCallbacksERKNS_13SourceManagerEPNS_12PreprocessorES7_
FNDA:131,_ZN5clang4tidy10automotive30AvoidCommentWithinCommentCheck22InternalCommentHandlerC2ERS2_
FNDA:22383,_ZN5clang4tidy10automotive30AvoidCommentWithinCommentCheck22InternalCommentHandler13HandleCommentERNS_12PreprocessorENS_11SourceRangeE
FNDA:7737,_ZN5clang4tidy10automotive30AvoidCommentWithinCommentCheck22InternalCommentHandler16checkURLProtocolENS_14SourceLocationEN4llvm9StringRefEm
FNDA:22383,_ZN5clang4tidy10automotive30AvoidCommentWithinCommentCheck22InternalCommentHandler12CheckCommentENS_14SourceLocationEN4llvm9StringRefE
FNDA:2460282,AvoidCommentWithinCommentCheck.cpp:_ZN5clang4tidy10automotiveL12getNextStateENS1_5StateEc
FNDA:14654,AvoidCommentWithinCommentCheck.cpp:_ZN5clang4tidy10automotiveL23stateExpectCommentStartEc
FNDA:21044,AvoidCommentWithinCommentCheck.cpp:_ZN5clang4tidy10automotiveL21stateExpectCommentEndEc
FNDA:2424584,AvoidCommentWithinCommentCheck.cpp:_ZN5clang4tidy10automotiveL11stateNormalEc
FNF:9
FNH:9
DA:37,131
DA:38,131
DA:39,131
DA:43,131
DA:44,1179
DA:45,1179
DA:46,1179
DA:47,131
DA:50,22383
DA:52,22383
DA:53,22383
DA:54,22383
DA:56,22383
DA:57,22383
DA:58,22383
DA:59,22383
DA:60,22383
DA:62,22383
DA:63,22383
DA:66,7737
DA:67,7737
DA:68,6813
DA:71,924
DA:72,5366
DA:73,4442
DA:75,924
DA:76,924
DA:77,0
DA:78,0
DA:79,0
DA:80,0
DA:81,924
DA:84,22383
DA:86,22383
DA:87,22383
DA:88,22383
DA:90,2482665
DA:91,2460282
DA:93,2460282
DA:94,1511
DA:95,1511
DA:96,1511
DA:97,1511
DA:98,1511
DA:100,10
DA:101,10
DA:102,10
DA:103,10
DA:104,10
DA:106,2
DA:107,2
DA:108,2
DA:109,2
DA:110,2
DA:112,7737
DA:113,7737
DA:114,7737
DA:115,7737
DA:116,924
DA:117,7737
DA:119,2451022
DA:120,2451022
DA:121,2460282
DA:122,2460282
DA:123,22383
DA:125,2460282
DA:126,2460282
DA:127,14654
DA:128,14654
DA:130,21044
DA:131,21044
DA:133,2424584
DA:134,2424584
DA:135,2460282
DA:136,2460282
DA:138,2424584
DA:139,2424584
DA:140,15088
DA:141,15088
DA:143,21048
DA:144,21048
DA:146,7737
DA:147,7737
DA:149,2380711
DA:150,2380711
DA:151,2424584
DA:152,2424584
DA:154,14654
DA:155,14654
DA:156,1511
DA:157,1511
DA:159,10
DA:160,10
DA:162,13133
DA:163,13133
DA:164,14654
DA:165,14654
DA:167,21044
DA:168,21044
DA:169,2
DA:170,2
DA:172,21042
DA:173,21042
DA:174,21044
DA:175,21044
BRDA:44,0,0,1179
BRDA:44,0,1,131
BRDA:57,0,0,22383
BRDA:57,0,1,0
BRDA:67,0,0,6813
BRDA:67,0,1,924
BRDA:72,0,0,5366
BRDA:72,0,1,0
BRDA:72,1,2,4442
BRDA:72,1,3,924
BRDA:76,0,0,0
BRDA:76,0,1,924
BRDA:90,0,0,2460282
BRDA:90,0,1,22383
BRDA:94,0,0,1511
BRDA:94,0,1,2458771
BRDA:100,0,0,10
BRDA:100,0,1,2460272
BRDA:106,0,0,2
BRDA:106,0,1,2460280
BRDA:112,0,0,7737
BRDA:112,0,1,2452545
BRDA:115,0,0,924
BRDA:115,0,1,6813
BRDA:119,0,0,2451022
BRDA:119,0,1,9260
BRDA:127,0,0,14654
BRDA:127,0,1,2445628
BRDA:130,0,0,21044
BRDA:130,0,1,2439238
BRDA:133,0,0,2424584
BRDA:133,0,1,35698
BRDA:140,0,0,15088
BRDA:140,0,1,2409496
BRDA:143,0,0,21048
BRDA:143,0,1,2403536
BRDA:146,0,0,7737
BRDA:146,0,1,2416847
BRDA:149,0,0,2380711
BRDA:149,0,1,43873
BRDA:156,0,0,1511
BRDA:156,0,1,13143
BRDA:159,0,0,10
BRDA:159,0,1,14644
BRDA:162,0,0,13133
BRDA:162,0,1,1521
BRDA:169,0,0,2
BRDA:169,0,1,21042
BRDA:172,0,0,21042
BRDA:172,0,1,2
BRF:50
BRH:47
LF:105
LH:101
end_of_record
SF:src/automotive/comment/AvoidCommentWithinCommentCheck.h
FN:39,_ZN5clang4tidy10automotive30AvoidCommentWithinCommentCheckC2EN4llvm9StringRefEPNS0_16ClangTidyContextEi
FN:55,_ZN5clang4tidy10automotive30AvoidCommentWithinCommentCheck22InternalCommentHandlerD2Ev
FN:42,_ZN5clang4tidy10automotive30AvoidCommentWithinCommentCheckD2Ev
FNDA:131,_ZN5clang4tidy10automotive30AvoidCommentWithinCommentCheckC2EN4llvm9StringRefEPNS0_16ClangTidyContextEi
FNDA:131,_ZN5clang4tidy10automotive30AvoidCommentWithinCommentCheck22InternalCommentHandlerD2Ev
FNDA:131,_ZN5clang4tidy10automotive30AvoidCommentWithinCommentCheckD2Ev
FNF:3
FNH:3
DA:39,131
DA:42,131
DA:55,131
BRF:0
BRH:0
LF:3
LH:3
end_of_record
SF:src/automotive/comment/AvoidLinesplicingWithinCommentCheck.cpp
FN:15,_ZN5clang4tidy10automotive35AvoidLinesplicingWithinCommentCheck22InternalCommentHandler13HandleCommentERNS_12PreprocessorENS_11SourceRangeE
FN:66,_ZN5clang4tidy10automotive35AvoidLinesplicingWithinCommentCheck19registerPPCallbacksERKNS_13SourceManagerEPNS_12PreprocessorES7_
FNDA:22383,_ZN5clang4tidy10automotive35AvoidLinesplicingWithinCommentCheck22InternalCommentHandler13HandleCommentERNS_12PreprocessorENS_11SourceRangeE
FNDA:131,_ZN5clang4tidy10automotive35AvoidLinesplicingWithinCommentCheck19registerPPCallbacksERKNS_13SourceManagerEPNS_12PreprocessorES7_
FNF:2
FNH:2
DA:15,22383
DA:16,22383
DA:17,22383
DA:18,22383
DA:20,22383
DA:21,22383
DA:23,22383
DA:24,10715
DA:26,10715
DA:27,10725
DA:28,10
DA:30,10
DA:31,10
DA:32,10
DA:33,0
DA:34,0
DA:35,0
DA:36,0
DA:37,10
DA:38,10
DA:41,1
DA:42,1
DA:44,1
DA:45,1
DA:46,1
DA:48,1
DA:49,1
DA:50,1
DA:51,1
DA:53,1
DA:54,1
DA:55,1
DA:56,1
DA:57,1
DA:58,1
DA:59,1
DA:61,10715
DA:62,22383
DA:63,22383
DA:66,131
DA:68,131
DA:69,131
BRDA:23,0,0,10715
BRDA:23,0,1,11668
BRDA:27,0,0,10
BRDA:27,0,1,10715
BRDA:30,0,0,10
BRDA:30,0,1,0
BRDA:41,0,0,0
BRDA:41,0,1,10715
BRDA:41,1,2,-
BRDA:41,1,3,-
BRDA:45,0,0,-
BRDA:45,0,1,-
BRF:12
BRH:6
LF:42
LH:38
end_of_record
SF:src/automotive/comment/AvoidLinesplicingWithinCommentCheck.h
FN:38,_ZN5clang4tidy10automotive35AvoidLinesplicingWithinCommentCheckC2EN4llvm9StringRefEPNS0_16ClangTidyContextE
FN:55,_ZN5clang4tidy10automotive35AvoidLinesplicingWithinCommentCheck22InternalCommentHandlerC2ERNS0_14ClangTidyCheckEb
FN:56,_ZN5clang4tidy10automotive35AvoidLinesplicingWithinCommentCheck22InternalCommentHandlerD2Ev
FN:42,_ZN5clang4tidy10automotive35AvoidLinesplicingWithinCommentCheckD2Ev
FNDA:131,_ZN5clang4tidy10automotive35AvoidLinesplicingWithinCommentCheckC2EN4llvm9StringRefEPNS0_16ClangTidyContextE
FNDA:131,_ZN5clang4tidy10automotive35AvoidLinesplicingWithinCommentCheck22InternalCommentHandlerC2ERNS0_14ClangTidyCheckEb
FNDA:131,_ZN5clang4tidy10automotive35AvoidLinesplicingWithinCommentCheck22InternalCommentHandlerD2Ev
FNDA:131,_ZN5clang4tidy10automotive35AvoidLinesplicingWithinCommentCheckD2Ev
FNF:4
FNH:4
DA:38,131
DA:39,131
DA:42,131
DA:55,131
DA:56,131
BRF:0
BRH:0
LF:5
LH:5
end_of_record
SF:src/automotive/comment/CommentComponent.cpp
FN:16,_ZN5clang4tidy10automotive16CommentComponent17addCheckFactoriesERNS0_23ClangTidyCheckFactoriesE
FNDA:262,_ZN5clang4tidy10automotive16CommentComponent17addCheckFactoriesERNS0_23ClangTidyCheckFactoriesE
FNF:1
FNH:1
DA:16,262
DA:18,262
DA:19,262
DA:20,262
DA:21,262
DA:22,262
BRF:0
BRH:0
LF:6
LH:6
end_of_record
SF:src/automotive/comment/CommentMatch.h
FN:29,_ZN5clang4tidy10automotive12matchCommentEN4llvm9StringRefE
FN:24,_ZNK5clang4tidy10automotive12CommentMatch7isValidEv
FN:25,_ZNK5clang4tidy10automotive12CommentMatch11isMultiLineEv
FN:26,_ZNK5clang4tidy10automotive12CommentMatch12isSingleLineEv
FNDA:44766,_ZN5clang4tidy10automotive12matchCommentEN4llvm9StringRefE
FNDA:22383,_ZNK5clang4tidy10automotive12CommentMatch7isValidEv
FNDA:0,_ZNK5clang4tidy10automotive12CommentMatch11isMultiLineEv
FNDA:22383,_ZNK5clang4tidy10automotive12CommentMatch12isSingleLineEv
FNF:4
FNH:3
DA:24,22383
DA:25,0
DA:26,22383
DA:29,44766
DA:30,44766
DA:31,44766
DA:33,44766
DA:34,44766
DA:35,44766
DA:37,44766
DA:38,23336
DA:39,23336
DA:40,23336
DA:42,23336
DA:43,23336
DA:44,23336
DA:45,23336
DA:47,23336
DA:48,23336
DA:49,23336
DA:51,21430
DA:52,21430
DA:53,21430
DA:54,21430
DA:55,21430
DA:56,44766
DA:57,0
DA:58,44766
BRDA:30,0,0,44766
BRDA:30,0,1,0
BRDA:37,0,0,44766
BRDA:37,0,1,0
BRDA:37,1,2,23336
BRDA:37,1,3,21430
BRDA:42,0,0,23336
BRDA:42,0,1,0
BRDA:42,1,2,23336
BRDA:42,1,3,0
BRDA:51,0,0,21430
BRDA:51,0,1,0
BRDA:51,1,2,21430
BRDA:51,1,3,0
BRF:14
BRH:8
LF:28
LH:26
end_of_record
SF:src/automotive/cpp23/AvoidCStyleCastCheck.cpp
FN:17,_ZN5clang4tidy10automotive20AvoidCStyleCastCheck16registerMatchersEPNS_12ast_matchers11MatchFinderE
FN:26,_ZN5clang4tidy10automotive20AvoidCStyleCastCheck5checkERKNS_12ast_matchers11MatchFinder11MatchResultE
FNDA:17,_ZN5clang4tidy10automotive20AvoidCStyleCastCheck16registerMatchersEPNS_12ast_matchers11MatchFinderE
FNDA:234,_ZN5clang4tidy10automotive20AvoidCStyleCastCheck5checkERKNS_12ast_matchers11MatchFinder11MatchResultE
FNF:2
FNH:2
DA:17,17
DA:19,17
DA:20,0
DA:23,17
DA:24,17
DA:26,234
DA:27,234
DA:28,234
DA:29,0
DA:32,234
DA:33,192
DA:36,42
DA:37,0
DA:39,42
DA:40,42
DA:41,42
DA:42,42
BRDA:19,0,0,0
BRDA:19,0,1,17
BRDA:28,0,0,0
BRDA:28,0,1,234
BRDA:32,0,0,192
BRDA:32,0,1,42
BRDA:36,0,0,0
BRDA:36,0,1,42
BRF:8
BRH:5
LF:17
LH:14
end_of_record
SF:src/automotive/cpp23/AvoidCStyleCastCheck.h
FN:39,_ZN5clang4tidy10automotive20AvoidCStyleCastCheckC2EN4llvm9StringRefEPNS0_16ClangTidyContextE
FN:47,_ZNK5clang4tidy10automotive20AvoidCStyleCastCheck26isLanguageVersionSupportedERKNS_11LangOptionsE
FN:42,_ZN5clang4tidy10automotive20AvoidCStyleCastCheckD2Ev
FNDA:131,_ZN5clang4tidy10automotive20AvoidCStyleCastCheckC2EN4llvm9StringRefEPNS0_16ClangTidyContextE
FNDA:131,_ZNK5clang4tidy10automotive20AvoidCStyleCastCheck26isLanguageVersionSupportedERKNS_11LangOptionsE
FNDA:131,_ZN5clang4tidy10automotive20AvoidCStyleCastCheckD2Ev
FNF:3
FNH:3
DA:39,131
DA:42,131
DA:47,131
DA:48,131
DA:49,131
BRF:0
BRH:0
LF:5
LH:5
end_of_record
SF:src/automotive/cpp23/AvoidConstCastCheck.cpp
FN:17,_ZN5clang4tidy10automotive19AvoidConstCastCheck16registerMatchersEPNS_12ast_matchers11MatchFinderE
FN:21,_ZN5clang4tidy10automotive19AvoidConstCastCheck5checkERKNS_12ast_matchers11MatchFinder11MatchResultE
FNDA:17,_ZN5clang4tidy10automotive19AvoidConstCastCheck16registerMatchersEPNS_12ast_matchers11MatchFinderE
FNDA:16,_ZN5clang4tidy10automotive19AvoidConstCastCheck5checkERKNS_12ast_matchers11MatchFinder11MatchResultE
FNF:2
FNH:2
DA:17,17
DA:18,17
DA:19,17
DA:21,16
DA:22,16
DA:23,16
DA:24,0
DA:27,16
DA:28,12
DA:30,4
DA:31,4
BRDA:23,0,0,0
BRDA:23,0,1,16
BRDA:27,0,0,12
BRDA:27,0,1,4
BRF:4
BRH:3
LF:11
LH:10
end_of_record
SF:src/automotive/cpp23/AvoidConstCastCheck.h
FN:36,_ZN5clang4tidy10automotive19AvoidConstCastCheckC2EN4llvm9StringRefEPNS0_16ClangTidyContextE
FN:40,_ZNK5clang4tidy10automotive19AvoidConstCastCheck26isLanguageVersionSupportedERKNS_11LangOptionsE
FN:38,_ZN5clang4tidy10automotive19AvoidConstCastCheckD2Ev
FNDA:131,_ZN5clang4tidy10automotive19AvoidConstCastCheckC2EN4llvm9StringRefEPNS0_16ClangTidyContextE
FNDA:131,_ZNK5clang4tidy10automotive19AvoidConstCastCheck26isLanguageVersionSupportedERKNS_11LangOptionsE
FNDA:131,_ZN5clang4tidy10automotive19AvoidConstCastCheckD2Ev
FNF:3
FNH:3
DA:36,131
DA:38,131
DA:40,131
DA:41,131
DA:42,131
BRF:0
BRH:0
LF:5
LH:5
end_of_record
SF:src/automotive/cpp23/AvoidDynamicCastCheck.cpp
FN:17,_ZN5clang4tidy10automotive21AvoidDynamicCastCheck16registerMatchersEPNS_12ast_matchers11MatchFinderE
FN:25,_ZN5clang4tidy10automotive21AvoidDynamicCastCheck5checkERKNS_12ast_matchers11MatchFinder11MatchResultE
FNDA:17,_ZN5clang4tidy10automotive21AvoidDynamicCastCheck16registerMatchersEPNS_12ast_matchers11MatchFinderE
FNDA:4,_ZN5clang4tidy10automotive21AvoidDynamicCastCheck5checkERKNS_12ast_matchers11MatchFinder11MatchResultE
FNF:2
FNH:2
DA:17,17
DA:18,17
DA:19,0
DA:22,17
DA:23,17
DA:25,4
DA:26,4
DA:27,4
DA:28,0
DA:31,4
DA:32,2
DA:34,2
DA:35,2
DA:36,2
DA:37,2
BRDA:18,0,0,0
BRDA:18,0,1,17
BRDA:27,0,0,0
BRDA:27,0,1,4
BRDA:31,0,0,2
BRDA:31,0,1,2
BRF:6
BRH:4
LF:15
LH:13
end_of_record
SF:src/automotive/cpp23/AvoidDynamicCastCheck.h
FN:35,_ZN5clang4tidy10automotive21AvoidDynamicCastCheckC2EN4llvm9StringRefEPNS0_16ClangTidyContextE
FN:39,_ZNK5clang4tidy10automotive21AvoidDynamicCastCheck26isLanguageVersionSupportedERKNS_11LangOptionsE
FN:37,_ZN5clang4tidy10automotive21AvoidDynamicCastCheckD2Ev
FNDA:131,_ZN5clang4tidy10automotive21AvoidDynamicCastCheckC2EN4llvm9StringRefEPNS0_16ClangTidyContextE
FNDA:131,_ZNK5clang4tidy10automotive21AvoidDynamicCastCheck26isLanguageVersionSupportedERKNS_11LangOptionsE
FNDA:131,_ZN5clang4tidy10automotive21AvoidDynamicCastCheckD2Ev
FNF:3
FNH:3
DA:35,131
DA:37,131
DA:39,131
DA:40,131
DA:41,131
BRF:0
BRH:0
LF:5
LH:5
end_of_record
SF:src/automotive/cpp23/AvoidImplicitConversionCheck.cpp
FN:17,_ZN5clang4tidy10automotive28AvoidImplicitConversionCheck16registerMatchersEPNS_12ast_matchers11MatchFinderE
FN:35,_ZNK5clang4tidy10automotive28AvoidImplicitConversionCheck23isSignificantConversionENS_8QualTypeES3_RKNS_10ASTContextE
FN:101,_ZN5clang4tidy10automotive28AvoidImplicitConversionCheck5checkERKNS_12ast_matchers11MatchFinder11MatchResultE
FNDA:17,_ZN5clang4tidy10automotive28AvoidImplicitConversionCheck16registerMatchersEPNS_12ast_matchers11MatchFinderE
FNDA:20,_ZNK5clang4tidy10automotive28AvoidImplicitConversionCheck23isSignificantConversionENS_8QualTypeES3_RKNS_10ASTContextE
FNDA:48,_ZN5clang4tidy10automotive28AvoidImplicitConversionCheck5checkERKNS_12ast_matchers11MatchFinder11MatchResultE
FNF:3
FNH:3
DA:17,17
DA:21,17
DA:22,17
DA:23,17
DA:25,17
DA:27,17
DA:28,17
DA:29,17
DA:30,17
DA:31,17
DA:32,17
DA:35,20
DA:37,20
DA:38,20
DA:41,20
DA:42,0
DA:45,20
DA:46,0
DA:49,20
DA:50,0
DA:53,20
DA:54,0
DA:57,20
DA:59,15
DA:60,3
DA:63,12
DA:64,1
DA:68,11
DA:69,0
DA:70,0
DA:71,0
DA:72,0
DA:73,0
DA:76,11
DA:77,7
DA:78,4
DA:79,1
DA:82,3
DA:83,3
DA:84,3
DA:85,3
DA:86,0
DA:87,3
DA:90,8
DA:91,1
DA:94,7
DA:95,0
DA:97,7
DA:98,7
DA:101,48
DA:102,48
DA:103,48
DA:104,0
DA:107,48
DA:108,0
DA:111,48
DA:112,0
DA:115,48
DA:118,48
DA:119,48
DA:120,48
DA:121,48
DA:122,28
DA:124,20
DA:125,20
DA:127,20
DA:128,7
DA:130,13
DA:131,13
DA:132,13
DA:133,13
BRDA:41,0,0,0
BRDA:41,0,1,20
BRDA:45,0,0,0
BRDA:45,0,1,20
BRDA:45,1,2,-
BRDA:45,1,3,-
BRDA:49,0,0,0
BRDA:49,0,1,20
BRDA:49,1,2,-
BRDA:49,1,3,-
BRDA:53,0,0,0
BRDA:53,0,1,20
BRDA:57,0,0,15
BRDA:57,0,1,5
BRDA:57,1,2,15
BRDA:57,1,3,0
BRDA:59,0,0,14
BRDA:59,0,1,1
BRDA:59,1,2,3
BRDA:59,1,3,11
BRDA:63,0,0,1
BRDA:63,0,1,11
BRDA:63,1,2,1
BRDA:63,1,3,0
BRDA:68,0,0,0
BRDA:68,0,1,11
BRDA:68,1,2,-
BRDA:68,1,3,-
BRDA:71,0,0,-
BRDA:71,0,1,-
BRDA:76,0,0,10
BRDA:76,0,1,1
BRDA:76,1,2,7
BRDA:76,1,3,3
BRDA:78,0,0,1
BRDA:78,0,1,3
BRDA:78,1,2,1
BRDA:78,1,3,0
BRDA:84,0,0,0
BRDA:84,0,1,3
BRDA:84,1,2,-
BRDA:84,1,3,-
BRDA:84,2,4,-
BRDA:84,2,5,-
BRDA:85,0,0,-
BRDA:85,0,1,-
BRDA:90,0,0,1
BRDA:90,0,1,7
BRDA:90,1,2,1
BRDA:90,1,3,0
BRDA:94,0,0,0
BRDA:94,0,1,7
BRDA:94,1,2,-
BRDA:94,1,3,-
BRDA:94,2,4,-
BRDA:94,2,5,-
BRDA:103,0,0,0
BRDA:103,0,1,48
BRDA:107,0,0,0
BRDA:107,0,1,48
BRDA:111,0,0,0
BRDA:111,0,1,48
BRDA:118,0,0,19
BRDA:118,0,1,29
BRDA:118,1,2,7
BRDA:118,1,3,22
BRDA:119,0,0,0
BRDA:119,0,1,22
BRDA:119,1,2,0
BRDA:119,1,3,22
BRDA:120,0,0,0
BRDA:120,0,1,22
BRDA:120,1,2,0
BRDA:120,1,3,22
BRDA:121,0,0,0
BRDA:121,0,1,22
BRDA:121,1,2,2
BRDA:121,1,3,20
BRDA:127,0,0,7
BRDA:127,0,1,13
BRF:80
BRH:43
LF:71
LH:57
end_of_record
SF:src/automotive/cpp23/AvoidImplicitConversionCheck.h
FN:38,_ZN5clang4tidy10automotive28AvoidImplicitConversionCheckC2EN4llvm9StringRefEPNS0_16ClangTidyContextE
FN:42,_ZNK5clang4tidy10automotive28AvoidImplicitConversionCheck26isLanguageVersionSupportedERKNS_11LangOptionsE
FN:40,_ZN5clang4tidy10automotive28AvoidImplicitConversionCheckD2Ev
FNDA:131,_ZN5clang4tidy10automotive28AvoidImplicitConversionCheckC2EN4llvm9StringRefEPNS0_16ClangTidyContextE
FNDA:131,_ZNK5clang4tidy10automotive28AvoidImplicitConversionCheck26isLanguageVersionSupportedERKNS_11LangOptionsE
FNDA:131,_ZN5clang4tidy10automotive28AvoidImplicitConversionCheckD2Ev
FNF:3
FNH:3
DA:38,131
DA:40,131
DA:42,131
DA:43,131
DA:44,131
BRF:0
BRH:0
LF:5
LH:5
end_of_record
SF:src/automotive/cpp23/AvoidImplicitConversionOperatorCheck.cpp
FN:18,_ZN5clang4tidy10automotive36AvoidImplicitConversionOperatorCheck16registerMatchersEPNS_12ast_matchers11MatchFinderE
FN:28,_ZN5clang4tidy10automotive36AvoidImplicitConversionOperatorCheck5checkERKNS_12ast_matchers11MatchFinder11MatchResultE
FNDA:17,_ZN5clang4tidy10automotive36AvoidImplicitConversionOperatorCheck16registerMatchersEPNS_12ast_matchers11MatchFinderE
FNDA:26,_ZN5clang4tidy10automotive36AvoidImplicitConversionOperatorCheck5checkERKNS_12ast_matchers11MatchFinder11MatchResultE
FNF:2
FNH:2
DA:18,17
DA:19,17
DA:20,0
DA:23,17
DA:24,17
DA:25,17
DA:28,26
DA:29,26
DA:30,26
DA:31,26
DA:32,0
DA:35,26
DA:36,24
DA:39,2
DA:40,0
DA:43,2
DA:44,0
DA:47,2
DA:49,2
DA:50,2
DA:51,2
DA:52,2
DA:53,2
DA:54,2
BRDA:19,0,0,0
BRDA:19,0,1,17
BRDA:31,0,0,0
BRDA:31,0,1,26
BRDA:35,0,0,24
BRDA:35,0,1,2
BRDA:39,0,0,0
BRDA:39,0,1,2
BRDA:43,0,0,0
BRDA:43,0,1,2
BRF:10
BRH:6
LF:24
LH:20
end_of_record
SF:src/automotive/cpp23/AvoidImplicitConversionOperatorCheck.h
FN:39,_ZN5clang4tidy10automotive36AvoidImplicitConversionOperatorCheckC2EN4llvm9StringRefEPNS0_16ClangTidyContextE
FN:43,_ZNK5clang4tidy10automotive36AvoidImplicitConversionOperatorCheck26isLanguageVersionSupportedERKNS_11LangOptionsE
FN:41,_ZN5clang4tidy10automotive36AvoidImplicitConversionOperatorCheckD2Ev
FNDA:131,_ZN5clang4tidy10automotive36AvoidImplicitConversionOperatorCheckC2EN4llvm9StringRefEPNS0_16ClangTidyContextE
FNDA:131,_ZNK5clang4tidy10automotive36AvoidImplicitConversionOperatorCheck26isLanguageVersionSupportedERKNS_11LangOptionsE
FNDA:131,_ZN5clang4tidy10automotive36AvoidImplicitConversionOperatorCheckD2Ev
FNF:3
FNH:3
DA:39,131
DA:41,131
DA:43,131
DA:44,131
DA:45,131
BRF:0
BRH:0
LF:5
LH:5
end_of_record
SF:src/automotive/cpp23/AvoidNarrowingConversionCheck.cpp
FN:17,_ZN5clang4tidy10automotive29AvoidNarrowingConversionCheck16registerMatchersEPNS_12ast_matchers11MatchFinderE
FN:30,_ZN5clang4tidy10automotive29AvoidNarrowingConversionCheck5checkERKNS_12ast_matchers11MatchFinder11MatchResultE
FN:61,_ZNK5clang4tidy10automotive29AvoidNarrowingConversionCheck21isNarrowingConversionENS_8QualTypeES3_RKNS_10ASTContextE
FNDA:17,_ZN5clang4tidy10automotive29AvoidNarrowingConversionCheck16registerMatchersEPNS_12ast_matchers11MatchFinderE
FNDA:6888,_ZN5clang4tidy10automotive29AvoidNarrowingConversionCheck5checkERKNS_12ast_matchers11MatchFinder11MatchResultE
FNDA:22,_ZNK5clang4tidy10automotive29AvoidNarrowingConversionCheck21isNarrowingConversionENS_8QualTypeES3_RKNS_10ASTContextE
FNF:3
FNH:3
DA:17,17
DA:18,17
DA:19,0
DA:22,17
DA:23,17
DA:24,17
DA:25,17
DA:26,17
DA:27,17
DA:30,6888
DA:31,6888
DA:32,6888
DA:33,0
DA:36,6888
DA:37,6760
DA:40,128
DA:41,0
DA:44,128
DA:45,128
DA:46,128
DA:47,106
DA:49,22
DA:50,22
DA:52,22
DA:53,12
DA:55,10
DA:56,10
DA:57,10
DA:58,10
DA:61,22
DA:63,22
DA:64,22
DA:67,22
DA:68,0
DA:70,22
DA:71,22
DA:73,22
DA:74,0
DA:77,22
DA:78,4
DA:81,18
DA:82,0
DA:83,0
DA:84,0
DA:85,0
DA:88,18
DA:89,11
DA:90,11
DA:93,11
DA:94,2
DA:97,9
DA:98,9
DA:99,4
DA:100,9
DA:103,12
DA:104,7
DA:107,7
DA:108,0
DA:109,7
DA:110,0
DA:111,7
DA:113,12
DA:114,12
BRDA:18,0,0,0
BRDA:18,0,1,17
BRDA:32,0,0,0
BRDA:32,0,1,6888
BRDA:36,0,0,6760
BRDA:36,0,1,128
BRDA:40,0,0,0
BRDA:40,0,1,128
BRDA:45,0,0,117
BRDA:45,0,1,11
BRDA:45,1,2,113
BRDA:45,1,3,4
BRDA:46,0,0,113
BRDA:46,0,1,0
BRDA:46,1,2,106
BRDA:46,1,3,7
BRDA:52,0,0,12
BRDA:52,0,1,10
BRDA:67,0,0,0
BRDA:67,0,1,22
BRDA:73,0,0,0
BRDA:73,0,1,22
BRDA:73,1,2,0
BRDA:73,1,3,22
BRDA:77,0,0,4
BRDA:77,0,1,18
BRDA:77,1,2,4
BRDA:77,1,3,0
BRDA:81,0,0,0
BRDA:81,0,1,18
BRDA:81,1,2,-
BRDA:81,1,3,-
BRDA:88,0,0,18
BRDA:88,0,1,0
BRDA:88,1,2,11
BRDA:88,1,3,7
BRDA:93,0,0,2
BRDA:93,0,1,9
BRDA:97,0,0,4
BRDA:97,0,1,5
BRDA:98,0,0,4
BRDA:98,0,1,0
BRDA:103,0,0,12
BRDA:103,0,1,0
BRDA:103,1,2,7
BRDA:103,1,3,5
BRDA:107,0,0,0
BRDA:107,0,1,7
BRDA:107,1,2,-
BRDA:107,1,3,-
BRDA:109,0,0,7
BRDA:109,0,1,0
BRDA:109,1,2,0
BRDA:109,1,3,7
BRF:54
BRH:35
LF:63
LH:52
end_of_record
SF:src/automotive/cpp23/AvoidNarrowingConversionCheck.h
FN:36,_ZN5clang4tidy10automotive29AvoidNarrowingConversionCheckC2EN4llvm9StringRefEPNS0_16ClangTidyContextE
FN:40,_ZNK5clang4tidy10automotive29AvoidNarrowingConversionCheck26isLanguageVersionSupportedERKNS_11LangOptionsE
FN:38,_ZN5clang4tidy10automotive29AvoidNarrowingConversionCheckD2Ev
FNDA:131,_ZN5clang4tidy10automotive29AvoidNarrowingConversionCheckC2EN4llvm9StringRefEPNS0_16ClangTidyContextE
FNDA:131,_ZNK5clang4tidy10automotive29AvoidNarrowingConversionCheck26isLanguageVersionSupportedERKNS_11LangOptionsE
FNDA:131,_ZN5clang4tidy10automotive29AvoidNarrowingConversionCheckD2Ev
FNF:3
FNH:3
DA:36,131
DA:38,131
DA:40,131
DA:41,131
DA:42,131
BRF:0
BRH:0
LF:5
LH:5
end_of_record
SF:src/automotive/cpp23/AvoidReinterpretCastCheck.cpp
FN:17,_ZN5clang4tidy10automotive25AvoidReinterpretCastCheck16registerMatchersEPNS_12ast_matchers11MatchFinderE
FN:21,_ZN5clang4tidy10automotive25AvoidReinterpretCastCheck5checkERKNS_12ast_matchers11MatchFinder11MatchResultE
FNDA:17,_ZN5clang4tidy10automotive25AvoidReinterpretCastCheck16registerMatchersEPNS_12ast_matchers11MatchFinderE
FNDA:6,_ZN5clang4tidy10automotive25AvoidReinterpretCastCheck5checkERKNS_12ast_matchers11MatchFinder11MatchResultE
FNF:2
FNH:2
DA:17,17
DA:18,17
DA:19,17
DA:21,6
DA:22,6
DA:23,6
DA:24,0
DA:27,6
DA:28,2
DA:30,4
DA:31,4
BRDA:23,0,0,0
BRDA:23,0,1,6
BRDA:27,0,0,2
BRDA:27,0,1,4
BRF:4
BRH:3
LF:11
LH:10
end_of_record
SF:src/automotive/cpp23/AvoidReinterpretCastCheck.h
FN:35,_ZN5clang4tidy10automotive25AvoidReinterpretCastCheckC2EN4llvm9StringRefEPNS0_16ClangTidyContextE
FN:39,_ZNK5clang4tidy10automotive25AvoidReinterpretCastCheck26isLanguageVersionSupportedERKNS_11LangOptionsE
FN:37,_ZN5clang4tidy10automotive25AvoidReinterpretCastCheckD2Ev
FNDA:131,_ZN5clang4tidy10automotive25AvoidReinterpretCastCheckC2EN4llvm9StringRefEPNS0_16ClangTidyContextE
FNDA:131,_ZNK5clang4tidy10automotive25AvoidReinterpretCastCheck26isLanguageVersionSupportedERKNS_11LangOptionsE
FNDA:131,_ZN5clang4tidy10automotive25AvoidReinterpretCastCheckD2Ev
FNF:3
FNH:3
DA:35,131
DA:37,131
DA:39,131
DA:40,131
DA:41,131
BRF:0
BRH:0
LF:5
LH:5
end_of_record
SF:src/automotive/cpp23/AvoidSlicingCheck.cpp
FN:17,_ZN5clang4tidy10automotive17AvoidSlicingCheck16registerMatchersEPNS_12ast_matchers11MatchFinderE
FN:47,_ZN5clang4tidy10automotive17AvoidSlicingCheck5checkERKNS_12ast_matchers11MatchFinder11MatchResultE
FN:41,AvoidSlicingCheck.cpp:_ZN5clang4tidy10automotiveL9isSlicingEPKNS_13CXXRecordDeclES4_
FNDA:17,_ZN5clang4tidy10automotive17AvoidSlicingCheck16registerMatchersEPNS_12ast_matchers11MatchFinderE
FNDA:97,_ZN5clang4tidy10automotive17AvoidSlicingCheck5checkERKNS_12ast_matchers11MatchFinder11MatchResultE
FNDA:15,AvoidSlicingCheck.cpp:_ZN5clang4tidy10automotiveL9isSlicingEPKNS_13CXXRecordDeclES4_
FNF:3
FNH:3
DA:17,17
DA:19,17
DA:20,0
DA:24,17
DA:25,17
DA:26,17
DA:27,17
DA:28,17
DA:29,17
DA:32,17
DA:33,17
DA:34,17
DA:35,17
DA:36,17
DA:37,17
DA:41,15
DA:42,15
DA:43,0
DA:44,15
DA:45,15
DA:47,97
DA:49,97
DA:50,97
DA:51,27
DA:52,22
DA:54,5
DA:55,5
DA:57,5
DA:58,3
DA:59,3
DA:60,3
DA:61,3
DA:62,3
DA:63,5
DA:64,27
DA:67,70
DA:68,70
DA:69,0
DA:71,70
DA:72,60
DA:74,10
DA:75,10
DA:76,10
DA:78,10
DA:79,0
DA:80,0
DA:81,0
DA:82,0
DA:83,0
DA:84,10
BRDA:19,0,0,0
BRDA:19,0,1,17
BRDA:42,0,0,0
BRDA:42,0,1,15
BRDA:42,1,2,0
BRDA:42,1,3,15
BRDA:44,0,0,3
BRDA:44,0,1,12
BRDA:44,1,2,3
BRDA:44,1,3,0
BRDA:49,0,0,27
BRDA:49,0,1,70
BRDA:51,0,0,22
BRDA:51,0,1,5
BRDA:57,0,0,3
BRDA:57,0,1,2
BRDA:68,0,0,0
BRDA:68,0,1,70
BRDA:71,0,0,60
BRDA:71,0,1,10
BRDA:78,0,0,0
BRDA:78,0,1,10
BRF:22
BRH:16
LF:50
LH:42
end_of_record
SF:src/automotive/cpp23/AvoidSlicingCheck.h
FN:43,_ZN5clang4tidy10automotive17AvoidSlicingCheckC2EN4llvm9StringRefEPNS0_16ClangTidyContextE
FN:51,_ZNK5clang4tidy10automotive17AvoidSlicingCheck26isLanguageVersionSupportedERKNS_11LangOptionsE
FN:46,_ZN5clang4tidy10automotive17AvoidSlicingCheckD2Ev
FNDA:131,_ZN5clang4tidy10automotive17AvoidSlicingCheckC2EN4llvm9StringRefEPNS0_16ClangTidyContextE
FNDA:131,_ZNK5clang4tidy10automotive17AvoidSlicingCheck26isLanguageVersionSupportedERKNS_11LangOptionsE
FNDA:131,_ZN5clang4tidy10automotive17AvoidSlicingCheckD2Ev
FNF:3
FNH:3
DA:43,131
DA:46,131
DA:51,131
DA:52,131
DA:53,131
BRF:0
BRH:0
LF:5
LH:5
end_of_record
SF:src/automotive/cpp23/AvoidThrowInNoexceptCheck.cpp
FN:17,_ZN5clang4tidy10automotive25AvoidThrowInNoexceptCheck16registerMatchersEPNS_12ast_matchers11MatchFinderE
FN:28,_ZN5clang4tidy10automotive25AvoidThrowInNoexceptCheck5checkERKNS_12ast_matchers11MatchFinder11MatchResultE
FNDA:17,_ZN5clang4tidy10automotive25AvoidThrowInNoexceptCheck16registerMatchersEPNS_12ast_matchers11MatchFinderE
FNDA:5,_ZN5clang4tidy10automotive25AvoidThrowInNoexceptCheck5checkERKNS_12ast_matchers11MatchFinder11MatchResultE
FNF:2
FNH:2
DA:17,17
DA:18,17
DA:19,0
DA:22,17
DA:23,17
DA:24,17
DA:25,17
DA:26,17
DA:28,5
DA:29,5
DA:30,5
DA:33,1
DA:34,1
DA:38,5
DA:39,0
DA:41,5
DA:42,5
DA:43,5
DA:44,5
DA:45,5
BRDA:18,0,0,0
BRDA:18,0,1,17
BRDA:33,0,0,0
BRDA:33,0,1,5
BRDA:33,1,2,0
BRDA:33,1,3,5
BRDA:38,0,0,0
BRDA:38,0,1,5
BRF:8
BRH:4
LF:20
LH:18
end_of_record
SF:src/automotive/cpp23/AvoidThrowInNoexceptCheck.h
FN:36,_ZN5clang4tidy10automotive25AvoidThrowInNoexceptCheckC2EN4llvm9StringRefEPNS0_16ClangTidyContextE
FN:40,_ZNK5clang4tidy10automotive25AvoidThrowInNoexceptCheck26isLanguageVersionSupportedERKNS_11LangOptionsE
FN:38,_ZN5clang4tidy10automotive25AvoidThrowInNoexceptCheckD2Ev
FNDA:131,_ZN5clang4tidy10automotive25AvoidThrowInNoexceptCheckC2EN4llvm9StringRefEPNS0_16ClangTidyContextE
FNDA:131,_ZNK5clang4tidy10automotive25AvoidThrowInNoexceptCheck26isLanguageVersionSupportedERKNS_11LangOptionsE
FNDA:131,_ZN5clang4tidy10automotive25AvoidThrowInNoexceptCheckD2Ev
FNF:3
FNH:3
DA:36,131
DA:38,131
DA:40,131
DA:41,131
DA:42,131
BRF:0
BRH:0
LF:5
LH:5
end_of_record
SF:src/automotive/cpp23/AvoidThrowingDestructorCheck.cpp
FN:17,_ZN5clang4tidy10automotive28AvoidThrowingDestructorCheck16registerMatchersEPNS_12ast_matchers11MatchFinderE
FN:34,_ZN5clang4tidy10automotive28AvoidThrowingDestructorCheck5checkERKNS_12ast_matchers11MatchFinder11MatchResultE
FNDA:17,_ZN5clang4tidy10automotive28AvoidThrowingDestructorCheck16registerMatchersEPNS_12ast_matchers11MatchFinderE
FNDA:19,_ZN5clang4tidy10automotive28AvoidThrowingDestructorCheck5checkERKNS_12ast_matchers11MatchFinder11MatchResultE
FNF:2
FNH:2
DA:17,17
DA:18,17
DA:19,0
DA:22,17
DA:23,17
DA:24,17
DA:25,17
DA:29,17
DA:30,17
DA:31,17
DA:34,19
DA:36,19
DA:37,2
DA:39,2
DA:40,0
DA:42,2
DA:43,2
DA:44,2
DA:45,2
DA:46,2
DA:47,2
DA:50,17
DA:51,17
DA:52,17
DA:53,16
DA:56,1
DA:57,0
DA:60,1
DA:61,0
DA:65,1
DA:67,1
DA:68,1
DA:72,1
DA:73,1
DA:74,1
DA:75,1
DA:76,1
DA:77,1
DA:78,1
DA:79,1
DA:80,1
DA:81,1
DA:82,17
BRDA:18,0,0,0
BRDA:18,0,1,17
BRDA:36,0,0,2
BRDA:36,0,1,17
BRDA:39,0,0,0
BRDA:39,0,1,2
BRDA:50,0,0,17
BRDA:50,0,1,0
BRDA:52,0,0,16
BRDA:52,0,1,1
BRDA:56,0,0,0
BRDA:56,0,1,1
BRDA:56,1,2,0
BRDA:56,1,3,1
BRDA:60,0,0,0
BRDA:60,0,1,1
BRDA:67,0,0,0
BRDA:67,0,1,1
BRDA:72,0,0,1
BRDA:72,0,1,0
BRDA:73,0,0,1
BRDA:73,0,1,0
BRDA:74,0,0,1
BRDA:74,0,1,0
BRDA:75,0,0,1
BRDA:75,0,1,0
BRF:26
BRH:15
LF:43
LH:39
end_of_record
SF:src/automotive/cpp23/AvoidThrowingDestructorCheck.h
FN:36,_ZN5clang4tidy10automotive28AvoidThrowingDestructorCheckC2EN4llvm9StringRefEPNS0_16ClangTidyContextE
FN:40,_ZNK5clang4tidy10automotive28AvoidThrowingDestructorCheck26isLanguageVersionSupportedERKNS_11LangOptionsE
FN:38,_ZN5clang4tidy10automotive28AvoidThrowingDestructorCheckD2Ev
FNDA:131,_ZN5clang4tidy10automotive28AvoidThrowingDestructorCheckC2EN4llvm9StringRefEPNS0_16ClangTidyContextE
FNDA:131,_ZNK5clang4tidy10automotive28AvoidThrowingDestructorCheck26isLanguageVersionSupportedERKNS_11LangOptionsE
FNDA:131,_ZN5clang4tidy10automotive28AvoidThrowingDestructorCheckD2Ev
FNF:3
FNH:3
DA:36,131
DA:38,131
DA:40,131
DA:41,131
DA:42,131
BRF:0
BRH:0
LF:5
LH:5
end_of_record
SF:src/automotive/cpp23/Cpp23Component.cpp
FN:30,_ZN5clang4tidy10automotive14Cpp23Component17addCheckFactoriesERNS0_23ClangTidyCheckFactoriesE
FNDA:262,_ZN5clang4tidy10automotive14Cpp23Component17addCheckFactoriesERNS0_23ClangTidyCheckFactoriesE
FNF:1
FNH:1
DA:30,262
DA:33,262
DA:34,262
DA:37,262
DA:41,262
DA:42,262
DA:45,262
DA:46,262
DA:49,262
DA:50,262
DA:53,262
DA:54,262
DA:57,262
DA:60,262
DA:61,262
DA:64,262
DA:65,262
DA:68,262
DA:69,262
DA:72,262
DA:73,262
DA:76,262
DA:77,262
DA:81,262
DA:82,262
DA:85,262
DA:86,262
DA:89,262
DA:90,262
DA:93,262
DA:94,262
DA:95,262
BRF:0
BRH:0
LF:32
LH:32
end_of_record
SF:src/automotive/cpp23/ExplicitConstructorCheck.cpp
FN:17,_ZN5clang4tidy10automotive24ExplicitConstructorCheck16registerMatchersEPNS_12ast_matchers11MatchFinderE
FN:30,_ZN5clang4tidy10automotive24ExplicitConstructorCheck5checkERKNS_12ast_matchers11MatchFinder11MatchResultE
FNDA:17,_ZN5clang4tidy10automotive24ExplicitConstructorCheck16registerMatchersEPNS_12ast_matchers11MatchFinderE
FNDA:588,_ZN5clang4tidy10automotive24ExplicitConstructorCheck5checkERKNS_12ast_matchers11MatchFinder11MatchResultE
FNF:2
FNH:2
DA:17,17
DA:18,17
DA:19,0
DA:22,17
DA:23,17
DA:24,17
DA:25,17
DA:26,17
DA:27,17
DA:28,17
DA:30,588
DA:31,588
DA:32,588
DA:33,0
DA:36,588
DA:37,574
DA:40,14
DA:41,0
DA:44,14
DA:45,7
DA:48,7
DA:49,13
DA:50,13
DA:51,10
DA:52,13
DA:55,7
DA:56,7
DA:57,7
DA:59,7
DA:60,2
DA:63,5
DA:66,5
DA:67,5
DA:68,5
DA:69,5
DA:72,5
DA:73,0
DA:75,5
DA:76,5
DA:77,5
DA:78,5
DA:79,5
BRDA:18,0,0,0
BRDA:18,0,1,17
BRDA:32,0,0,0
BRDA:32,0,1,588
BRDA:36,0,0,574
BRDA:36,0,1,14
BRDA:40,0,0,0
BRDA:40,0,1,14
BRDA:44,0,0,7
BRDA:44,0,1,7
BRDA:49,0,0,13
BRDA:49,0,1,7
BRDA:50,0,0,10
BRDA:50,0,1,3
BRDA:56,0,0,3
BRDA:56,0,1,4
BRDA:57,0,0,2
BRDA:57,0,1,2
BRDA:57,1,2,2
BRDA:57,1,3,0
BRDA:59,0,0,2
BRDA:59,0,1,5
BRDA:72,0,0,0
BRDA:72,0,1,5
BRF:24
BRH:19
LF:42
LH:38
end_of_record
SF:src/automotive/cpp23/ExplicitConstructorCheck.h
FN:41,_ZN5clang4tidy10automotive24ExplicitConstructorCheckC2EN4llvm9StringRefEPNS0_16ClangTidyContextE
FN:49,_ZNK5clang4tidy10automotive24ExplicitConstructorCheck26isLanguageVersionSupportedERKNS_11LangOptionsE
FN:44,_ZN5clang4tidy10automotive24ExplicitConstructorCheckD2Ev
FNDA:131,_ZN5clang4tidy10automotive24ExplicitConstructorCheckC2EN4llvm9StringRefEPNS0_16ClangTidyContextE
FNDA:131,_ZNK5clang4tidy10automotive24ExplicitConstructorCheck26isLanguageVersionSupportedERKNS_11LangOptionsE
FNDA:131,_ZN5clang4tidy10automotive24ExplicitConstructorCheckD2Ev
FNF:3
FNH:3
DA:41,131
DA:44,131
DA:49,131
DA:50,131
DA:51,131
BRF:0
BRH:0
LF:5
LH:5
end_of_record
SF:src/automotive/cpp23/NoexceptMoveCheck.cpp
FN:17,_ZN5clang4tidy10automotive17NoexceptMoveCheck16registerMatchersEPNS_12ast_matchers11MatchFinderE
FN:35,_ZN5clang4tidy10automotive17NoexceptMoveCheck5checkERKNS_12ast_matchers11MatchFinder11MatchResultE
FNDA:17,_ZN5clang4tidy10automotive17NoexceptMoveCheck16registerMatchersEPNS_12ast_matchers11MatchFinderE
FNDA:97,_ZN5clang4tidy10automotive17NoexceptMoveCheck5checkERKNS_12ast_matchers11MatchFinder11MatchResultE
FNF:2
FNH:2
DA:17,17
DA:18,17
DA:19,0
DA:22,17
DA:23,17
DA:24,17
DA:25,17
DA:26,17
DA:29,17
DA:30,17
DA:31,17
DA:32,17
DA:33,17
DA:35,97
DA:36,97
DA:37,97
DA:39,97
DA:40,97
DA:41,58
DA:42,58
DA:43,58
DA:44,39
DA:45,39
DA:46,39
DA:47,39
DA:49,97
DA:50,0
DA:53,97
DA:54,86
DA:57,11
DA:58,11
DA:59,0
DA:62,11
DA:65,11
DA:66,6
DA:71,5
DA:72,5
DA:74,5
DA:75,5
BRDA:18,0,0,0
BRDA:18,0,1,17
BRDA:39,0,0,58
BRDA:39,0,1,39
BRDA:43,0,0,39
BRDA:43,0,1,0
BRDA:49,0,0,0
BRDA:49,0,1,97
BRDA:53,0,0,86
BRDA:53,0,1,11
BRDA:58,0,0,0
BRDA:58,0,1,11
BRDA:65,0,0,4
BRDA:65,0,1,7
BRDA:65,1,2,2
BRDA:65,1,3,5
BRDA:72,0,0,3
BRDA:72,0,1,2
BRF:18
BRH:14
LF:39
LH:36
end_of_record
SF:src/automotive/cpp23/NoexceptMoveCheck.h
FN:43,_ZN5clang4tidy10automotive17NoexceptMoveCheckC2EN4llvm9StringRefEPNS0_16ClangTidyContextE
FN:51,_ZNK5clang4tidy10automotive17NoexceptMoveCheck26isLanguageVersionSupportedERKNS_11LangOptionsE
FN:46,_ZN5clang4tidy10automotive17NoexceptMoveCheckD2Ev
FNDA:131,_ZN5clang4tidy10automotive17NoexceptMoveCheckC2EN4llvm9StringRefEPNS0_16ClangTidyContextE
FNDA:131,_ZNK5clang4tidy10automotive17NoexceptMoveCheck26isLanguageVersionSupportedERKNS_11LangOptionsE
FNDA:131,_ZN5clang4tidy10automotive17NoexceptMoveCheckD2Ev
FNF:3
FNH:3
DA:43,131
DA:46,131
DA:51,131
DA:52,131
DA:53,131
BRF:0
BRH:0
LF:5
LH:5
end_of_record
SF:src/automotive/cpp23/ProperConceptDefinitionCheck.cpp
FN:17,_ZN5clang4tidy10automotive28ProperConceptDefinitionCheck16registerMatchersEPNS_12ast_matchers11MatchFinderE
FN:23,_ZNK5clang4tidy10automotive28ProperConceptDefinitionCheck19isTrivialConstraintEPKNS_4ExprE
FN:42,_ZN5clang4tidy10automotive28ProperConceptDefinitionCheck5checkERKNS_12ast_matchers11MatchFinder11MatchResultE
FNDA:1,_ZN5clang4tidy10automotive28ProperConceptDefinitionCheck16registerMatchersEPNS_12ast_matchers11MatchFinderE
FNDA:5,_ZNK5clang4tidy10automotive28ProperConceptDefinitionCheck19isTrivialConstraintEPKNS_4ExprE
FNDA:5,_ZN5clang4tidy10automotive28ProperConceptDefinitionCheck5checkERKNS_12ast_matchers11MatchFinder11MatchResultE
FNF:3
FNH:3
DA:17,1
DA:19,1
DA:20,1
DA:21,1
DA:23,5
DA:24,5
DA:25,0
DA:28,5
DA:31,5
DA:32,2
DA:35,3
DA:36,0
DA:38,3
DA:39,3
DA:42,5
DA:43,5
DA:44,5
DA:45,0
DA:47,5
DA:48,5
DA:49,0
DA:52,5
DA:53,2
DA:54,2
DA:55,2
DA:56,2
DA:57,2
DA:58,2
DA:59,5
BRDA:24,0,0,0
BRDA:24,0,1,5
BRDA:31,0,0,2
BRDA:31,0,1,3
BRDA:35,0,0,0
BRDA:35,0,1,3
BRDA:44,0,0,0
BRDA:44,0,1,5
BRDA:48,0,0,0
BRDA:48,0,1,5
BRDA:52,0,0,2
BRDA:52,0,1,3
BRF:12
BRH:8
LF:29
LH:25
end_of_record
SF:src/automotive/cpp23/ProperConceptDefinitionCheck.h
FN:40,_ZN5clang4tidy10automotive28ProperConceptDefinitionCheckC2EN4llvm9StringRefEPNS0_16ClangTidyContextE
FN:44,_ZNK5clang4tidy10automotive28ProperConceptDefinitionCheck26isLanguageVersionSupportedERKNS_11LangOptionsE
FN:42,_ZN5clang4tidy10automotive28ProperConceptDefinitionCheckD2Ev
FNDA:131,_ZN5clang4tidy10automotive28ProperConceptDefinitionCheckC2EN4llvm9StringRefEPNS0_16ClangTidyContextE
FNDA:131,_ZNK5clang4tidy10automotive28ProperConceptDefinitionCheck26isLanguageVersionSupportedERKNS_11LangOptionsE
FNDA:131,_ZN5clang4tidy10automotive28ProperConceptDefinitionCheckD2Ev
FNF:3
FNH:3
DA:40,131
DA:42,131
DA:44,131
DA:45,131
DA:46,131
BRF:0
BRH:0
LF:5
LH:5
end_of_record
SF:src/automotive/cpp23/RuleOfFiveCheck.cpp
FN:17,_ZN5clang4tidy10automotive15RuleOfFiveCheck16registerMatchersEPNS_12ast_matchers11MatchFinderE
FN:25,_ZN5clang4tidy10automotive15RuleOfFiveCheck5checkERKNS_12ast_matchers11MatchFinder11MatchResultE
FNDA:17,_ZN5clang4tidy10automotive15RuleOfFiveCheck16registerMatchersEPNS_12ast_matchers11MatchFinderE
FNDA:2446,_ZN5clang4tidy10automotive15RuleOfFiveCheck5checkERKNS_12ast_matchers11MatchFinder11MatchResultE
FNF:2
FNH:2
DA:17,17
DA:18,17
DA:19,0
DA:22,17
DA:23,17
DA:25,2446
DA:26,2446
DA:27,2446
DA:28,0
DA:31,2446
DA:32,2392
DA:35,54
DA:36,0
DA:39,54
DA:40,2
DA:43,52
DA:44,52
DA:45,52
DA:46,52
DA:47,52
DA:48,52
DA:49,52
DA:50,52
DA:51,52
DA:54,52
DA:55,52
DA:56,21
DA:57,52
DA:58,6
DA:59,52
DA:60,2
DA:61,52
DA:62,7
DA:63,52
DA:64,6
DA:67,52
DA:68,23
DA:71,29
DA:72,29
DA:73,9
DA:74,29
DA:75,24
DA:76,29
DA:77,28
DA:78,29
DA:79,23
DA:80,29
DA:81,24
DA:84,29
DA:85,29
DA:86,20
DA:87,29
DA:88,5
DA:89,29
DA:90,1
DA:91,29
DA:92,6
DA:93,29
DA:94,5
DA:97,29
DA:98,66
DA:99,37
DA:100,8
DA:101,8
DA:102,0
DA:103,0
DA:104,8
DA:105,37
DA:106,37
DA:108,29
DA:109,137
DA:110,108
DA:111,79
DA:112,29
DA:113,50
DA:114,50
DA:115,79
DA:116,108
DA:117,108
DA:119,29
DA:120,29
DA:121,29
DA:122,29
DA:123,29
BRDA:18,0,0,0
BRDA:18,0,1,17
BRDA:27,0,0,0
BRDA:27,0,1,2446
BRDA:31,0,0,2392
BRDA:31,0,1,54
BRDA:35,0,0,0
BRDA:35,0,1,54
BRDA:39,0,0,2
BRDA:39,0,1,52
BRDA:55,0,0,21
BRDA:55,0,1,31
BRDA:57,0,0,6
BRDA:57,0,1,46
BRDA:59,0,0,2
BRDA:59,0,1,50
BRDA:61,0,0,7
BRDA:61,0,1,45
BRDA:63,0,0,6
BRDA:63,0,1,46
BRDA:67,0,0,22
BRDA:67,0,1,30
BRDA:67,1,2,1
BRDA:67,1,3,29
BRDA:72,0,0,9
BRDA:72,0,1,20
BRDA:74,0,0,24
BRDA:74,0,1,5
BRDA:76,0,0,28
BRDA:76,0,1,1
BRDA:78,0,0,23
BRDA:78,0,1,6
BRDA:80,0,0,24
BRDA:80,0,1,5
BRDA:85,0,0,20
BRDA:85,0,1,9
BRDA:87,0,0,5
BRDA:87,0,1,24
BRDA:89,0,0,1
BRDA:89,0,1,28
BRDA:91,0,0,6
BRDA:91,0,1,23
BRDA:93,0,0,5
BRDA:93,0,1,24
BRDA:98,0,0,37
BRDA:98,0,1,29
BRDA:99,0,0,8
BRDA:99,0,1,29
BRDA:100,0,0,8
BRDA:100,0,1,0
BRDA:109,0,0,108
BRDA:109,0,1,29
BRDA:110,0,0,79
BRDA:110,0,1,29
BRDA:111,0,0,29
BRDA:111,0,1,50
BRF:56
BRH:52
LF:84
LH:79
end_of_record
SF:src/automotive/cpp23/RuleOfFiveCheck.h
FN:41,_ZN5clang4tidy10automotive15RuleOfFiveCheckC2EN4llvm9StringRefEPNS0_16ClangTidyContextE
FN:45,_ZNK5clang4tidy10automotive15RuleOfFiveCheck26isLanguageVersionSupportedERKNS_11LangOptionsE
FN:43,_ZN5clang4tidy10automotive15RuleOfFiveCheckD2Ev
FNDA:131,_ZN5clang4tidy10automotive15RuleOfFiveCheckC2EN4llvm9StringRefEPNS0_16ClangTidyContextE
FNDA:131,_ZNK5clang4tidy10automotive15RuleOfFiveCheck26isLanguageVersionSupportedERKNS_11LangOptionsE
FNDA:131,_ZN5clang4tidy10automotive15RuleOfFiveCheckD2Ev
FNF:3
FNH:3
DA:41,131
DA:43,131
DA:45,131
DA:46,131
DA:47,131
BRF:0
BRH:0
LF:5
LH:5
end_of_record
SF:src/automotive/cpp23/UnconstrainedTemplateCheck.cpp
FN:31,_ZN5clang4tidy10automotive26UnconstrainedTemplateCheck16registerMatchersEPNS_12ast_matchers11MatchFinderE
FN:44,_ZNK5clang4tidy10automotive26UnconstrainedTemplateCheck14hasConstraintsEPKNS_20FunctionTemplateDeclE
FN:71,_ZNK5clang4tidy10automotive26UnconstrainedTemplateCheck14hasConstraintsEPKNS_17ClassTemplateDeclE
FN:100,_ZNK5clang4tidy10automotive26UnconstrainedTemplateCheck15hasStaticAssertEPKNS_12FunctionDeclE
FN:109,_ZN5clang4tidy10automotive26UnconstrainedTemplateCheck5checkERKNS_12ast_matchers11MatchFinder11MatchResultE
FN:24,UnconstrainedTemplateCheck.cpp:_ZN5clang4tidy10automotive12_GLOBAL__N_118StaticAssertFinder21VisitStaticAssertDeclEPNS_16StaticAssertDeclE
FNDA:17,_ZN5clang4tidy10automotive26UnconstrainedTemplateCheck16registerMatchersEPNS_12ast_matchers11MatchFinderE
FNDA:3,_ZNK5clang4tidy10automotive26UnconstrainedTemplateCheck14hasConstraintsEPKNS_20FunctionTemplateDeclE
FNDA:2,_ZNK5clang4tidy10automotive26UnconstrainedTemplateCheck14hasConstraintsEPKNS_17ClassTemplateDeclE
FNDA:2,_ZNK5clang4tidy10automotive26UnconstrainedTemplateCheck15hasStaticAssertEPKNS_12FunctionDeclE
FNDA:5,_ZN5clang4tidy10automotive26UnconstrainedTemplateCheck5checkERKNS_12ast_matchers11MatchFinder11MatchResultE
FNDA:1,UnconstrainedTemplateCheck.cpp:_ZN5clang4tidy10automotive12_GLOBAL__N_118StaticAssertFinder21VisitStaticAssertDeclEPNS_16StaticAssertDeclE
FNF:6
FNH:6
DA:24,1
DA:25,1
DA:26,1
DA:27,1
DA:31,17
DA:33,17
DA:34,17
DA:35,17
DA:38,17
DA:39,17
DA:40,17
DA:41,17
DA:44,3
DA:46,3
DA:47,3
DA:48,0
DA:49,3
DA:52,3
DA:53,3
DA:54,0
DA:56,3
DA:58,3
DA:59,2
DA:60,0
DA:61,2
DA:63,3
DA:64,1
DA:65,3
DA:67,2
DA:68,3
DA:71,2
DA:73,2
DA:74,2
DA:75,0
DA:77,2
DA:79,2
DA:80,2
DA:81,0
DA:82,2
DA:84,2
DA:85,0
DA:86,2
DA:89,2
DA:91,4
DA:92,4
DA:93,1
DA:94,4
DA:95,2
DA:97,1
DA:98,2
DA:100,2
DA:101,2
DA:102,0
DA:104,2
DA:105,2
DA:106,2
DA:107,2
DA:109,5
DA:110,5
DA:111,5
DA:113,3
DA:114,1
DA:117,2
DA:118,2
DA:119,1
DA:123,1
DA:124,0
DA:127,1
DA:128,0
DA:129,1
DA:131,1
DA:132,1
DA:133,1
DA:134,1
DA:135,1
DA:136,2
DA:138,2
DA:139,2
DA:141,2
DA:142,1
DA:144,1
DA:145,1
DA:146,1
DA:147,1
DA:148,1
DA:149,2
BRDA:46,0,0,3
BRDA:46,0,1,0
BRDA:47,0,0,0
BRDA:47,0,1,3
BRDA:53,0,0,0
BRDA:53,0,1,3
BRDA:56,0,0,3
BRDA:56,0,1,2
BRDA:58,0,0,2
BRDA:58,0,1,1
BRDA:59,0,0,0
BRDA:59,0,1,2
BRDA:63,0,0,1
BRDA:63,0,1,2
BRDA:74,0,0,0
BRDA:74,0,1,2
BRDA:77,0,0,2
BRDA:77,0,1,2
BRDA:79,0,0,2
BRDA:79,0,1,0
BRDA:80,0,0,0
BRDA:80,0,1,2
BRDA:84,0,0,0
BRDA:84,0,1,2
BRDA:89,0,0,2
BRDA:89,0,1,0
BRDA:91,0,0,4
BRDA:91,0,1,1
BRDA:92,0,0,1
BRDA:92,0,1,3
BRDA:101,0,0,0
BRDA:101,0,1,2
BRDA:110,0,0,3
BRDA:110,0,1,2
BRDA:113,0,0,1
BRDA:113,0,1,2
BRDA:117,0,0,2
BRDA:117,0,1,0
BRDA:118,0,0,1
BRDA:118,0,1,1
BRDA:123,0,0,0
BRDA:123,0,1,1
BRDA:127,0,0,0
BRDA:127,0,1,1
BRDA:138,0,0,2
BRDA:138,0,1,0
BRDA:141,0,0,1
BRDA:141,0,1,1
BRF:48
BRH:34
LF:86
LH:77
end_of_record
SF:src/automotive/cpp23/UnconstrainedTemplateCheck.h
FN:49,_ZN5clang4tidy10automotive26UnconstrainedTemplateCheckC2EN4llvm9StringRefEPNS0_16ClangTidyContextE
FN:53,_ZNK5clang4tidy10automotive26UnconstrainedTemplateCheck26isLanguageVersionSupportedERKNS_11LangOptionsE
FN:51,_ZN5clang4tidy10automotive26UnconstrainedTemplateCheckD2Ev
FNDA:131,_ZN5clang4tidy10automotive26UnconstrainedTemplateCheckC2EN4llvm9StringRefEPNS0_16ClangTidyContextE
FNDA:131,_ZNK5clang4tidy10automotive26UnconstrainedTemplateCheck26isLanguageVersionSupportedERKNS_11LangOptionsE
FNDA:131,_ZN5clang4tidy10automotive26UnconstrainedTemplateCheckD2Ev
FNF:3
FNH:3
DA:49,131
DA:51,131
DA:53,131
DA:54,131
DA:55,131
BRF:0
BRH:0
LF:5
LH:5
end_of_record
SF:src/automotive/cpp23/VirtualDestructorCheck.cpp
FN:18,_ZN5clang4tidy10automotive22VirtualDestructorCheck16registerMatchersEPNS_12ast_matchers11MatchFinderE
FN:45,_ZN5clang4tidy10automotive22VirtualDestructorCheck5checkERKNS_12ast_matchers11MatchFinder11MatchResultE
FN:32,VirtualDestructorCheck.cpp:_ZN5clang4tidy10automotiveL26hasVirtualDestructorInBaseEPKNS_13CXXRecordDeclE
FN:34,VirtualDestructorCheck.cpp:_ZZN5clang4tidy10automotiveL26hasVirtualDestructorInBaseEPKNS_13CXXRecordDeclEENK3$_0clERKNS_16CXXBaseSpecifierE
FNDA:17,_ZN5clang4tidy10automotive22VirtualDestructorCheck16registerMatchersEPNS_12ast_matchers11MatchFinderE
FNDA:52,_ZN5clang4tidy10automotive22VirtualDestructorCheck5checkERKNS_12ast_matchers11MatchFinder11MatchResultE
FNDA:5,VirtualDestructorCheck.cpp:_ZN5clang4tidy10automotiveL26hasVirtualDestructorInBaseEPKNS_13CXXRecordDeclE
FNDA:2,VirtualDestructorCheck.cpp:_ZZN5clang4tidy10automotiveL26hasVirtualDestructorInBaseEPKNS_13CXXRecordDeclEENK3$_0clERKNS_16CXXBaseSpecifierE
FNF:4
FNH:4
DA:18,17
DA:20,17
DA:21,0
DA:24,17
DA:25,17
DA:26,17
DA:27,17
DA:28,17
DA:29,17
DA:32,5
DA:33,5
DA:34,5
DA:35,2
DA:36,2
DA:37,2
DA:38,0
DA:39,2
DA:40,2
DA:41,2
DA:42,2
DA:43,5
DA:45,52
DA:46,52
DA:47,52
DA:48,0
DA:51,52
DA:52,38
DA:55,14
DA:59,14
DA:60,5
DA:61,3
DA:62,3
DA:63,3
DA:64,3
DA:65,5
DA:66,5
DA:69,9
DA:70,3
DA:71,3
DA:72,3
DA:73,9
BRDA:20,0,0,0
BRDA:20,0,1,17
BRDA:37,0,0,0
BRDA:37,0,1,2
BRDA:37,1,2,0
BRDA:37,1,3,2
BRDA:41,0,0,2
BRDA:41,0,1,0
BRDA:41,1,2,2
BRDA:41,1,3,0
BRDA:47,0,0,0
BRDA:47,0,1,52
BRDA:47,1,2,0
BRDA:47,1,3,52
BRDA:51,0,0,38
BRDA:51,0,1,14
BRDA:59,0,0,0
BRDA:59,0,1,14
BRDA:59,1,2,5
BRDA:59,1,3,9
BRDA:60,0,0,3
BRDA:60,0,1,2
BRDA:69,0,0,3
BRDA:69,0,1,6
BRF:24
BRH:16
LF:50
LH:38
end_of_record
SF:src/automotive/cpp23/VirtualDestructorCheck.h
FN:44,_ZN5clang4tidy10automotive22VirtualDestructorCheckC2EN4llvm9StringRefEPNS0_16ClangTidyContextE
FN:52,_ZNK5clang4tidy10automotive22VirtualDestructorCheck26isLanguageVersionSupportedERKNS_11LangOptionsE
FN:47,_ZN5clang4tidy10automotive22VirtualDestructorCheckD2Ev
FNDA:131,_ZN5clang4tidy10automotive22VirtualDestructorCheckC2EN4llvm9StringRefEPNS0_16ClangTidyContextE
FNDA:131,_ZNK5clang4tidy10automotive22VirtualDestructorCheck26isLanguageVersionSupportedERKNS_11LangOptionsE
FNDA:131,_ZN5clang4tidy10automotive22VirtualDestructorCheckD2Ev
FNF:3
FNH:3
DA:44,131
DA:47,131
DA:52,131
DA:53,131
DA:54,131
BRF:0
BRH:0
LF:5
LH:5
end_of_record
SF:src/automotive/expression/AvoidAssignmentInExpressionCheck.cpp
FN:18,_ZN5clang4tidy10automotive32AvoidAssignmentInExpressionCheck16registerMatchersEPNS_12ast_matchers11MatchFinderE
FN:26,_ZN5clang4tidy10automotive32AvoidAssignmentInExpressionCheck5checkERKNS_12ast_matchers11MatchFinder11MatchResultE
FNDA:131,_ZN5clang4tidy10automotive32AvoidAssignmentInExpressionCheck16registerMatchersEPNS_12ast_matchers11MatchFinderE
FNDA:28,_ZN5clang4tidy10automotive32AvoidAssignmentInExpressionCheck5checkERKNS_12ast_matchers11MatchFinder11MatchResultE
FNF:2
FNH:2
DA:18,131
DA:19,131
DA:20,131
DA:21,131
DA:22,131
DA:23,131
DA:26,28
DA:27,28
DA:29,28
DA:30,28
DA:31,28
DA:32,28
DA:33,28
DA:34,28
BRDA:29,0,0,28
BRDA:29,0,1,0
BRF:2
BRH:1
LF:14
LH:14
end_of_record
SF:src/automotive/expression/AvoidAssignmentInExpressionCheck.h
FN:37,_ZN5clang4tidy10automotive32AvoidAssignmentInExpressionCheckC2EN4llvm9StringRefEPNS0_16ClangTidyContextE
FN:40,_ZN5clang4tidy10automotive32AvoidAssignmentInExpressionCheckD2Ev
FNDA:131,_ZN5clang4tidy10automotive32AvoidAssignmentInExpressionCheckC2EN4llvm9StringRefEPNS0_16ClangTidyContextE
FNDA:131,_ZN5clang4tidy10automotive32AvoidAssignmentInExpressionCheckD2Ev
FNF:2
FNH:2
DA:37,131
DA:40,131
BRF:0
BRH:0
LF:2
LH:2
end_of_record
SF:src/automotive/expression/AvoidCharacterArithmeticCheck.cpp
FN:17,_ZN5clang4tidy10automotive29AvoidCharacterArithmeticCheck16registerMatchersEPNS_12ast_matchers11MatchFinderE
FN:25,_ZN5clang4tidy10automotive29AvoidCharacterArithmeticCheck5checkERKNS_12ast_matchers11MatchFinder11MatchResultE
FN:47,_ZNK5clang4tidy10automotive29AvoidCharacterArithmeticCheck15isCharacterTypeENS_8QualTypeE
FNDA:131,_ZN5clang4tidy10automotive29AvoidCharacterArithmeticCheck16registerMatchersEPNS_12ast_matchers11MatchFinderE
FNDA:621,_ZN5clang4tidy10automotive29AvoidCharacterArithmeticCheck5checkERKNS_12ast_matchers11MatchFinder11MatchResultE
FNDA:482,_ZNK5clang4tidy10automotive29AvoidCharacterArithmeticCheck15isCharacterTypeENS_8QualTypeE
FNF:3
FNH:3
DA:17,131
DA:19,131
DA:20,131
DA:21,131
DA:22,131
DA:25,621
DA:26,621
DA:27,621
DA:28,0
DA:30,621
DA:31,380
DA:33,241
DA:34,241
DA:36,241
DA:37,241
DA:40,241
DA:41,16
DA:42,16
DA:43,16
DA:44,16
DA:45,241
DA:47,482
DA:48,482
DA:49,482
DA:50,482
BRDA:27,0,0,0
BRDA:27,0,1,621
BRDA:30,0,0,380
BRDA:30,0,1,241
BRDA:40,0,0,20
BRDA:40,0,1,221
BRDA:40,1,2,16
BRDA:40,1,3,4
BRF:8
BRH:7
LF:25
LH:24
end_of_record
SF:src/automotive/expression/AvoidCharacterArithmeticCheck.h
FN:37,_ZN5clang4tidy10automotive29AvoidCharacterArithmeticCheckC2EN4llvm9StringRefEPNS0_16ClangTidyContextE
FN:40,_ZN5clang4tidy10automotive29AvoidCharacterArithmeticCheckD2Ev
FNDA:131,_ZN5clang4tidy10automotive29AvoidCharacterArithmeticCheckC2EN4llvm9StringRefEPNS0_16ClangTidyContextE
FNDA:131,_ZN5clang4tidy10automotive29AvoidCharacterArithmeticCheckD2Ev
FNF:2
FNH:2
DA:37,131
DA:40,131
BRF:0
BRH:0
LF:2
LH:2
end_of_record
SF:src/automotive/expression/AvoidCompositeExpressionMismatchCheck.cpp
FN:18,_ZN5clang4tidy10automotive37AvoidCompositeExpressionMismatchCheck16registerMatchersEPNS_12ast_matchers11MatchFinderE
FN:46,_ZN5clang4tidy10automotive37AvoidCompositeExpressionMismatchCheck5checkERKNS_12ast_matchers11MatchFinder11MatchResultE
FN:93,_ZNK5clang4tidy10automotive37AvoidCompositeExpressionMismatchCheck12getTypeWidthENS_8QualTypeERKNS_10ASTContextE
FN:101,_ZNK5clang4tidy10automotive37AvoidCompositeExpressionMismatchCheck21isCompositeExpressionEPKNS_4ExprE
FNDA:131,_ZN5clang4tidy10automotive37AvoidCompositeExpressionMismatchCheck16registerMatchersEPNS_12ast_matchers11MatchFinderE
FNDA:209,_ZN5clang4tidy10automotive37AvoidCompositeExpressionMismatchCheck5checkERKNS_12ast_matchers11MatchFinder11MatchResultE
FNDA:298,_ZNK5clang4tidy10automotive37AvoidCompositeExpressionMismatchCheck12getTypeWidthENS_8QualTypeERKNS_10ASTContextE
FNDA:0,_ZNK5clang4tidy10automotive37AvoidCompositeExpressionMismatchCheck21isCompositeExpressionEPKNS_4ExprE
FNF:4
FNH:3
DA:18,131
DA:21,131
DA:22,131
DA:23,131
DA:24,131
DA:25,131
DA:26,131
DA:27,131
DA:28,131
DA:29,131
DA:30,131
DA:34,131
DA:35,131
DA:36,131
DA:37,131
DA:38,131
DA:39,131
DA:40,131
DA:41,131
DA:42,131
DA:43,131
DA:46,209
DA:48,209
DA:49,191
DA:50,50
DA:52,141
DA:53,141
DA:54,0
DA:56,141
DA:57,141
DA:58,141
DA:60,141
DA:61,7
DA:62,7
DA:63,7
DA:64,7
DA:65,141
DA:66,141
DA:69,18
DA:70,18
DA:71,10
DA:73,8
DA:74,8
DA:75,8
DA:76,0
DA:78,8
DA:79,8
DA:81,8
DA:82,8
DA:84,8
DA:85,3
DA:86,3
DA:87,3
DA:88,3
DA:89,8
DA:90,18
DA:93,298
DA:94,298
DA:95,298
DA:96,287
DA:97,11
DA:98,298
DA:101,0
DA:102,0
DA:103,0
DA:104,0
DA:105,0
DA:106,0
BRDA:48,0,0,191
BRDA:48,0,1,18
BRDA:49,0,0,50
BRDA:49,0,1,141
BRDA:53,0,0,0
BRDA:53,0,1,141
BRDA:60,0,0,7
BRDA:60,0,1,134
BRDA:69,0,0,18
BRDA:69,0,1,0
BRDA:70,0,0,10
BRDA:70,0,1,8
BRDA:75,0,0,0
BRDA:75,0,1,8
BRDA:84,0,0,3
BRDA:84,0,1,5
BRDA:95,0,0,287
BRDA:95,0,1,11
BRDA:95,1,2,0
BRDA:95,1,3,11
BRDA:102,0,0,-
BRDA:102,0,1,-
BRDA:103,0,0,-
BRDA:103,0,1,-
BRDA:103,1,2,-
BRDA:103,1,3,-
BRDA:104,0,0,-
BRDA:104,0,1,-
BRDA:104,1,2,-
BRDA:104,1,3,-
BRF:30
BRH:16
LF:68
LH:60
end_of_record
SF:src/automotive/expression/AvoidCompositeExpressionMismatchCheck.h
FN:38,_ZN5clang4tidy10automotive37AvoidCompositeExpressionMismatchCheckC2EN4llvm9StringRefEPNS0_16ClangTidyContextE
FN:41,_ZN5clang4tidy10automotive37AvoidCompositeExpressionMismatchCheckD2Ev
FNDA:131,_ZN5clang4tidy10automotive37AvoidCompositeExpressionMismatchCheckC2EN4llvm9StringRefEPNS0_16ClangTidyContextE
FNDA:131,_ZN5clang4tidy10automotive37AvoidCompositeExpressionMismatchCheckD2Ev
FNF:2
FNH:2
DA:38,131
DA:41,131
BRF:0
BRH:0
LF:2
LH:2
end_of_record
SF:src/automotive/expression/AvoidConstantWrapAroundCheck.cpp
FN:146,_ZN5clang4tidy10automotive28AvoidConstantWrapAroundCheck16registerMatchersEPNS_12ast_matchers11MatchFinderE
FN:154,_ZN5clang4tidy10automotive28AvoidConstantWrapAroundCheck5checkERKNS_12ast_matchers11MatchFinder11MatchResultE
FN:88,AvoidConstantWrapAroundCheck.cpp:_ZN5clang4tidy10automotive12_GLOBAL__N_117WrapAroundCheckerC2ERNS_10ASTContextE
FN:90,AvoidConstantWrapAroundCheck.cpp:_ZNK5clang4tidy10automotive12_GLOBAL__N_117WrapAroundChecker15foundWrapAroundEv
FN:91,AvoidConstantWrapAroundCheck.cpp:_ZNK5clang4tidy10automotive12_GLOBAL__N_117WrapAroundChecker16getWrapAroundLocEv
FN:120,AvoidConstantWrapAroundCheck.cpp:_ZN5clang4tidy10automotive12_GLOBAL__N_117WrapAroundChecker18VisitUnaryOperatorEPNS_13UnaryOperatorE
FN:93,AvoidConstantWrapAroundCheck.cpp:_ZN5clang4tidy10automotive12_GLOBAL__N_117WrapAroundChecker19VisitBinaryOperatorEPNS_14BinaryOperatorE
FN:41,AvoidConstantWrapAroundCheck.cpp:_ZN5clang4tidy10automotive12_GLOBAL__N_126checkSubtractionWrapAroundEPNS_14BinaryOperatorERNS_10ASTContextE
FN:25,AvoidConstantWrapAroundCheck.cpp:_ZN5clang4tidy10automotive12_GLOBAL__N_122evaluateBinaryOperandsEPNS_14BinaryOperatorERNS_10ASTContextERN4llvm6APSIntES9_
FN:51,AvoidConstantWrapAroundCheck.cpp:_ZN5clang4tidy10automotive12_GLOBAL__N_123checkAdditionWrapAroundEPNS_14BinaryOperatorERNS_10ASTContextE
FN:66,AvoidConstantWrapAroundCheck.cpp:_ZN5clang4tidy10automotive12_GLOBAL__N_129checkMultiplicationWrapAroundEPNS_14BinaryOperatorERNS_10ASTContextE
FNDA:131,_ZN5clang4tidy10automotive28AvoidConstantWrapAroundCheck16registerMatchersEPNS_12ast_matchers11MatchFinderE
FNDA:2390,_ZN5clang4tidy10automotive28AvoidConstantWrapAroundCheck5checkERKNS_12ast_matchers11MatchFinder11MatchResultE
FNDA:15,AvoidConstantWrapAroundCheck.cpp:_ZN5clang4tidy10automotive12_GLOBAL__N_117WrapAroundCheckerC2ERNS_10ASTContextE
FNDA:15,AvoidConstantWrapAroundCheck.cpp:_ZNK5clang4tidy10automotive12_GLOBAL__N_117WrapAroundChecker15foundWrapAroundEv
FNDA:6,AvoidConstantWrapAroundCheck.cpp:_ZNK5clang4tidy10automotive12_GLOBAL__N_117WrapAroundChecker16getWrapAroundLocEv
FNDA:3,AvoidConstantWrapAroundCheck.cpp:_ZN5clang4tidy10automotive12_GLOBAL__N_117WrapAroundChecker18VisitUnaryOperatorEPNS_13UnaryOperatorE
FNDA:12,AvoidConstantWrapAroundCheck.cpp:_ZN5clang4tidy10automotive12_GLOBAL__N_117WrapAroundChecker19VisitBinaryOperatorEPNS_14BinaryOperatorE
FNDA:4,AvoidConstantWrapAroundCheck.cpp:_ZN5clang4tidy10automotive12_GLOBAL__N_126checkSubtractionWrapAroundEPNS_14BinaryOperatorERNS_10ASTContextE
FNDA:12,AvoidConstantWrapAroundCheck.cpp:_ZN5clang4tidy10automotive12_GLOBAL__N_122evaluateBinaryOperandsEPNS_14BinaryOperatorERNS_10ASTContextERN4llvm6APSIntES9_
FNDA:5,AvoidConstantWrapAroundCheck.cpp:_ZN5clang4tidy10automotive12_GLOBAL__N_123checkAdditionWrapAroundEPNS_14BinaryOperatorERNS_10ASTContextE
FNDA:3,AvoidConstantWrapAroundCheck.cpp:_ZN5clang4tidy10automotive12_GLOBAL__N_129checkMultiplicationWrapAroundEPNS_14BinaryOperatorERNS_10ASTContextE
FNF:11
FNH:11
DA:25,12
DA:26,12
DA:27,12
DA:28,12
DA:29,12
DA:30,0
DA:32,12
DA:33,0
DA:35,12
DA:36,12
DA:37,12
DA:38,12
DA:41,4
DA:42,4
DA:43,4
DA:44,4
DA:45,0
DA:47,4
DA:48,4
DA:51,5
DA:52,5
DA:53,5
DA:54,0
DA:56,5
DA:57,5
DA:58,5
DA:59,0
DA:61,5
DA:62,5
DA:63,5
DA:66,3
DA:67,3
DA:68,3
DA:69,0
DA:71,3
DA:72,3
DA:73,3
DA:74,0
DA:76,3
DA:77,0
DA:79,3
DA:80,3
DA:81,3
DA:82,3
DA:83,3
DA:88,15
DA:90,15
DA:91,6
DA:93,12
DA:94,12
DA:95,0
DA:97,12
DA:98,12
DA:99,4
DA:100,4
DA:101,4
DA:102,5
DA:103,5
DA:104,5
DA:105,3
DA:106,3
DA:107,3
DA:108,0
DA:109,0
DA:110,12
DA:112,12
DA:113,4
DA:114,4
DA:115,4
DA:116,4
DA:117,8
DA:118,12
DA:120,3
DA:121,3
DA:122,0
DA:123,3
DA:124,0
DA:126,3
DA:127,3
DA:128,0
DA:130,3
DA:131,2
DA:132,2
DA:133,2
DA:134,2
DA:135,1
DA:136,3
DA:146,131
DA:148,131
DA:149,131
DA:150,131
DA:151,131
DA:154,2390
DA:155,2390
DA:156,2390
DA:158,2390
DA:159,0
DA:162,2390
DA:163,1456
DA:166,934
DA:167,866
DA:170,68
DA:171,68
DA:172,53
DA:175,15
DA:176,15
DA:177,0
DA:180,15
DA:181,15
DA:182,15
DA:185,15
DA:186,6
DA:187,6
DA:188,6
DA:189,6
DA:190,15
BRDA:28,0,0,0
BRDA:28,0,1,12
BRDA:29,0,0,0
BRDA:29,0,1,12
BRDA:32,0,0,0
BRDA:32,0,1,12
BRDA:32,1,2,0
BRDA:32,1,3,12
BRDA:44,0,0,0
BRDA:44,0,1,4
BRDA:53,0,0,0
BRDA:53,0,1,5
BRDA:53,1,2,0
BRDA:53,1,3,5
BRDA:58,0,0,0
BRDA:58,0,1,5
BRDA:62,0,0,2
BRDA:62,0,1,3
BRDA:62,1,2,0
BRDA:62,1,3,3
BRDA:68,0,0,0
BRDA:68,0,1,3
BRDA:68,1,2,0
BRDA:68,1,3,3
BRDA:73,0,0,0
BRDA:73,0,1,3
BRDA:76,0,0,0
BRDA:76,0,1,3
BRDA:76,1,2,0
BRDA:76,1,3,3
BRDA:94,0,0,0
BRDA:94,0,1,12
BRDA:99,0,0,4
BRDA:99,0,1,8
BRDA:102,0,0,5
BRDA:102,0,1,7
BRDA:105,0,0,3
BRDA:105,0,1,9
BRDA:108,0,0,0
BRDA:108,0,1,12
BRDA:112,0,0,4
BRDA:112,0,1,8
BRDA:121,0,0,0
BRDA:121,0,1,3
BRDA:123,0,0,0
BRDA:123,0,1,3
BRDA:127,0,0,0
BRDA:127,0,1,3
BRDA:130,0,0,3
BRDA:130,0,1,0
BRDA:130,1,2,2
BRDA:130,1,3,1
BRDA:158,0,0,0
BRDA:158,0,1,2390
BRDA:158,1,2,0
BRDA:158,1,3,2390
BRDA:162,0,0,1456
BRDA:162,0,1,934
BRDA:166,0,0,866
BRDA:166,0,1,68
BRDA:166,1,2,908
BRDA:166,1,3,26
BRDA:166,2,4,866
BRDA:166,2,5,42
BRDA:171,0,0,53
BRDA:171,0,1,15
BRDA:176,0,0,0
BRDA:176,0,1,15
BRDA:185,0,0,6
BRDA:185,0,1,9
BRF:70
BRH:47
LF:116
LH:100
end_of_record
SF:src/automotive/expression/AvoidConstantWrapAroundCheck.h
FN:39,_ZN5clang4tidy10automotive28AvoidConstantWrapAroundCheckC2EN4llvm9StringRefEPNS0_16ClangTidyContextE
FN:42,_ZN5clang4tidy10automotive28AvoidConstantWrapAroundCheckD2Ev
FNDA:131,_ZN5clang4tidy10automotive28AvoidConstantWrapAroundCheckC2EN4llvm9StringRefEPNS0_16ClangTidyContextE
FNDA:131,_ZN5clang4tidy10automotive28AvoidConstantWrapAroundCheckD2Ev
FNF:2
FNH:2
DA:39,131
DA:42,131
BRF:0
BRH:0
LF:2
LH:2
end_of_record
SF:src/automotive/expression/AvoidEssentialTypeMismatchCheck.cpp
FN:17,_ZN5clang4tidy10automotive31AvoidEssentialTypeMismatchCheck16registerMatchersEPNS_12ast_matchers11MatchFinderE
FN:28,_ZN5clang4tidy10automotive31AvoidEssentialTypeMismatchCheck5checkERKNS_12ast_matchers11MatchFinder11MatchResultE
FN:60,_ZNK5clang4tidy10automotive31AvoidEssentialTypeMismatchCheck16getEssentialTypeENS_8QualTypeE
FN:86,_ZNK5clang4tidy10automotive31AvoidEssentialTypeMismatchCheck20getEssentialTypeNameENS2_13EssentialTypeE
FNDA:131,_ZN5clang4tidy10automotive31AvoidEssentialTypeMismatchCheck16registerMatchersEPNS_12ast_matchers11MatchFinderE
FNDA:1860,_ZN5clang4tidy10automotive31AvoidEssentialTypeMismatchCheck5checkERKNS_12ast_matchers11MatchFinder11MatchResultE
FNDA:1076,_ZNK5clang4tidy10automotive31AvoidEssentialTypeMismatchCheck16getEssentialTypeENS_8QualTypeE
FNDA:32,_ZNK5clang4tidy10automotive31AvoidEssentialTypeMismatchCheck20getEssentialTypeNameENS2_13EssentialTypeE
FNF:4
FNH:4
DA:17,131
DA:19,131
DA:20,131
DA:21,131
DA:22,131
DA:23,131
DA:24,131
DA:25,131
DA:28,1860
DA:29,1860
DA:30,1860
DA:31,0
DA:33,1860
DA:34,1322
DA:36,538
DA:37,538
DA:39,538
DA:40,538
DA:43,538
DA:44,489
DA:45,49
DA:46,15
DA:49,34
DA:50,34
DA:51,34
DA:52,29
DA:53,16
DA:54,16
DA:55,16
DA:56,16
DA:57,34
DA:60,1076
DA:61,1076
DA:63,1076
DA:64,6
DA:66,1070
DA:67,44
DA:69,1026
DA:70,2
DA:72,1024
DA:73,4
DA:75,1020
DA:76,963
DA:77,68
DA:78,895
DA:79,895
DA:80,895
DA:82,57
DA:83,1020
DA:86,32
DA:87,32
DA:88,0
DA:89,0
DA:90,0
DA:91,0
DA:92,16
DA:93,16
DA:94,16
DA:95,16
DA:96,0
DA:97,0
DA:98,0
DA:99,0
DA:100,0
DA:101,0
DA:102,32
DA:103,0
DA:104,32
BRDA:30,0,0,0
BRDA:30,0,1,1860
BRDA:33,0,0,1322
BRDA:33,0,1,538
BRDA:43,0,0,489
BRDA:43,0,1,49
BRDA:45,0,0,14
BRDA:45,0,1,35
BRDA:45,1,2,1
BRDA:45,1,3,34
BRDA:49,0,0,8
BRDA:49,0,1,26
BRDA:50,0,0,5
BRDA:50,0,1,3
BRDA:51,0,0,11
BRDA:51,0,1,18
BRDA:52,0,0,11
BRDA:52,0,1,0
BRDA:63,0,0,6
BRDA:63,0,1,1070
BRDA:66,0,0,44
BRDA:66,0,1,1026
BRDA:69,0,0,2
BRDA:69,0,1,1024
BRDA:72,0,0,4
BRDA:72,0,1,1020
BRDA:75,0,0,963
BRDA:75,0,1,57
BRDA:76,0,0,68
BRDA:76,0,1,895
BRDA:78,0,0,895
BRDA:78,0,1,0
BRDA:87,0,0,32
BRDA:87,0,1,0
BRDA:88,0,0,0
BRDA:88,0,1,32
BRDA:90,0,0,0
BRDA:90,0,1,32
BRDA:92,0,0,16
BRDA:92,0,1,16
BRDA:94,0,0,16
BRDA:94,0,1,16
BRDA:96,0,0,0
BRDA:96,0,1,32
BRDA:98,0,0,0
BRDA:98,0,1,32
BRDA:100,0,0,0
BRDA:100,0,1,32
BRF:48
BRH:39
LF:68
LH:56
end_of_record
SF:src/automotive/expression/AvoidEssentialTypeMismatchCheck.h
FN:36,_ZN5clang4tidy10automotive31AvoidEssentialTypeMismatchCheckC2EN4llvm9StringRefEPNS0_16ClangTidyContextE
FN:39,_ZN5clang4tidy10automotive31AvoidEssentialTypeMismatchCheckD2Ev
FNDA:131,_ZN5clang4tidy10automotive31AvoidEssentialTypeMismatchCheckC2EN4llvm9StringRefEPNS0_16ClangTidyContextE
FNDA:131,_ZN5clang4tidy10automotive31AvoidEssentialTypeMismatchCheckD2Ev
FNF:2
FNH:2
DA:36,131
DA:39,131
BRF:0
BRH:0
LF:2
LH:2
end_of_record
SF:src/automotive/expression/AvoidInappropriateCastCheck.cpp
FN:18,_ZN5clang4tidy10automotive27AvoidInappropriateCastCheck21essentialTypeToStringENS2_13EssentialTypeE
FN:38,_ZN5clang4tidy10automotive27AvoidInappropriateCastCheck16registerMatchersEPNS_12ast_matchers11MatchFinderE
FN:44,_ZN5clang4tidy10automotive27AvoidInappropriateCastCheck5checkERKNS_12ast_matchers11MatchFinder11MatchResultE
FN:66,_ZNK5clang4tidy10automotive27AvoidInappropriateCastCheck16getEssentialTypeENS_8QualTypeE
FN:92,_ZNK5clang4tidy10automotive27AvoidInappropriateCastCheck19isInappropriateCastENS2_13EssentialTypeES3_
FNDA:12,_ZN5clang4tidy10automotive27AvoidInappropriateCastCheck21essentialTypeToStringENS2_13EssentialTypeE
FNDA:131,_ZN5clang4tidy10automotive27AvoidInappropriateCastCheck16registerMatchersEPNS_12ast_matchers11MatchFinderE
FNDA:603,_ZN5clang4tidy10automotive27AvoidInappropriateCastCheck5checkERKNS_12ast_matchers11MatchFinder11MatchResultE
FNDA:822,_ZNK5clang4tidy10automotive27AvoidInappropriateCastCheck16getEssentialTypeENS_8QualTypeE
FNDA:411,_ZNK5clang4tidy10automotive27AvoidInappropriateCastCheck19isInappropriateCastENS2_13EssentialTypeES3_
FNF:5
FNH:5
DA:18,12
DA:19,12
DA:20,2
DA:21,2
DA:22,0
DA:23,0
DA:24,3
DA:25,3
DA:26,3
DA:27,3
DA:28,0
DA:29,0
DA:30,0
DA:31,0
DA:32,4
DA:33,4
DA:34,12
DA:35,0
DA:36,12
DA:38,131
DA:40,131
DA:41,131
DA:44,603
DA:45,603
DA:46,603
DA:47,0
DA:49,603
DA:50,192
DA:52,411
DA:53,411
DA:55,411
DA:56,411
DA:58,411
DA:59,6
DA:60,6
DA:61,6
DA:62,6
DA:63,411
DA:66,822
DA:67,822
DA:69,822
DA:70,3
DA:72,819
DA:73,31
DA:75,788
DA:76,0
DA:78,788
DA:79,16
DA:81,772
DA:82,246
DA:83,39
DA:84,207
DA:85,207
DA:86,207
DA:88,526
DA:89,772
DA:92,411
DA:94,411
DA:95,0
DA:98,411
DA:99,3
DA:102,408
DA:103,408
DA:104,3
DA:107,405
DA:108,0
DA:110,405
DA:111,405
BRDA:19,0,0,12
BRDA:19,0,1,0
BRDA:20,0,0,2
BRDA:20,0,1,10
BRDA:22,0,0,0
BRDA:22,0,1,12
BRDA:24,0,0,3
BRDA:24,0,1,9
BRDA:26,0,0,3
BRDA:26,0,1,9
BRDA:28,0,0,0
BRDA:28,0,1,12
BRDA:30,0,0,0
BRDA:30,0,1,12
BRDA:32,0,0,4
BRDA:32,0,1,8
BRDA:46,0,0,0
BRDA:46,0,1,603
BRDA:49,0,0,192
BRDA:49,0,1,411
BRDA:58,0,0,6
BRDA:58,0,1,405
BRDA:69,0,0,3
BRDA:69,0,1,819
BRDA:72,0,0,31
BRDA:72,0,1,788
BRDA:75,0,0,0
BRDA:75,0,1,788
BRDA:78,0,0,16
BRDA:78,0,1,772
BRDA:81,0,0,246
BRDA:81,0,1,526
BRDA:82,0,0,39
BRDA:82,0,1,207
BRDA:84,0,0,207
BRDA:84,0,1,0
BRDA:94,0,0,0
BRDA:94,0,1,411
BRDA:94,1,2,-
BRDA:94,1,3,-
BRDA:98,0,0,3
BRDA:98,0,1,408
BRDA:98,1,2,3
BRDA:98,1,3,0
BRDA:102,0,0,3
BRDA:102,0,1,405
BRDA:102,1,2,3
BRDA:102,1,3,0
BRDA:103,0,0,3
BRDA:103,0,1,0
BRDA:107,0,0,0
BRDA:107,0,1,405
BRDA:107,1,2,-
BRDA:107,1,3,-
BRF:54
BRH:38
LF:68
LH:57
end_of_record
[...]
DA:37,18410
DA:38,18410
DA:43,18410
DA:45,18410
DA:46,18410
DA:47,18410
DA:48,18410
DA:50,18410
BRDA:31,0,0,0
BRDA:31,0,1,18410
BRF:2
BRH:1
LF:18
LH:17
end_of_record
SF:src/automotive/type/ImplicitIntCheck.h
FN:36,_ZN5clang4tidy10automotive16ImplicitIntCheckC2EN4llvm9StringRefEPNS0_16ClangTidyContextE
FN:39,_ZN5clang4tidy10automotive16ImplicitIntCheckD2Ev
FNDA:131,_ZN5clang4tidy10automotive16ImplicitIntCheckC2EN4llvm9StringRefEPNS0_16ClangTidyContextE
FNDA:131,_ZN5clang4tidy10automotive16ImplicitIntCheckD2Ev
FNF:2
FNH:2
DA:36,131
DA:39,131
BRF:0
BRH:0
LF:2
LH:2
end_of_record
SF:src/automotive/type/TypeComponent.cpp
FN:21,_ZN5clang4tidy10automotive13TypeComponent17addCheckFactoriesERNS0_23ClangTidyCheckFactoriesE
FNDA:262,_ZN5clang4tidy10automotive13TypeComponent17addCheckFactoriesERNS0_23ClangTidyCheckFactoriesE
FNF:1
FNH:1
DA:21,262
DA:23,262
DA:24,262
DA:25,262
DA:26,262
DA:27,262
DA:28,262
DA:29,262
DA:30,262
DA:33,262
DA:34,262
DA:37,262
DA:38,262
DA:39,262
BRF:0
BRH:0
LF:14
LH:14
end_of_record
SF:src/automotive/type/UniqueEnumValuesCheck.cpp
FN:16,_ZN5clang4tidy10automotive21UniqueEnumValuesCheck16registerMatchersEPNS_12ast_matchers11MatchFinderE
FN:20,_ZN5clang4tidy10automotive21UniqueEnumValuesCheck5checkERKNS_12ast_matchers11MatchFinder11MatchResultE
FNDA:131,_ZN5clang4tidy10automotive21UniqueEnumValuesCheck16registerMatchersEPNS_12ast_matchers11MatchFinderE
FNDA:201,_ZN5clang4tidy10automotive21UniqueEnumValuesCheck5checkERKNS_12ast_matchers11MatchFinder11MatchResultE
FNF:2
FNH:2
DA:16,131
DA:17,131
DA:18,131
DA:20,201
DA:21,201
DA:22,201
DA:23,0
DA:25,201
DA:26,201
DA:28,346
DA:29,346
DA:30,346
DA:31,346
DA:33,346
DA:34,346
DA:35,6
DA:36,6
DA:37,6
DA:38,6
DA:39,6
DA:40,6
DA:41,340
DA:42,340
DA:43,340
DA:45,346
DA:46,346
DA:47,201
BRDA:22,0,0,0
BRDA:22,0,1,201
BRDA:28,0,0,346
BRDA:28,0,1,201
BRDA:29,0,0,261
BRDA:29,0,1,85
BRDA:34,0,0,6
BRDA:34,0,1,340
BRF:8
BRH:7
LF:27
LH:26
end_of_record
SF:src/automotive/type/UniqueEnumValuesCheck.h
FN:39,_ZN5clang4tidy10automotive21UniqueEnumValuesCheckC2EN4llvm9StringRefEPNS0_16ClangTidyContextE
FN:42,_ZN5clang4tidy10automotive21UniqueEnumValuesCheckD2Ev
FNDA:131,_ZN5clang4tidy10automotive21UniqueEnumValuesCheckC2EN4llvm9StringRefEPNS0_16ClangTidyContextE
FNDA:131,_ZN5clang4tidy10automotive21UniqueEnumValuesCheckD2Ev
FNF:2
FNH:2
DA:39,131
DA:42,131
BRF:0
BRH:0
LF:2
LH:2
end_of_record
SF:src/automotive/type/UnusedTypeCheck.cpp
FN:16,_ZN5clang4tidy10automotive15UnusedTypeCheck16registerMatchersEPNS_12ast_matchers11MatchFinderE
FN:20,_ZN5clang4tidy10automotive15UnusedTypeCheck5checkERKNS_12ast_matchers11MatchFinder11MatchResultE
FNDA:131,_ZN5clang4tidy10automotive15UnusedTypeCheck16registerMatchersEPNS_12ast_matchers11MatchFinderE
FNDA:4517,_ZN5clang4tidy10automotive15UnusedTypeCheck5checkERKNS_12ast_matchers11MatchFinder11MatchResultE
FNF:2
FNH:2
DA:16,131
DA:17,131
DA:18,131
DA:20,4517
DA:21,4517
DA:23,4517
DA:24,0
DA:25,0
DA:27,4517
DA:28,655
DA:29,655
DA:31,3862
DA:32,1437
DA:33,1437
DA:35,2425
DA:36,2425
DA:37,2425
BRDA:23,0,0,0
BRDA:23,0,1,4517
BRDA:27,0,0,655
BRDA:27,0,1,3862
BRDA:31,0,0,1437
BRDA:31,0,1,2425
BRF:6
BRH:5
LF:17
LH:15
end_of_record
SF:src/automotive/type/UnusedTypeCheck.h
FN:36,_ZN5clang4tidy10automotive15UnusedTypeCheckC2EN4llvm9StringRefEPNS0_16ClangTidyContextE
FN:39,_ZN5clang4tidy10automotive15UnusedTypeCheckD2Ev
FNDA:131,_ZN5clang4tidy10automotive15UnusedTypeCheckC2EN4llvm9StringRefEPNS0_16ClangTidyContextE
FNDA:131,_ZN5clang4tidy10automotive15UnusedTypeCheckD2Ev
FNF:2
FNH:2
DA:36,131
DA:39,131
BRF:0
BRH:0
LF:2
LH:2
end_of_record
SF:src/automotive/unused-code/UnusedCodeModule.cpp
FN:17,_ZN5clang4tidy10automotive16UnusedCodeModule17addCheckFactoriesERNS0_23ClangTidyCheckFactoriesE
FNDA:262,_ZN5clang4tidy10automotive16UnusedCodeModule17addCheckFactoriesERNS0_23ClangTidyCheckFactoriesE
FNF:1
FNH:1
DA:17,262
DA:21,262
DA:22,262
DA:25,262
DA:32,262
DA:33,262
BRF:0
BRH:0
LF:6
LH:6
end_of_record
SF:src/automotive/unused-code/UnusedObjectDefinitionCheck.cpp
FN:16,_ZN5clang4tidy10automotive27UnusedObjectDefinitionCheck16registerMatchersEPNS_12ast_matchers11MatchFinderE
FN:28,_ZN5clang4tidy10automotive27UnusedObjectDefinitionCheck5checkERKNS_12ast_matchers11MatchFinder11MatchResultE
FNDA:131,_ZN5clang4tidy10automotive27UnusedObjectDefinitionCheck16registerMatchersEPNS_12ast_matchers11MatchFinderE
FNDA:2080,_ZN5clang4tidy10automotive27UnusedObjectDefinitionCheck5checkERKNS_12ast_matchers11MatchFinder11MatchResultE
FNF:2
FNH:2
DA:16,131
DA:17,131
DA:18,131
DA:19,131
DA:20,131
DA:22,131
DA:23,131
DA:24,131
DA:25,131
DA:28,2080
DA:29,2080
DA:30,2080
DA:32,2080
DA:33,1037
DA:34,1037
DA:36,2080
DA:37,159
DA:38,159
DA:39,159
DA:40,2080
BRDA:32,0,0,1900
BRDA:32,0,1,180
BRDA:32,1,2,1037
BRDA:32,1,3,863
BRDA:36,0,0,180
BRDA:36,0,1,1900
BRDA:36,1,2,159
BRDA:36,1,3,21
BRF:8
BRH:8
LF:20
LH:20
end_of_record
SF:src/automotive/unused-code/UnusedObjectDefinitionCheck.h
FN:36,_ZN5clang4tidy10automotive27UnusedObjectDefinitionCheckC2EN4llvm9StringRefEPNS0_16ClangTidyContextE
FN:39,_ZN5clang4tidy10automotive27UnusedObjectDefinitionCheckD2Ev
FNDA:131,_ZN5clang4tidy10automotive27UnusedObjectDefinitionCheckC2EN4llvm9StringRefEPNS0_16ClangTidyContextE
FNDA:131,_ZN5clang4tidy10automotive27UnusedObjectDefinitionCheckD2Ev
FNF:2
FNH:2
DA:36,131
DA:39,131
BRF:0
BRH:0
LF:2
LH:2
end_of_record
SF:src/automotive/unused-code/UnusedParameterCheck.cpp
FN:17,_ZN5clang4tidy10automotive20UnusedParameterCheck16registerMatchersEPNS_12ast_matchers11MatchFinderE
FN:26,_ZN5clang4tidy10automotive20UnusedParameterCheck5checkERKNS_12ast_matchers11MatchFinder11MatchResultE
FNDA:131,_ZN5clang4tidy10automotive20UnusedParameterCheck16registerMatchersEPNS_12ast_matchers11MatchFinderE
FNDA:3953,_ZN5clang4tidy10automotive20UnusedParameterCheck5checkERKNS_12ast_matchers11MatchFinder11MatchResultE
FNF:2
FNH:2
DA:17,131
DA:19,131
DA:20,131
DA:21,131
DA:22,131
DA:23,131
DA:24,131
DA:26,3953
DA:27,3953
DA:28,3953
DA:29,0
DA:32,3953
DA:33,3368
DA:36,585
DA:38,260
DA:39,1
DA:42,259
DA:43,238
DA:46,21
DA:47,4
DA:50,17
DA:51,17
DA:52,585
BRDA:28,0,0,0
BRDA:28,0,1,3953
BRDA:32,0,0,3368
BRDA:32,0,1,585
BRDA:36,0,0,260
BRDA:36,0,1,585
BRDA:38,0,0,1
BRDA:38,0,1,259
BRDA:42,0,0,238
BRDA:42,0,1,21
BRDA:46,0,0,4
BRDA:46,0,1,17
BRF:12
BRH:11
LF:23
LH:22
end_of_record
SF:src/automotive/unused-code/UnusedParameterCheck.h
FN:43,_ZN5clang4tidy10automotive20UnusedParameterCheckC2EN4llvm9StringRefEPNS0_16ClangTidyContextE
FN:46,_ZN5clang4tidy10automotive20UnusedParameterCheckD2Ev
FNDA:131,_ZN5clang4tidy10automotive20UnusedParameterCheckC2EN4llvm9StringRefEPNS0_16ClangTidyContextE
FNDA:131,_ZN5clang4tidy10automotive20UnusedParameterCheckD2Ev
FNF:2
FNH:2
DA:43,131
DA:46,131
BRF:0
BRH:0
LF:2
LH:2
end_of_record
SF:src/automotive/unused-code/UnusedTagCheck.cpp
FN:16,_ZN5clang4tidy10automotive14UnusedTagCheck16registerMatchersEPNS_12ast_matchers11MatchFinderE
FN:21,_ZN5clang4tidy10automotive14UnusedTagCheck5checkERKNS_12ast_matchers11MatchFinder11MatchResultE
FNDA:131,_ZN5clang4tidy10automotive14UnusedTagCheck16registerMatchersEPNS_12ast_matchers11MatchFinderE
FNDA:288,_ZN5clang4tidy10automotive14UnusedTagCheck5checkERKNS_12ast_matchers11MatchFinder11MatchResultE
FNF:2
FNH:2
DA:16,131
DA:17,131
DA:18,131
DA:19,131
DA:21,288
DA:22,288
DA:24,288
DA:25,0
DA:26,0
DA:28,288
DA:29,51
DA:30,51
DA:32,237
DA:33,28
DA:34,28
DA:36,209
DA:37,209
BRDA:24,0,0,0
BRDA:24,0,1,288
BRDA:28,0,0,51
BRDA:28,0,1,237
BRDA:28,1,2,0
BRDA:28,1,3,237
BRDA:32,0,0,28
BRDA:32,0,1,209
BRF:8
BRH:6
LF:17
LH:15
end_of_record
SF:src/automotive/unused-code/UnusedTagCheck.h
FN:35,_ZN5clang4tidy10automotive14UnusedTagCheckC2EN4llvm9StringRefEPNS0_16ClangTidyContextE
FN:38,_ZN5clang4tidy10automotive14UnusedTagCheckD2Ev
FNDA:131,_ZN5clang4tidy10automotive14UnusedTagCheckC2EN4llvm9StringRefEPNS0_16ClangTidyContextE
FNDA:131,_ZN5clang4tidy10automotive14UnusedTagCheckD2Ev
FNF:2
FNH:2
DA:35,131
DA:38,131
BRF:0
BRH:0
LF:2
LH:2
end_of_record
SF:src/automotive/utils/ASTMatchers.h
FN:24,_ZNK5clang4tidy10automotive12ast_matchers8internal29matcher_isRestrictTypeMatcher7matchesERKNS_8QualTypeEPNS_12ast_matchers8internal14ASTMatchFinderEPNS9_21BoundNodesTreeBuilderE
FN:28,_ZNK5clang4tidy10automotive12ast_matchers8internal29matcher_hasDefaultStmtMatcher7matchesERKNS_10SwitchStmtEPNS_12ast_matchers8internal14ASTMatchFinderEPNS9_21BoundNodesTreeBuilderE
FN:75,_ZNK5clang4tidy10automotive12ast_matchers8internal35matcher_isEssentiallyBooleanMatcher7matchesERKNS_4ExprEPNS_12ast_matchers8internal14ASTMatchFinderEPNS9_21BoundNodesTreeBuilderE
FN:79,_ZNK5clang4tidy10automotive12ast_matchers8internal37matcher_isAssignmentResultUsedMatcher7matchesERKNS_14BinaryOperatorEPNS_12ast_matchers8internal14ASTMatchFinderEPNS9_21BoundNodesTreeBuilderE
FN:88,_ZNK5clang4tidy10automotive12ast_matchers8internal23matcher_hasBody0Matcher7matchesERKNS_10SwitchStmtEPNS_12ast_matchers8internal14ASTMatchFinderEPNS9_21BoundNodesTreeBuilderE
FN:93,_ZNK5clang4tidy10automotive12ast_matchers8internal32matcher_isZeroInitializerMatcher7matchesERKNS_12InitListExprEPNS_12ast_matchers8internal14ASTMatchFinderEPNS9_21BoundNodesTreeBuilderE
FN:99,_ZNK5clang4tidy10automotive12ast_matchers8internal34matcher_isStringLiteralInitMatcher7matchesERKNS_12InitListExprEPNS_12ast_matchers8internal14ASTMatchFinderEPNS9_21BoundNodesTreeBuilderE
FN:38,AvoidPartialArrayInitCheck.cpp:_ZN5clang4tidy10automotive12ast_matchersL26isEssentiallyBooleanHelperERKNS_4ExprE
FN:38,AvoidAssignmentInExpressionCheck.cpp:_ZN5clang4tidy10automotive12ast_matchersL26isEssentiallyBooleanHelperERKNS_4ExprE
FN:38,AvoidNonBooleanInConditionCheck.cpp:_ZN5clang4tidy10automotive12ast_matchersL26isEssentiallyBooleanHelperERKNS_4ExprE
FN:38,MissingDefaultInSwitchStmtCheck.cpp:_ZN5clang4tidy10automotive12ast_matchersL26isEssentiallyBooleanHelperERKNS_4ExprE
FN:38,AvoidBooleanInSwitchCheck.cpp:_ZN5clang4tidy10automotive12ast_matchersL26isEssentiallyBooleanHelperERKNS_4ExprE
FN:38,MissingCompoundStmtCheck.cpp:_ZN5clang4tidy10automotive12ast_matchersL26isEssentiallyBooleanHelperERKNS_4ExprE
FN:38,AvoidRestrictTypeCheck.cpp:_ZN5clang4tidy10automotive12ast_matchersL26isEssentiallyBooleanHelperERKNS_4ExprE
FNDA:96179,_ZNK5clang4tidy10automotive12ast_matchers8internal29matcher_isRestrictTypeMatcher7matchesERKNS_8QualTypeEPNS_12ast_matchers8internal14ASTMatchFinderEPNS9_21BoundNodesTreeBuilderE
FNDA:73,_ZNK5clang4tidy10automotive12ast_matchers8internal29matcher_hasDefaultStmtMatcher7matchesERKNS_10SwitchStmtEPNS_12ast_matchers8internal14ASTMatchFinderEPNS9_21BoundNodesTreeBuilderE
FNDA:1387,_ZNK5clang4tidy10automotive12ast_matchers8internal35matcher_isEssentiallyBooleanMatcher7matchesERKNS_4ExprEPNS_12ast_matchers8internal14ASTMatchFinderEPNS9_21BoundNodesTreeBuilderE
FNDA:938,_ZNK5clang4tidy10automotive12ast_matchers8internal37matcher_isAssignmentResultUsedMatcher7matchesERKNS_14BinaryOperatorEPNS_12ast_matchers8internal14ASTMatchFinderEPNS9_21BoundNodesTreeBuilderE
FNDA:73,_ZNK5clang4tidy10automotive12ast_matchers8internal23matcher_hasBody0Matcher7matchesERKNS_10SwitchStmtEPNS_12ast_matchers8internal14ASTMatchFinderEPNS9_21BoundNodesTreeBuilderE
FNDA:71,_ZNK5clang4tidy10automotive12ast_matchers8internal32matcher_isZeroInitializerMatcher7matchesERKNS_12InitListExprEPNS_12ast_matchers8internal14ASTMatchFinderEPNS9_21BoundNodesTreeBuilderE
FNDA:69,_ZNK5clang4tidy10automotive12ast_matchers8internal34matcher_isStringLiteralInitMatcher7matchesERKNS_12InitListExprEPNS_12ast_matchers8internal14ASTMatchFinderEPNS9_21BoundNodesTreeBuilderE
FNDA:1467,AvoidPartialArrayInitCheck.cpp:_ZN5clang4tidy10automotive12ast_matchersL26isEssentiallyBooleanHelperERKNS_4ExprE
FNDA:0,AvoidAssignmentInExpressionCheck.cpp:_ZN5clang4tidy10automotive12ast_matchersL26isEssentiallyBooleanHelperERKNS_4ExprE
FNDA:0,AvoidNonBooleanInConditionCheck.cpp:_ZN5clang4tidy10automotive12ast_matchersL26isEssentiallyBooleanHelperERKNS_4ExprE
FNDA:0,MissingDefaultInSwitchStmtCheck.cpp:_ZN5clang4tidy10automotive12ast_matchersL26isEssentiallyBooleanHelperERKNS_4ExprE
FNDA:0,AvoidBooleanInSwitchCheck.cpp:_ZN5clang4tidy10automotive12ast_matchersL26isEssentiallyBooleanHelperERKNS_4ExprE
FNDA:0,MissingCompoundStmtCheck.cpp:_ZN5clang4tidy10automotive12ast_matchersL26isEssentiallyBooleanHelperERKNS_4ExprE
FNDA:0,AvoidRestrictTypeCheck.cpp:_ZN5clang4tidy10automotive12ast_matchersL26isEssentiallyBooleanHelperERKNS_4ExprE
FNF:8
FNH:8
DA:24,96179
DA:25,96179
DA:26,96179
DA:28,73
DA:29,116
DA:30,95
DA:31,95
DA:32,52
DA:33,52
DA:34,95
DA:35,21
DA:36,73
DA:38,1467
DA:39,1467
DA:42,1467
DA:43,571
DA:44,571
DA:49,896
DA:50,308
DA:51,308
DA:55,588
DA:56,50
DA:57,50
DA:61,538
DA:62,1
DA:63,1
DA:66,537
DA:67,79
DA:68,79
DA:72,458
DA:73,537
DA:75,1387
DA:76,1387
DA:77,1387
DA:79,938
DA:80,938
DA:81,938
DA:82,0
DA:83,0
DA:84,938
DA:85,938
DA:88,73
DA:89,73
DA:90,73
DA:91,73
DA:93,71
DA:94,71
DA:95,71
DA:96,71
DA:97,71
DA:99,69
DA:100,69
DA:101,69
BRDA:29,0,0,95
BRDA:29,0,1,21
BRDA:31,0,0,52
BRDA:31,0,1,43
BRDA:42,0,0,-
BRDA:42,0,1,-
BRDA:42,1,2,-
BRDA:42,1,3,-
BRDA:42,2,4,571
BRDA:42,2,5,896
BRDA:42,3,6,-
BRDA:42,3,7,-
BRDA:42,4,8,-
BRDA:42,4,9,-
BRDA:42,5,10,-
BRDA:42,5,11,-
BRDA:42,6,12,-
BRDA:42,6,13,-
BRDA:49,0,0,-
BRDA:49,0,1,-
BRDA:49,1,2,-
BRDA:49,1,3,-
BRDA:49,2,4,-
BRDA:49,2,5,-
BRDA:49,3,6,-
BRDA:49,3,7,-
BRDA:49,4,8,-
BRDA:49,4,9,-
BRDA:49,5,10,-
BRDA:49,5,11,-
BRDA:49,6,12,308
BRDA:49,6,13,588
BRDA:50,0,0,-
BRDA:50,0,1,-
BRDA:50,1,2,-
BRDA:50,1,3,-
BRDA:50,2,4,-
BRDA:50,2,5,-
BRDA:50,3,6,-
BRDA:50,3,7,-
BRDA:50,4,8,-
BRDA:50,4,9,-
BRDA:50,5,10,219
BRDA:50,5,11,89
BRDA:50,6,12,-
BRDA:50,6,13,-
BRDA:50,7,14,-
BRDA:50,7,15,-
BRDA:50,8,16,-
BRDA:50,8,17,-
BRDA:50,9,18,-
BRDA:50,9,19,-
BRDA:50,10,20,86
BRDA:50,10,21,3
BRDA:50,11,22,-
BRDA:50,11,23,-
BRDA:50,12,24,-
BRDA:50,12,25,-
BRDA:50,13,26,-
BRDA:50,13,27,-
BRDA:55,0,0,-
BRDA:55,0,1,-
BRDA:55,1,2,50
BRDA:55,1,3,538
BRDA:55,2,4,-
BRDA:55,2,5,-
BRDA:55,3,6,-
BRDA:55,3,7,-
BRDA:55,4,8,-
BRDA:55,4,9,-
BRDA:55,5,10,-
BRDA:55,5,11,-
BRDA:55,6,12,-
BRDA:55,6,13,-
BRDA:61,0,0,-
BRDA:61,0,1,-
BRDA:61,1,2,-
BRDA:61,1,3,-
BRDA:61,2,4,1
BRDA:61,2,5,537
BRDA:61,3,6,-
BRDA:61,3,7,-
BRDA:61,4,8,-
BRDA:61,4,9,-
BRDA:61,5,10,-
BRDA:61,5,11,-
BRDA:61,6,12,-
BRDA:61,6,13,-
BRDA:66,0,0,-
BRDA:66,0,1,-
BRDA:66,1,2,-
BRDA:66,1,3,-
BRDA:66,2,4,-
BRDA:66,2,5,-
BRDA:66,3,6,-
BRDA:66,3,7,-
BRDA:66,4,8,-
BRDA:66,4,9,-
BRDA:66,5,10,-
BRDA:66,5,11,-
BRDA:66,6,12,79
BRDA:66,6,13,458
BRDA:81,0,0,0
BRDA:81,0,1,938
BRDA:90,0,0,73
BRDA:90,0,1,0
BRDA:90,1,2,0
BRDA:90,1,3,73
BRDA:94,0,0,15
BRDA:94,0,1,56
BRDA:95,0,0,6
BRDA:95,0,1,9
BRDA:96,0,0,2
BRDA:96,0,1,4
BRF:30
BRH:27
LF:53
LH:51
end_of_record
SF:src/automotive/utils/CKeywordSet.cpp
FN:67,_ZN5clang4tidy10automotive11CKeywordSetC2ERKNS_11LangOptionsE
FN:86,_ZNK5clang4tidy10automotive11CKeywordSet9isKeywordEN4llvm9StringRefE
FN:90,_ZNK5clang4tidy10automotive11CKeywordSet12isDeprecatedEN4llvm9StringRefE
FN:105,CKeywordSet.cpp:_ZN5clang4tidy10automotiveL14makeKeywordSetESt16initializer_listIN4llvm8ArrayRefINS3_9StringRefEEEES6_
FN:95,CKeywordSet.cpp:_ZN5clang4tidy10automotiveL16sizeofKeywordSetESt16initializer_listIN4llvm8ArrayRefINS3_9StringRefEEEE
FNDA:131,_ZN5clang4tidy10automotive11CKeywordSetC2ERKNS_11LangOptionsE
FNDA:64101,_ZNK5clang4tidy10automotive11CKeywordSet9isKeywordEN4llvm9StringRefE
FNDA:0,_ZNK5clang4tidy10automotive11CKeywordSet12isDeprecatedEN4llvm9StringRefE
FNDA:655,CKeywordSet.cpp:_ZN5clang4tidy10automotiveL14makeKeywordSetESt16initializer_listIN4llvm8ArrayRefINS3_9StringRefEEEES6_
FNDA:655,CKeywordSet.cpp:_ZN5clang4tidy10automotiveL16sizeofKeywordSetESt16initializer_listIN4llvm8ArrayRefINS3_9StringRefEEEE
FNF:5
FNH:4
DA:67,131
DA:68,131
DA:69,0
DA:70,0
DA:72,131
DA:73,79
DA:74,79
DA:76,79
DA:77,34
DA:78,34
DA:80,34
DA:81,18
DA:82,18
DA:83,18
DA:84,131
DA:86,64101
DA:87,64101
DA:88,64101
DA:90,0
DA:91,0
DA:92,0
DA:95,655
DA:96,655
DA:97,1441
DA:98,1441
DA:99,1441
DA:100,655
DA:101,655
DA:105,655
DA:107,655
DA:109,1441
DA:110,1441
DA:111,1441
DA:113,786
DA:114,786
DA:115,786
DA:117,655
DA:118,655
BRDA:68,0,0,0
BRDA:68,0,1,131
BRDA:72,0,0,79
BRDA:72,0,1,52
BRDA:76,0,0,34
BRDA:76,0,1,18
BRDA:97,0,0,1441
BRDA:97,0,1,655
BRDA:109,0,0,1441
BRDA:109,0,1,655
BRDA:113,0,0,786
BRDA:113,0,1,655
BRF:12
BRH:11
LF:38
LH:33
end_of_record
SF:src/automotive/utils/IgnoreLineSpliceRef.h
FN:120,_ZN19IgnoreLineSpliceRef6rbeginEv
FN:73,_ZN34IgnoreLineSpliceRefReverseIteratorC2EN4llvm9StringRefEm
FN:98,_ZN34IgnoreLineSpliceRefReverseIterator14skipLineSpliceEv
FN:77,_ZNK34IgnoreLineSpliceRefReverseIteratordeEv
FN:79,_ZN34IgnoreLineSpliceRefReverseIteratormmEv
FN:95,_ZNK34IgnoreLineSpliceRefReverseIterator8positionEv
FN:110,_ZN19IgnoreLineSpliceRefC2EN4llvm9StringRefE
FN:112,_ZN19IgnoreLineSpliceRef5beginEv
FN:24,_ZN27IgnoreLineSpliceRefIteratorC2EN4llvm9StringRefEm
FN:52,_ZN27IgnoreLineSpliceRefIterator14skipLineSpliceEv
FN:43,_ZNK27IgnoreLineSpliceRefIteratorneERKS_
FN:116,_ZN19IgnoreLineSpliceRef3endEv
FN:28,_ZNK27IgnoreLineSpliceRefIteratordeEv
FN:49,_ZNK27IgnoreLineSpliceRefIterator12prevPositionEv
FN:47,_ZNK27IgnoreLineSpliceRefIterator8positionEv
FN:30,_ZN27IgnoreLineSpliceRefIteratorppEv
FN:37,_ZN27IgnoreLineSpliceRefIteratorppEi
FN:85,_ZN34IgnoreLineSpliceRefReverseIteratormmEi
FN:91,_ZNK34IgnoreLineSpliceRefReverseIteratorneERKS_
FN:124,_ZN19IgnoreLineSpliceRef4rendEv
FNDA:23336,_ZN19IgnoreLineSpliceRef6rbeginEv
FNDA:23336,_ZN34IgnoreLineSpliceRefReverseIteratorC2EN4llvm9StringRefEm
FNDA:46672,_ZN34IgnoreLineSpliceRefReverseIterator14skipLineSpliceEv
FNDA:46672,_ZNK34IgnoreLineSpliceRefReverseIteratordeEv
FNDA:23336,_ZN34IgnoreLineSpliceRefReverseIteratormmEv
FNDA:23336,_ZNK34IgnoreLineSpliceRefReverseIterator8positionEv
FNDA:67149,_ZN19IgnoreLineSpliceRefC2EN4llvm9StringRefE
FNDA:67149,_ZN19IgnoreLineSpliceRef5beginEv
FNDA:2549814,_ZN27IgnoreLineSpliceRefIteratorC2EN4llvm9StringRefEm
FNDA:5056710,_ZN27IgnoreLineSpliceRefIterator14skipLineSpliceEv
FNDA:2482665,_ZNK27IgnoreLineSpliceRefIteratorneERKS_
FNDA:2482665,_ZN19IgnoreLineSpliceRef3endEv
FNDA:2549814,_ZNK27IgnoreLineSpliceRefIteratordeEv
FNDA:1523,_ZNK27IgnoreLineSpliceRefIterator12prevPositionEv
FNDA:52503,_ZNK27IgnoreLineSpliceRefIterator8positionEv
FNDA:2506896,_ZN27IgnoreLineSpliceRefIteratorppEv
FNDA:0,_ZN27IgnoreLineSpliceRefIteratorppEi
FNDA:0,_ZN34IgnoreLineSpliceRefReverseIteratormmEi
FNDA:0,_ZNK34IgnoreLineSpliceRefReverseIteratorneERKS_
FNDA:0,_ZN19IgnoreLineSpliceRef4rendEv
FNF:20
FNH:16
DA:24,2549814
DA:25,2549814
DA:26,2549814
DA:28,2549814
DA:30,2506896
DA:31,2506896
DA:32,2506896
DA:33,2506896
DA:34,2506896
DA:35,2506896
DA:37,0
DA:38,0
DA:39,0
DA:40,0
DA:41,0
DA:43,2482665
DA:44,2482665
DA:45,2482665
DA:47,52503
DA:49,1523
DA:52,5056710
DA:53,5056766
DA:54,5056766
DA:55,56
DA:56,56
DA:57,5056710
DA:73,23336
DA:74,23336
DA:75,23336
DA:77,46672
DA:79,23336
DA:80,23336
DA:81,23336
DA:82,23336
DA:83,23336
DA:85,0
DA:86,0
DA:87,0
DA:88,0
DA:89,0
DA:91,0
DA:92,0
DA:93,0
DA:95,23336
DA:98,46672
DA:99,46672
DA:100,0
DA:101,0
DA:102,46672
DA:110,67149
DA:112,67149
DA:113,67149
DA:114,67149
DA:116,2482665
DA:117,2482665
DA:118,2482665
DA:120,23336
DA:121,23336
DA:122,23336
DA:124,0
DA:125,0
DA:126,0
BRDA:53,0,0,2528467
BRDA:53,0,1,2528299
BRDA:53,1,2,180
BRDA:53,1,3,2528287
BRDA:54,0,0,56
BRDA:54,0,1,124
BRDA:99,0,0,46672
BRDA:99,0,1,0
BRDA:99,1,2,0
BRDA:99,1,3,46672
BRDA:99,2,4,-
BRDA:99,2,5,-
BRF:12
BRH:8
LF:62
LH:44
end_of_record
SF:src/automotive/utils/Utils.h
FN:18,FunctionComponent.cpp:_ZN5clang4tidy10automotive5utilsL13isLanguageC90ERKNS_11LangOptionsE
FN:18,ImplicitFunctionDeclCheck.cpp:_ZN5clang4tidy10automotive5utilsL13isLanguageC90ERKNS_11LangOptionsE
FNDA:0,FunctionComponent.cpp:_ZN5clang4tidy10automotive5utilsL13isLanguageC90ERKNS_11LangOptionsE
FNDA:131,ImplicitFunctionDeclCheck.cpp:_ZN5clang4tidy10automotive5utilsL13isLanguageC90ERKNS_11LangOptionsE
FNF:1
FNH:1
DA:18,131
DA:19,131
DA:20,131
DA:21,131
BRDA:19,0,0,18
BRDA:19,0,1,113
BRDA:19,1,2,18
BRDA:19,1,3,0
BRDA:19,2,4,18
BRDA:19,2,5,0
BRDA:19,3,6,18
BRDA:19,3,7,0
BRDA:20,0,0,1
BRDA:20,0,1,17
BRF:10
BRH:7
LF:4
LH:4
end_of_record
